This file contains any messages produced by compilers while
running configure, to aid debugging if configure makes a mistake.

It was created by genimage configure 17, which was
generated by GNU Autoconf 2.71.  Invocation command line was

  $ ./configure --prefix=/home/erion/Projects/buildroot/output/host --sysconfdir=/home/erion/Projects/buildroot/output/host/etc --localstatedir=/home/erion/Projects/buildroot/output/host/var --enable-shared --disable-static --disable-gtk-doc --disable-gtk-doc-html --disable-doc --disable-docs --disable-documentation --disable-debug --with-xmlto=no --with-fop=no --disable-nls --disable-dependency-tracking

## --------- ##
## Platform. ##
## --------- ##

hostname = archlinux
uname -m = x86_64
uname -r = 6.9.9-arch1-1
uname -s = Linux
uname -v = #1 SMP PREEMPT_DYNAMIC Fri, 12 Jul 2024 00:06:53 +0000

/usr/bin/uname -p = unknown
/bin/uname -X     = unknown

/bin/arch              = unknown
/usr/bin/arch -k       = unknown
/usr/convex/getsysinfo = unknown
/usr/bin/hostinfo      = unknown
/bin/machine           = unknown
/usr/bin/oslevel       = unknown
/bin/universe          = unknown

PATH: /home/erion/Projects/buildroot/output/host/bin/
PATH: /home/erion/Projects/buildroot/output/host/sbin/
PATH: /home/erion/Apps/miniconda3/condabin/
PATH: /opt/devkitpro/tools/bin/
PATH: /usr/local/sbin/
PATH: /usr/local/bin/
PATH: /usr/bin/
PATH: /var/lib/flatpak/exports/bin/
PATH: /usr/lib/jvm/default/bin/
PATH: /usr/bin/site_perl/
PATH: /usr/bin/vendor_perl/
PATH: /usr/bin/core_perl/


## ----------- ##
## Core tests. ##
## ----------- ##

configure:2543: looking for aux files: tap-driver.sh config.guess config.sub ltmain.sh compile missing install-sh
configure:2556:  trying ./build-aux/
configure:2585:   ./build-aux/tap-driver.sh found
configure:2585:   ./build-aux/config.guess found
configure:2585:   ./build-aux/config.sub found
configure:2585:   ./build-aux/ltmain.sh found
configure:2585:   ./build-aux/compile found
configure:2585:   ./build-aux/missing found
configure:2567:   ./build-aux/install-sh found
configure:2716: checking for a BSD-compatible install
configure:2789: result: /usr/bin/install -c
configure:2800: checking whether build environment is sane
configure:2855: result: yes
configure:3014: checking for a race-free mkdir -p
configure:3058: result: /usr/bin/mkdir -p
configure:3065: checking for gawk
configure:3086: found /home/erion/Projects/buildroot/output/host/bin/gawk
configure:3097: result: gawk
configure:3108: checking whether make sets $(MAKE)
configure:3131: result: yes
configure:3161: checking whether make supports nested variables
configure:3179: result: yes
configure:3254: checking how to create a pax tar archive
configure:3265: tar --version
tar (GNU tar) 1.34
Copyright (C) 2021 Free Software Foundation, Inc.
License GPLv3+: GNU GPL version 3 or later <https://gnu.org/licenses/gpl.html>.
This is free software: you are free to change and redistribute it.
There is NO WARRANTY, to the extent permitted by law.

Written by John Gilmore and Jay Fenlason.
configure:3268: $? = 0
configure:3308: tardir=conftest.dir && eval tar --format=posix -chf - "$tardir" >conftest.tar
configure:3311: $? = 0
configure:3315: tar -xf - <conftest.tar
configure:3318: $? = 0
configure:3320: cat conftest.dir/file
GrepMe
configure:3323: $? = 0
configure:3337: result: gnutar
configure:3463: checking for gcc
configure:3495: result: /usr/bin/gcc
configure:3848: checking for C compiler version
configure:3857: /usr/bin/gcc --version >&5
gcc (GCC) 14.1.1 20240522
Copyright (C) 2024 Free Software Foundation, Inc.
This is free software; see the source for copying conditions.  There is NO
warranty; not even for MERCHANTABILITY or FITNESS FOR A PARTICULAR PURPOSE.

configure:3868: $? = 0
configure:3857: /usr/bin/gcc -v >&5
Using built-in specs.
COLLECT_GCC=/usr/bin/gcc
COLLECT_LTO_WRAPPER=/usr/lib/gcc/x86_64-pc-linux-gnu/14.1.1/lto-wrapper
Target: x86_64-pc-linux-gnu
Configured with: /build/gcc/src/gcc/configure --enable-languages=ada,c,c++,d,fortran,go,lto,m2,objc,obj-c++,rust --enable-bootstrap --prefix=/usr --libdir=/usr/lib --libexecdir=/usr/lib --mandir=/usr/share/man --infodir=/usr/share/info --with-bugurl=https://gitlab.archlinux.org/archlinux/packaging/packages/gcc/-/issues --with-build-config=bootstrap-lto --with-linker-hash-style=gnu --with-system-zlib --enable-__cxa_atexit --enable-cet=auto --enable-checking=release --enable-clocale=gnu --enable-default-pie --enable-default-ssp --enable-gnu-indirect-function --enable-gnu-unique-object --enable-libstdcxx-backtrace --enable-link-serialization=1 --enable-linker-build-id --enable-lto --enable-multilib --enable-plugin --enable-shared --enable-threads=posix --disable-libssp --disable-libstdcxx-pch --disable-werror
Thread model: posix
Supported LTO compression algorithms: zlib zstd
gcc version 14.1.1 20240522 (GCC) 
configure:3868: $? = 0
configure:3857: /usr/bin/gcc -V >&5
gcc: error: unrecognized command-line option '-V'
gcc: fatal error: no input files
compilation terminated.
configure:3868: $? = 1
configure:3857: /usr/bin/gcc -qversion >&5
gcc: error: unrecognized command-line option '-qversion'; did you mean '--version'?
gcc: fatal error: no input files
compilation terminated.
configure:3868: $? = 1
configure:3857: /usr/bin/gcc -version >&5
gcc: error: unrecognized command-line option '-version'
gcc: fatal error: no input files
compilation terminated.
configure:3868: $? = 1
configure:3888: checking whether the C compiler works
configure:3910: /usr/bin/gcc -O2 -I/home/erion/Projects/buildroot/output/host/include -I/home/erion/Projects/buildroot/output/host/include -L/home/erion/Projects/buildroot/output/host/lib -Wl,-rpath,/home/erion/Projects/buildroot/output/host/lib conftest.c  >&5
configure:3914: $? = 0
configure:3964: result: yes
configure:3967: checking for C compiler default output file name
configure:3969: result: a.out
configure:3975: checking for suffix of executables
configure:3982: /usr/bin/gcc -o conftest -O2 -I/home/erion/Projects/buildroot/output/host/include -I/home/erion/Projects/buildroot/output/host/include -L/home/erion/Projects/buildroot/output/host/lib -Wl,-rpath,/home/erion/Projects/buildroot/output/host/lib conftest.c  >&5
configure:3986: $? = 0
configure:4009: result: 
configure:4031: checking whether we are cross compiling
configure:4039: /usr/bin/gcc -o conftest -O2 -I/home/erion/Projects/buildroot/output/host/include -I/home/erion/Projects/buildroot/output/host/include -L/home/erion/Projects/buildroot/output/host/lib -Wl,-rpath,/home/erion/Projects/buildroot/output/host/lib conftest.c  >&5
configure:4043: $? = 0
configure:4050: ./conftest
configure:4054: $? = 0
configure:4069: result: no
configure:4074: checking for suffix of object files
configure:4097: /usr/bin/gcc -c -O2 -I/home/erion/Projects/buildroot/output/host/include -I/home/erion/Projects/buildroot/output/host/include conftest.c >&5
configure:4101: $? = 0
configure:4123: result: o
configure:4127: checking whether the compiler supports GNU C
configure:4147: /usr/bin/gcc -c -O2 -I/home/erion/Projects/buildroot/output/host/include -I/home/erion/Projects/buildroot/output/host/include conftest.c >&5
configure:4147: $? = 0
configure:4157: result: yes
configure:4168: checking whether /usr/bin/gcc accepts -g
configure:4189: /usr/bin/gcc -c -g -I/home/erion/Projects/buildroot/output/host/include conftest.c >&5
configure:4189: $? = 0
configure:4233: result: yes
configure:4253: checking for /usr/bin/gcc option to enable C11 features
configure:4268: /usr/bin/gcc  -c -O2 -I/home/erion/Projects/buildroot/output/host/include -I/home/erion/Projects/buildroot/output/host/include conftest.c >&5
configure:4268: $? = 0
configure:4286: result: none needed
configure:4402: checking whether /usr/bin/gcc understands -c and -o together
configure:4425: /usr/bin/gcc -c conftest.c -o conftest2.o
configure:4428: $? = 0
configure:4425: /usr/bin/gcc -c conftest.c -o conftest2.o
configure:4428: $? = 0
configure:4440: result: yes
configure:4460: checking whether make supports the include directive
configure:4475: make -f confmf.GNU && cat confinc.out
make[1]: Entering directory '/home/erion/Projects/buildroot/output/build/host-genimage-17'
make[1]: Leaving directory '/home/erion/Projects/buildroot/output/build/host-genimage-17'
this is the am__doit target
configure:4478: $? = 0
configure:4497: result: yes (GNU style)
configure:4523: checking dependency style of /usr/bin/gcc
configure:4635: result: none
configure:4657: checking for stdio.h
configure:4657: /usr/bin/gcc -c -O2 -I/home/erion/Projects/buildroot/output/host/include -I/home/erion/Projects/buildroot/output/host/include conftest.c >&5
configure:4657: $? = 0
configure:4657: result: yes
configure:4657: checking for stdlib.h
configure:4657: /usr/bin/gcc -c -O2 -I/home/erion/Projects/buildroot/output/host/include -I/home/erion/Projects/buildroot/output/host/include conftest.c >&5
configure:4657: $? = 0
configure:4657: result: yes
configure:4657: checking for string.h
configure:4657: /usr/bin/gcc -c -O2 -I/home/erion/Projects/buildroot/output/host/include -I/home/erion/Projects/buildroot/output/host/include conftest.c >&5
configure:4657: $? = 0
configure:4657: result: yes
configure:4657: checking for inttypes.h
configure:4657: /usr/bin/gcc -c -O2 -I/home/erion/Projects/buildroot/output/host/include -I/home/erion/Projects/buildroot/output/host/include conftest.c >&5
configure:4657: $? = 0
configure:4657: result: yes
configure:4657: checking for stdint.h
configure:4657: /usr/bin/gcc -c -O2 -I/home/erion/Projects/buildroot/output/host/include -I/home/erion/Projects/buildroot/output/host/include conftest.c >&5
configure:4657: $? = 0
configure:4657: result: yes
configure:4657: checking for strings.h
configure:4657: /usr/bin/gcc -c -O2 -I/home/erion/Projects/buildroot/output/host/include -I/home/erion/Projects/buildroot/output/host/include conftest.c >&5
configure:4657: $? = 0
configure:4657: result: yes
configure:4657: checking for sys/stat.h
configure:4657: /usr/bin/gcc -c -O2 -I/home/erion/Projects/buildroot/output/host/include -I/home/erion/Projects/buildroot/output/host/include conftest.c >&5
configure:4657: $? = 0
configure:4657: result: yes
configure:4657: checking for sys/types.h
configure:4657: /usr/bin/gcc -c -O2 -I/home/erion/Projects/buildroot/output/host/include -I/home/erion/Projects/buildroot/output/host/include conftest.c >&5
configure:4657: $? = 0
configure:4657: result: yes
configure:4657: checking for unistd.h
configure:4657: /usr/bin/gcc -c -O2 -I/home/erion/Projects/buildroot/output/host/include -I/home/erion/Projects/buildroot/output/host/include conftest.c >&5
configure:4657: $? = 0
configure:4657: result: yes
configure:4657: checking for wchar.h
configure:4657: /usr/bin/gcc -c -O2 -I/home/erion/Projects/buildroot/output/host/include -I/home/erion/Projects/buildroot/output/host/include conftest.c >&5
configure:4657: $? = 0
configure:4657: result: yes
configure:4657: checking for minix/config.h
configure:4657: /usr/bin/gcc -c -O2 -I/home/erion/Projects/buildroot/output/host/include -I/home/erion/Projects/buildroot/output/host/include conftest.c >&5
conftest.c:49:10: fatal error: minix/config.h: No such file or directory
   49 | #include <minix/config.h>
      |          ^~~~~~~~~~~~~~~~
compilation terminated.
configure:4657: $? = 1
configure: failed program was:
| /* confdefs.h */
| #define PACKAGE_NAME "genimage"
| #define PACKAGE_TARNAME "genimage"
| #define PACKAGE_VERSION "17"
| #define PACKAGE_STRING "genimage 17"
| #define PACKAGE_BUGREPORT "oss-tools@pengutronix.de"
| #define PACKAGE_URL "http://www.pengutronix.de/genimage/"
| #define PACKAGE "genimage"
| #define VERSION "17"
| #define HAVE_STDIO_H 1
| #define HAVE_STDLIB_H 1
| #define HAVE_STRING_H 1
| #define HAVE_INTTYPES_H 1
| #define HAVE_STDINT_H 1
| #define HAVE_STRINGS_H 1
| #define HAVE_SYS_STAT_H 1
| #define HAVE_SYS_TYPES_H 1
| #define HAVE_UNISTD_H 1
| #define HAVE_WCHAR_H 1
| /* end confdefs.h.  */
| #include <stddef.h>
| #ifdef HAVE_STDIO_H
| # include <stdio.h>
| #endif
| #ifdef HAVE_STDLIB_H
| # include <stdlib.h>
| #endif
| #ifdef HAVE_STRING_H
| # include <string.h>
| #endif
| #ifdef HAVE_INTTYPES_H
| # include <inttypes.h>
| #endif
| #ifdef HAVE_STDINT_H
| # include <stdint.h>
| #endif
| #ifdef HAVE_STRINGS_H
| # include <strings.h>
| #endif
| #ifdef HAVE_SYS_TYPES_H
| # include <sys/types.h>
| #endif
| #ifdef HAVE_SYS_STAT_H
| # include <sys/stat.h>
| #endif
| #ifdef HAVE_UNISTD_H
| # include <unistd.h>
| #endif
| #include <minix/config.h>
configure:4657: result: no
configure:4688: checking whether it is safe to define __EXTENSIONS__
configure:4707: /usr/bin/gcc -c -O2 -I/home/erion/Projects/buildroot/output/host/include -I/home/erion/Projects/buildroot/output/host/include conftest.c >&5
configure:4707: $? = 0
configure:4715: result: yes
configure:4718: checking whether _XOPEN_SOURCE should be defined
configure:4740: /usr/bin/gcc -c -O2 -I/home/erion/Projects/buildroot/output/host/include -I/home/erion/Projects/buildroot/output/host/include conftest.c >&5
configure:4740: $? = 0
configure:4767: result: no
configure:4831: checking for special C compiler options needed for large files
configure:4879: result: no
configure:4885: checking for _FILE_OFFSET_BITS value needed for large files
configure:4911: /usr/bin/gcc -c -O2 -I/home/erion/Projects/buildroot/output/host/include -I/home/erion/Projects/buildroot/output/host/include conftest.c >&5
configure:4911: $? = 0
configure:4945: result: no
configure:5044: checking whether make supports nested variables
configure:5062: result: yes
configure:5107: checking build system type
configure:5122: result: x86_64-pc-linux-gnu
configure:5142: checking host system type
configure:5156: result: x86_64-pc-linux-gnu
configure:5197: checking how to print strings
configure:5224: result: printf
configure:5245: checking for a sed that does not truncate output
configure:5315: result: /usr/bin/sed
configure:5333: checking for grep that handles long lines and -e
configure:5397: result: /usr/bin/grep
configure:5402: checking for egrep
configure:5470: result: /usr/bin/grep -E
configure:5475: checking for fgrep
configure:5543: result: /usr/bin/grep -F
configure:5579: checking for ld used by /usr/bin/gcc
configure:5647: result: /usr/bin/ld
configure:5654: checking if the linker (/usr/bin/ld) is GNU ld
configure:5670: result: yes
configure:5682: checking for BSD- or MS-compatible name lister (nm)
configure:5737: result: /usr/bin/nm
configure:5877: checking the name lister (/usr/bin/nm) interface
configure:5885: /usr/bin/gcc -c -O2 -I/home/erion/Projects/buildroot/output/host/include -I/home/erion/Projects/buildroot/output/host/include conftest.c >&5
configure:5888: /usr/bin/nm "conftest.o"
configure:5891: output
0000000000000000 B some_variable
configure:5898: result: BSD nm
configure:5901: checking whether ln -s works
configure:5905: result: yes
configure:5913: checking the maximum length of command line arguments
configure:6045: result: 1572864
configure:6093: checking how to convert x86_64-pc-linux-gnu file names to x86_64-pc-linux-gnu format
configure:6134: result: func_convert_file_noop
configure:6141: checking how to convert x86_64-pc-linux-gnu file names to toolchain format
configure:6162: result: func_convert_file_noop
configure:6169: checking for /usr/bin/ld option to reload object files
configure:6177: result: -r
configure:6256: checking for file
configure:6277: found /usr/bin/file
configure:6288: result: file
configure:6364: checking for objdump
configure:6385: found /usr/bin/objdump
configure:6396: result: objdump
configure:6428: checking how to recognize dependent libraries
configure:6629: result: pass_all
configure:6719: checking for dlltool
configure:6754: result: no
configure:6784: checking how to associate runtime and link libraries
configure:6812: result: printf %s\n
configure:6962: checking for archiver @FILE support
configure:6980: /usr/bin/gcc -c -O2 -I/home/erion/Projects/buildroot/output/host/include -I/home/erion/Projects/buildroot/output/host/include conftest.c >&5
configure:6980: $? = 0
configure:6984: /usr/bin/ar cr libconftest.a @conftest.lst >&5
configure:6987: $? = 0
configure:6992: /usr/bin/ar cr libconftest.a @conftest.lst >&5
/usr/bin/ar: conftest.o: No such file or directory
configure:6995: $? = 1
configure:7007: result: @
configure:7070: checking for strip
configure:7091: found /usr/bin/strip
configure:7102: result: strip
configure:7179: checking for ranlib
configure:7211: result: /usr/bin/ranlib
configure:7313: checking command to parse /usr/bin/nm output from /usr/bin/gcc object
configure:7467: /usr/bin/gcc -c -O2 -I/home/erion/Projects/buildroot/output/host/include -I/home/erion/Projects/buildroot/output/host/include conftest.c >&5
configure:7470: $? = 0
configure:7474: /usr/bin/nm conftest.o | /usr/bin/sed -n -e 's/^.*[	 ]\([ABCDGIRSTW][ABCDGIRSTW]*\)[	 ][	 ]*\([_A-Za-z][_A-Za-z0-9]*\)$/\1 \2 \2/p' | /usr/bin/sed '/ __gnu_lto/d' > conftest.nm
configure:7540: /usr/bin/gcc -o conftest -O2 -I/home/erion/Projects/buildroot/output/host/include -I/home/erion/Projects/buildroot/output/host/include -L/home/erion/Projects/buildroot/output/host/lib -Wl,-rpath,/home/erion/Projects/buildroot/output/host/lib conftest.c conftstm.o >&5
configure:7543: $? = 0
configure:7581: result: ok
configure:7628: checking for sysroot
configure:7659: result: no
configure:7666: checking for a working dd
configure:7710: result: /usr/bin/dd
configure:7714: checking how to truncate binary pipes
configure:7730: result: /usr/bin/dd bs=4096 count=1
configure:7867: /usr/bin/gcc -c -O2 -I/home/erion/Projects/buildroot/output/host/include -I/home/erion/Projects/buildroot/output/host/include conftest.c >&5
configure:7870: $? = 0
configure:8067: checking for mt
configure:8102: result: no
configure:8122: checking if : is a manifest tool
configure:8129: : '-?'
configure:8137: result: no
configure:8858: checking for dlfcn.h
configure:8858: /usr/bin/gcc -c -O2 -I/home/erion/Projects/buildroot/output/host/include -I/home/erion/Projects/buildroot/output/host/include conftest.c >&5
configure:8858: $? = 0
configure:8858: result: yes
configure:9117: checking for objdir
configure:9133: result: .libs
configure:9397: checking if /usr/bin/gcc supports -fno-rtti -fno-exceptions
configure:9416: /usr/bin/gcc -c -O2 -I/home/erion/Projects/buildroot/output/host/include -I/home/erion/Projects/buildroot/output/host/include -fno-rtti -fno-exceptions conftest.c >&5
cc1: warning: command-line option '-fno-rtti' is valid for C++/D/ObjC++ but not for C
configure:9420: $? = 0
configure:9433: result: no
configure:9797: checking for /usr/bin/gcc option to produce PIC
configure:9805: result: -fPIC -DPIC
configure:9813: checking if /usr/bin/gcc PIC flag -fPIC -DPIC works
configure:9832: /usr/bin/gcc -c -O2 -I/home/erion/Projects/buildroot/output/host/include -I/home/erion/Projects/buildroot/output/host/include -fPIC -DPIC -DPIC conftest.c >&5
configure:9836: $? = 0
configure:9849: result: yes
configure:9878: checking if /usr/bin/gcc static flag -static works
configure:9907: result: yes
configure:9922: checking if /usr/bin/gcc supports -c -o file.o
configure:9944: /usr/bin/gcc -c -O2 -I/home/erion/Projects/buildroot/output/host/include -I/home/erion/Projects/buildroot/output/host/include -o out/conftest2.o conftest.c >&5
configure:9948: $? = 0
configure:9970: result: yes
configure:9978: checking if /usr/bin/gcc supports -c -o file.o
configure:10026: result: yes
configure:10059: checking whether the /usr/bin/gcc linker (/usr/bin/ld -m elf_x86_64) supports shared libraries
configure:11333: result: yes
configure:11370: checking whether -lc should be explicitly linked in
configure:11379: /usr/bin/gcc -c -O2 -I/home/erion/Projects/buildroot/output/host/include -I/home/erion/Projects/buildroot/output/host/include conftest.c >&5
configure:11382: $? = 0
configure:11397: /usr/bin/gcc -shared  -fPIC -DPIC conftest.o  -v -Wl,-soname -Wl,conftest -o conftest 2\>\&1 \| /usr/bin/grep  -lc  \>/dev/null 2\>\&1
configure:11400: $? = 0
configure:11414: result: no
configure:11574: checking dynamic linker characteristics
configure:12156: /usr/bin/gcc -o conftest -O2 -I/home/erion/Projects/buildroot/output/host/include -I/home/erion/Projects/buildroot/output/host/include -L/home/erion/Projects/buildroot/output/host/lib -Wl,-rpath,/home/erion/Projects/buildroot/output/host/lib -Wl,-rpath -Wl,/foo conftest.c  >&5
configure:12156: $? = 0
configure:12407: result: GNU/Linux ld.so
configure:12529: checking how to hardcode library paths into programs
configure:12554: result: immediate
configure:13106: checking whether stripping libraries is possible
configure:13115: result: yes
configure:13157: checking if libtool supports shared libraries
configure:13159: result: yes
configure:13162: checking whether to build shared libraries
configure:13187: result: yes
configure:13190: checking whether to build static libraries
configure:13194: result: no
configure:13235: checking for memset
configure:13235: /usr/bin/gcc -o conftest -O2 -I/home/erion/Projects/buildroot/output/host/include -I/home/erion/Projects/buildroot/output/host/include -L/home/erion/Projects/buildroot/output/host/lib -Wl,-rpath,/home/erion/Projects/buildroot/output/host/lib conftest.c  >&5
conftest.c:56:6: warning: conflicting types for built-in function 'memset'; expected 'void *(void *, int,  long unsigned int)' [-Wbuiltin-declaration-mismatch]
   56 | char memset ();
      |      ^~~~~~
conftest.c:48:1: note: 'memset' is declared in header '<string.h>'
   47 | #include <limits.h>
   48 | #undef memset
configure:13235: $? = 0
configure:13235: result: yes
configure:13241: checking for setenv
configure:13241: /usr/bin/gcc -o conftest -O2 -I/home/erion/Projects/buildroot/output/host/include -I/home/erion/Projects/buildroot/output/host/include -L/home/erion/Projects/buildroot/output/host/lib -Wl,-rpath,/home/erion/Projects/buildroot/output/host/lib conftest.c  >&5
configure:13241: $? = 0
configure:13241: result: yes
configure:13247: checking for strdup
configure:13247: /usr/bin/gcc -o conftest -O2 -I/home/erion/Projects/buildroot/output/host/include -I/home/erion/Projects/buildroot/output/host/include -L/home/erion/Projects/buildroot/output/host/lib -Wl,-rpath,/home/erion/Projects/buildroot/output/host/lib conftest.c  >&5
conftest.c:58:6: warning: conflicting types for built-in function 'strdup'; expected 'char *(const char *)' [-Wbuiltin-declaration-mismatch]
   58 | char strdup ();
      |      ^~~~~~
configure:13247: $? = 0
configure:13247: result: yes
configure:13253: checking for strcasecmp
configure:13253: /usr/bin/gcc -o conftest -O2 -I/home/erion/Projects/buildroot/output/host/include -I/home/erion/Projects/buildroot/output/host/include -L/home/erion/Projects/buildroot/output/host/lib -Wl,-rpath,/home/erion/Projects/buildroot/output/host/lib conftest.c  >&5
conftest.c:59:6: warning: conflicting types for built-in function 'strcasecmp'; expected 'int(const char *, const char *)' [-Wbuiltin-declaration-mismatch]
   59 | char strcasecmp ();
      |      ^~~~~~~~~~
configure:13253: $? = 0
configure:13253: result: yes
configure:13259: checking for strerror
configure:13259: /usr/bin/gcc -o conftest -O2 -I/home/erion/Projects/buildroot/output/host/include -I/home/erion/Projects/buildroot/output/host/include -L/home/erion/Projects/buildroot/output/host/lib -Wl,-rpath,/home/erion/Projects/buildroot/output/host/lib conftest.c  >&5
configure:13259: $? = 0
configure:13259: result: yes
configure:13265: checking for strstr
configure:13265: /usr/bin/gcc -o conftest -O2 -I/home/erion/Projects/buildroot/output/host/include -I/home/erion/Projects/buildroot/output/host/include -L/home/erion/Projects/buildroot/output/host/lib -Wl,-rpath,/home/erion/Projects/buildroot/output/host/lib conftest.c  >&5
conftest.c:61:6: warning: conflicting types for built-in function 'strstr'; expected 'char *(const char *, const char *)' [-Wbuiltin-declaration-mismatch]
   61 | char strstr ();
      |      ^~~~~~
conftest.c:53:1: note: 'strstr' is declared in header '<string.h>'
   52 | #include <limits.h>
   53 | #undef strstr
configure:13265: $? = 0
configure:13265: result: yes
configure:13271: checking for strtoull
configure:13271: /usr/bin/gcc -o conftest -O2 -I/home/erion/Projects/buildroot/output/host/include -I/home/erion/Projects/buildroot/output/host/include -L/home/erion/Projects/buildroot/output/host/lib -Wl,-rpath,/home/erion/Projects/buildroot/output/host/lib conftest.c  >&5
configure:13271: $? = 0
configure:13271: result: yes
configure:13279: checking for inline
configure:13296: /usr/bin/gcc -c -O2 -I/home/erion/Projects/buildroot/output/host/include -I/home/erion/Projects/buildroot/output/host/include conftest.c >&5
configure:13296: $? = 0
configure:13305: result: inline
configure:13323: checking for error_at_line
configure:13340: /usr/bin/gcc -o conftest -O2 -I/home/erion/Projects/buildroot/output/host/include -I/home/erion/Projects/buildroot/output/host/include -L/home/erion/Projects/buildroot/output/host/lib -Wl,-rpath,/home/erion/Projects/buildroot/output/host/lib conftest.c  >&5
configure:13340: $? = 0
configure:13349: result: yes
configure:13360: checking for GNU libc compatible malloc
configure:13392: /usr/bin/gcc -o conftest -O2 -I/home/erion/Projects/buildroot/output/host/include -I/home/erion/Projects/buildroot/output/host/include -L/home/erion/Projects/buildroot/output/host/lib -Wl,-rpath,/home/erion/Projects/buildroot/output/host/lib conftest.c  >&5
configure:13392: $? = 0
configure:13392: ./conftest
configure:13392: $? = 0
configure:13403: result: yes
configure:13425: checking for size_t
configure:13425: /usr/bin/gcc -c -O2 -I/home/erion/Projects/buildroot/output/host/include -I/home/erion/Projects/buildroot/output/host/include conftest.c >&5
configure:13425: $? = 0
configure:13425: /usr/bin/gcc -c -O2 -I/home/erion/Projects/buildroot/output/host/include -I/home/erion/Projects/buildroot/output/host/include conftest.c >&5
conftest.c: In function 'main':
conftest.c:79:21: error: expected expression before ')' token
   79 | if (sizeof ((size_t)))
      |                     ^
configure:13425: $? = 1
configure: failed program was:
| /* confdefs.h */
| #define PACKAGE_NAME "genimage"
| #define PACKAGE_TARNAME "genimage"
| #define PACKAGE_VERSION "17"
| #define PACKAGE_STRING "genimage 17"
| #define PACKAGE_BUGREPORT "oss-tools@pengutronix.de"
| #define PACKAGE_URL "http://www.pengutronix.de/genimage/"
| #define PACKAGE "genimage"
| #define VERSION "17"
| #define HAVE_STDIO_H 1
| #define HAVE_STDLIB_H 1
| #define HAVE_STRING_H 1
| #define HAVE_INTTYPES_H 1
| #define HAVE_STDINT_H 1
| #define HAVE_STRINGS_H 1
| #define HAVE_SYS_STAT_H 1
| #define HAVE_SYS_TYPES_H 1
| #define HAVE_UNISTD_H 1
| #define HAVE_WCHAR_H 1
| #define STDC_HEADERS 1
| #define _ALL_SOURCE 1
| #define _DARWIN_C_SOURCE 1
| #define _GNU_SOURCE 1
| #define _HPUX_ALT_XOPEN_SOCKET_API 1
| #define _NETBSD_SOURCE 1
| #define _OPENBSD_SOURCE 1
| #define _POSIX_PTHREAD_SEMANTICS 1
| #define __STDC_WANT_IEC_60559_ATTRIBS_EXT__ 1
| #define __STDC_WANT_IEC_60559_BFP_EXT__ 1
| #define __STDC_WANT_IEC_60559_DFP_EXT__ 1
| #define __STDC_WANT_IEC_60559_FUNCS_EXT__ 1
| #define __STDC_WANT_IEC_60559_TYPES_EXT__ 1
| #define __STDC_WANT_LIB_EXT2__ 1
| #define __STDC_WANT_MATH_SPEC_FUNCS__ 1
| #define _TANDEM_SOURCE 1
| #define __EXTENSIONS__ 1
| #define HAVE_DLFCN_H 1
| #define LT_OBJDIR ".libs/"
| #define HAVE_MEMSET 1
| #define HAVE_SETENV 1
| #define HAVE_STRDUP 1
| #define HAVE_STRCASECMP 1
| #define HAVE_STRERROR 1
| #define HAVE_STRSTR 1
| #define HAVE_STRTOULL 1
| #define HAVE_MALLOC 1
| /* end confdefs.h.  */
| #include <stddef.h>
| #ifdef HAVE_STDIO_H
| # include <stdio.h>
| #endif
| #ifdef HAVE_STDLIB_H
| # include <stdlib.h>
| #endif
| #ifdef HAVE_STRING_H
| # include <string.h>
| #endif
| #ifdef HAVE_INTTYPES_H
| # include <inttypes.h>
| #endif
| #ifdef HAVE_STDINT_H
| # include <stdint.h>
| #endif
| #ifdef HAVE_STRINGS_H
| # include <strings.h>
| #endif
| #ifdef HAVE_SYS_TYPES_H
| # include <sys/types.h>
| #endif
| #ifdef HAVE_SYS_STAT_H
| # include <sys/stat.h>
| #endif
| #ifdef HAVE_UNISTD_H
| # include <unistd.h>
| #endif
| int
| main (void)
| {
| if (sizeof ((size_t)))
| 	    return 0;
|   ;
|   return 0;
| }
configure:13425: result: yes
configure:13435: checking for uint32_t
configure:13435: /usr/bin/gcc -c -O2 -I/home/erion/Projects/buildroot/output/host/include -I/home/erion/Projects/buildroot/output/host/include conftest.c >&5
configure:13435: $? = 0
configure:13435: result: yes
configure:13448: checking whether linux/fs.h is available
configure:13456: checking for linux/fs.h
configure:13456: /usr/bin/gcc -c -O2 -I/home/erion/Projects/buildroot/output/host/include -I/home/erion/Projects/buildroot/output/host/include conftest.c >&5
configure:13456: $? = 0
configure:13456: result: yes
configure:13467: result: yes
configure:13470: checking whether linux/fiemap.h is available
configure:13478: checking for linux/fiemap.h
configure:13478: /usr/bin/gcc -c -O2 -I/home/erion/Projects/buildroot/output/host/include -I/home/erion/Projects/buildroot/output/host/include conftest.c >&5
configure:13478: $? = 0
configure:13478: result: yes
configure:13489: result: yes
configure:13504: checking for fallocate
configure:13504: /usr/bin/gcc -o conftest -O2 -I/home/erion/Projects/buildroot/output/host/include -I/home/erion/Projects/buildroot/output/host/include -L/home/erion/Projects/buildroot/output/host/lib -Wl,-rpath,/home/erion/Projects/buildroot/output/host/lib conftest.c  >&5
configure:13504: $? = 0
configure:13504: result: yes
configure:13513: checking whether to enable debugging
configure:13523: result: no
configure:13527: checking whether to hide internal symbols
configure:13544: result: yes
configure:13564: /usr/bin/gcc -c -O2 -I/home/erion/Projects/buildroot/output/host/include -pipe -I/home/erion/Projects/buildroot/output/host/include conftest.c >&5
configure:13564: $? = 0
configure:13592: /usr/bin/gcc -c -O2 -I/home/erion/Projects/buildroot/output/host/include -Wall -I/home/erion/Projects/buildroot/output/host/include conftest.c >&5
configure:13592: $? = 0
configure:13620: /usr/bin/gcc -c -O2 -I/home/erion/Projects/buildroot/output/host/include -Wextra -I/home/erion/Projects/buildroot/output/host/include conftest.c >&5
configure:13620: $? = 0
configure:13648: /usr/bin/gcc -c -O2 -I/home/erion/Projects/buildroot/output/host/include -Wmissing-declarations -I/home/erion/Projects/buildroot/output/host/include conftest.c >&5
configure:13648: $? = 0
configure:13676: /usr/bin/gcc -c -O2 -I/home/erion/Projects/buildroot/output/host/include -Wmissing-prototypes -I/home/erion/Projects/buildroot/output/host/include conftest.c >&5
configure:13676: $? = 0
configure:13704: /usr/bin/gcc -c -O2 -I/home/erion/Projects/buildroot/output/host/include -Wnested-externs -I/home/erion/Projects/buildroot/output/host/include conftest.c >&5
configure:13704: $? = 0
configure:13732: /usr/bin/gcc -c -O2 -I/home/erion/Projects/buildroot/output/host/include -Wpointer-arith -I/home/erion/Projects/buildroot/output/host/include conftest.c >&5
configure:13732: $? = 0
configure:13760: /usr/bin/gcc -c -O2 -I/home/erion/Projects/buildroot/output/host/include -Wsign-compare -I/home/erion/Projects/buildroot/output/host/include conftest.c >&5
configure:13760: $? = 0
configure:13788: /usr/bin/gcc -c -O2 -I/home/erion/Projects/buildroot/output/host/include -Wchar-subscripts -I/home/erion/Projects/buildroot/output/host/include conftest.c >&5
configure:13788: $? = 0
configure:13816: /usr/bin/gcc -c -O2 -I/home/erion/Projects/buildroot/output/host/include -Wstrict-prototypes -I/home/erion/Projects/buildroot/output/host/include conftest.c >&5
configure:13816: $? = 0
configure:13844: /usr/bin/gcc -c -O2 -I/home/erion/Projects/buildroot/output/host/include -Wshadow -I/home/erion/Projects/buildroot/output/host/include conftest.c >&5
configure:13844: $? = 0
configure:13872: /usr/bin/gcc -c -O2 -I/home/erion/Projects/buildroot/output/host/include -Wformat-security -I/home/erion/Projects/buildroot/output/host/include conftest.c >&5
cc1: warning: '-Wformat-security' ignored without '-Wformat' [-Wformat-security]
configure:13872: $? = 0
configure:13900: /usr/bin/gcc -c -O2 -I/home/erion/Projects/buildroot/output/host/include -Wtype-limits -I/home/erion/Projects/buildroot/output/host/include conftest.c >&5
configure:13900: $? = 0
configure:13928: /usr/bin/gcc -c -O2 -I/home/erion/Projects/buildroot/output/host/include -Wunused-parameter -I/home/erion/Projects/buildroot/output/host/include conftest.c >&5
configure:13928: $? = 0
configure:13956: /usr/bin/gcc -c -O2 -I/home/erion/Projects/buildroot/output/host/include -ffunction-sections -I/home/erion/Projects/buildroot/output/host/include conftest.c >&5
configure:13956: $? = 0
configure:13984: /usr/bin/gcc -c -O2 -I/home/erion/Projects/buildroot/output/host/include -fdata-sections -I/home/erion/Projects/buildroot/output/host/include conftest.c >&5
configure:13984: $? = 0
configure:14004: checking if /usr/bin/gcc supports -Wl,--as-needed flag
configure:14016: /usr/bin/gcc -o conftest -O2 -I/home/erion/Projects/buildroot/output/host/include -I/home/erion/Projects/buildroot/output/host/include -L/home/erion/Projects/buildroot/output/host/lib -Wl,-rpath,/home/erion/Projects/buildroot/output/host/lib -Wl,--as-needed conftest.c  >&5
configure:14016: $? = 0
configure:14027: result: yes
configure:14036: checking if /usr/bin/gcc supports -Wl,--gc-sections flag
configure:14048: /usr/bin/gcc -o conftest -O2 -I/home/erion/Projects/buildroot/output/host/include -I/home/erion/Projects/buildroot/output/host/include -L/home/erion/Projects/buildroot/output/host/lib -Wl,-rpath,/home/erion/Projects/buildroot/output/host/lib -Wl,--gc-sections conftest.c  >&5
configure:14048: $? = 0
configure:14059: result: yes
configure:14187: checking pkg-config is at least version 0.9.0
configure:14190: result: yes
configure:14200: checking for libconfuse >= 2.8
configure:14207: $PKG_CONFIG --exists --print-errors "libconfuse >= 2.8"
configure:14210: $? = 0
configure:14224: $PKG_CONFIG --exists --print-errors "libconfuse >= 2.8"
configure:14227: $? = 0
configure:14445: result: yes
configure:14466: checking whether the compiler supports -fvisibility=hidden
configure:14479: /usr/bin/gcc -c -O2 -I/home/erion/Projects/buildroot/output/host/include -fvisibility=hidden -I/home/erion/Projects/buildroot/output/host/include conftest.c >&5
configure:14479: $? = 0
configure:14506: result: yes
configure:14631: checking that generated files are newer than configure
configure:14637: result: done
configure:14664: creating ./config.status

## ---------------------- ##
## Running config.status. ##
## ---------------------- ##

This file was extended by genimage config.status 17, which was
generated by GNU Autoconf 2.71.  Invocation command line was

  CONFIG_FILES    = 
  CONFIG_HEADERS  = 
  CONFIG_LINKS    = 
  CONFIG_COMMANDS = 
  $ ./config.status 

on archlinux

config.status:1124: creating Makefile
config.status:1124: creating config.h
config.status:1353: executing depfiles commands
config.status:1353: executing libtool commands
configure:16810: WARNING: unrecognized options: --disable-gtk-doc, --disable-gtk-doc-html, --disable-doc, --disable-docs, --disable-documentation, --with-xmlto, --with-fop, --disable-nls
configure:16814: result:
        genimage 17
        =====

        prefix:                 /home/erion/Projects/buildroot/output/host

        compiler:               /usr/bin/gcc
        cflags:                 -O2 -I/home/erion/Projects/buildroot/output/host/include  -pipe -Wall -Wextra -Wmissing-declarations -Wmissing-prototypes -Wnested-externs -Wpointer-arith -Wsign-compare -Wchar-subscripts -Wstrict-prototypes -Wshadow -Wformat-security -Wtype-limits -Wno-unused-parameter -ffunction-sections -fdata-sections -fvisibility=hidden
        ldflags:                -L/home/erion/Projects/buildroot/output/host/lib -Wl,-rpath,/home/erion/Projects/buildroot/output/host/lib  -Wl,--as-needed -Wl,--gc-sections

        debug:                  no
        hide symbols:           yes
        libconfuse:             -L/home/erion/Projects/buildroot/output/host/lib -lconfuse 


## ---------------- ##
## Cache variables. ##
## ---------------- ##

ac_cv_build=x86_64-pc-linux-gnu
ac_cv_c_compiler_gnu=yes
ac_cv_c_inline=inline
ac_cv_c_uint32_t=yes
ac_cv_env_CC_set=set
ac_cv_env_CC_value=/usr/bin/gcc
ac_cv_env_CFLAGS_set=set
ac_cv_env_CFLAGS_value='-O2 -I/home/erion/Projects/buildroot/output/host/include'
ac_cv_env_CONFUSE_CFLAGS_set=
ac_cv_env_CONFUSE_CFLAGS_value=
ac_cv_env_CONFUSE_LIBS_set=
ac_cv_env_CONFUSE_LIBS_value=
ac_cv_env_CPPFLAGS_set=set
ac_cv_env_CPPFLAGS_value=-I/home/erion/Projects/buildroot/output/host/include
ac_cv_env_LDFLAGS_set=set
ac_cv_env_LDFLAGS_value='-L/home/erion/Projects/buildroot/output/host/lib -Wl,-rpath,/home/erion/Projects/buildroot/output/host/lib'
ac_cv_env_LIBS_set=
ac_cv_env_LIBS_value=
ac_cv_env_LT_SYS_LIBRARY_PATH_set=
ac_cv_env_LT_SYS_LIBRARY_PATH_value=
ac_cv_env_PKG_CONFIG_LIBDIR_set=set
ac_cv_env_PKG_CONFIG_LIBDIR_value=/home/erion/Projects/buildroot/output/host/lib/pkgconfig:/home/erion/Projects/buildroot/output/host/share/pkgconfig
ac_cv_env_PKG_CONFIG_PATH_set=
ac_cv_env_PKG_CONFIG_PATH_value=
ac_cv_env_PKG_CONFIG_set=set
ac_cv_env_PKG_CONFIG_value=/home/erion/Projects/buildroot/output/host/bin/pkg-config
ac_cv_env_build_alias_set=
ac_cv_env_build_alias_value=
ac_cv_env_host_alias_set=
ac_cv_env_host_alias_value=
ac_cv_env_target_alias_set=
ac_cv_env_target_alias_value=
ac_cv_func_fallocate=yes
ac_cv_func_malloc_0_nonnull=yes
ac_cv_func_memset=yes
ac_cv_func_setenv=yes
ac_cv_func_strcasecmp=yes
ac_cv_func_strdup=yes
ac_cv_func_strerror=yes
ac_cv_func_strstr=yes
ac_cv_func_strtoull=yes
ac_cv_header_dlfcn_h=yes
ac_cv_header_inttypes_h=yes
ac_cv_header_linux_fiemap_h=yes
ac_cv_header_linux_fs_h=yes
ac_cv_header_minix_config_h=no
ac_cv_header_stdint_h=yes
ac_cv_header_stdio_h=yes
ac_cv_header_stdlib_h=yes
ac_cv_header_string_h=yes
ac_cv_header_strings_h=yes
ac_cv_header_sys_stat_h=yes
ac_cv_header_sys_types_h=yes
ac_cv_header_unistd_h=yes
ac_cv_header_wchar_h=yes
ac_cv_host=x86_64-pc-linux-gnu
ac_cv_lib_error_at_line=yes
ac_cv_objext=o
ac_cv_path_EGREP='/usr/bin/grep -E'
ac_cv_path_FGREP='/usr/bin/grep -F'
ac_cv_path_GREP=/usr/bin/grep
ac_cv_path_SED=/usr/bin/sed
ac_cv_path_install='/usr/bin/install -c'
ac_cv_path_lt_DD=/usr/bin/dd
ac_cv_path_mkdir=/usr/bin/mkdir
ac_cv_prog_AWK=gawk
ac_cv_prog_ac_ct_CC=/usr/bin/gcc
ac_cv_prog_ac_ct_FILECMD=file
ac_cv_prog_ac_ct_OBJDUMP=objdump
ac_cv_prog_ac_ct_RANLIB=/usr/bin/ranlib
ac_cv_prog_ac_ct_STRIP=strip
ac_cv_prog_cc_c11=
ac_cv_prog_cc_g=yes
ac_cv_prog_cc_stdc=
ac_cv_prog_make_make_set=yes
ac_cv_safe_to_define___extensions__=yes
ac_cv_should_define__xopen_source=no
ac_cv_sys_file_offset_bits=no
ac_cv_sys_largefile_CC=no
ac_cv_type_size_t=yes
am_cv_CC_dependencies_compiler_type=none
am_cv_make_support_nested_variables=yes
am_cv_prog_cc_c_o=yes
am_cv_prog_tar_pax=gnutar
cc_cv_cflags__Wall=yes
cc_cv_cflags__Wchar_subscripts=yes
cc_cv_cflags__Wextra=yes
cc_cv_cflags__Wformat_security=yes
cc_cv_cflags__Wmissing_declarations=yes
cc_cv_cflags__Wmissing_prototypes=yes
cc_cv_cflags__Wnested_externs=yes
cc_cv_cflags__Wpointer_arith=yes
cc_cv_cflags__Wshadow=yes
cc_cv_cflags__Wsign_compare=yes
cc_cv_cflags__Wstrict_prototypes=yes
cc_cv_cflags__Wtype_limits=yes
cc_cv_cflags__Wunused_parameter=yes
cc_cv_cflags__fdata_sections=yes
cc_cv_cflags__ffunction_sections=yes
cc_cv_cflags__fvisibility_hidden=yes
cc_cv_cflags__pipe=yes
cc_cv_ldflags__Wl___as_needed=yes
cc_cv_ldflags__Wl___gc_sections=yes
genimage_cv_header_fiemap_h=yes
genimage_cv_header_linux_fs_h=yes
lt_cv_ar_at_file=@
lt_cv_archive_cmds_need_lc=no
lt_cv_deplibs_check_method=pass_all
lt_cv_file_magic_cmd='$MAGIC_CMD'
lt_cv_file_magic_test_file=
lt_cv_ld_reload_flag=-r
lt_cv_nm_interface='BSD nm'
lt_cv_objdir=.libs
lt_cv_path_LD=/usr/bin/ld
lt_cv_path_NM=/usr/bin/nm
lt_cv_path_mainfest_tool=no
lt_cv_prog_compiler_c_o=yes
lt_cv_prog_compiler_pic='-fPIC -DPIC'
lt_cv_prog_compiler_pic_works=yes
lt_cv_prog_compiler_rtti_exceptions=no
lt_cv_prog_compiler_static_works=yes
lt_cv_prog_gnu_ld=yes
lt_cv_sharedlib_from_linklib_cmd='printf %s\n'
lt_cv_shlibpath_overrides_runpath=yes
lt_cv_sys_global_symbol_pipe='/usr/bin/sed -n -e '\''s/^.*[	 ]\([ABCDGIRSTW][ABCDGIRSTW]*\)[	 ][	 ]*\([_A-Za-z][_A-Za-z0-9]*\)$/\1 \2 \2/p'\'' | /usr/bin/sed '\''/ __gnu_lto/d'\'''
lt_cv_sys_global_symbol_to_c_name_address='/usr/bin/sed -n -e '\''s/^: \(.*\) .*$/  {"\1", (void *) 0},/p'\'' -e '\''s/^[ABCDGIRSTW][ABCDGIRSTW]* .* \(.*\)$/  {"\1", (void *) \&\1},/p'\'''
lt_cv_sys_global_symbol_to_c_name_address_lib_prefix='/usr/bin/sed -n -e '\''s/^: \(.*\) .*$/  {"\1", (void *) 0},/p'\'' -e '\''s/^[ABCDGIRSTW][ABCDGIRSTW]* .* \(lib.*\)$/  {"\1", (void *) \&\1},/p'\'' -e '\''s/^[ABCDGIRSTW][ABCDGIRSTW]* .* \(.*\)$/  {"lib\1", (void *) \&\1},/p'\'''
lt_cv_sys_global_symbol_to_cdecl='/usr/bin/sed -n -e '\''s/^T .* \(.*\)$/extern int \1();/p'\'' -e '\''s/^[ABCDGIRSTW][ABCDGIRSTW]* .* \(.*\)$/extern char \1;/p'\'''
lt_cv_sys_global_symbol_to_import=
lt_cv_sys_max_cmd_len=1572864
lt_cv_to_host_file_cmd=func_convert_file_noop
lt_cv_to_tool_file_cmd=func_convert_file_noop
lt_cv_truncate_bin='/usr/bin/dd bs=4096 count=1'
pkg_cv_CONFUSE_CFLAGS='-I/home/erion/Projects/buildroot/output/host/include '
pkg_cv_CONFUSE_LIBS='-L/home/erion/Projects/buildroot/output/host/lib -lconfuse '

## ----------------- ##
## Output variables. ##
## ----------------- ##

ACLOCAL='${SHELL} '\''/home/erion/Projects/buildroot/output/build/host-genimage-17/build-aux/missing'\'' aclocal-1.16'
AMDEPBACKSLASH=''
AMDEP_FALSE=''
AMDEP_TRUE='#'
AMTAR='$${TAR-tar}'
AM_BACKSLASH='\'
AM_CFLAGS=' -pipe -Wall -Wextra -Wmissing-declarations -Wmissing-prototypes -Wnested-externs -Wpointer-arith -Wsign-compare -Wchar-subscripts -Wstrict-prototypes -Wshadow -Wformat-security -Wtype-limits -Wno-unused-parameter -ffunction-sections -fdata-sections -fvisibility=hidden'
AM_DEFAULT_V='$(AM_DEFAULT_VERBOSITY)'
AM_DEFAULT_VERBOSITY='0'
AM_V='$(V)'
AR='/usr/bin/ar'
AUTOCONF='${SHELL} '\''/home/erion/Projects/buildroot/output/build/host-genimage-17/build-aux/missing'\'' autoconf'
AUTOHEADER='${SHELL} '\''/home/erion/Projects/buildroot/output/build/host-genimage-17/build-aux/missing'\'' autoheader'
AUTOMAKE='${SHELL} '\''/home/erion/Projects/buildroot/output/build/host-genimage-17/build-aux/missing'\'' automake-1.16'
AWK='gawk'
BUILD_SILENTLY_FALSE='#'
BUILD_SILENTLY_TRUE=''
CC='/usr/bin/gcc'
CCDEPMODE='depmode=none'
CFLAGS='-O2 -I/home/erion/Projects/buildroot/output/host/include'
CONFUSE_CFLAGS='-I/home/erion/Projects/buildroot/output/host/include '
CONFUSE_LIBS='-L/home/erion/Projects/buildroot/output/host/lib -lconfuse '
CPPFLAGS='-I/home/erion/Projects/buildroot/output/host/include'
CSCOPE='cscope'
CTAGS='ctags'
CYGPATH_W='echo'
DEFS='-DHAVE_CONFIG_H'
DEPDIR='.deps'
DLLTOOL='false'
DSYMUTIL=''
DUMPBIN=''
ECHO_C=''
ECHO_N='-n'
ECHO_T=''
EGREP='/usr/bin/grep -E'
ETAGS='etags'
EXEEXT=''
FGREP='/usr/bin/grep -F'
FILECMD='file'
GREP='/usr/bin/grep'
INSTALL_DATA='${INSTALL} -m 644'
INSTALL_PROGRAM='${INSTALL}'
INSTALL_SCRIPT='${INSTALL}'
INSTALL_STRIP_PROGRAM='$(install_sh) -c -s'
LD='/usr/bin/ld -m elf_x86_64'
LDFLAGS='-L/home/erion/Projects/buildroot/output/host/lib -Wl,-rpath,/home/erion/Projects/buildroot/output/host/lib'
LIBOBJS=''
LIBS=''
LIBTOOL='$(SHELL) $(top_builddir)/libtool'
LIPO=''
LN_S='ln -s'
LTLIBOBJS=''
LT_SYS_LIBRARY_PATH=''
MAKEINFO='${SHELL} '\''/home/erion/Projects/buildroot/output/build/host-genimage-17/build-aux/missing'\'' makeinfo'
MANIFEST_TOOL=':'
MKDIR_P='/usr/bin/mkdir -p'
NM='/usr/bin/nm'
NMEDIT=''
OBJDUMP='objdump'
OBJEXT='o'
OTOOL64=''
OTOOL=''
PACKAGE='genimage'
PACKAGE_BUGREPORT='oss-tools@pengutronix.de'
PACKAGE_NAME='genimage'
PACKAGE_STRING='genimage 17'
PACKAGE_TARNAME='genimage'
PACKAGE_URL='http://www.pengutronix.de/genimage/'
PACKAGE_VERSION='17'
PATH_SEPARATOR=':'
PKG_CONFIG='/home/erion/Projects/buildroot/output/host/bin/pkg-config'
PKG_CONFIG_LIBDIR='/home/erion/Projects/buildroot/output/host/lib/pkgconfig:/home/erion/Projects/buildroot/output/host/share/pkgconfig'
PKG_CONFIG_PATH=''
RANLIB='/usr/bin/ranlib'
SED='/usr/bin/sed'
SET_MAKE=''
SHELL='/bin/sh'
STRIP='strip'
VERSION='17'
ac_ct_AR=''
ac_ct_CC='/usr/bin/gcc'
ac_ct_DUMPBIN=''
am__EXEEXT_FALSE=''
am__EXEEXT_TRUE='#'
am__fastdepCC_FALSE=''
am__fastdepCC_TRUE='#'
am__include='include'
am__isrc=''
am__leading_dot='.'
am__nodep=''
am__quote=''
am__tar='tar --format=posix -chf - "$$tardir"'
am__untar='tar -xf -'
bindir='${exec_prefix}/bin'
build='x86_64-pc-linux-gnu'
build_alias=''
build_cpu='x86_64'
build_os='linux-gnu'
build_vendor='pc'
datadir='${datarootdir}'
datarootdir='${prefix}/share'
docdir='${datarootdir}/doc/${PACKAGE_TARNAME}'
dvidir='${docdir}'
exec_prefix='${prefix}'
host='x86_64-pc-linux-gnu'
host_alias=''
host_cpu='x86_64'
host_os='linux-gnu'
host_vendor='pc'
htmldir='${docdir}'
includedir='${prefix}/include'
infodir='${datarootdir}/info'
install_sh='${SHELL} /home/erion/Projects/buildroot/output/build/host-genimage-17/build-aux/install-sh'
libdir='${exec_prefix}/lib'
libexecdir='${exec_prefix}/libexec'
localedir='${datarootdir}/locale'
localstatedir='/home/erion/Projects/buildroot/output/host/var'
mandir='${datarootdir}/man'
mkdir_p='$(MKDIR_P)'
oldincludedir='/usr/include'
pdfdir='${docdir}'
prefix='/home/erion/Projects/buildroot/output/host'
program_transform_name='s,x,x,'
psdir='${docdir}'
runstatedir='${localstatedir}/run'
sbindir='${exec_prefix}/sbin'
sharedstatedir='${prefix}/com'
sysconfdir='/home/erion/Projects/buildroot/output/host/etc'
target_alias=''

## ----------- ##
## confdefs.h. ##
## ----------- ##

/* confdefs.h */
#define PACKAGE_NAME "genimage"
#define PACKAGE_TARNAME "genimage"
#define PACKAGE_VERSION "17"
#define PACKAGE_STRING "genimage 17"
#define PACKAGE_BUGREPORT "oss-tools@pengutronix.de"
#define PACKAGE_URL "http://www.pengutronix.de/genimage/"
#define PACKAGE "genimage"
#define VERSION "17"
#define HAVE_STDIO_H 1
#define HAVE_STDLIB_H 1
#define HAVE_STRING_H 1
#define HAVE_INTTYPES_H 1
#define HAVE_STDINT_H 1
#define HAVE_STRINGS_H 1
#define HAVE_SYS_STAT_H 1
#define HAVE_SYS_TYPES_H 1
#define HAVE_UNISTD_H 1
#define HAVE_WCHAR_H 1
#define STDC_HEADERS 1
#define _ALL_SOURCE 1
#define _DARWIN_C_SOURCE 1
#define _GNU_SOURCE 1
#define _HPUX_ALT_XOPEN_SOCKET_API 1
#define _NETBSD_SOURCE 1
#define _OPENBSD_SOURCE 1
#define _POSIX_PTHREAD_SEMANTICS 1
#define __STDC_WANT_IEC_60559_ATTRIBS_EXT__ 1
#define __STDC_WANT_IEC_60559_BFP_EXT__ 1
#define __STDC_WANT_IEC_60559_DFP_EXT__ 1
#define __STDC_WANT_IEC_60559_FUNCS_EXT__ 1
#define __STDC_WANT_IEC_60559_TYPES_EXT__ 1
#define __STDC_WANT_LIB_EXT2__ 1
#define __STDC_WANT_MATH_SPEC_FUNCS__ 1
#define _TANDEM_SOURCE 1
#define __EXTENSIONS__ 1
#define HAVE_DLFCN_H 1
#define LT_OBJDIR ".libs/"
#define HAVE_MEMSET 1
#define HAVE_SETENV 1
#define HAVE_STRDUP 1
#define HAVE_STRCASECMP 1
#define HAVE_STRERROR 1
#define HAVE_STRSTR 1
#define HAVE_STRTOULL 1
#define HAVE_MALLOC 1
#define HAVE_LINUX_FS_H 1
#define HAVE_LINUX_FIEMAP_H 1
#define HAVE_LINUX_FS_H 1
#define HAVE_FIEMAP 1
#define HAVE_FALLOCATE 1
#define HAVE_SEARCHPATH 1
#define DSO_HIDDEN 1

configure: exit 0
