This file contains any messages produced by compilers while
running configure, to aid debugging if configure makes a mistake.

It was created by expat configure 2.6.2, which was
generated by GNU Autoconf 2.71.  Invocation command line was

  $ ./configure --prefix=/home/erion/Projects/buildroot/output/host --sysconfdir=/home/erion/Projects/buildroot/output/host/etc --localstatedir=/home/erion/Projects/buildroot/output/host/var --enable-shared --disable-static --disable-gtk-doc --disable-gtk-doc-html --disable-doc --disable-docs --disable-documentation --disable-debug --with-xmlto=no --with-fop=no --disable-nls --disable-dependency-tracking --without-docbook --without-examples --without-tests

## --------- ##
## Platform. ##
## --------- ##

hostname = archlinux
uname -m = x86_64
uname -r = 6.9.9-arch1-1
uname -s = Linux
uname -v = #1 SMP PREEMPT_DYNAMIC Fri, 12 Jul 2024 00:06:53 +0000

/usr/bin/uname -p = unknown
/bin/uname -X     = unknown

/bin/arch              = unknown
/usr/bin/arch -k       = unknown
/usr/convex/getsysinfo = unknown
/usr/bin/hostinfo      = unknown
/bin/machine           = unknown
/usr/bin/oslevel       = unknown
/bin/universe          = unknown

PATH: /home/erion/Projects/buildroot/output/host/bin/
PATH: /home/erion/Projects/buildroot/output/host/sbin/
PATH: /home/erion/Apps/miniconda3/condabin/
PATH: /opt/devkitpro/tools/bin/
PATH: /usr/local/sbin/
PATH: /usr/local/bin/
PATH: /usr/bin/
PATH: /var/lib/flatpak/exports/bin/
PATH: /usr/lib/jvm/default/bin/
PATH: /usr/bin/site_perl/
PATH: /usr/bin/vendor_perl/
PATH: /usr/bin/core_perl/


## ----------- ##
## Core tests. ##
## ----------- ##

configure:3085: looking for aux files: ltmain.sh compile ar-lib missing install-sh config.guess config.sub
configure:3098:  trying ./conftools/
configure:3127:   ./conftools/ltmain.sh found
configure:3127:   ./conftools/compile found
configure:3127:   ./conftools/ar-lib found
configure:3127:   ./conftools/missing found
configure:3109:   ./conftools/install-sh found
configure:3127:   ./conftools/config.guess found
configure:3127:   ./conftools/config.sub found
configure:3250: checking build system type
configure:3265: result: x86_64-pc-linux-gnu
configure:3285: checking host system type
configure:3299: result: x86_64-pc-linux-gnu
configure:3336: checking for a BSD-compatible install
configure:3409: result: /usr/bin/install -c
configure:3420: checking whether build environment is sane
configure:3475: result: yes
configure:3634: checking for a race-free mkdir -p
configure:3678: result: /usr/bin/mkdir -p
configure:3685: checking for gawk
configure:3706: found /home/erion/Projects/buildroot/output/host/bin/gawk
configure:3717: result: gawk
configure:3728: checking whether make sets $(MAKE)
configure:3751: result: yes
configure:3781: checking whether make supports nested variables
configure:3799: result: yes
configure:3936: checking whether to enable maintainer-specific portions of Makefiles
configure:3946: result: yes
configure:3984: checking whether make supports the include directive
configure:3999: make -f confmf.GNU && cat confinc.out
make[1]: Entering directory '/home/erion/Projects/buildroot/output/build/host-expat-2.6.2'
make[1]: Leaving directory '/home/erion/Projects/buildroot/output/build/host-expat-2.6.2'
this is the am__doit target
configure:4002: $? = 0
configure:4021: result: yes (GNU style)
configure:4097: checking for gcc
configure:4129: result: /usr/bin/gcc
configure:4482: checking for C compiler version
configure:4491: /usr/bin/gcc --version >&5
gcc (GCC) 14.1.1 20240522
Copyright (C) 2024 Free Software Foundation, Inc.
This is free software; see the source for copying conditions.  There is NO
warranty; not even for MERCHANTABILITY or FITNESS FOR A PARTICULAR PURPOSE.

configure:4502: $? = 0
configure:4491: /usr/bin/gcc -v >&5
Using built-in specs.
COLLECT_GCC=/usr/bin/gcc
COLLECT_LTO_WRAPPER=/usr/lib/gcc/x86_64-pc-linux-gnu/14.1.1/lto-wrapper
Target: x86_64-pc-linux-gnu
Configured with: /build/gcc/src/gcc/configure --enable-languages=ada,c,c++,d,fortran,go,lto,m2,objc,obj-c++,rust --enable-bootstrap --prefix=/usr --libdir=/usr/lib --libexecdir=/usr/lib --mandir=/usr/share/man --infodir=/usr/share/info --with-bugurl=https://gitlab.archlinux.org/archlinux/packaging/packages/gcc/-/issues --with-build-config=bootstrap-lto --with-linker-hash-style=gnu --with-system-zlib --enable-__cxa_atexit --enable-cet=auto --enable-checking=release --enable-clocale=gnu --enable-default-pie --enable-default-ssp --enable-gnu-indirect-function --enable-gnu-unique-object --enable-libstdcxx-backtrace --enable-link-serialization=1 --enable-linker-build-id --enable-lto --enable-multilib --enable-plugin --enable-shared --enable-threads=posix --disable-libssp --disable-libstdcxx-pch --disable-werror
Thread model: posix
Supported LTO compression algorithms: zlib zstd
gcc version 14.1.1 20240522 (GCC) 
configure:4502: $? = 0
configure:4491: /usr/bin/gcc -V >&5
gcc: error: unrecognized command-line option '-V'
gcc: fatal error: no input files
compilation terminated.
configure:4502: $? = 1
configure:4491: /usr/bin/gcc -qversion >&5
gcc: error: unrecognized command-line option '-qversion'; did you mean '--version'?
gcc: fatal error: no input files
compilation terminated.
configure:4502: $? = 1
configure:4491: /usr/bin/gcc -version >&5
gcc: error: unrecognized command-line option '-version'
gcc: fatal error: no input files
compilation terminated.
configure:4502: $? = 1
configure:4522: checking whether the C compiler works
configure:4544: /usr/bin/gcc -O2 -I/home/erion/Projects/buildroot/output/host/include -I/home/erion/Projects/buildroot/output/host/include -L/home/erion/Projects/buildroot/output/host/lib -Wl,-rpath,/home/erion/Projects/buildroot/output/host/lib conftest.c  >&5
configure:4548: $? = 0
configure:4598: result: yes
configure:4601: checking for C compiler default output file name
configure:4603: result: a.out
configure:4609: checking for suffix of executables
configure:4616: /usr/bin/gcc -o conftest -O2 -I/home/erion/Projects/buildroot/output/host/include -I/home/erion/Projects/buildroot/output/host/include -L/home/erion/Projects/buildroot/output/host/lib -Wl,-rpath,/home/erion/Projects/buildroot/output/host/lib conftest.c  >&5
configure:4620: $? = 0
configure:4643: result: 
configure:4665: checking whether we are cross compiling
configure:4673: /usr/bin/gcc -o conftest -O2 -I/home/erion/Projects/buildroot/output/host/include -I/home/erion/Projects/buildroot/output/host/include -L/home/erion/Projects/buildroot/output/host/lib -Wl,-rpath,/home/erion/Projects/buildroot/output/host/lib conftest.c  >&5
configure:4677: $? = 0
configure:4684: ./conftest
configure:4688: $? = 0
configure:4703: result: no
configure:4708: checking for suffix of object files
configure:4731: /usr/bin/gcc -c -O2 -I/home/erion/Projects/buildroot/output/host/include -I/home/erion/Projects/buildroot/output/host/include conftest.c >&5
configure:4735: $? = 0
configure:4757: result: o
configure:4761: checking whether the compiler supports GNU C
configure:4781: /usr/bin/gcc -c -O2 -I/home/erion/Projects/buildroot/output/host/include -I/home/erion/Projects/buildroot/output/host/include conftest.c >&5
configure:4781: $? = 0
configure:4791: result: yes
configure:4802: checking whether /usr/bin/gcc accepts -g
configure:4823: /usr/bin/gcc -c -g -I/home/erion/Projects/buildroot/output/host/include conftest.c >&5
configure:4823: $? = 0
configure:4867: result: yes
configure:4887: checking for /usr/bin/gcc option to enable C11 features
configure:4902: /usr/bin/gcc  -c -O2 -I/home/erion/Projects/buildroot/output/host/include -I/home/erion/Projects/buildroot/output/host/include conftest.c >&5
configure:4902: $? = 0
configure:4920: result: none needed
configure:5036: checking whether /usr/bin/gcc understands -c and -o together
configure:5059: /usr/bin/gcc -c conftest.c -o conftest2.o
configure:5062: $? = 0
configure:5059: /usr/bin/gcc -c conftest.c -o conftest2.o
configure:5062: $? = 0
configure:5074: result: yes
configure:5093: checking dependency style of /usr/bin/gcc
configure:5205: result: none
configure:5334: checking the archiver (/usr/bin/ar) interface
configure:5351: /usr/bin/gcc -c -O2 -I/home/erion/Projects/buildroot/output/host/include -I/home/erion/Projects/buildroot/output/host/include conftest.c >&5
configure:5351: $? = 0
configure:5354: /usr/bin/ar cru libconftest.a conftest.o >&5
/usr/bin/ar: `u' modifier ignored since `D' is the default (see `U')
configure:5357: $? = 0
configure:5385: result: ar
configure:5406: checking whether ln -s works
configure:5410: result: yes
configure:5417: checking whether make sets $(MAKE)
configure:5440: result: yes
configure:5498: checking how to print strings
configure:5525: result: printf
configure:5546: checking for a sed that does not truncate output
configure:5616: result: /usr/bin/sed
configure:5634: checking for grep that handles long lines and -e
configure:5698: result: /usr/bin/grep
configure:5703: checking for egrep
configure:5771: result: /usr/bin/grep -E
configure:5776: checking for fgrep
configure:5844: result: /usr/bin/grep -F
configure:5880: checking for ld used by /usr/bin/gcc
configure:5948: result: /usr/bin/ld
configure:5955: checking if the linker (/usr/bin/ld) is GNU ld
configure:5971: result: yes
configure:5983: checking for BSD- or MS-compatible name lister (nm)
configure:6038: result: /usr/bin/nm
configure:6178: checking the name lister (/usr/bin/nm) interface
configure:6186: /usr/bin/gcc -c -O2 -I/home/erion/Projects/buildroot/output/host/include -I/home/erion/Projects/buildroot/output/host/include conftest.c >&5
configure:6189: /usr/bin/nm "conftest.o"
configure:6192: output
0000000000000000 B some_variable
configure:6199: result: BSD nm
configure:6203: checking the maximum length of command line arguments
configure:6340: result: 1572864
configure:6388: checking how to convert x86_64-pc-linux-gnu file names to x86_64-pc-linux-gnu format
configure:6429: result: func_convert_file_noop
configure:6436: checking how to convert x86_64-pc-linux-gnu file names to toolchain format
configure:6457: result: func_convert_file_noop
configure:6464: checking for /usr/bin/ld option to reload object files
configure:6472: result: -r
configure:6551: checking for file
configure:6572: found /usr/bin/file
configure:6583: result: file
configure:6659: checking for objdump
configure:6680: found /usr/bin/objdump
configure:6691: result: objdump
configure:6720: checking how to recognize dependent libraries
configure:6921: result: pass_all
configure:7011: checking for dlltool
configure:7046: result: no
configure:7073: checking how to associate runtime and link libraries
configure:7101: result: printf %s\n
configure:7251: checking for archiver @FILE support
configure:7269: /usr/bin/gcc -c -O2 -I/home/erion/Projects/buildroot/output/host/include -I/home/erion/Projects/buildroot/output/host/include conftest.c >&5
configure:7269: $? = 0
configure:7273: /usr/bin/ar cr libconftest.a @conftest.lst >&5
configure:7276: $? = 0
configure:7281: /usr/bin/ar cr libconftest.a @conftest.lst >&5
/usr/bin/ar: conftest.o: No such file or directory
configure:7284: $? = 1
configure:7296: result: @
configure:7359: checking for strip
configure:7380: found /usr/bin/strip
configure:7391: result: strip
configure:7468: checking for ranlib
configure:7500: result: /usr/bin/ranlib
configure:7602: checking command to parse /usr/bin/nm output from /usr/bin/gcc object
configure:7756: /usr/bin/gcc -c -O2 -I/home/erion/Projects/buildroot/output/host/include -I/home/erion/Projects/buildroot/output/host/include conftest.c >&5
configure:7759: $? = 0
configure:7763: /usr/bin/nm conftest.o \| /usr/bin/sed -n -e 's/^.*[ ]\([ABCDGIRSTW][ABCDGIRSTW]*\)[ ][ ]*\([_A-Za-z][_A-Za-z0-9]*\)$/\1 \2 \2/p' | /usr/bin/sed '/ __gnu_lto/d' \> conftest.nm
configure:7766: $? = 0
configure:7832: /usr/bin/gcc -o conftest -O2 -I/home/erion/Projects/buildroot/output/host/include -I/home/erion/Projects/buildroot/output/host/include -L/home/erion/Projects/buildroot/output/host/lib -Wl,-rpath,/home/erion/Projects/buildroot/output/host/lib conftest.c conftstm.o >&5
configure:7835: $? = 0
configure:7873: result: ok
configure:7920: checking for sysroot
configure:7951: result: no
configure:7958: checking for a working dd
configure:8002: result: /usr/bin/dd
configure:8006: checking how to truncate binary pipes
configure:8022: result: /usr/bin/dd bs=4096 count=1
configure:8159: /usr/bin/gcc -c -O2 -I/home/erion/Projects/buildroot/output/host/include -I/home/erion/Projects/buildroot/output/host/include conftest.c >&5
configure:8162: $? = 0
configure:8359: checking for mt
configure:8394: result: no
configure:8414: checking if : is a manifest tool
configure:8421: : '-?'
configure:8429: result: no
configure:9154: checking for stdio.h
configure:9154: /usr/bin/gcc -c -O2 -I/home/erion/Projects/buildroot/output/host/include -I/home/erion/Projects/buildroot/output/host/include conftest.c >&5
configure:9154: $? = 0
configure:9154: result: yes
configure:9154: checking for stdlib.h
configure:9154: /usr/bin/gcc -c -O2 -I/home/erion/Projects/buildroot/output/host/include -I/home/erion/Projects/buildroot/output/host/include conftest.c >&5
configure:9154: $? = 0
configure:9154: result: yes
configure:9154: checking for string.h
configure:9154: /usr/bin/gcc -c -O2 -I/home/erion/Projects/buildroot/output/host/include -I/home/erion/Projects/buildroot/output/host/include conftest.c >&5
configure:9154: $? = 0
configure:9154: result: yes
configure:9154: checking for inttypes.h
configure:9154: /usr/bin/gcc -c -O2 -I/home/erion/Projects/buildroot/output/host/include -I/home/erion/Projects/buildroot/output/host/include conftest.c >&5
configure:9154: $? = 0
configure:9154: result: yes
configure:9154: checking for stdint.h
configure:9154: /usr/bin/gcc -c -O2 -I/home/erion/Projects/buildroot/output/host/include -I/home/erion/Projects/buildroot/output/host/include conftest.c >&5
configure:9154: $? = 0
configure:9154: result: yes
configure:9154: checking for strings.h
configure:9154: /usr/bin/gcc -c -O2 -I/home/erion/Projects/buildroot/output/host/include -I/home/erion/Projects/buildroot/output/host/include conftest.c >&5
configure:9154: $? = 0
configure:9154: result: yes
configure:9154: checking for sys/stat.h
configure:9154: /usr/bin/gcc -c -O2 -I/home/erion/Projects/buildroot/output/host/include -I/home/erion/Projects/buildroot/output/host/include conftest.c >&5
configure:9154: $? = 0
configure:9154: result: yes
configure:9154: checking for sys/types.h
configure:9154: /usr/bin/gcc -c -O2 -I/home/erion/Projects/buildroot/output/host/include -I/home/erion/Projects/buildroot/output/host/include conftest.c >&5
configure:9154: $? = 0
configure:9154: result: yes
configure:9154: checking for unistd.h
configure:9154: /usr/bin/gcc -c -O2 -I/home/erion/Projects/buildroot/output/host/include -I/home/erion/Projects/buildroot/output/host/include conftest.c >&5
configure:9154: $? = 0
configure:9154: result: yes
configure:9154: checking for sys/param.h
configure:9154: /usr/bin/gcc -c -O2 -I/home/erion/Projects/buildroot/output/host/include -I/home/erion/Projects/buildroot/output/host/include conftest.c >&5
configure:9154: $? = 0
configure:9154: result: yes
configure:9179: checking for dlfcn.h
configure:9179: /usr/bin/gcc -c -O2 -I/home/erion/Projects/buildroot/output/host/include -I/home/erion/Projects/buildroot/output/host/include conftest.c >&5
configure:9179: $? = 0
configure:9179: result: yes
configure:9766: checking for objdir
configure:9782: result: .libs
configure:10046: checking if /usr/bin/gcc supports -fno-rtti -fno-exceptions
configure:10065: /usr/bin/gcc -c -O2 -I/home/erion/Projects/buildroot/output/host/include -I/home/erion/Projects/buildroot/output/host/include -fno-rtti -fno-exceptions conftest.c >&5
cc1: warning: command-line option '-fno-rtti' is valid for C++/D/ObjC++ but not for C
configure:10069: $? = 0
configure:10082: result: no
configure:10440: checking for /usr/bin/gcc option to produce PIC
configure:10448: result: -fPIC -DPIC
configure:10456: checking if /usr/bin/gcc PIC flag -fPIC -DPIC works
configure:10475: /usr/bin/gcc -c -O2 -I/home/erion/Projects/buildroot/output/host/include -I/home/erion/Projects/buildroot/output/host/include -fPIC -DPIC -DPIC conftest.c >&5
configure:10479: $? = 0
configure:10492: result: yes
configure:10521: checking if /usr/bin/gcc static flag -static works
configure:10550: result: yes
configure:10565: checking if /usr/bin/gcc supports -c -o file.o
configure:10587: /usr/bin/gcc -c -O2 -I/home/erion/Projects/buildroot/output/host/include -I/home/erion/Projects/buildroot/output/host/include -o out/conftest2.o conftest.c >&5
configure:10591: $? = 0
configure:10613: result: yes
configure:10621: checking if /usr/bin/gcc supports -c -o file.o
configure:10669: result: yes
configure:10702: checking whether the /usr/bin/gcc linker (/usr/bin/ld -m elf_x86_64) supports shared libraries
configure:11970: result: yes
configure:12007: checking whether -lc should be explicitly linked in
configure:12016: /usr/bin/gcc -c -O2 -I/home/erion/Projects/buildroot/output/host/include -I/home/erion/Projects/buildroot/output/host/include conftest.c >&5
configure:12019: $? = 0
configure:12034: /usr/bin/gcc -shared  -fPIC -DPIC conftest.o  -v -Wl,-soname -Wl,conftest -o conftest 2\>\&1 \| /usr/bin/grep  -lc  \>/dev/null 2\>\&1
configure:12037: $? = 0
configure:12051: result: no
configure:12211: checking dynamic linker characteristics
configure:12806: /usr/bin/gcc -o conftest -O2 -I/home/erion/Projects/buildroot/output/host/include -I/home/erion/Projects/buildroot/output/host/include -L/home/erion/Projects/buildroot/output/host/lib -Wl,-rpath,/home/erion/Projects/buildroot/output/host/lib -Wl,-rpath -Wl,/foo conftest.c  >&5
configure:12806: $? = 0
configure:13045: result: GNU/Linux ld.so
configure:13167: checking how to hardcode library paths into programs
configure:13192: result: immediate
configure:13774: checking whether stripping libraries is possible
configure:13783: result: yes
configure:13825: checking if libtool supports shared libraries
configure:13827: result: yes
configure:13830: checking whether to build shared libraries
configure:13855: result: yes
configure:13858: checking whether to build static libraries
configure:13862: result: no
configure:13925: checking whether C compiler accepts -Wall
configure:13938: /usr/bin/gcc -c -O2 -I/home/erion/Projects/buildroot/output/host/include  -Werror -Wall -I/home/erion/Projects/buildroot/output/host/include conftest.c >&5
configure:13938: $? = 0
configure:13948: result: yes
configure:13977: : AM_CFLAGS="$AM_CFLAGS"
configure:13980: $? = 0
configure:13925: checking whether C compiler accepts -Wextra
configure:13938: /usr/bin/gcc -c -O2 -I/home/erion/Projects/buildroot/output/host/include  -Werror -Wextra -I/home/erion/Projects/buildroot/output/host/include conftest.c >&5
configure:13938: $? = 0
configure:13948: result: yes
configure:13966: : AM_CFLAGS="$AM_CFLAGS"
configure:13969: $? = 0
configure:13997: checking whether C compiler accepts -fexceptions
configure:14010: /usr/bin/gcc -c -O2 -I/home/erion/Projects/buildroot/output/host/include  -Werror -fexceptions -I/home/erion/Projects/buildroot/output/host/include conftest.c >&5
configure:14010: $? = 0
configure:14020: result: yes
configure:14038: : AM_CFLAGS="$AM_CFLAGS"
configure:14041: $? = 0
configure:14069: checking whether C compiler accepts -fno-strict-aliasing
configure:14082: /usr/bin/gcc -c -O2 -I/home/erion/Projects/buildroot/output/host/include  -Werror -fno-strict-aliasing -I/home/erion/Projects/buildroot/output/host/include conftest.c >&5
configure:14082: $? = 0
configure:14092: result: yes
configure:14110: : AM_CFLAGS="$AM_CFLAGS"
configure:14113: $? = 0
configure:14069: checking whether C compiler accepts -Wmissing-prototypes
configure:14082: /usr/bin/gcc -c -O2 -I/home/erion/Projects/buildroot/output/host/include  -Werror -Wmissing-prototypes -I/home/erion/Projects/buildroot/output/host/include conftest.c >&5
configure:14082: $? = 0
configure:14092: result: yes
configure:14110: : AM_CFLAGS="$AM_CFLAGS"
configure:14113: $? = 0
configure:14069: checking whether C compiler accepts -Wstrict-prototypes
configure:14082: /usr/bin/gcc -c -O2 -I/home/erion/Projects/buildroot/output/host/include  -Werror -Wstrict-prototypes -I/home/erion/Projects/buildroot/output/host/include conftest.c >&5
configure:14082: $? = 0
configure:14092: result: yes
configure:14110: : AM_CFLAGS="$AM_CFLAGS"
configure:14113: $? = 0
configure:14141: checking whether C compiler accepts -pedantic
configure:14154: /usr/bin/gcc -c -O2 -I/home/erion/Projects/buildroot/output/host/include  -Werror -pedantic -I/home/erion/Projects/buildroot/output/host/include conftest.c >&5
configure:14154: $? = 0
configure:14164: result: yes
configure:14182: : AM_CFLAGS="$AM_CFLAGS"
configure:14185: $? = 0
configure:14141: checking whether C compiler accepts -Wduplicated-cond
configure:14154: /usr/bin/gcc -c -O2 -I/home/erion/Projects/buildroot/output/host/include  -Werror -Wduplicated-cond -I/home/erion/Projects/buildroot/output/host/include conftest.c >&5
configure:14154: $? = 0
configure:14164: result: yes
configure:14182: : AM_CFLAGS="$AM_CFLAGS"
configure:14185: $? = 0
configure:14141: checking whether C compiler accepts -Wduplicated-branches
configure:14154: /usr/bin/gcc -c -O2 -I/home/erion/Projects/buildroot/output/host/include  -Werror -Wduplicated-branches -I/home/erion/Projects/buildroot/output/host/include conftest.c >&5
configure:14154: $? = 0
configure:14164: result: yes
configure:14182: : AM_CFLAGS="$AM_CFLAGS"
configure:14185: $? = 0
configure:14141: checking whether C compiler accepts -Wlogical-op
configure:14154: /usr/bin/gcc -c -O2 -I/home/erion/Projects/buildroot/output/host/include  -Werror -Wlogical-op -I/home/erion/Projects/buildroot/output/host/include conftest.c >&5
configure:14154: $? = 0
configure:14164: result: yes
configure:14182: : AM_CFLAGS="$AM_CFLAGS"
configure:14185: $? = 0
configure:14213: checking whether C compiler accepts -Wrestrict
configure:14226: /usr/bin/gcc -c -O2 -I/home/erion/Projects/buildroot/output/host/include  -Werror -Wrestrict -I/home/erion/Projects/buildroot/output/host/include conftest.c >&5
configure:14226: $? = 0
configure:14236: result: yes
configure:14254: : AM_CFLAGS="$AM_CFLAGS"
configure:14257: $? = 0
configure:14213: checking whether C compiler accepts -Wnull-dereference
configure:14226: /usr/bin/gcc -c -O2 -I/home/erion/Projects/buildroot/output/host/include  -Werror -Wnull-dereference -I/home/erion/Projects/buildroot/output/host/include conftest.c >&5
configure:14226: $? = 0
configure:14236: result: yes
configure:14254: : AM_CFLAGS="$AM_CFLAGS"
configure:14257: $? = 0
configure:14213: checking whether C compiler accepts -Wjump-misses-init
configure:14226: /usr/bin/gcc -c -O2 -I/home/erion/Projects/buildroot/output/host/include  -Werror -Wjump-misses-init -I/home/erion/Projects/buildroot/output/host/include conftest.c >&5
configure:14226: $? = 0
configure:14236: result: yes
configure:14254: : AM_CFLAGS="$AM_CFLAGS"
configure:14257: $? = 0
configure:14213: checking whether C compiler accepts -Wdouble-promotion
configure:14226: /usr/bin/gcc -c -O2 -I/home/erion/Projects/buildroot/output/host/include  -Werror -Wdouble-promotion -I/home/erion/Projects/buildroot/output/host/include conftest.c >&5
configure:14226: $? = 0
configure:14236: result: yes
configure:14254: : AM_CFLAGS="$AM_CFLAGS"
configure:14257: $? = 0
configure:14285: checking whether C compiler accepts -Wshadow
configure:14298: /usr/bin/gcc -c -O2 -I/home/erion/Projects/buildroot/output/host/include  -Werror -Wshadow -I/home/erion/Projects/buildroot/output/host/include conftest.c >&5
configure:14298: $? = 0
configure:14308: result: yes
configure:14326: : AM_CFLAGS="$AM_CFLAGS"
configure:14329: $? = 0
configure:14285: checking whether C compiler accepts -Wformat=2
configure:14298: /usr/bin/gcc -c -O2 -I/home/erion/Projects/buildroot/output/host/include  -Werror -Wformat=2 -I/home/erion/Projects/buildroot/output/host/include conftest.c >&5
configure:14298: $? = 0
configure:14308: result: yes
configure:14326: : AM_CFLAGS="$AM_CFLAGS"
configure:14329: $? = 0
configure:14285: checking whether C compiler accepts -Wno-pedantic-ms-format
configure:14298: /usr/bin/gcc -c -O2 -I/home/erion/Projects/buildroot/output/host/include  -Werror -Wno-pedantic-ms-format -I/home/erion/Projects/buildroot/output/host/include conftest.c >&5
configure:14298: $? = 0
configure:14308: result: yes
configure:14326: : AM_CFLAGS="$AM_CFLAGS"
configure:14329: $? = 0
configure:14285: checking whether C compiler accepts -Wmisleading-indentation
configure:14298: /usr/bin/gcc -c -O2 -I/home/erion/Projects/buildroot/output/host/include  -Werror -Wmisleading-indentation -I/home/erion/Projects/buildroot/output/host/include conftest.c >&5
configure:14298: $? = 0
configure:14308: result: yes
configure:14326: : AM_CFLAGS="$AM_CFLAGS"
configure:14329: $? = 0
configure:14487: checking for C++ compiler version
configure:14496: /usr/bin/g++ --version >&5
g++ (GCC) 14.1.1 20240522
Copyright (C) 2024 Free Software Foundation, Inc.
This is free software; see the source for copying conditions.  There is NO
warranty; not even for MERCHANTABILITY or FITNESS FOR A PARTICULAR PURPOSE.

configure:14507: $? = 0
configure:14496: /usr/bin/g++ -v >&5
Using built-in specs.
COLLECT_GCC=/usr/bin/g++
COLLECT_LTO_WRAPPER=/usr/lib/gcc/x86_64-pc-linux-gnu/14.1.1/lto-wrapper
Target: x86_64-pc-linux-gnu
Configured with: /build/gcc/src/gcc/configure --enable-languages=ada,c,c++,d,fortran,go,lto,m2,objc,obj-c++,rust --enable-bootstrap --prefix=/usr --libdir=/usr/lib --libexecdir=/usr/lib --mandir=/usr/share/man --infodir=/usr/share/info --with-bugurl=https://gitlab.archlinux.org/archlinux/packaging/packages/gcc/-/issues --with-build-config=bootstrap-lto --with-linker-hash-style=gnu --with-system-zlib --enable-__cxa_atexit --enable-cet=auto --enable-checking=release --enable-clocale=gnu --enable-default-pie --enable-default-ssp --enable-gnu-indirect-function --enable-gnu-unique-object --enable-libstdcxx-backtrace --enable-link-serialization=1 --enable-linker-build-id --enable-lto --enable-multilib --enable-plugin --enable-shared --enable-threads=posix --disable-libssp --disable-libstdcxx-pch --disable-werror
Thread model: posix
Supported LTO compression algorithms: zlib zstd
gcc version 14.1.1 20240522 (GCC) 
configure:14507: $? = 0
configure:14496: /usr/bin/g++ -V >&5
g++: error: unrecognized command-line option '-V'
g++: fatal error: no input files
compilation terminated.
configure:14507: $? = 1
configure:14496: /usr/bin/g++ -qversion >&5
g++: error: unrecognized command-line option '-qversion'; did you mean '--version'?
g++: fatal error: no input files
compilation terminated.
configure:14507: $? = 1
configure:14511: checking whether the compiler supports GNU C++
configure:14531: /usr/bin/g++ -c -O2 -I/home/erion/Projects/buildroot/output/host/include -I/home/erion/Projects/buildroot/output/host/include conftest.cpp >&5
configure:14531: $? = 0
configure:14541: result: yes
configure:14552: checking whether /usr/bin/g++ accepts -g
configure:14573: /usr/bin/g++ -c -g -I/home/erion/Projects/buildroot/output/host/include conftest.cpp >&5
configure:14573: $? = 0
configure:14617: result: yes
configure:14637: checking for /usr/bin/g++ option to enable C++11 features
configure:14652: /usr/bin/g++  -c -O2 -I/home/erion/Projects/buildroot/output/host/include -I/home/erion/Projects/buildroot/output/host/include conftest.cpp >&5
conftest.cpp: In function 'int main(int, char**)':
conftest.cpp:190:25: warning: empty parentheses were disambiguated as a function declaration [-Wvexing-parse]
  190 |   cxx11test::delegate d2();
      |                         ^~
conftest.cpp:190:25: note: remove parentheses to default-initialize a variable
  190 |   cxx11test::delegate d2();
      |                         ^~
      |                         --
conftest.cpp:190:25: note: or replace parentheses with braces to value-initialize a variable
configure:14652: $? = 0
configure:14670: result: none needed
configure:14736: checking dependency style of /usr/bin/g++
configure:14848: result: none
configure:14881: checking how to run the C++ preprocessor
configure:14903: /usr/bin/g++ -E -I/home/erion/Projects/buildroot/output/host/include conftest.cpp
configure:14903: $? = 0
configure:14918: /usr/bin/g++ -E -I/home/erion/Projects/buildroot/output/host/include conftest.cpp
conftest.cpp:24:10: fatal error: ac_nonexistent.h: No such file or directory
   24 | #include <ac_nonexistent.h>
      |          ^~~~~~~~~~~~~~~~~~
compilation terminated.
configure:14918: $? = 1
configure: failed program was:
| /* confdefs.h */
| #define PACKAGE_NAME "expat"
| #define PACKAGE_TARNAME "expat"
| #define PACKAGE_VERSION "2.6.2"
| #define PACKAGE_STRING "expat 2.6.2"
| #define PACKAGE_BUGREPORT "https://github.com/libexpat/libexpat/issues"
| #define PACKAGE_URL ""
| #define PACKAGE "expat"
| #define VERSION "2.6.2"
| #define HAVE_STDIO_H 1
| #define HAVE_STDLIB_H 1
| #define HAVE_STRING_H 1
| #define HAVE_INTTYPES_H 1
| #define HAVE_STDINT_H 1
| #define HAVE_STRINGS_H 1
| #define HAVE_SYS_STAT_H 1
| #define HAVE_SYS_TYPES_H 1
| #define HAVE_UNISTD_H 1
| #define HAVE_SYS_PARAM_H 1
| #define STDC_HEADERS 1
| #define HAVE_DLFCN_H 1
| #define LT_OBJDIR ".libs/"
| /* end confdefs.h.  */
| #include <ac_nonexistent.h>
configure:14945: result: /usr/bin/g++ -E
configure:14959: /usr/bin/g++ -E -I/home/erion/Projects/buildroot/output/host/include conftest.cpp
configure:14959: $? = 0
configure:14974: /usr/bin/g++ -E -I/home/erion/Projects/buildroot/output/host/include conftest.cpp
conftest.cpp:24:10: fatal error: ac_nonexistent.h: No such file or directory
   24 | #include <ac_nonexistent.h>
      |          ^~~~~~~~~~~~~~~~~~
compilation terminated.
configure:14974: $? = 1
configure: failed program was:
| /* confdefs.h */
| #define PACKAGE_NAME "expat"
| #define PACKAGE_TARNAME "expat"
| #define PACKAGE_VERSION "2.6.2"
| #define PACKAGE_STRING "expat 2.6.2"
| #define PACKAGE_BUGREPORT "https://github.com/libexpat/libexpat/issues"
| #define PACKAGE_URL ""
| #define PACKAGE "expat"
| #define VERSION "2.6.2"
| #define HAVE_STDIO_H 1
| #define HAVE_STDLIB_H 1
| #define HAVE_STRING_H 1
| #define HAVE_INTTYPES_H 1
| #define HAVE_STDINT_H 1
| #define HAVE_STRINGS_H 1
| #define HAVE_SYS_STAT_H 1
| #define HAVE_SYS_TYPES_H 1
| #define HAVE_UNISTD_H 1
| #define HAVE_SYS_PARAM_H 1
| #define STDC_HEADERS 1
| #define HAVE_DLFCN_H 1
| #define LT_OBJDIR ".libs/"
| /* end confdefs.h.  */
| #include <ac_nonexistent.h>
configure:15139: checking for ld used by /usr/bin/g++
configure:15207: result: /usr/bin/ld -m elf_x86_64
configure:15214: checking if the linker (/usr/bin/ld -m elf_x86_64) is GNU ld
configure:15230: result: yes
configure:15285: checking whether the /usr/bin/g++ linker (/usr/bin/ld -m elf_x86_64) supports shared libraries
configure:16363: result: yes
configure:16399: /usr/bin/g++ -c -O2 -I/home/erion/Projects/buildroot/output/host/include -I/home/erion/Projects/buildroot/output/host/include conftest.cpp >&5
configure:16402: $? = 0
configure:16883: checking for /usr/bin/g++ option to produce PIC
configure:16891: result: -fPIC -DPIC
configure:16899: checking if /usr/bin/g++ PIC flag -fPIC -DPIC works
configure:16918: /usr/bin/g++ -c -O2 -I/home/erion/Projects/buildroot/output/host/include -I/home/erion/Projects/buildroot/output/host/include -fPIC -DPIC -DPIC conftest.cpp >&5
configure:16922: $? = 0
configure:16935: result: yes
configure:16958: checking if /usr/bin/g++ static flag -static works
configure:16987: result: yes
configure:16999: checking if /usr/bin/g++ supports -c -o file.o
configure:17021: /usr/bin/g++ -c -O2 -I/home/erion/Projects/buildroot/output/host/include -I/home/erion/Projects/buildroot/output/host/include -o out/conftest2.o conftest.cpp >&5
configure:17025: $? = 0
configure:17047: result: yes
configure:17052: checking if /usr/bin/g++ supports -c -o file.o
configure:17100: result: yes
configure:17130: checking whether the /usr/bin/g++ linker (/usr/bin/ld -m elf_x86_64) supports shared libraries
configure:17170: result: yes
configure:17312: checking dynamic linker characteristics
configure:18073: result: GNU/Linux ld.so
configure:18138: checking how to hardcode library paths into programs
configure:18163: result: immediate
configure:18212: checking whether C++ compiler accepts -Wall
configure:18225: /usr/bin/g++ -c -O2 -I/home/erion/Projects/buildroot/output/host/include  -Werror -Wall -I/home/erion/Projects/buildroot/output/host/include conftest.cpp >&5
configure:18225: $? = 0
configure:18235: result: yes
configure:18264: : AM_CXXFLAGS="$AM_CXXFLAGS"
configure:18267: $? = 0
configure:18212: checking whether C++ compiler accepts -Wextra
configure:18225: /usr/bin/g++ -c -O2 -I/home/erion/Projects/buildroot/output/host/include  -Werror -Wextra -I/home/erion/Projects/buildroot/output/host/include conftest.cpp >&5
configure:18225: $? = 0
configure:18235: result: yes
configure:18253: : AM_CXXFLAGS="$AM_CXXFLAGS"
configure:18256: $? = 0
configure:18284: checking whether C++ compiler accepts -fexceptions
configure:18297: /usr/bin/g++ -c -O2 -I/home/erion/Projects/buildroot/output/host/include  -Werror -fexceptions -I/home/erion/Projects/buildroot/output/host/include conftest.cpp >&5
configure:18297: $? = 0
configure:18307: result: yes
configure:18325: : AM_CXXFLAGS="$AM_CXXFLAGS"
configure:18328: $? = 0
configure:18356: checking whether C++ compiler accepts -fno-strict-aliasing
configure:18369: /usr/bin/g++ -c -O2 -I/home/erion/Projects/buildroot/output/host/include  -Werror -fno-strict-aliasing -I/home/erion/Projects/buildroot/output/host/include conftest.cpp >&5
configure:18369: $? = 0
configure:18379: result: yes
configure:18397: : AM_CXXFLAGS="$AM_CXXFLAGS"
configure:18400: $? = 0
configure:18438: checking whether the linker accepts -fno-strict-aliasing
configure:18458: /usr/bin/gcc -o conftest -O2 -I/home/erion/Projects/buildroot/output/host/include -I/home/erion/Projects/buildroot/output/host/include -L/home/erion/Projects/buildroot/output/host/lib -Wl,-rpath,/home/erion/Projects/buildroot/output/host/lib  -fno-strict-aliasing conftest.c  >&5
configure:18458: $? = 0
configure:18469: result: yes
configure:18498: : AM_LDFLAGS="$AM_LDFLAGS"
configure:18501: $? = 0
configure:18526: checking whether compiler supports visibility
configure:18542: /usr/bin/gcc -c -O2 -I/home/erion/Projects/buildroot/output/host/include -fvisibility=hidden -Wall -Werror -Wno-unknown-warning-option -I/home/erion/Projects/buildroot/output/host/include conftest.c >&5
configure:18542: $? = 0
configure:18549: result: yes
configure:18568: : AM_CFLAGS="$AM_CFLAGS"
configure:18571: $? = 0
configure:18614: : AM_CPPFLAGS="$AM_CPPFLAGS"
configure:18617: $? = 0
configure:18626: checking whether byte ordering is bigendian
configure:18642: /usr/bin/gcc -c -O2 -I/home/erion/Projects/buildroot/output/host/include -I/home/erion/Projects/buildroot/output/host/include conftest.c >&5
conftest.c:25:16: error: unknown type name 'not'
   25 |                not a universal capable compiler
      |                ^~~
conftest.c:25:22: error: expected '=', ',', ';', 'asm' or '__attribute__' before 'universal'
   25 |                not a universal capable compiler
      |                      ^~~~~~~~~
conftest.c:25:22: error: unknown type name 'universal'
configure:18642: $? = 1
configure: failed program was:
| /* confdefs.h */
| #define PACKAGE_NAME "expat"
| #define PACKAGE_TARNAME "expat"
| #define PACKAGE_VERSION "2.6.2"
| #define PACKAGE_STRING "expat 2.6.2"
| #define PACKAGE_BUGREPORT "https://github.com/libexpat/libexpat/issues"
| #define PACKAGE_URL ""
| #define PACKAGE "expat"
| #define VERSION "2.6.2"
| #define HAVE_STDIO_H 1
| #define HAVE_STDLIB_H 1
| #define HAVE_STRING_H 1
| #define HAVE_INTTYPES_H 1
| #define HAVE_STDINT_H 1
| #define HAVE_STRINGS_H 1
| #define HAVE_SYS_STAT_H 1
| #define HAVE_SYS_TYPES_H 1
| #define HAVE_UNISTD_H 1
| #define HAVE_SYS_PARAM_H 1
| #define STDC_HEADERS 1
| #define HAVE_DLFCN_H 1
| #define LT_OBJDIR ".libs/"
| /* end confdefs.h.  */
| #ifndef __APPLE_CC__
| 	       not a universal capable compiler
| 	     #endif
| 	     typedef int dummy;
| 
configure:18688: /usr/bin/gcc -c -O2 -I/home/erion/Projects/buildroot/output/host/include -I/home/erion/Projects/buildroot/output/host/include conftest.c >&5
configure:18688: $? = 0
configure:18707: /usr/bin/gcc -c -O2 -I/home/erion/Projects/buildroot/output/host/include -I/home/erion/Projects/buildroot/output/host/include conftest.c >&5
conftest.c: In function 'main':
conftest.c:31:18: error: unknown type name 'not'; did you mean 'ino_t'?
   31 |                  not big endian
      |                  ^~~
      |                  ino_t
conftest.c:31:26: error: expected '=', ',', ';', 'asm' or '__attribute__' before 'endian'
   31 |                  not big endian
      |                          ^~~~~~
configure:18707: $? = 1
configure: failed program was:
| /* confdefs.h */
| #define PACKAGE_NAME "expat"
| #define PACKAGE_TARNAME "expat"
| #define PACKAGE_VERSION "2.6.2"
| #define PACKAGE_STRING "expat 2.6.2"
| #define PACKAGE_BUGREPORT "https://github.com/libexpat/libexpat/issues"
| #define PACKAGE_URL ""
| #define PACKAGE "expat"
| #define VERSION "2.6.2"
| #define HAVE_STDIO_H 1
| #define HAVE_STDLIB_H 1
| #define HAVE_STRING_H 1
| #define HAVE_INTTYPES_H 1
| #define HAVE_STDINT_H 1
| #define HAVE_STRINGS_H 1
| #define HAVE_SYS_STAT_H 1
| #define HAVE_SYS_TYPES_H 1
| #define HAVE_UNISTD_H 1
| #define HAVE_SYS_PARAM_H 1
| #define STDC_HEADERS 1
| #define HAVE_DLFCN_H 1
| #define LT_OBJDIR ".libs/"
| /* end confdefs.h.  */
| #include <sys/types.h>
| 		#include <sys/param.h>
| 
| int
| main (void)
| {
| #if BYTE_ORDER != BIG_ENDIAN
| 		 not big endian
| 		#endif
| 
|   ;
|   return 0;
| }
configure:18843: result: no
configure:18866: checking for an ANSI C-conforming const
configure:18933: /usr/bin/gcc -c -O2 -I/home/erion/Projects/buildroot/output/host/include -I/home/erion/Projects/buildroot/output/host/include conftest.c >&5
configure:18933: $? = 0
configure:18941: result: yes
configure:18949: checking for size_t
configure:18949: /usr/bin/gcc -c -O2 -I/home/erion/Projects/buildroot/output/host/include -I/home/erion/Projects/buildroot/output/host/include conftest.c >&5
configure:18949: $? = 0
configure:18949: /usr/bin/gcc -c -O2 -I/home/erion/Projects/buildroot/output/host/include -I/home/erion/Projects/buildroot/output/host/include conftest.c >&5
conftest.c: In function 'main':
conftest.c:56:21: error: expected expression before ')' token
   56 | if (sizeof ((size_t)))
      |                     ^
configure:18949: $? = 1
configure: failed program was:
| /* confdefs.h */
| #define PACKAGE_NAME "expat"
| #define PACKAGE_TARNAME "expat"
| #define PACKAGE_VERSION "2.6.2"
| #define PACKAGE_STRING "expat 2.6.2"
| #define PACKAGE_BUGREPORT "https://github.com/libexpat/libexpat/issues"
| #define PACKAGE_URL ""
| #define PACKAGE "expat"
| #define VERSION "2.6.2"
| #define HAVE_STDIO_H 1
| #define HAVE_STDLIB_H 1
| #define HAVE_STRING_H 1
| #define HAVE_INTTYPES_H 1
| #define HAVE_STDINT_H 1
| #define HAVE_STRINGS_H 1
| #define HAVE_SYS_STAT_H 1
| #define HAVE_SYS_TYPES_H 1
| #define HAVE_UNISTD_H 1
| #define HAVE_SYS_PARAM_H 1
| #define STDC_HEADERS 1
| #define HAVE_DLFCN_H 1
| #define LT_OBJDIR ".libs/"
| #define BYTEORDER 1234
| /* end confdefs.h.  */
| #include <stddef.h>
| #ifdef HAVE_STDIO_H
| # include <stdio.h>
| #endif
| #ifdef HAVE_STDLIB_H
| # include <stdlib.h>
| #endif
| #ifdef HAVE_STRING_H
| # include <string.h>
| #endif
| #ifdef HAVE_INTTYPES_H
| # include <inttypes.h>
| #endif
| #ifdef HAVE_STDINT_H
| # include <stdint.h>
| #endif
| #ifdef HAVE_STRINGS_H
| # include <strings.h>
| #endif
| #ifdef HAVE_SYS_TYPES_H
| # include <sys/types.h>
| #endif
| #ifdef HAVE_SYS_STAT_H
| # include <sys/stat.h>
| #endif
| #ifdef HAVE_UNISTD_H
| # include <unistd.h>
| #endif
| int
| main (void)
| {
| if (sizeof ((size_t)))
| 	    return 0;
|   ;
|   return 0;
| }
configure:18949: result: yes
configure:19542: checking for cos in -lm
configure:19571: /usr/bin/gcc -o conftest -O2 -I/home/erion/Projects/buildroot/output/host/include -I/home/erion/Projects/buildroot/output/host/include -L/home/erion/Projects/buildroot/output/host/lib -Wl,-rpath,/home/erion/Projects/buildroot/output/host/lib conftest.c -lm   >&5
conftest.c:35:6: warning: conflicting types for built-in function 'cos'; expected 'double(double)' [-Wbuiltin-declaration-mismatch]
   35 | char cos (void);
      |      ^~~
conftest.c:1:1: note: 'cos' is declared in header '<math.h>'
    1 | /* confdefs.h */
configure:19571: $? = 0
configure:19581: result: yes
configure:19659: checking for arc4random_buf (BSD, libbsd or glibc 2.36+)
configure:19676: /usr/bin/gcc -o conftest -O2 -I/home/erion/Projects/buildroot/output/host/include -I/home/erion/Projects/buildroot/output/host/include -L/home/erion/Projects/buildroot/output/host/lib -Wl,-rpath,/home/erion/Projects/buildroot/output/host/lib conftest.c  >&5
configure:19676: $? = 0
configure:19681: result: yes
configure:19732: checking for getrandom (Linux 3.17+, glibc 2.25+)
configure:19744: /usr/bin/gcc -o conftest -O2 -I/home/erion/Projects/buildroot/output/host/include -I/home/erion/Projects/buildroot/output/host/include -L/home/erion/Projects/buildroot/output/host/lib -Wl,-rpath,/home/erion/Projects/buildroot/output/host/lib conftest.c  >&5
configure:19744: $? = 0
configure:19749: result: yes
configure:19775: checking for syscall SYS_getrandom (Linux 3.17+)
configure:19789: /usr/bin/gcc -o conftest -O2 -I/home/erion/Projects/buildroot/output/host/include -I/home/erion/Projects/buildroot/output/host/include -L/home/erion/Projects/buildroot/output/host/lib -Wl,-rpath,/home/erion/Projects/buildroot/output/host/lib conftest.c  >&5
configure:19789: $? = 0
configure:19794: result: yes
configure:19808: checking for fcntl.h
configure:19808: /usr/bin/gcc -c -O2 -I/home/erion/Projects/buildroot/output/host/include -I/home/erion/Projects/buildroot/output/host/include conftest.c >&5
configure:19808: $? = 0
configure:19808: result: yes
configure:19814: checking for unistd.h
configure:19814: result: yes
configure:19821: checking for off_t
configure:19821: /usr/bin/gcc -c -O2 -I/home/erion/Projects/buildroot/output/host/include -I/home/erion/Projects/buildroot/output/host/include conftest.c >&5
configure:19821: $? = 0
configure:19821: /usr/bin/gcc -c -O2 -I/home/erion/Projects/buildroot/output/host/include -I/home/erion/Projects/buildroot/output/host/include conftest.c >&5
conftest.c: In function 'main':
conftest.c:61:20: error: expected expression before ')' token
   61 | if (sizeof ((off_t)))
      |                    ^
configure:19821: $? = 1
configure: failed program was:
| /* confdefs.h */
| #define PACKAGE_NAME "expat"
| #define PACKAGE_TARNAME "expat"
| #define PACKAGE_VERSION "2.6.2"
| #define PACKAGE_STRING "expat 2.6.2"
| #define PACKAGE_BUGREPORT "https://github.com/libexpat/libexpat/issues"
| #define PACKAGE_URL ""
| #define PACKAGE "expat"
| #define VERSION "2.6.2"
| #define HAVE_STDIO_H 1
| #define HAVE_STDLIB_H 1
| #define HAVE_STRING_H 1
| #define HAVE_INTTYPES_H 1
| #define HAVE_STDINT_H 1
| #define HAVE_STRINGS_H 1
| #define HAVE_SYS_STAT_H 1
| #define HAVE_SYS_TYPES_H 1
| #define HAVE_UNISTD_H 1
| #define HAVE_SYS_PARAM_H 1
| #define STDC_HEADERS 1
| #define HAVE_DLFCN_H 1
| #define LT_OBJDIR ".libs/"
| #define BYTEORDER 1234
| #define HAVE_ARC4RANDOM_BUF 1
| #define HAVE_GETRANDOM 1
| #define HAVE_SYSCALL_GETRANDOM 1
| #define HAVE_FCNTL_H 1
| #define HAVE_UNISTD_H 1
| /* end confdefs.h.  */
| #include <stddef.h>
| #ifdef HAVE_STDIO_H
| # include <stdio.h>
| #endif
| #ifdef HAVE_STDLIB_H
| # include <stdlib.h>
| #endif
| #ifdef HAVE_STRING_H
| # include <string.h>
| #endif
| #ifdef HAVE_INTTYPES_H
| # include <inttypes.h>
| #endif
| #ifdef HAVE_STDINT_H
| # include <stdint.h>
| #endif
| #ifdef HAVE_STRINGS_H
| # include <strings.h>
| #endif
| #ifdef HAVE_SYS_TYPES_H
| # include <sys/types.h>
| #endif
| #ifdef HAVE_SYS_STAT_H
| # include <sys/stat.h>
| #endif
| #ifdef HAVE_UNISTD_H
| # include <unistd.h>
| #endif
| int
| main (void)
| {
| if (sizeof ((off_t)))
| 	    return 0;
|   ;
|   return 0;
| }
configure:19821: result: yes
configure:19836: checking for getpagesize
configure:19836: /usr/bin/gcc -o conftest -O2 -I/home/erion/Projects/buildroot/output/host/include -I/home/erion/Projects/buildroot/output/host/include -L/home/erion/Projects/buildroot/output/host/lib -Wl,-rpath,/home/erion/Projects/buildroot/output/host/lib conftest.c  >&5
configure:19836: $? = 0
configure:19836: result: yes
configure:19847: checking for working mmap
configure:19999: /usr/bin/gcc -o conftest -O2 -I/home/erion/Projects/buildroot/output/host/include -I/home/erion/Projects/buildroot/output/host/include -L/home/erion/Projects/buildroot/output/host/lib -Wl,-rpath,/home/erion/Projects/buildroot/output/host/lib conftest.c  >&5
configure:19999: $? = 0
configure:19999: ./conftest
configure:19999: $? = 0
configure:20010: result: yes
configure:20295: checking size of void *
configure:20301: /usr/bin/gcc -o conftest -O2 -I/home/erion/Projects/buildroot/output/host/include -I/home/erion/Projects/buildroot/output/host/include -L/home/erion/Projects/buildroot/output/host/lib -Wl,-rpath,/home/erion/Projects/buildroot/output/host/lib conftest.c  >&5
configure:20301: $? = 0
configure:20301: ./conftest
configure:20301: $? = 0
configure:20316: result: 8
configure:20352: checking for shared library name prefix
configure:20360: result: lib
configure:20477: checking that generated files are newer than configure
configure:20483: result: done
configure:20587: creating ./config.status

## ---------------------- ##
## Running config.status. ##
## ---------------------- ##

This file was extended by expat config.status 2.6.2, which was
generated by GNU Autoconf 2.71.  Invocation command line was

  CONFIG_FILES    = 
  CONFIG_HEADERS  = 
  CONFIG_LINKS    = 
  CONFIG_COMMANDS = 
  $ ./config.status 

on archlinux

config.status:1250: creating Makefile
config.status:1250: creating expat.pc
config.status:1250: creating cmake/expat-config.cmake
config.status:1250: creating cmake/autotools/expat-config-version.cmake
config.status:1250: creating cmake/autotools/expat-noconfig.cmake
config.status:1250: creating doc/Makefile
config.status:1250: creating examples/Makefile
config.status:1250: creating lib/Makefile
config.status:1250: creating tests/Makefile
config.status:1250: creating tests/benchmark/Makefile
config.status:1250: creating xmlwf/Makefile
config.status:1250: creating run.sh
config.status:1250: creating expat_config.h
config.status:1484: executing depfiles commands
config.status:1484: executing libtool commands
configure:23054: WARNING: unrecognized options: --disable-gtk-doc, --disable-gtk-doc-html, --disable-doc, --disable-docs, --disable-documentation, --disable-debug, --with-xmlto, --with-fop, --disable-nls
configure:23060:

Automake flags (can be overridden by user flags):
  AM_CPPFLAGS: -DXML_ENABLE_VISIBILITY=1
    AM_CFLAGS: -Wall -Wextra -fexceptions -fno-strict-aliasing -Wmissing-prototypes -Wstrict-prototypes -pedantic -Wduplicated-cond -Wduplicated-branches -Wlogical-op -Wrestrict -Wnull-dereference -Wjump-misses-init -Wdouble-promotion -Wshadow -Wformat=2 -Wno-pedantic-ms-format -Wmisleading-indentation -fvisibility=hidden
  AM_CXXFLAGS: -Wall -Wextra -fexceptions -fno-strict-aliasing
   AM_LDFLAGS: -fno-strict-aliasing

User flags (override Automake flags on conflict):
     CPPFLAGS: -I/home/erion/Projects/buildroot/output/host/include
       CFLAGS: -O2 -I/home/erion/Projects/buildroot/output/host/include
     CXXFLAGS: -O2 -I/home/erion/Projects/buildroot/output/host/include
      LDFLAGS: -L/home/erion/Projects/buildroot/output/host/lib -Wl,-rpath,/home/erion/Projects/buildroot/output/host/lib

## ---------------- ##
## Cache variables. ##
## ---------------- ##

ac_cv_build=x86_64-pc-linux-gnu
ac_cv_c_bigendian=no
ac_cv_c_compiler_gnu=yes
ac_cv_c_const=yes
ac_cv_cxx_compiler_gnu=yes
ac_cv_env_CCC_set=
ac_cv_env_CCC_value=
ac_cv_env_CC_set=set
ac_cv_env_CC_value=/usr/bin/gcc
ac_cv_env_CFLAGS_set=set
ac_cv_env_CFLAGS_value='-O2 -I/home/erion/Projects/buildroot/output/host/include'
ac_cv_env_CPPFLAGS_set=set
ac_cv_env_CPPFLAGS_value=-I/home/erion/Projects/buildroot/output/host/include
ac_cv_env_CXXCPP_set=
ac_cv_env_CXXCPP_value=
ac_cv_env_CXXFLAGS_set=set
ac_cv_env_CXXFLAGS_value='-O2 -I/home/erion/Projects/buildroot/output/host/include'
ac_cv_env_CXX_set=set
ac_cv_env_CXX_value=/usr/bin/g++
ac_cv_env_DOCBOOK_TO_MAN_set=
ac_cv_env_DOCBOOK_TO_MAN_value=
ac_cv_env_LDFLAGS_set=set
ac_cv_env_LDFLAGS_value='-L/home/erion/Projects/buildroot/output/host/lib -Wl,-rpath,/home/erion/Projects/buildroot/output/host/lib'
ac_cv_env_LIBS_set=
ac_cv_env_LIBS_value=
ac_cv_env_LT_SYS_LIBRARY_PATH_set=
ac_cv_env_LT_SYS_LIBRARY_PATH_value=
ac_cv_env_build_alias_set=
ac_cv_env_build_alias_value=
ac_cv_env_host_alias_set=
ac_cv_env_host_alias_value=
ac_cv_env_target_alias_set=
ac_cv_env_target_alias_value=
ac_cv_func_getpagesize=yes
ac_cv_func_mmap_fixed_mapped=yes
ac_cv_header_dlfcn_h=yes
ac_cv_header_fcntl_h=yes
ac_cv_header_inttypes_h=yes
ac_cv_header_stdint_h=yes
ac_cv_header_stdio_h=yes
ac_cv_header_stdlib_h=yes
ac_cv_header_string_h=yes
ac_cv_header_strings_h=yes
ac_cv_header_sys_param_h=yes
ac_cv_header_sys_stat_h=yes
ac_cv_header_sys_types_h=yes
ac_cv_header_unistd_h=yes
ac_cv_host=x86_64-pc-linux-gnu
ac_cv_lib_m_cos=yes
ac_cv_objext=o
ac_cv_path_EGREP='/usr/bin/grep -E'
ac_cv_path_FGREP='/usr/bin/grep -F'
ac_cv_path_GREP=/usr/bin/grep
ac_cv_path_SED=/usr/bin/sed
ac_cv_path_install='/usr/bin/install -c'
ac_cv_path_lt_DD=/usr/bin/dd
ac_cv_path_mkdir=/usr/bin/mkdir
ac_cv_prog_AWK=gawk
ac_cv_prog_CXXCPP='/usr/bin/g++ -E'
ac_cv_prog_ac_ct_CC=/usr/bin/gcc
ac_cv_prog_ac_ct_FILECMD=file
ac_cv_prog_ac_ct_OBJDUMP=objdump
ac_cv_prog_ac_ct_RANLIB=/usr/bin/ranlib
ac_cv_prog_ac_ct_STRIP=strip
ac_cv_prog_cc_c11=
ac_cv_prog_cc_g=yes
ac_cv_prog_cc_stdc=
ac_cv_prog_cxx_cxx11=
ac_cv_prog_cxx_g=yes
ac_cv_prog_cxx_stdcxx=
ac_cv_prog_make_make_set=yes
ac_cv_sizeof_void_p=8
ac_cv_type_off_t=yes
ac_cv_type_size_t=yes
am_cv_CC_dependencies_compiler_type=none
am_cv_CXX_dependencies_compiler_type=none
am_cv_ar_interface=ar
am_cv_make_support_nested_variables=yes
am_cv_prog_cc_c_o=yes
ax_cv_check_cflags___Wall=yes
ax_cv_check_cflags___Wdouble_promotion=yes
ax_cv_check_cflags___Wduplicated_branches=yes
ax_cv_check_cflags___Wduplicated_cond=yes
ax_cv_check_cflags___Wextra=yes
ax_cv_check_cflags___Wformat_2=yes
ax_cv_check_cflags___Wjump_misses_init=yes
ax_cv_check_cflags___Wlogical_op=yes
ax_cv_check_cflags___Wmisleading_indentation=yes
ax_cv_check_cflags___Wmissing_prototypes=yes
ax_cv_check_cflags___Wno_pedantic_ms_format=yes
ax_cv_check_cflags___Wnull_dereference=yes
ax_cv_check_cflags___Wrestrict=yes
ax_cv_check_cflags___Wshadow=yes
ax_cv_check_cflags___Wstrict_prototypes=yes
ax_cv_check_cflags___fexceptions=yes
ax_cv_check_cflags___fno_strict_aliasing=yes
ax_cv_check_cflags___pedantic=yes
ax_cv_check_cxxflags___Wall=yes
ax_cv_check_cxxflags___Wextra=yes
ax_cv_check_cxxflags___fexceptions=yes
ax_cv_check_cxxflags___fno_strict_aliasing=yes
ax_cv_check_ldflags___fno_strict_aliasing=yes
expatcfg_cv_compiler_supports_visibility=yes
lt_cv_ar_at_file=@
lt_cv_archive_cmds_need_lc=no
lt_cv_deplibs_check_method=pass_all
lt_cv_file_magic_cmd='$MAGIC_CMD'
lt_cv_file_magic_test_file=
lt_cv_ld_reload_flag=-r
lt_cv_nm_interface='BSD nm'
lt_cv_objdir=.libs
lt_cv_path_LD=/usr/bin/ld
lt_cv_path_LDCXX='/usr/bin/ld -m elf_x86_64'
lt_cv_path_NM=/usr/bin/nm
lt_cv_path_mainfest_tool=no
lt_cv_prog_compiler_c_o=yes
lt_cv_prog_compiler_c_o_CXX=yes
lt_cv_prog_compiler_pic='-fPIC -DPIC'
lt_cv_prog_compiler_pic_CXX='-fPIC -DPIC'
lt_cv_prog_compiler_pic_works=yes
lt_cv_prog_compiler_pic_works_CXX=yes
lt_cv_prog_compiler_rtti_exceptions=no
lt_cv_prog_compiler_static_works=yes
lt_cv_prog_compiler_static_works_CXX=yes
lt_cv_prog_gnu_ld=yes
lt_cv_prog_gnu_ldcxx=yes
lt_cv_sharedlib_from_linklib_cmd='printf %s\n'
lt_cv_shlibpath_overrides_runpath=yes
lt_cv_sys_global_symbol_pipe='/usr/bin/sed -n -e '\''s/^.*[	 ]\([ABCDGIRSTW][ABCDGIRSTW]*\)[	 ][	 ]*\([_A-Za-z][_A-Za-z0-9]*\)$/\1 \2 \2/p'\'' | /usr/bin/sed '\''/ __gnu_lto/d'\'''
lt_cv_sys_global_symbol_to_c_name_address='/usr/bin/sed -n -e '\''s/^: \(.*\) .*$/  {"\1", (void *) 0},/p'\'' -e '\''s/^[ABCDGIRSTW][ABCDGIRSTW]* .* \(.*\)$/  {"\1", (void *) \&\1},/p'\'''
lt_cv_sys_global_symbol_to_c_name_address_lib_prefix='/usr/bin/sed -n -e '\''s/^: \(.*\) .*$/  {"\1", (void *) 0},/p'\'' -e '\''s/^[ABCDGIRSTW][ABCDGIRSTW]* .* \(lib.*\)$/  {"\1", (void *) \&\1},/p'\'' -e '\''s/^[ABCDGIRSTW][ABCDGIRSTW]* .* \(.*\)$/  {"lib\1", (void *) \&\1},/p'\'''
lt_cv_sys_global_symbol_to_cdecl='/usr/bin/sed -n -e '\''s/^T .* \(.*\)$/extern int \1();/p'\'' -e '\''s/^[ABCDGIRSTW][ABCDGIRSTW]* .* \(.*\)$/extern char \1;/p'\'''
lt_cv_sys_global_symbol_to_import=
lt_cv_sys_max_cmd_len=1572864
lt_cv_to_host_file_cmd=func_convert_file_noop
lt_cv_to_tool_file_cmd=func_convert_file_noop
lt_cv_truncate_bin='/usr/bin/dd bs=4096 count=1'

## ----------------- ##
## Output variables. ##
## ----------------- ##

ACLOCAL='${SHELL} '\''/home/erion/Projects/buildroot/output/build/host-expat-2.6.2/conftools/missing'\'' aclocal-1.16'
AMDEPBACKSLASH=''
AMDEP_FALSE=''
AMDEP_TRUE='#'
AMTAR='$${TAR-tar}'
AM_BACKSLASH='\'
AM_CFLAGS='-Wall -Wextra -fexceptions -fno-strict-aliasing -Wmissing-prototypes -Wstrict-prototypes -pedantic -Wduplicated-cond -Wduplicated-branches -Wlogical-op -Wrestrict -Wnull-dereference -Wjump-misses-init -Wdouble-promotion -Wshadow -Wformat=2 -Wno-pedantic-ms-format -Wmisleading-indentation -fvisibility=hidden'
AM_CPPFLAGS='-DXML_ENABLE_VISIBILITY=1'
AM_CXXFLAGS='-Wall -Wextra -fexceptions -fno-strict-aliasing'
AM_DEFAULT_V='$(AM_DEFAULT_VERBOSITY)'
AM_DEFAULT_VERBOSITY='1'
AM_LDFLAGS='-fno-strict-aliasing'
AM_V='$(V)'
AR='/usr/bin/ar'
AS='/usr/bin/as'
AUTOCONF='${SHELL} '\''/home/erion/Projects/buildroot/output/build/host-expat-2.6.2/conftools/missing'\'' autoconf'
AUTOHEADER='${SHELL} '\''/home/erion/Projects/buildroot/output/build/host-expat-2.6.2/conftools/missing'\'' autoheader'
AUTOMAKE='${SHELL} '\''/home/erion/Projects/buildroot/output/build/host-expat-2.6.2/conftools/missing'\'' automake-1.16'
AWK='gawk'
CC='/usr/bin/gcc'
CCDEPMODE='depmode=none'
CFLAGS='-O2 -I/home/erion/Projects/buildroot/output/host/include'
CMAKE_SHARED_LIBRARY_PREFIX='lib'
CPPFLAGS='-I/home/erion/Projects/buildroot/output/host/include'
CSCOPE='cscope'
CTAGS='ctags'
CXX='/usr/bin/g++'
CXXCPP='/usr/bin/g++ -E'
CXXDEPMODE='depmode=none'
CXXFLAGS='-O2 -I/home/erion/Projects/buildroot/output/host/include'
CYGPATH_W='echo'
DEFS='-DHAVE_CONFIG_H'
DEPDIR='.deps'
DLLTOOL='false'
DOCBOOK_TO_MAN=''
DSYMUTIL=''
DUMPBIN=''
ECHO_C=''
ECHO_N='-n'
ECHO_T=''
EGREP='/usr/bin/grep -E'
ETAGS='etags'
EXEEXT=''
EXPAT_ATTR_INFO='OFF'
EXPAT_CHAR_TYPE='char'
EXPAT_CONTEXT_BYTES='1024'
EXPAT_DTD='ON'
EXPAT_LARGE_SIZE='OFF'
EXPAT_MIN_SIZE='OFF'
EXPAT_NS='ON'
FGREP='/usr/bin/grep -F'
FILECMD='file'
FILEMAP='unixfilemap'
GREP='/usr/bin/grep'
HAVE_CXX11=''
INSTALL_DATA='${INSTALL} -m 644'
INSTALL_PROGRAM='${INSTALL}'
INSTALL_SCRIPT='${INSTALL}'
INSTALL_STRIP_PROGRAM='$(install_sh) -c -s'
LD='/usr/bin/ld -m elf_x86_64'
LDFLAGS='-L/home/erion/Projects/buildroot/output/host/lib -Wl,-rpath,/home/erion/Projects/buildroot/output/host/lib'
LIBAGE='9'
LIBCURRENT='10'
LIBDIR_BASENAME='lib'
LIBM='-lm'
LIBOBJS=''
LIBREVISION='2'
LIBS=''
LIBTOOL='$(SHELL) $(top_builddir)/libtool'
LIPO=''
LN_S='ln -s'
LTLIBOBJS=''
LT_SYS_LIBRARY_PATH=''
MAINT=''
MAINTAINER_MODE_FALSE='#'
MAINTAINER_MODE_TRUE=''
MAKEINFO='${SHELL} '\''/home/erion/Projects/buildroot/output/build/host-expat-2.6.2/conftools/missing'\'' makeinfo'
MANIFEST_TOOL=':'
MINGW_FALSE=''
MINGW_TRUE='#'
MKDIR_P='/usr/bin/mkdir -p'
NM='/usr/bin/nm'
NMEDIT=''
OBJDUMP='objdump'
OBJEXT='o'
OTOOL64=''
OTOOL=''
PACKAGE='expat'
PACKAGE_BUGREPORT='https://github.com/libexpat/libexpat/issues'
PACKAGE_NAME='expat'
PACKAGE_STRING='expat 2.6.2'
PACKAGE_TARNAME='expat'
PACKAGE_URL=''
PACKAGE_VERSION='2.6.2'
PATH_SEPARATOR=':'
RANLIB='/usr/bin/ranlib'
SED='/usr/bin/sed'
SET_MAKE=''
SHELL='/bin/sh'
SO_MAJOR='1'
SO_MINOR='9'
SO_PATCH='2'
STRIP='strip'
UNICODE_FALSE=''
UNICODE_TRUE='#'
VERSION='2.6.2'
WITH_DISTRIBUTABLE_MANPAGE_FALSE=''
WITH_DISTRIBUTABLE_MANPAGE_TRUE='#'
WITH_EXAMPLES_FALSE=''
WITH_EXAMPLES_TRUE='#'
WITH_MANPAGE_FALSE='#'
WITH_MANPAGE_TRUE=''
WITH_PREBUILT_MANPAGE_FALSE='#'
WITH_PREBUILT_MANPAGE_TRUE=''
WITH_TESTS_FALSE=''
WITH_TESTS_TRUE='#'
WITH_XMLWF_FALSE='#'
WITH_XMLWF_TRUE=''
_INTERNAL_LARGE_SIZE_FALSE=''
_INTERNAL_LARGE_SIZE_TRUE='#'
_INTERNAL_MIN_SIZE_FALSE=''
_INTERNAL_MIN_SIZE_TRUE='#'
_INTERNAL_UNICODE_WCHAR_T_FALSE=''
_INTERNAL_UNICODE_WCHAR_T_TRUE='#'
ac_ct_AR=''
ac_ct_CC='/usr/bin/gcc'
ac_ct_CXX=''
ac_ct_DUMPBIN=''
ac_cv_sizeof_void_p='8'
am__EXEEXT_FALSE=''
am__EXEEXT_TRUE='#'
am__fastdepCC_FALSE=''
am__fastdepCC_TRUE='#'
am__fastdepCXX_FALSE=''
am__fastdepCXX_TRUE='#'
am__include='include'
am__isrc=''
am__leading_dot='.'
am__nodep=''
am__quote=''
am__tar='$${TAR-tar} chof - "$$tardir"'
am__untar='$${TAR-tar} xf -'
bindir='${exec_prefix}/bin'
build='x86_64-pc-linux-gnu'
build_alias=''
build_cpu='x86_64'
build_os='linux-gnu'
build_vendor='pc'
datadir='${datarootdir}'
datarootdir='${prefix}/share'
docdir='${datarootdir}/doc/${PACKAGE_TARNAME}'
dvidir='${docdir}'
exec_prefix='${prefix}'
host='x86_64-pc-linux-gnu'
host_alias=''
host_cpu='x86_64'
host_os='linux-gnu'
host_vendor='pc'
htmldir='${docdir}'
includedir='${prefix}/include'
infodir='${datarootdir}/info'
install_sh='${SHELL} /home/erion/Projects/buildroot/output/build/host-expat-2.6.2/conftools/install-sh'
libdir='${exec_prefix}/lib'
libexecdir='${exec_prefix}/libexec'
localedir='${datarootdir}/locale'
localstatedir='/home/erion/Projects/buildroot/output/host/var'
mandir='${datarootdir}/man'
mkdir_p='$(MKDIR_P)'
oldincludedir='/usr/include'
pdfdir='${docdir}'
prefix='/home/erion/Projects/buildroot/output/host'
program_transform_name='s,x,x,'
psdir='${docdir}'
runstatedir='${localstatedir}/run'
sbindir='${exec_prefix}/sbin'
sharedstatedir='${prefix}/com'
sysconfdir='/home/erion/Projects/buildroot/output/host/etc'
target_alias=''

## ------------------- ##
## File substitutions. ##
## ------------------- ##

PACKAGE_INIT='./cmake/autotools/expat-package-init.cmake'

## ----------- ##
## confdefs.h. ##
## ----------- ##

/* confdefs.h */
#define PACKAGE_NAME "expat"
#define PACKAGE_TARNAME "expat"
#define PACKAGE_VERSION "2.6.2"
#define PACKAGE_STRING "expat 2.6.2"
#define PACKAGE_BUGREPORT "https://github.com/libexpat/libexpat/issues"
#define PACKAGE_URL ""
#define PACKAGE "expat"
#define VERSION "2.6.2"
#define HAVE_STDIO_H 1
#define HAVE_STDLIB_H 1
#define HAVE_STRING_H 1
#define HAVE_INTTYPES_H 1
#define HAVE_STDINT_H 1
#define HAVE_STRINGS_H 1
#define HAVE_SYS_STAT_H 1
#define HAVE_SYS_TYPES_H 1
#define HAVE_UNISTD_H 1
#define HAVE_SYS_PARAM_H 1
#define STDC_HEADERS 1
#define HAVE_DLFCN_H 1
#define LT_OBJDIR ".libs/"
#define BYTEORDER 1234
#define HAVE_ARC4RANDOM_BUF 1
#define HAVE_GETRANDOM 1
#define HAVE_SYSCALL_GETRANDOM 1
#define HAVE_FCNTL_H 1
#define HAVE_UNISTD_H 1
#define HAVE_GETPAGESIZE 1
#define HAVE_MMAP 1
#define XML_NS 1
#define XML_GE 1
#define XML_DTD 1
#define XML_DEV_URANDOM 1
#define XML_CONTEXT_BYTES 1024
#define SIZEOF_VOID_P 8

configure: exit 0
