This file contains any messages produced by compilers while
running configure, to aid debugging if configure makes a mistake.

It was created by GNU C Library configure (see version.h), which was
generated by GNU Autoconf 2.71.  Invocation command line was

  $ /home/erion/Projects/buildroot/output/build/glibc-2.38-44-gd37c2b20a4787463d192b32041c3406c2bd91de0/configure --target=aarch64-buildroot-linux-gnu --host=aarch64-buildroot-linux-gnu --build=x86_64-pc-linux-gnu --prefix=/usr --enable-shared --with-pkgversion=Buildroot --disable-profile --disable-werror --without-gd --with-headers=/home/erion/Projects/buildroot/output/host/aarch64-buildroot-linux-gnu/sysroot/usr/include --enable-mathvec --enable-crypt --enable-kernel=6.1

## --------- ##
## Platform. ##
## --------- ##

hostname = archlinux
uname -m = x86_64
uname -r = 6.9.9-arch1-1
uname -s = Linux
uname -v = #1 SMP PREEMPT_DYNAMIC Fri, 12 Jul 2024 00:06:53 +0000

/usr/bin/uname -p = unknown
/bin/uname -X     = unknown

/bin/arch              = unknown
/usr/bin/arch -k       = unknown
/usr/convex/getsysinfo = unknown
/usr/bin/hostinfo      = unknown
/bin/machine           = unknown
/usr/bin/oslevel       = unknown
/bin/universe          = unknown

PATH: /home/erion/Projects/buildroot/output/host/bin/
PATH: /home/erion/Projects/buildroot/output/host/sbin/
PATH: /home/erion/Apps/miniconda3/condabin/
PATH: /opt/devkitpro/tools/bin/
PATH: /usr/local/sbin/
PATH: /usr/local/bin/
PATH: /usr/bin/
PATH: /var/lib/flatpak/exports/bin/
PATH: /usr/lib/jvm/default/bin/
PATH: /usr/bin/site_perl/
PATH: /usr/bin/vendor_perl/
PATH: /usr/bin/core_perl/


## ----------- ##
## Core tests. ##
## ----------- ##

configure:2662: looking for aux files: install-sh config.guess config.sub
configure:2675:  trying /home/erion/Projects/buildroot/output/build/glibc-2.38-44-gd37c2b20a4787463d192b32041c3406c2bd91de0/scripts/
configure:2686:   /home/erion/Projects/buildroot/output/build/glibc-2.38-44-gd37c2b20a4787463d192b32041c3406c2bd91de0/scripts/install-sh found
configure:2704:   /home/erion/Projects/buildroot/output/build/glibc-2.38-44-gd37c2b20a4787463d192b32041c3406c2bd91de0/scripts/config.guess found
configure:2704:   /home/erion/Projects/buildroot/output/build/glibc-2.38-44-gd37c2b20a4787463d192b32041c3406c2bd91de0/scripts/config.sub found
configure:2901: checking build system type
configure:2916: result: x86_64-pc-linux-gnu
configure:2936: checking host system type
configure:2950: result: aarch64-buildroot-linux-gnu
configure:2988: checking for aarch64-buildroot-linux-gnu-gcc
configure:3020: result: /home/erion/Projects/buildroot/output/host/bin/aarch64-buildroot-linux-gnu-gcc
configure:3418: checking for C compiler version
configure:3427: /home/erion/Projects/buildroot/output/host/bin/aarch64-buildroot-linux-gnu-gcc --version >&5
aarch64-buildroot-linux-gnu-gcc.br_real (Buildroot 2024.02.2) 12.3.0
Copyright (C) 2022 Free Software Foundation, Inc.
This is free software; see the source for copying conditions.  There is NO
warranty; not even for MERCHANTABILITY or FITNESS FOR A PARTICULAR PURPOSE.

configure:3438: $? = 0
configure:3427: /home/erion/Projects/buildroot/output/host/bin/aarch64-buildroot-linux-gnu-gcc -v >&5
Using built-in specs.
COLLECT_GCC=/home/erion/Projects/buildroot/output/host/bin/aarch64-buildroot-linux-gnu-gcc.br_real
COLLECT_LTO_WRAPPER=/home/erion/Projects/buildroot/output/host/libexec/gcc/aarch64-buildroot-linux-gnu/12.3.0/lto-wrapper
Target: aarch64-buildroot-linux-gnu
Configured with: ./configure --prefix=/home/erion/Projects/buildroot/output/host --sysconfdir=/home/erion/Projects/buildroot/output/host/etc --localstatedir=/home/erion/Projects/buildroot/output/host/var --enable-shared --disable-static --disable-gtk-doc --disable-gtk-doc-html --disable-doc --disable-docs --disable-documentation --disable-debug --with-xmlto=no --with-fop=no --disable-nls --disable-dependency-tracking --target=aarch64-buildroot-linux-gnu --with-sysroot=/home/erion/Projects/buildroot/output/host/aarch64-buildroot-linux-gnu/sysroot --enable-__cxa_atexit --with-gnu-ld --disable-libssp --disable-multilib --disable-decimal-float --enable-plugins --enable-lto --with-gmp=/home/erion/Projects/buildroot/output/host --with-mpc=/home/erion/Projects/buildroot/output/host --with-mpfr=/home/erion/Projects/buildroot/output/host --with-pkgversion='Buildroot 2024.02.2' --with-bugurl=http://bugs.buildroot.net/ --without-zstd --disable-libquadmath --disable-libquadmath-support --enable-tls --enable-threads --without-isl --without-cloog --with-abi=lp64 --with-cpu=cortex-a72 --enable-languages=c --disable-shared --without-headers --disable-threads --with-newlib --disable-largefile
Thread model: single
Supported LTO compression algorithms: zlib
gcc version 12.3.0 (Buildroot 2024.02.2) 
COMPILER_PATH=/home/erion/Projects/buildroot/output/host/libexec/gcc/aarch64-buildroot-linux-gnu/12.3.0/:/home/erion/Projects/buildroot/output/host/libexec/gcc/aarch64-buildroot-linux-gnu/12.3.0/:/home/erion/Projects/buildroot/output/host/libexec/gcc/aarch64-buildroot-linux-gnu/:/home/erion/Projects/buildroot/output/host/lib/gcc/aarch64-buildroot-linux-gnu/12.3.0/:/home/erion/Projects/buildroot/output/host/lib/gcc/aarch64-buildroot-linux-gnu/:/home/erion/Projects/buildroot/output/host/lib/gcc/aarch64-buildroot-linux-gnu/12.3.0/../../../../aarch64-buildroot-linux-gnu/bin/
LIBRARY_PATH=/home/erion/Projects/buildroot/output/host/lib/gcc/aarch64-buildroot-linux-gnu/12.3.0/:/home/erion/Projects/buildroot/output/host/aarch64-buildroot-linux-gnu/sysroot/lib/../lib64/:/home/erion/Projects/buildroot/output/host/aarch64-buildroot-linux-gnu/sysroot/usr/lib/../lib64/:/home/erion/Projects/buildroot/output/host/lib/gcc/aarch64-buildroot-linux-gnu/12.3.0/../../../../aarch64-buildroot-linux-gnu/lib/:/home/erion/Projects/buildroot/output/host/aarch64-buildroot-linux-gnu/sysroot/lib/:/home/erion/Projects/buildroot/output/host/aarch64-buildroot-linux-gnu/sysroot/usr/lib/
... rest of stderr output deleted ...
configure:3438: $? = 1
configure:3427: /home/erion/Projects/buildroot/output/host/bin/aarch64-buildroot-linux-gnu-gcc -V >&5
aarch64-buildroot-linux-gnu-gcc.br_real: error: unrecognized command-line option '-V'
configure:3438: $? = 1
configure:3427: /home/erion/Projects/buildroot/output/host/bin/aarch64-buildroot-linux-gnu-gcc -qversion >&5
aarch64-buildroot-linux-gnu-gcc.br_real: error: unrecognized command-line option '-qversion'; did you mean '--version'?
configure:3438: $? = 1
configure:3427: /home/erion/Projects/buildroot/output/host/bin/aarch64-buildroot-linux-gnu-gcc -version >&5
aarch64-buildroot-linux-gnu-gcc.br_real: error: unrecognized command-line option '-version'
configure:3438: $? = 1
configure:3443: checking for suffix of object files
configure:3466: /home/erion/Projects/buildroot/output/host/bin/aarch64-buildroot-linux-gnu-gcc -c -O2 -fno-lto  conftest.c >&5
configure:3470: $? = 0
configure:3492: result: o
configure:3496: checking whether the compiler supports GNU C
configure:3516: /home/erion/Projects/buildroot/output/host/bin/aarch64-buildroot-linux-gnu-gcc -c -O2 -fno-lto  conftest.c >&5
configure:3516: $? = 0
configure:3526: result: yes
configure:3537: checking whether /home/erion/Projects/buildroot/output/host/bin/aarch64-buildroot-linux-gnu-gcc accepts -g
configure:3558: /home/erion/Projects/buildroot/output/host/bin/aarch64-buildroot-linux-gnu-gcc -c -g  conftest.c >&5
configure:3558: $? = 0
configure:3602: result: yes
configure:3622: checking for /home/erion/Projects/buildroot/output/host/bin/aarch64-buildroot-linux-gnu-gcc option to enable C11 features
configure:3637: /home/erion/Projects/buildroot/output/host/bin/aarch64-buildroot-linux-gnu-gcc  -c -O2 -fno-lto  conftest.c >&5
configure:3637: $? = 0
configure:3655: result: none needed
configure:3770: checking for gcc
configure:3791: found /usr/bin/gcc
configure:3802: result: gcc
configure:3953: checking for C++ compiler version
configure:3962: /home/erion/Projects/buildroot/output/host/bin/aarch64-buildroot-linux-gnu-g++ --version >&5
/home/erion/Projects/buildroot/output/build/glibc-2.38-44-gd37c2b20a4787463d192b32041c3406c2bd91de0/configure: line 3964: /home/erion/Projects/buildroot/output/host/bin/aarch64-buildroot-linux-gnu-g++: No such file or directory
configure:3973: $? = 127
configure:3962: /home/erion/Projects/buildroot/output/host/bin/aarch64-buildroot-linux-gnu-g++ -v >&5
/home/erion/Projects/buildroot/output/build/glibc-2.38-44-gd37c2b20a4787463d192b32041c3406c2bd91de0/configure: line 3964: /home/erion/Projects/buildroot/output/host/bin/aarch64-buildroot-linux-gnu-g++: No such file or directory
configure:3973: $? = 127
configure:3962: /home/erion/Projects/buildroot/output/host/bin/aarch64-buildroot-linux-gnu-g++ -V >&5
/home/erion/Projects/buildroot/output/build/glibc-2.38-44-gd37c2b20a4787463d192b32041c3406c2bd91de0/configure: line 3964: /home/erion/Projects/buildroot/output/host/bin/aarch64-buildroot-linux-gnu-g++: No such file or directory
configure:3973: $? = 127
configure:3962: /home/erion/Projects/buildroot/output/host/bin/aarch64-buildroot-linux-gnu-g++ -qversion >&5
/home/erion/Projects/buildroot/output/build/glibc-2.38-44-gd37c2b20a4787463d192b32041c3406c2bd91de0/configure: line 3964: /home/erion/Projects/buildroot/output/host/bin/aarch64-buildroot-linux-gnu-g++: No such file or directory
configure:3973: $? = 127
configure:3977: checking whether the compiler supports GNU C++
configure:3997: /home/erion/Projects/buildroot/output/host/bin/aarch64-buildroot-linux-gnu-g++ -c -O2 -fno-lto  conftest.cpp >&5
/home/erion/Projects/buildroot/output/build/glibc-2.38-44-gd37c2b20a4787463d192b32041c3406c2bd91de0/configure: line 1673: /home/erion/Projects/buildroot/output/host/bin/aarch64-buildroot-linux-gnu-g++: No such file or directory
configure:3997: $? = 127
configure: failed program was:
| /* confdefs.h */
| #define PACKAGE_NAME "GNU C Library"
| #define PACKAGE_TARNAME "glibc"
| #define PACKAGE_VERSION "(see version.h)"
| #define PACKAGE_STRING "GNU C Library (see version.h)"
| #define PACKAGE_BUGREPORT "https://sourceware.org/bugzilla/"
| #define PACKAGE_URL "https://www.gnu.org/software/glibc/"
| #define PKGVERSION "(Buildroot) "
| #define REPORT_BUGS_TO "<https://www.gnu.org/software/libc/bugs.html>"
| /* end confdefs.h.  */
| 
| int
| main (void)
| {
| #ifndef __GNUC__
|        choke me
| #endif
| 
|   ;
|   return 0;
| }
configure:4007: result: no
configure:4018: checking whether /home/erion/Projects/buildroot/output/host/bin/aarch64-buildroot-linux-gnu-g++ accepts -g
configure:4039: /home/erion/Projects/buildroot/output/host/bin/aarch64-buildroot-linux-gnu-g++ -c -g  conftest.cpp >&5
/home/erion/Projects/buildroot/output/build/glibc-2.38-44-gd37c2b20a4787463d192b32041c3406c2bd91de0/configure: line 1673: /home/erion/Projects/buildroot/output/host/bin/aarch64-buildroot-linux-gnu-g++: No such file or directory
configure:4039: $? = 127
configure: failed program was:
| /* confdefs.h */
| #define PACKAGE_NAME "GNU C Library"
| #define PACKAGE_TARNAME "glibc"
| #define PACKAGE_VERSION "(see version.h)"
| #define PACKAGE_STRING "GNU C Library (see version.h)"
| #define PACKAGE_BUGREPORT "https://sourceware.org/bugzilla/"
| #define PACKAGE_URL "https://www.gnu.org/software/glibc/"
| #define PKGVERSION "(Buildroot) "
| #define REPORT_BUGS_TO "<https://www.gnu.org/software/libc/bugs.html>"
| /* end confdefs.h.  */
| 
| int
| main (void)
| {
| 
|   ;
|   return 0;
| }
configure:4055: /home/erion/Projects/buildroot/output/host/bin/aarch64-buildroot-linux-gnu-g++ -c   conftest.cpp >&5
/home/erion/Projects/buildroot/output/build/glibc-2.38-44-gd37c2b20a4787463d192b32041c3406c2bd91de0/configure: line 1673: /home/erion/Projects/buildroot/output/host/bin/aarch64-buildroot-linux-gnu-g++: No such file or directory
configure:4055: $? = 127
configure: failed program was:
| /* confdefs.h */
| #define PACKAGE_NAME "GNU C Library"
| #define PACKAGE_TARNAME "glibc"
| #define PACKAGE_VERSION "(see version.h)"
| #define PACKAGE_STRING "GNU C Library (see version.h)"
| #define PACKAGE_BUGREPORT "https://sourceware.org/bugzilla/"
| #define PACKAGE_URL "https://www.gnu.org/software/glibc/"
| #define PKGVERSION "(Buildroot) "
| #define REPORT_BUGS_TO "<https://www.gnu.org/software/libc/bugs.html>"
| /* end confdefs.h.  */
| 
| int
| main (void)
| {
| 
|   ;
|   return 0;
| }
configure:4072: /home/erion/Projects/buildroot/output/host/bin/aarch64-buildroot-linux-gnu-g++ -c -g  conftest.cpp >&5
/home/erion/Projects/buildroot/output/build/glibc-2.38-44-gd37c2b20a4787463d192b32041c3406c2bd91de0/configure: line 1673: /home/erion/Projects/buildroot/output/host/bin/aarch64-buildroot-linux-gnu-g++: No such file or directory
configure:4072: $? = 127
configure: failed program was:
| /* confdefs.h */
| #define PACKAGE_NAME "GNU C Library"
| #define PACKAGE_TARNAME "glibc"
| #define PACKAGE_VERSION "(see version.h)"
| #define PACKAGE_STRING "GNU C Library (see version.h)"
| #define PACKAGE_BUGREPORT "https://sourceware.org/bugzilla/"
| #define PACKAGE_URL "https://www.gnu.org/software/glibc/"
| #define PKGVERSION "(Buildroot) "
| #define REPORT_BUGS_TO "<https://www.gnu.org/software/libc/bugs.html>"
| /* end confdefs.h.  */
| 
| int
| main (void)
| {
| 
|   ;
|   return 0;
| }
configure:4083: result: no
configure:4103: checking for /home/erion/Projects/buildroot/output/host/bin/aarch64-buildroot-linux-gnu-g++ option to enable C++11 features
configure:4118: /home/erion/Projects/buildroot/output/host/bin/aarch64-buildroot-linux-gnu-g++  -c -O2 -fno-lto  conftest.cpp >&5
/home/erion/Projects/buildroot/output/build/glibc-2.38-44-gd37c2b20a4787463d192b32041c3406c2bd91de0/configure: line 1673: /home/erion/Projects/buildroot/output/host/bin/aarch64-buildroot-linux-gnu-g++: No such file or directory
configure:4118: $? = 127
configure: failed program was:
| /* confdefs.h */
| #define PACKAGE_NAME "GNU C Library"
| #define PACKAGE_TARNAME "glibc"
| #define PACKAGE_VERSION "(see version.h)"
| #define PACKAGE_STRING "GNU C Library (see version.h)"
| #define PACKAGE_BUGREPORT "https://sourceware.org/bugzilla/"
| #define PACKAGE_URL "https://www.gnu.org/software/glibc/"
| #define PKGVERSION "(Buildroot) "
| #define REPORT_BUGS_TO "<https://www.gnu.org/software/libc/bugs.html>"
| /* end confdefs.h.  */
| 
| // Does the compiler advertise C++98 conformance?
| #if !defined __cplusplus || __cplusplus < 199711L
| # error "Compiler does not advertise C++98 conformance"
| #endif
| 
| // These inclusions are to reject old compilers that
| // lack the unsuffixed header files.
| #include <cstdlib>
| #include <exception>
| 
| // <cassert> and <cstring> are *not* freestanding headers in C++98.
| extern void assert (int);
| namespace std {
|   extern int strcmp (const char *, const char *);
| }
| 
| // Namespaces, exceptions, and templates were all added after "C++ 2.0".
| using std::exception;
| using std::strcmp;
| 
| namespace {
| 
| void test_exception_syntax()
| {
|   try {
|     throw "test";
|   } catch (const char *s) {
|     // Extra parentheses suppress a warning when building autoconf itself,
|     // due to lint rules shared with more typical C programs.
|     assert (!(strcmp) (s, "test"));
|   }
| }
| 
| template <typename T> struct test_template
| {
|   T const val;
|   explicit test_template(T t) : val(t) {}
|   template <typename U> T add(U u) { return static_cast<T>(u) + val; }
| };
| 
| } // anonymous namespace
| 
| 
| // Does the compiler advertise C++ 2011 conformance?
| #if !defined __cplusplus || __cplusplus < 201103L
| # error "Compiler does not advertise C++11 conformance"
| #endif
| 
| namespace cxx11test
| {
|   constexpr int get_val() { return 20; }
| 
|   struct testinit
|   {
|     int i;
|     double d;
|   };
| 
|   class delegate
|   {
|   public:
|     delegate(int n) : n(n) {}
|     delegate(): delegate(2354) {}
| 
|     virtual int getval() { return this->n; };
|   protected:
|     int n;
|   };
| 
|   class overridden : public delegate
|   {
|   public:
|     overridden(int n): delegate(n) {}
|     virtual int getval() override final { return this->n * 2; }
|   };
| 
|   class nocopy
|   {
|   public:
|     nocopy(int i): i(i) {}
|     nocopy() = default;
|     nocopy(const nocopy&) = delete;
|     nocopy & operator=(const nocopy&) = delete;
|   private:
|     int i;
|   };
| 
|   // for testing lambda expressions
|   template <typename Ret, typename Fn> Ret eval(Fn f, Ret v)
|   {
|     return f(v);
|   }
| 
|   // for testing variadic templates and trailing return types
|   template <typename V> auto sum(V first) -> V
|   {
|     return first;
|   }
|   template <typename V, typename... Args> auto sum(V first, Args... rest) -> V
|   {
|     return first + sum(rest...);
|   }
| }
| 
| 
| int
| main (int argc, char **argv)
| {
|   int ok = 0;
|   
|   assert (argc);
|   assert (! argv[0]);
| {
|   test_exception_syntax ();
|   test_template<double> tt (2.0);
|   assert (tt.add (4) == 6.0);
|   assert (true && !false);
| }
| 
|   
| {
|   // Test auto and decltype
|   auto a1 = 6538;
|   auto a2 = 48573953.4;
|   auto a3 = "String literal";
| 
|   int total = 0;
|   for (auto i = a3; *i; ++i) { total += *i; }
| 
|   decltype(a2) a4 = 34895.034;
| }
| {
|   // Test constexpr
|   short sa[cxx11test::get_val()] = { 0 };
| }
| {
|   // Test initializer lists
|   cxx11test::testinit il = { 4323, 435234.23544 };
| }
| {
|   // Test range-based for
|   int array[] = {9, 7, 13, 15, 4, 18, 12, 10, 5, 3,
|                  14, 19, 17, 8, 6, 20, 16, 2, 11, 1};
|   for (auto &x : array) { x += 23; }
| }
| {
|   // Test lambda expressions
|   using cxx11test::eval;
|   assert (eval ([](int x) { return x*2; }, 21) == 42);
|   double d = 2.0;
|   assert (eval ([&](double x) { return d += x; }, 3.0) == 5.0);
|   assert (d == 5.0);
|   assert (eval ([=](double x) mutable { return d += x; }, 4.0) == 9.0);
|   assert (d == 5.0);
| }
| {
|   // Test use of variadic templates
|   using cxx11test::sum;
|   auto a = sum(1);
|   auto b = sum(1, 2);
|   auto c = sum(1.0, 2.0, 3.0);
| }
| {
|   // Test constructor delegation
|   cxx11test::delegate d1;
|   cxx11test::delegate d2();
|   cxx11test::delegate d3(45);
| }
| {
|   // Test override and final
|   cxx11test::overridden o1(55464);
| }
| {
|   // Test nullptr
|   char *c = nullptr;
| }
| {
|   // Test template brackets
|   test_template<::test_template<int>> v(test_template<int>(12));
| }
| {
|   // Unicode literals
|   char const *utf8 = u8"UTF-8 string \u2500";
|   char16_t const *utf16 = u"UTF-8 string \u2500";
|   char32_t const *utf32 = U"UTF-32 string \u2500";
| }
| 
|   return ok;
| }
| 
configure:4118: /home/erion/Projects/buildroot/output/host/bin/aarch64-buildroot-linux-gnu-g++ -std=gnu++11 -c -O2 -fno-lto  conftest.cpp >&5
/home/erion/Projects/buildroot/output/build/glibc-2.38-44-gd37c2b20a4787463d192b32041c3406c2bd91de0/configure: line 1673: /home/erion/Projects/buildroot/output/host/bin/aarch64-buildroot-linux-gnu-g++: No such file or directory
configure:4118: $? = 127
configure: failed program was:
| /* confdefs.h */
| #define PACKAGE_NAME "GNU C Library"
| #define PACKAGE_TARNAME "glibc"
| #define PACKAGE_VERSION "(see version.h)"
| #define PACKAGE_STRING "GNU C Library (see version.h)"
| #define PACKAGE_BUGREPORT "https://sourceware.org/bugzilla/"
| #define PACKAGE_URL "https://www.gnu.org/software/glibc/"
| #define PKGVERSION "(Buildroot) "
| #define REPORT_BUGS_TO "<https://www.gnu.org/software/libc/bugs.html>"
| /* end confdefs.h.  */
| 
| // Does the compiler advertise C++98 conformance?
| #if !defined __cplusplus || __cplusplus < 199711L
| # error "Compiler does not advertise C++98 conformance"
| #endif
| 
| // These inclusions are to reject old compilers that
| // lack the unsuffixed header files.
| #include <cstdlib>
| #include <exception>
| 
| // <cassert> and <cstring> are *not* freestanding headers in C++98.
| extern void assert (int);
| namespace std {
|   extern int strcmp (const char *, const char *);
| }
| 
| // Namespaces, exceptions, and templates were all added after "C++ 2.0".
| using std::exception;
| using std::strcmp;
| 
| namespace {
| 
| void test_exception_syntax()
| {
|   try {
|     throw "test";
|   } catch (const char *s) {
|     // Extra parentheses suppress a warning when building autoconf itself,
|     // due to lint rules shared with more typical C programs.
|     assert (!(strcmp) (s, "test"));
|   }
| }
| 
| template <typename T> struct test_template
| {
|   T const val;
|   explicit test_template(T t) : val(t) {}
|   template <typename U> T add(U u) { return static_cast<T>(u) + val; }
| };
| 
| } // anonymous namespace
| 
| 
| // Does the compiler advertise C++ 2011 conformance?
| #if !defined __cplusplus || __cplusplus < 201103L
| # error "Compiler does not advertise C++11 conformance"
| #endif
| 
| namespace cxx11test
| {
|   constexpr int get_val() { return 20; }
| 
|   struct testinit
|   {
|     int i;
|     double d;
|   };
| 
|   class delegate
|   {
|   public:
|     delegate(int n) : n(n) {}
|     delegate(): delegate(2354) {}
| 
|     virtual int getval() { return this->n; };
|   protected:
|     int n;
|   };
| 
|   class overridden : public delegate
|   {
|   public:
|     overridden(int n): delegate(n) {}
|     virtual int getval() override final { return this->n * 2; }
|   };
| 
|   class nocopy
|   {
|   public:
|     nocopy(int i): i(i) {}
|     nocopy() = default;
|     nocopy(const nocopy&) = delete;
|     nocopy & operator=(const nocopy&) = delete;
|   private:
|     int i;
|   };
| 
|   // for testing lambda expressions
|   template <typename Ret, typename Fn> Ret eval(Fn f, Ret v)
|   {
|     return f(v);
|   }
| 
|   // for testing variadic templates and trailing return types
|   template <typename V> auto sum(V first) -> V
|   {
|     return first;
|   }
|   template <typename V, typename... Args> auto sum(V first, Args... rest) -> V
|   {
|     return first + sum(rest...);
|   }
| }
| 
| 
| int
| main (int argc, char **argv)
| {
|   int ok = 0;
|   
|   assert (argc);
|   assert (! argv[0]);
| {
|   test_exception_syntax ();
|   test_template<double> tt (2.0);
|   assert (tt.add (4) == 6.0);
|   assert (true && !false);
| }
| 
|   
| {
|   // Test auto and decltype
|   auto a1 = 6538;
|   auto a2 = 48573953.4;
|   auto a3 = "String literal";
| 
|   int total = 0;
|   for (auto i = a3; *i; ++i) { total += *i; }
| 
|   decltype(a2) a4 = 34895.034;
| }
| {
|   // Test constexpr
|   short sa[cxx11test::get_val()] = { 0 };
| }
| {
|   // Test initializer lists
|   cxx11test::testinit il = { 4323, 435234.23544 };
| }
| {
|   // Test range-based for
|   int array[] = {9, 7, 13, 15, 4, 18, 12, 10, 5, 3,
|                  14, 19, 17, 8, 6, 20, 16, 2, 11, 1};
|   for (auto &x : array) { x += 23; }
| }
| {
|   // Test lambda expressions
|   using cxx11test::eval;
|   assert (eval ([](int x) { return x*2; }, 21) == 42);
|   double d = 2.0;
|   assert (eval ([&](double x) { return d += x; }, 3.0) == 5.0);
|   assert (d == 5.0);
|   assert (eval ([=](double x) mutable { return d += x; }, 4.0) == 9.0);
|   assert (d == 5.0);
| }
| {
|   // Test use of variadic templates
|   using cxx11test::sum;
|   auto a = sum(1);
|   auto b = sum(1, 2);
|   auto c = sum(1.0, 2.0, 3.0);
| }
| {
|   // Test constructor delegation
|   cxx11test::delegate d1;
|   cxx11test::delegate d2();
|   cxx11test::delegate d3(45);
| }
| {
|   // Test override and final
|   cxx11test::overridden o1(55464);
| }
| {
|   // Test nullptr
|   char *c = nullptr;
| }
| {
|   // Test template brackets
|   test_template<::test_template<int>> v(test_template<int>(12));
| }
| {
|   // Unicode literals
|   char const *utf8 = u8"UTF-8 string \u2500";
|   char16_t const *utf16 = u"UTF-8 string \u2500";
|   char32_t const *utf32 = U"UTF-32 string \u2500";
| }
| 
|   return ok;
| }
| 
configure:4118: /home/erion/Projects/buildroot/output/host/bin/aarch64-buildroot-linux-gnu-g++ -std=gnu++0x -c -O2 -fno-lto  conftest.cpp >&5
/home/erion/Projects/buildroot/output/build/glibc-2.38-44-gd37c2b20a4787463d192b32041c3406c2bd91de0/configure: line 1673: /home/erion/Projects/buildroot/output/host/bin/aarch64-buildroot-linux-gnu-g++: No such file or directory
configure:4118: $? = 127
configure: failed program was:
| /* confdefs.h */
| #define PACKAGE_NAME "GNU C Library"
| #define PACKAGE_TARNAME "glibc"
| #define PACKAGE_VERSION "(see version.h)"
| #define PACKAGE_STRING "GNU C Library (see version.h)"
| #define PACKAGE_BUGREPORT "https://sourceware.org/bugzilla/"
| #define PACKAGE_URL "https://www.gnu.org/software/glibc/"
| #define PKGVERSION "(Buildroot) "
| #define REPORT_BUGS_TO "<https://www.gnu.org/software/libc/bugs.html>"
| /* end confdefs.h.  */
| 
| // Does the compiler advertise C++98 conformance?
| #if !defined __cplusplus || __cplusplus < 199711L
| # error "Compiler does not advertise C++98 conformance"
| #endif
| 
| // These inclusions are to reject old compilers that
| // lack the unsuffixed header files.
| #include <cstdlib>
| #include <exception>
| 
| // <cassert> and <cstring> are *not* freestanding headers in C++98.
| extern void assert (int);
| namespace std {
|   extern int strcmp (const char *, const char *);
| }
| 
| // Namespaces, exceptions, and templates were all added after "C++ 2.0".
| using std::exception;
| using std::strcmp;
| 
| namespace {
| 
| void test_exception_syntax()
| {
|   try {
|     throw "test";
|   } catch (const char *s) {
|     // Extra parentheses suppress a warning when building autoconf itself,
|     // due to lint rules shared with more typical C programs.
|     assert (!(strcmp) (s, "test"));
|   }
| }
| 
| template <typename T> struct test_template
| {
|   T const val;
|   explicit test_template(T t) : val(t) {}
|   template <typename U> T add(U u) { return static_cast<T>(u) + val; }
| };
| 
| } // anonymous namespace
| 
| 
| // Does the compiler advertise C++ 2011 conformance?
| #if !defined __cplusplus || __cplusplus < 201103L
| # error "Compiler does not advertise C++11 conformance"
| #endif
| 
| namespace cxx11test
| {
|   constexpr int get_val() { return 20; }
| 
|   struct testinit
|   {
|     int i;
|     double d;
|   };
| 
|   class delegate
|   {
|   public:
|     delegate(int n) : n(n) {}
|     delegate(): delegate(2354) {}
| 
|     virtual int getval() { return this->n; };
|   protected:
|     int n;
|   };
| 
|   class overridden : public delegate
|   {
|   public:
|     overridden(int n): delegate(n) {}
|     virtual int getval() override final { return this->n * 2; }
|   };
| 
|   class nocopy
|   {
|   public:
|     nocopy(int i): i(i) {}
|     nocopy() = default;
|     nocopy(const nocopy&) = delete;
|     nocopy & operator=(const nocopy&) = delete;
|   private:
|     int i;
|   };
| 
|   // for testing lambda expressions
|   template <typename Ret, typename Fn> Ret eval(Fn f, Ret v)
|   {
|     return f(v);
|   }
| 
|   // for testing variadic templates and trailing return types
|   template <typename V> auto sum(V first) -> V
|   {
|     return first;
|   }
|   template <typename V, typename... Args> auto sum(V first, Args... rest) -> V
|   {
|     return first + sum(rest...);
|   }
| }
| 
| 
| int
| main (int argc, char **argv)
| {
|   int ok = 0;
|   
|   assert (argc);
|   assert (! argv[0]);
| {
|   test_exception_syntax ();
|   test_template<double> tt (2.0);
|   assert (tt.add (4) == 6.0);
|   assert (true && !false);
| }
| 
|   
| {
|   // Test auto and decltype
|   auto a1 = 6538;
|   auto a2 = 48573953.4;
|   auto a3 = "String literal";
| 
|   int total = 0;
|   for (auto i = a3; *i; ++i) { total += *i; }
| 
|   decltype(a2) a4 = 34895.034;
| }
| {
|   // Test constexpr
|   short sa[cxx11test::get_val()] = { 0 };
| }
| {
|   // Test initializer lists
|   cxx11test::testinit il = { 4323, 435234.23544 };
| }
| {
|   // Test range-based for
|   int array[] = {9, 7, 13, 15, 4, 18, 12, 10, 5, 3,
|                  14, 19, 17, 8, 6, 20, 16, 2, 11, 1};
|   for (auto &x : array) { x += 23; }
| }
| {
|   // Test lambda expressions
|   using cxx11test::eval;
|   assert (eval ([](int x) { return x*2; }, 21) == 42);
|   double d = 2.0;
|   assert (eval ([&](double x) { return d += x; }, 3.0) == 5.0);
|   assert (d == 5.0);
|   assert (eval ([=](double x) mutable { return d += x; }, 4.0) == 9.0);
|   assert (d == 5.0);
| }
| {
|   // Test use of variadic templates
|   using cxx11test::sum;
|   auto a = sum(1);
|   auto b = sum(1, 2);
|   auto c = sum(1.0, 2.0, 3.0);
| }
| {
|   // Test constructor delegation
|   cxx11test::delegate d1;
|   cxx11test::delegate d2();
|   cxx11test::delegate d3(45);
| }
| {
|   // Test override and final
|   cxx11test::overridden o1(55464);
| }
| {
|   // Test nullptr
|   char *c = nullptr;
| }
| {
|   // Test template brackets
|   test_template<::test_template<int>> v(test_template<int>(12));
| }
| {
|   // Unicode literals
|   char const *utf8 = u8"UTF-8 string \u2500";
|   char16_t const *utf16 = u"UTF-8 string \u2500";
|   char32_t const *utf32 = U"UTF-32 string \u2500";
| }
| 
|   return ok;
| }
| 
configure:4118: /home/erion/Projects/buildroot/output/host/bin/aarch64-buildroot-linux-gnu-g++ -std=c++11 -c -O2 -fno-lto  conftest.cpp >&5
/home/erion/Projects/buildroot/output/build/glibc-2.38-44-gd37c2b20a4787463d192b32041c3406c2bd91de0/configure: line 1673: /home/erion/Projects/buildroot/output/host/bin/aarch64-buildroot-linux-gnu-g++: No such file or directory
configure:4118: $? = 127
configure: failed program was:
| /* confdefs.h */
| #define PACKAGE_NAME "GNU C Library"
| #define PACKAGE_TARNAME "glibc"
| #define PACKAGE_VERSION "(see version.h)"
| #define PACKAGE_STRING "GNU C Library (see version.h)"
| #define PACKAGE_BUGREPORT "https://sourceware.org/bugzilla/"
| #define PACKAGE_URL "https://www.gnu.org/software/glibc/"
| #define PKGVERSION "(Buildroot) "
| #define REPORT_BUGS_TO "<https://www.gnu.org/software/libc/bugs.html>"
| /* end confdefs.h.  */
| 
| // Does the compiler advertise C++98 conformance?
| #if !defined __cplusplus || __cplusplus < 199711L
| # error "Compiler does not advertise C++98 conformance"
| #endif
| 
| // These inclusions are to reject old compilers that
| // lack the unsuffixed header files.
| #include <cstdlib>
| #include <exception>
| 
| // <cassert> and <cstring> are *not* freestanding headers in C++98.
| extern void assert (int);
| namespace std {
|   extern int strcmp (const char *, const char *);
| }
| 
| // Namespaces, exceptions, and templates were all added after "C++ 2.0".
| using std::exception;
| using std::strcmp;
| 
| namespace {
| 
| void test_exception_syntax()
| {
|   try {
|     throw "test";
|   } catch (const char *s) {
|     // Extra parentheses suppress a warning when building autoconf itself,
|     // due to lint rules shared with more typical C programs.
|     assert (!(strcmp) (s, "test"));
|   }
| }
| 
| template <typename T> struct test_template
| {
|   T const val;
|   explicit test_template(T t) : val(t) {}
|   template <typename U> T add(U u) { return static_cast<T>(u) + val; }
| };
| 
| } // anonymous namespace
| 
| 
| // Does the compiler advertise C++ 2011 conformance?
| #if !defined __cplusplus || __cplusplus < 201103L
| # error "Compiler does not advertise C++11 conformance"
| #endif
| 
| namespace cxx11test
| {
|   constexpr int get_val() { return 20; }
| 
|   struct testinit
|   {
|     int i;
|     double d;
|   };
| 
|   class delegate
|   {
|   public:
|     delegate(int n) : n(n) {}
|     delegate(): delegate(2354) {}
| 
|     virtual int getval() { return this->n; };
|   protected:
|     int n;
|   };
| 
|   class overridden : public delegate
|   {
|   public:
|     overridden(int n): delegate(n) {}
|     virtual int getval() override final { return this->n * 2; }
|   };
| 
|   class nocopy
|   {
|   public:
|     nocopy(int i): i(i) {}
|     nocopy() = default;
|     nocopy(const nocopy&) = delete;
|     nocopy & operator=(const nocopy&) = delete;
|   private:
|     int i;
|   };
| 
|   // for testing lambda expressions
|   template <typename Ret, typename Fn> Ret eval(Fn f, Ret v)
|   {
|     return f(v);
|   }
| 
|   // for testing variadic templates and trailing return types
|   template <typename V> auto sum(V first) -> V
|   {
|     return first;
|   }
|   template <typename V, typename... Args> auto sum(V first, Args... rest) -> V
|   {
|     return first + sum(rest...);
|   }
| }
| 
| 
| int
| main (int argc, char **argv)
| {
|   int ok = 0;
|   
|   assert (argc);
|   assert (! argv[0]);
| {
|   test_exception_syntax ();
|   test_template<double> tt (2.0);
|   assert (tt.add (4) == 6.0);
|   assert (true && !false);
| }
| 
|   
| {
|   // Test auto and decltype
|   auto a1 = 6538;
|   auto a2 = 48573953.4;
|   auto a3 = "String literal";
| 
|   int total = 0;
|   for (auto i = a3; *i; ++i) { total += *i; }
| 
|   decltype(a2) a4 = 34895.034;
| }
| {
|   // Test constexpr
|   short sa[cxx11test::get_val()] = { 0 };
| }
| {
|   // Test initializer lists
|   cxx11test::testinit il = { 4323, 435234.23544 };
| }
| {
|   // Test range-based for
|   int array[] = {9, 7, 13, 15, 4, 18, 12, 10, 5, 3,
|                  14, 19, 17, 8, 6, 20, 16, 2, 11, 1};
|   for (auto &x : array) { x += 23; }
| }
| {
|   // Test lambda expressions
|   using cxx11test::eval;
|   assert (eval ([](int x) { return x*2; }, 21) == 42);
|   double d = 2.0;
|   assert (eval ([&](double x) { return d += x; }, 3.0) == 5.0);
|   assert (d == 5.0);
|   assert (eval ([=](double x) mutable { return d += x; }, 4.0) == 9.0);
|   assert (d == 5.0);
| }
| {
|   // Test use of variadic templates
|   using cxx11test::sum;
|   auto a = sum(1);
|   auto b = sum(1, 2);
|   auto c = sum(1.0, 2.0, 3.0);
| }
| {
|   // Test constructor delegation
|   cxx11test::delegate d1;
|   cxx11test::delegate d2();
|   cxx11test::delegate d3(45);
| }
| {
|   // Test override and final
|   cxx11test::overridden o1(55464);
| }
| {
|   // Test nullptr
|   char *c = nullptr;
| }
| {
|   // Test template brackets
|   test_template<::test_template<int>> v(test_template<int>(12));
| }
| {
|   // Unicode literals
|   char const *utf8 = u8"UTF-8 string \u2500";
|   char16_t const *utf16 = u"UTF-8 string \u2500";
|   char32_t const *utf32 = U"UTF-32 string \u2500";
| }
| 
|   return ok;
| }
| 
configure:4118: /home/erion/Projects/buildroot/output/host/bin/aarch64-buildroot-linux-gnu-g++ -std=c++0x -c -O2 -fno-lto  conftest.cpp >&5
/home/erion/Projects/buildroot/output/build/glibc-2.38-44-gd37c2b20a4787463d192b32041c3406c2bd91de0/configure: line 1673: /home/erion/Projects/buildroot/output/host/bin/aarch64-buildroot-linux-gnu-g++: No such file or directory
configure:4118: $? = 127
configure: failed program was:
| /* confdefs.h */
| #define PACKAGE_NAME "GNU C Library"
| #define PACKAGE_TARNAME "glibc"
| #define PACKAGE_VERSION "(see version.h)"
| #define PACKAGE_STRING "GNU C Library (see version.h)"
| #define PACKAGE_BUGREPORT "https://sourceware.org/bugzilla/"
| #define PACKAGE_URL "https://www.gnu.org/software/glibc/"
| #define PKGVERSION "(Buildroot) "
| #define REPORT_BUGS_TO "<https://www.gnu.org/software/libc/bugs.html>"
| /* end confdefs.h.  */
| 
| // Does the compiler advertise C++98 conformance?
| #if !defined __cplusplus || __cplusplus < 199711L
| # error "Compiler does not advertise C++98 conformance"
| #endif
| 
| // These inclusions are to reject old compilers that
| // lack the unsuffixed header files.
| #include <cstdlib>
| #include <exception>
| 
| // <cassert> and <cstring> are *not* freestanding headers in C++98.
| extern void assert (int);
| namespace std {
|   extern int strcmp (const char *, const char *);
| }
| 
| // Namespaces, exceptions, and templates were all added after "C++ 2.0".
| using std::exception;
| using std::strcmp;
| 
| namespace {
| 
| void test_exception_syntax()
| {
|   try {
|     throw "test";
|   } catch (const char *s) {
|     // Extra parentheses suppress a warning when building autoconf itself,
|     // due to lint rules shared with more typical C programs.
|     assert (!(strcmp) (s, "test"));
|   }
| }
| 
| template <typename T> struct test_template
| {
|   T const val;
|   explicit test_template(T t) : val(t) {}
|   template <typename U> T add(U u) { return static_cast<T>(u) + val; }
| };
| 
| } // anonymous namespace
| 
| 
| // Does the compiler advertise C++ 2011 conformance?
| #if !defined __cplusplus || __cplusplus < 201103L
| # error "Compiler does not advertise C++11 conformance"
| #endif
| 
| namespace cxx11test
| {
|   constexpr int get_val() { return 20; }
| 
|   struct testinit
|   {
|     int i;
|     double d;
|   };
| 
|   class delegate
|   {
|   public:
|     delegate(int n) : n(n) {}
|     delegate(): delegate(2354) {}
| 
|     virtual int getval() { return this->n; };
|   protected:
|     int n;
|   };
| 
|   class overridden : public delegate
|   {
|   public:
|     overridden(int n): delegate(n) {}
|     virtual int getval() override final { return this->n * 2; }
|   };
| 
|   class nocopy
|   {
|   public:
|     nocopy(int i): i(i) {}
|     nocopy() = default;
|     nocopy(const nocopy&) = delete;
|     nocopy & operator=(const nocopy&) = delete;
|   private:
|     int i;
|   };
| 
|   // for testing lambda expressions
|   template <typename Ret, typename Fn> Ret eval(Fn f, Ret v)
|   {
|     return f(v);
|   }
| 
|   // for testing variadic templates and trailing return types
|   template <typename V> auto sum(V first) -> V
|   {
|     return first;
|   }
|   template <typename V, typename... Args> auto sum(V first, Args... rest) -> V
|   {
|     return first + sum(rest...);
|   }
| }
| 
| 
| int
| main (int argc, char **argv)
| {
|   int ok = 0;
|   
|   assert (argc);
|   assert (! argv[0]);
| {
|   test_exception_syntax ();
|   test_template<double> tt (2.0);
|   assert (tt.add (4) == 6.0);
|   assert (true && !false);
| }
| 
|   
| {
|   // Test auto and decltype
|   auto a1 = 6538;
|   auto a2 = 48573953.4;
|   auto a3 = "String literal";
| 
|   int total = 0;
|   for (auto i = a3; *i; ++i) { total += *i; }
| 
|   decltype(a2) a4 = 34895.034;
| }
| {
|   // Test constexpr
|   short sa[cxx11test::get_val()] = { 0 };
| }
| {
|   // Test initializer lists
|   cxx11test::testinit il = { 4323, 435234.23544 };
| }
| {
|   // Test range-based for
|   int array[] = {9, 7, 13, 15, 4, 18, 12, 10, 5, 3,
|                  14, 19, 17, 8, 6, 20, 16, 2, 11, 1};
|   for (auto &x : array) { x += 23; }
| }
| {
|   // Test lambda expressions
|   using cxx11test::eval;
|   assert (eval ([](int x) { return x*2; }, 21) == 42);
|   double d = 2.0;
|   assert (eval ([&](double x) { return d += x; }, 3.0) == 5.0);
|   assert (d == 5.0);
|   assert (eval ([=](double x) mutable { return d += x; }, 4.0) == 9.0);
|   assert (d == 5.0);
| }
| {
|   // Test use of variadic templates
|   using cxx11test::sum;
|   auto a = sum(1);
|   auto b = sum(1, 2);
|   auto c = sum(1.0, 2.0, 3.0);
| }
| {
|   // Test constructor delegation
|   cxx11test::delegate d1;
|   cxx11test::delegate d2();
|   cxx11test::delegate d3(45);
| }
| {
|   // Test override and final
|   cxx11test::overridden o1(55464);
| }
| {
|   // Test nullptr
|   char *c = nullptr;
| }
| {
|   // Test template brackets
|   test_template<::test_template<int>> v(test_template<int>(12));
| }
| {
|   // Unicode literals
|   char const *utf8 = u8"UTF-8 string \u2500";
|   char16_t const *utf16 = u"UTF-8 string \u2500";
|   char32_t const *utf32 = U"UTF-32 string \u2500";
| }
| 
|   return ok;
| }
| 
configure:4118: /home/erion/Projects/buildroot/output/host/bin/aarch64-buildroot-linux-gnu-g++ -qlanglvl=extended0x -c -O2 -fno-lto  conftest.cpp >&5
/home/erion/Projects/buildroot/output/build/glibc-2.38-44-gd37c2b20a4787463d192b32041c3406c2bd91de0/configure: line 1673: /home/erion/Projects/buildroot/output/host/bin/aarch64-buildroot-linux-gnu-g++: No such file or directory
configure:4118: $? = 127
configure: failed program was:
| /* confdefs.h */
| #define PACKAGE_NAME "GNU C Library"
| #define PACKAGE_TARNAME "glibc"
| #define PACKAGE_VERSION "(see version.h)"
| #define PACKAGE_STRING "GNU C Library (see version.h)"
| #define PACKAGE_BUGREPORT "https://sourceware.org/bugzilla/"
| #define PACKAGE_URL "https://www.gnu.org/software/glibc/"
| #define PKGVERSION "(Buildroot) "
| #define REPORT_BUGS_TO "<https://www.gnu.org/software/libc/bugs.html>"
| /* end confdefs.h.  */
| 
| // Does the compiler advertise C++98 conformance?
| #if !defined __cplusplus || __cplusplus < 199711L
| # error "Compiler does not advertise C++98 conformance"
| #endif
| 
| // These inclusions are to reject old compilers that
| // lack the unsuffixed header files.
| #include <cstdlib>
| #include <exception>
| 
| // <cassert> and <cstring> are *not* freestanding headers in C++98.
| extern void assert (int);
| namespace std {
|   extern int strcmp (const char *, const char *);
| }
| 
| // Namespaces, exceptions, and templates were all added after "C++ 2.0".
| using std::exception;
| using std::strcmp;
| 
| namespace {
| 
| void test_exception_syntax()
| {
|   try {
|     throw "test";
|   } catch (const char *s) {
|     // Extra parentheses suppress a warning when building autoconf itself,
|     // due to lint rules shared with more typical C programs.
|     assert (!(strcmp) (s, "test"));
|   }
| }
| 
| template <typename T> struct test_template
| {
|   T const val;
|   explicit test_template(T t) : val(t) {}
|   template <typename U> T add(U u) { return static_cast<T>(u) + val; }
| };
| 
| } // anonymous namespace
| 
| 
| // Does the compiler advertise C++ 2011 conformance?
| #if !defined __cplusplus || __cplusplus < 201103L
| # error "Compiler does not advertise C++11 conformance"
| #endif
| 
| namespace cxx11test
| {
|   constexpr int get_val() { return 20; }
| 
|   struct testinit
|   {
|     int i;
|     double d;
|   };
| 
|   class delegate
|   {
|   public:
|     delegate(int n) : n(n) {}
|     delegate(): delegate(2354) {}
| 
|     virtual int getval() { return this->n; };
|   protected:
|     int n;
|   };
| 
|   class overridden : public delegate
|   {
|   public:
|     overridden(int n): delegate(n) {}
|     virtual int getval() override final { return this->n * 2; }
|   };
| 
|   class nocopy
|   {
|   public:
|     nocopy(int i): i(i) {}
|     nocopy() = default;
|     nocopy(const nocopy&) = delete;
|     nocopy & operator=(const nocopy&) = delete;
|   private:
|     int i;
|   };
| 
|   // for testing lambda expressions
|   template <typename Ret, typename Fn> Ret eval(Fn f, Ret v)
|   {
|     return f(v);
|   }
| 
|   // for testing variadic templates and trailing return types
|   template <typename V> auto sum(V first) -> V
|   {
|     return first;
|   }
|   template <typename V, typename... Args> auto sum(V first, Args... rest) -> V
|   {
|     return first + sum(rest...);
|   }
| }
| 
| 
| int
| main (int argc, char **argv)
| {
|   int ok = 0;
|   
|   assert (argc);
|   assert (! argv[0]);
| {
|   test_exception_syntax ();
|   test_template<double> tt (2.0);
|   assert (tt.add (4) == 6.0);
|   assert (true && !false);
| }
| 
|   
| {
|   // Test auto and decltype
|   auto a1 = 6538;
|   auto a2 = 48573953.4;
|   auto a3 = "String literal";
| 
|   int total = 0;
|   for (auto i = a3; *i; ++i) { total += *i; }
| 
|   decltype(a2) a4 = 34895.034;
| }
| {
|   // Test constexpr
|   short sa[cxx11test::get_val()] = { 0 };
| }
| {
|   // Test initializer lists
|   cxx11test::testinit il = { 4323, 435234.23544 };
| }
| {
|   // Test range-based for
|   int array[] = {9, 7, 13, 15, 4, 18, 12, 10, 5, 3,
|                  14, 19, 17, 8, 6, 20, 16, 2, 11, 1};
|   for (auto &x : array) { x += 23; }
| }
| {
|   // Test lambda expressions
|   using cxx11test::eval;
|   assert (eval ([](int x) { return x*2; }, 21) == 42);
|   double d = 2.0;
|   assert (eval ([&](double x) { return d += x; }, 3.0) == 5.0);
|   assert (d == 5.0);
|   assert (eval ([=](double x) mutable { return d += x; }, 4.0) == 9.0);
|   assert (d == 5.0);
| }
| {
|   // Test use of variadic templates
|   using cxx11test::sum;
|   auto a = sum(1);
|   auto b = sum(1, 2);
|   auto c = sum(1.0, 2.0, 3.0);
| }
| {
|   // Test constructor delegation
|   cxx11test::delegate d1;
|   cxx11test::delegate d2();
|   cxx11test::delegate d3(45);
| }
| {
|   // Test override and final
|   cxx11test::overridden o1(55464);
| }
| {
|   // Test nullptr
|   char *c = nullptr;
| }
| {
|   // Test template brackets
|   test_template<::test_template<int>> v(test_template<int>(12));
| }
| {
|   // Unicode literals
|   char const *utf8 = u8"UTF-8 string \u2500";
|   char16_t const *utf16 = u"UTF-8 string \u2500";
|   char32_t const *utf32 = U"UTF-32 string \u2500";
| }
| 
|   return ok;
| }
| 
configure:4118: /home/erion/Projects/buildroot/output/host/bin/aarch64-buildroot-linux-gnu-g++ -AA -c -O2 -fno-lto  conftest.cpp >&5
/home/erion/Projects/buildroot/output/build/glibc-2.38-44-gd37c2b20a4787463d192b32041c3406c2bd91de0/configure: line 1673: /home/erion/Projects/buildroot/output/host/bin/aarch64-buildroot-linux-gnu-g++: No such file or directory
configure:4118: $? = 127
configure: failed program was:
| /* confdefs.h */
| #define PACKAGE_NAME "GNU C Library"
| #define PACKAGE_TARNAME "glibc"
| #define PACKAGE_VERSION "(see version.h)"
| #define PACKAGE_STRING "GNU C Library (see version.h)"
| #define PACKAGE_BUGREPORT "https://sourceware.org/bugzilla/"
| #define PACKAGE_URL "https://www.gnu.org/software/glibc/"
| #define PKGVERSION "(Buildroot) "
| #define REPORT_BUGS_TO "<https://www.gnu.org/software/libc/bugs.html>"
| /* end confdefs.h.  */
| 
| // Does the compiler advertise C++98 conformance?
| #if !defined __cplusplus || __cplusplus < 199711L
| # error "Compiler does not advertise C++98 conformance"
| #endif
| 
| // These inclusions are to reject old compilers that
| // lack the unsuffixed header files.
| #include <cstdlib>
| #include <exception>
| 
| // <cassert> and <cstring> are *not* freestanding headers in C++98.
| extern void assert (int);
| namespace std {
|   extern int strcmp (const char *, const char *);
| }
| 
| // Namespaces, exceptions, and templates were all added after "C++ 2.0".
| using std::exception;
| using std::strcmp;
| 
| namespace {
| 
| void test_exception_syntax()
| {
|   try {
|     throw "test";
|   } catch (const char *s) {
|     // Extra parentheses suppress a warning when building autoconf itself,
|     // due to lint rules shared with more typical C programs.
|     assert (!(strcmp) (s, "test"));
|   }
| }
| 
| template <typename T> struct test_template
| {
|   T const val;
|   explicit test_template(T t) : val(t) {}
|   template <typename U> T add(U u) { return static_cast<T>(u) + val; }
| };
| 
| } // anonymous namespace
| 
| 
| // Does the compiler advertise C++ 2011 conformance?
| #if !defined __cplusplus || __cplusplus < 201103L
| # error "Compiler does not advertise C++11 conformance"
| #endif
| 
| namespace cxx11test
| {
|   constexpr int get_val() { return 20; }
| 
|   struct testinit
|   {
|     int i;
|     double d;
|   };
| 
|   class delegate
|   {
|   public:
|     delegate(int n) : n(n) {}
|     delegate(): delegate(2354) {}
| 
|     virtual int getval() { return this->n; };
|   protected:
|     int n;
|   };
| 
|   class overridden : public delegate
|   {
|   public:
|     overridden(int n): delegate(n) {}
|     virtual int getval() override final { return this->n * 2; }
|   };
| 
|   class nocopy
|   {
|   public:
|     nocopy(int i): i(i) {}
|     nocopy() = default;
|     nocopy(const nocopy&) = delete;
|     nocopy & operator=(const nocopy&) = delete;
|   private:
|     int i;
|   };
| 
|   // for testing lambda expressions
|   template <typename Ret, typename Fn> Ret eval(Fn f, Ret v)
|   {
|     return f(v);
|   }
| 
|   // for testing variadic templates and trailing return types
|   template <typename V> auto sum(V first) -> V
|   {
|     return first;
|   }
|   template <typename V, typename... Args> auto sum(V first, Args... rest) -> V
|   {
|     return first + sum(rest...);
|   }
| }
| 
| 
| int
| main (int argc, char **argv)
| {
|   int ok = 0;
|   
|   assert (argc);
|   assert (! argv[0]);
| {
|   test_exception_syntax ();
|   test_template<double> tt (2.0);
|   assert (tt.add (4) == 6.0);
|   assert (true && !false);
| }
| 
|   
| {
|   // Test auto and decltype
|   auto a1 = 6538;
|   auto a2 = 48573953.4;
|   auto a3 = "String literal";
| 
|   int total = 0;
|   for (auto i = a3; *i; ++i) { total += *i; }
| 
|   decltype(a2) a4 = 34895.034;
| }
| {
|   // Test constexpr
|   short sa[cxx11test::get_val()] = { 0 };
| }
| {
|   // Test initializer lists
|   cxx11test::testinit il = { 4323, 435234.23544 };
| }
| {
|   // Test range-based for
|   int array[] = {9, 7, 13, 15, 4, 18, 12, 10, 5, 3,
|                  14, 19, 17, 8, 6, 20, 16, 2, 11, 1};
|   for (auto &x : array) { x += 23; }
| }
| {
|   // Test lambda expressions
|   using cxx11test::eval;
|   assert (eval ([](int x) { return x*2; }, 21) == 42);
|   double d = 2.0;
|   assert (eval ([&](double x) { return d += x; }, 3.0) == 5.0);
|   assert (d == 5.0);
|   assert (eval ([=](double x) mutable { return d += x; }, 4.0) == 9.0);
|   assert (d == 5.0);
| }
| {
|   // Test use of variadic templates
|   using cxx11test::sum;
|   auto a = sum(1);
|   auto b = sum(1, 2);
|   auto c = sum(1.0, 2.0, 3.0);
| }
| {
|   // Test constructor delegation
|   cxx11test::delegate d1;
|   cxx11test::delegate d2();
|   cxx11test::delegate d3(45);
| }
| {
|   // Test override and final
|   cxx11test::overridden o1(55464);
| }
| {
|   // Test nullptr
|   char *c = nullptr;
| }
| {
|   // Test template brackets
|   test_template<::test_template<int>> v(test_template<int>(12));
| }
| {
|   // Unicode literals
|   char const *utf8 = u8"UTF-8 string \u2500";
|   char16_t const *utf16 = u"UTF-8 string \u2500";
|   char32_t const *utf32 = U"UTF-32 string \u2500";
| }
| 
|   return ok;
| }
| 
configure:4131: result: unsupported
configure:4149: checking for /home/erion/Projects/buildroot/output/host/bin/aarch64-buildroot-linux-gnu-g++ option to enable C++98 features
configure:4164: /home/erion/Projects/buildroot/output/host/bin/aarch64-buildroot-linux-gnu-g++  -c -O2 -fno-lto  conftest.cpp >&5
/home/erion/Projects/buildroot/output/build/glibc-2.38-44-gd37c2b20a4787463d192b32041c3406c2bd91de0/configure: line 1673: /home/erion/Projects/buildroot/output/host/bin/aarch64-buildroot-linux-gnu-g++: No such file or directory
configure:4164: $? = 127
configure: failed program was:
| /* confdefs.h */
| #define PACKAGE_NAME "GNU C Library"
| #define PACKAGE_TARNAME "glibc"
| #define PACKAGE_VERSION "(see version.h)"
| #define PACKAGE_STRING "GNU C Library (see version.h)"
| #define PACKAGE_BUGREPORT "https://sourceware.org/bugzilla/"
| #define PACKAGE_URL "https://www.gnu.org/software/glibc/"
| #define PKGVERSION "(Buildroot) "
| #define REPORT_BUGS_TO "<https://www.gnu.org/software/libc/bugs.html>"
| /* end confdefs.h.  */
| 
| // Does the compiler advertise C++98 conformance?
| #if !defined __cplusplus || __cplusplus < 199711L
| # error "Compiler does not advertise C++98 conformance"
| #endif
| 
| // These inclusions are to reject old compilers that
| // lack the unsuffixed header files.
| #include <cstdlib>
| #include <exception>
| 
| // <cassert> and <cstring> are *not* freestanding headers in C++98.
| extern void assert (int);
| namespace std {
|   extern int strcmp (const char *, const char *);
| }
| 
| // Namespaces, exceptions, and templates were all added after "C++ 2.0".
| using std::exception;
| using std::strcmp;
| 
| namespace {
| 
| void test_exception_syntax()
| {
|   try {
|     throw "test";
|   } catch (const char *s) {
|     // Extra parentheses suppress a warning when building autoconf itself,
|     // due to lint rules shared with more typical C programs.
|     assert (!(strcmp) (s, "test"));
|   }
| }
| 
| template <typename T> struct test_template
| {
|   T const val;
|   explicit test_template(T t) : val(t) {}
|   template <typename U> T add(U u) { return static_cast<T>(u) + val; }
| };
| 
| } // anonymous namespace
| 
| int
| main (int argc, char **argv)
| {
|   int ok = 0;
|   
|   assert (argc);
|   assert (! argv[0]);
| {
|   test_exception_syntax ();
|   test_template<double> tt (2.0);
|   assert (tt.add (4) == 6.0);
|   assert (true && !false);
| }
| 
|   return ok;
| }
| 
configure:4164: /home/erion/Projects/buildroot/output/host/bin/aarch64-buildroot-linux-gnu-g++ -std=gnu++98 -c -O2 -fno-lto  conftest.cpp >&5
/home/erion/Projects/buildroot/output/build/glibc-2.38-44-gd37c2b20a4787463d192b32041c3406c2bd91de0/configure: line 1673: /home/erion/Projects/buildroot/output/host/bin/aarch64-buildroot-linux-gnu-g++: No such file or directory
configure:4164: $? = 127
configure: failed program was:
| /* confdefs.h */
| #define PACKAGE_NAME "GNU C Library"
| #define PACKAGE_TARNAME "glibc"
| #define PACKAGE_VERSION "(see version.h)"
| #define PACKAGE_STRING "GNU C Library (see version.h)"
| #define PACKAGE_BUGREPORT "https://sourceware.org/bugzilla/"
| #define PACKAGE_URL "https://www.gnu.org/software/glibc/"
| #define PKGVERSION "(Buildroot) "
| #define REPORT_BUGS_TO "<https://www.gnu.org/software/libc/bugs.html>"
| /* end confdefs.h.  */
| 
| // Does the compiler advertise C++98 conformance?
| #if !defined __cplusplus || __cplusplus < 199711L
| # error "Compiler does not advertise C++98 conformance"
| #endif
| 
| // These inclusions are to reject old compilers that
| // lack the unsuffixed header files.
| #include <cstdlib>
| #include <exception>
| 
| // <cassert> and <cstring> are *not* freestanding headers in C++98.
| extern void assert (int);
| namespace std {
|   extern int strcmp (const char *, const char *);
| }
| 
| // Namespaces, exceptions, and templates were all added after "C++ 2.0".
| using std::exception;
| using std::strcmp;
| 
| namespace {
| 
| void test_exception_syntax()
| {
|   try {
|     throw "test";
|   } catch (const char *s) {
|     // Extra parentheses suppress a warning when building autoconf itself,
|     // due to lint rules shared with more typical C programs.
|     assert (!(strcmp) (s, "test"));
|   }
| }
| 
| template <typename T> struct test_template
| {
|   T const val;
|   explicit test_template(T t) : val(t) {}
|   template <typename U> T add(U u) { return static_cast<T>(u) + val; }
| };
| 
| } // anonymous namespace
| 
| int
| main (int argc, char **argv)
| {
|   int ok = 0;
|   
|   assert (argc);
|   assert (! argv[0]);
| {
|   test_exception_syntax ();
|   test_template<double> tt (2.0);
|   assert (tt.add (4) == 6.0);
|   assert (true && !false);
| }
| 
|   return ok;
| }
| 
configure:4164: /home/erion/Projects/buildroot/output/host/bin/aarch64-buildroot-linux-gnu-g++ -std=c++98 -c -O2 -fno-lto  conftest.cpp >&5
/home/erion/Projects/buildroot/output/build/glibc-2.38-44-gd37c2b20a4787463d192b32041c3406c2bd91de0/configure: line 1673: /home/erion/Projects/buildroot/output/host/bin/aarch64-buildroot-linux-gnu-g++: No such file or directory
configure:4164: $? = 127
configure: failed program was:
| /* confdefs.h */
| #define PACKAGE_NAME "GNU C Library"
| #define PACKAGE_TARNAME "glibc"
| #define PACKAGE_VERSION "(see version.h)"
| #define PACKAGE_STRING "GNU C Library (see version.h)"
| #define PACKAGE_BUGREPORT "https://sourceware.org/bugzilla/"
| #define PACKAGE_URL "https://www.gnu.org/software/glibc/"
| #define PKGVERSION "(Buildroot) "
| #define REPORT_BUGS_TO "<https://www.gnu.org/software/libc/bugs.html>"
| /* end confdefs.h.  */
| 
| // Does the compiler advertise C++98 conformance?
| #if !defined __cplusplus || __cplusplus < 199711L
| # error "Compiler does not advertise C++98 conformance"
| #endif
| 
| // These inclusions are to reject old compilers that
| // lack the unsuffixed header files.
| #include <cstdlib>
| #include <exception>
| 
| // <cassert> and <cstring> are *not* freestanding headers in C++98.
| extern void assert (int);
| namespace std {
|   extern int strcmp (const char *, const char *);
| }
| 
| // Namespaces, exceptions, and templates were all added after "C++ 2.0".
| using std::exception;
| using std::strcmp;
| 
| namespace {
| 
| void test_exception_syntax()
| {
|   try {
|     throw "test";
|   } catch (const char *s) {
|     // Extra parentheses suppress a warning when building autoconf itself,
|     // due to lint rules shared with more typical C programs.
|     assert (!(strcmp) (s, "test"));
|   }
| }
| 
| template <typename T> struct test_template
| {
|   T const val;
|   explicit test_template(T t) : val(t) {}
|   template <typename U> T add(U u) { return static_cast<T>(u) + val; }
| };
| 
| } // anonymous namespace
| 
| int
| main (int argc, char **argv)
| {
|   int ok = 0;
|   
|   assert (argc);
|   assert (! argv[0]);
| {
|   test_exception_syntax ();
|   test_template<double> tt (2.0);
|   assert (tt.add (4) == 6.0);
|   assert (true && !false);
| }
| 
|   return ok;
| }
| 
configure:4164: /home/erion/Projects/buildroot/output/host/bin/aarch64-buildroot-linux-gnu-g++ -qlanglvl=extended -c -O2 -fno-lto  conftest.cpp >&5
/home/erion/Projects/buildroot/output/build/glibc-2.38-44-gd37c2b20a4787463d192b32041c3406c2bd91de0/configure: line 1673: /home/erion/Projects/buildroot/output/host/bin/aarch64-buildroot-linux-gnu-g++: No such file or directory
configure:4164: $? = 127
configure: failed program was:
| /* confdefs.h */
| #define PACKAGE_NAME "GNU C Library"
| #define PACKAGE_TARNAME "glibc"
| #define PACKAGE_VERSION "(see version.h)"
| #define PACKAGE_STRING "GNU C Library (see version.h)"
| #define PACKAGE_BUGREPORT "https://sourceware.org/bugzilla/"
| #define PACKAGE_URL "https://www.gnu.org/software/glibc/"
| #define PKGVERSION "(Buildroot) "
| #define REPORT_BUGS_TO "<https://www.gnu.org/software/libc/bugs.html>"
| /* end confdefs.h.  */
| 
| // Does the compiler advertise C++98 conformance?
| #if !defined __cplusplus || __cplusplus < 199711L
| # error "Compiler does not advertise C++98 conformance"
| #endif
| 
| // These inclusions are to reject old compilers that
| // lack the unsuffixed header files.
| #include <cstdlib>
| #include <exception>
| 
| // <cassert> and <cstring> are *not* freestanding headers in C++98.
| extern void assert (int);
| namespace std {
|   extern int strcmp (const char *, const char *);
| }
| 
| // Namespaces, exceptions, and templates were all added after "C++ 2.0".
| using std::exception;
| using std::strcmp;
| 
| namespace {
| 
| void test_exception_syntax()
| {
|   try {
|     throw "test";
|   } catch (const char *s) {
|     // Extra parentheses suppress a warning when building autoconf itself,
|     // due to lint rules shared with more typical C programs.
|     assert (!(strcmp) (s, "test"));
|   }
| }
| 
| template <typename T> struct test_template
| {
|   T const val;
|   explicit test_template(T t) : val(t) {}
|   template <typename U> T add(U u) { return static_cast<T>(u) + val; }
| };
| 
| } // anonymous namespace
| 
| int
| main (int argc, char **argv)
| {
|   int ok = 0;
|   
|   assert (argc);
|   assert (! argv[0]);
| {
|   test_exception_syntax ();
|   test_template<double> tt (2.0);
|   assert (tt.add (4) == 6.0);
|   assert (true && !false);
| }
| 
|   return ok;
| }
| 
configure:4164: /home/erion/Projects/buildroot/output/host/bin/aarch64-buildroot-linux-gnu-g++ -AA -c -O2 -fno-lto  conftest.cpp >&5
/home/erion/Projects/buildroot/output/build/glibc-2.38-44-gd37c2b20a4787463d192b32041c3406c2bd91de0/configure: line 1673: /home/erion/Projects/buildroot/output/host/bin/aarch64-buildroot-linux-gnu-g++: No such file or directory
configure:4164: $? = 127
configure: failed program was:
| /* confdefs.h */
| #define PACKAGE_NAME "GNU C Library"
| #define PACKAGE_TARNAME "glibc"
| #define PACKAGE_VERSION "(see version.h)"
| #define PACKAGE_STRING "GNU C Library (see version.h)"
| #define PACKAGE_BUGREPORT "https://sourceware.org/bugzilla/"
| #define PACKAGE_URL "https://www.gnu.org/software/glibc/"
| #define PKGVERSION "(Buildroot) "
| #define REPORT_BUGS_TO "<https://www.gnu.org/software/libc/bugs.html>"
| /* end confdefs.h.  */
| 
| // Does the compiler advertise C++98 conformance?
| #if !defined __cplusplus || __cplusplus < 199711L
| # error "Compiler does not advertise C++98 conformance"
| #endif
| 
| // These inclusions are to reject old compilers that
| // lack the unsuffixed header files.
| #include <cstdlib>
| #include <exception>
| 
| // <cassert> and <cstring> are *not* freestanding headers in C++98.
| extern void assert (int);
| namespace std {
|   extern int strcmp (const char *, const char *);
| }
| 
| // Namespaces, exceptions, and templates were all added after "C++ 2.0".
| using std::exception;
| using std::strcmp;
| 
| namespace {
| 
| void test_exception_syntax()
| {
|   try {
|     throw "test";
|   } catch (const char *s) {
|     // Extra parentheses suppress a warning when building autoconf itself,
|     // due to lint rules shared with more typical C programs.
|     assert (!(strcmp) (s, "test"));
|   }
| }
| 
| template <typename T> struct test_template
| {
|   T const val;
|   explicit test_template(T t) : val(t) {}
|   template <typename U> T add(U u) { return static_cast<T>(u) + val; }
| };
| 
| } // anonymous namespace
| 
| int
| main (int argc, char **argv)
| {
|   int ok = 0;
|   
|   assert (argc);
|   assert (! argv[0]);
| {
|   test_exception_syntax ();
|   test_template<double> tt (2.0);
|   assert (tt.add (4) == 6.0);
|   assert (true && !false);
| }
| 
|   return ok;
| }
| 
configure:4177: result: unsupported
configure:4202: checking whether /home/erion/Projects/buildroot/output/host/bin/aarch64-buildroot-linux-gnu-g++ can link programs
configure:4226: /home/erion/Projects/buildroot/output/host/bin/aarch64-buildroot-linux-gnu-g++ -o conftest -O2 -fno-lto   conftest.cpp  >&5
/home/erion/Projects/buildroot/output/build/glibc-2.38-44-gd37c2b20a4787463d192b32041c3406c2bd91de0/configure: line 1712: /home/erion/Projects/buildroot/output/host/bin/aarch64-buildroot-linux-gnu-g++: No such file or directory
configure:4226: $? = 127
configure: failed program was:
| /* confdefs.h */
| #define PACKAGE_NAME "GNU C Library"
| #define PACKAGE_TARNAME "glibc"
| #define PACKAGE_VERSION "(see version.h)"
| #define PACKAGE_STRING "GNU C Library (see version.h)"
| #define PACKAGE_BUGREPORT "https://sourceware.org/bugzilla/"
| #define PACKAGE_URL "https://www.gnu.org/software/glibc/"
| #define PKGVERSION "(Buildroot) "
| #define REPORT_BUGS_TO "<https://www.gnu.org/software/libc/bugs.html>"
| /* end confdefs.h.  */
| 
| int
| main (void)
| {
| 
|   ;
|   return 0;
| }
configure:4250: /home/erion/Projects/buildroot/output/host/bin/aarch64-buildroot-linux-gnu-g++ -o conftest -O2 -fno-lto   -static conftest.cpp  >&5
/home/erion/Projects/buildroot/output/build/glibc-2.38-44-gd37c2b20a4787463d192b32041c3406c2bd91de0/configure: line 1712: /home/erion/Projects/buildroot/output/host/bin/aarch64-buildroot-linux-gnu-g++: No such file or directory
configure:4250: $? = 127
configure: failed program was:
| /* confdefs.h */
| #define PACKAGE_NAME "GNU C Library"
| #define PACKAGE_TARNAME "glibc"
| #define PACKAGE_VERSION "(see version.h)"
| #define PACKAGE_STRING "GNU C Library (see version.h)"
| #define PACKAGE_BUGREPORT "https://sourceware.org/bugzilla/"
| #define PACKAGE_URL "https://www.gnu.org/software/glibc/"
| #define PKGVERSION "(Buildroot) "
| #define REPORT_BUGS_TO "<https://www.gnu.org/software/libc/bugs.html>"
| /* end confdefs.h.  */
| 
| #include <iostream>
| 
| int
| main()
| {
|   std::cout << "Hello, world!";
|   return 0;
| }
| 
configure:4266: result: no
configure:4811: /home/erion/Projects/buildroot/output/host/bin/aarch64-buildroot-linux-gnu-cpp  conftest.c
conftest.c:18:3: error: #error no CET compiler support
   18 | # error no CET compiler support
      |   ^~~~~
configure:4811: $? = 1
configure: failed program was:
| /* confdefs.h */
| #define PACKAGE_NAME "GNU C Library"
| #define PACKAGE_TARNAME "glibc"
| #define PACKAGE_VERSION "(see version.h)"
| #define PACKAGE_STRING "GNU C Library (see version.h)"
| #define PACKAGE_BUGREPORT "https://sourceware.org/bugzilla/"
| #define PACKAGE_URL "https://www.gnu.org/software/glibc/"
| #define PKGVERSION "(Buildroot) "
| #define REPORT_BUGS_TO "<https://www.gnu.org/software/libc/bugs.html>"
| #define TIMEOUTFACTOR 1
| /* end confdefs.h.  */
| 
| int
| main (void)
| {
| 
| #ifndef __CET__
| # error no CET compiler support
| #endif
|   ;
|   return 0;
| }
configure:4901: checking for sysdeps preconfigure fragments
configure:6: checking for grep that handles long lines and -e
configure:70: result: /usr/bin/grep
configure:75: checking for egrep
configure:143: result: /usr/bin/grep -E
configure:6: checking for grep that handles long lines and -e
configure:70: result: /usr/bin/grep
configure:75: checking for egrep
configure:143: result: /usr/bin/grep -E
configure:4908: result: 
configure:4954: checking for a BSD-compatible install
configure:5027: result: /usr/bin/install -c
configure:5042: checking whether ln -s works
configure:5046: result: yes
configure:5244: checking for /home/erion/Projects/buildroot/output/host/bin/aarch64-buildroot-linux-gnu-ld
configure:5276: result: /home/erion/Projects/buildroot/output/host/bin/aarch64-buildroot-linux-gnu-ld
configure:5291: checking version of /home/erion/Projects/buildroot/output/host/bin/aarch64-buildroot-linux-gnu-ld
configure:5301: result: 2.40, ok
configure:5318: checking for gnumake
configure:5350: result: /usr/bin/make 
configure:5365: checking version of /usr/bin/make 
configure:5375: result: 4.4.1, ok
configure:5387: checking for gnumsgfmt
configure:5422: result: no
configure:5387: checking for gmsgfmt
configure:5422: result: no
configure:5387: checking for msgfmt
configure:5408: found /usr/bin/msgfmt
configure:5419: result: msgfmt
configure:5434: checking version of msgfmt
configure:5444: result: 0.22.5, ok
configure:5455: checking for makeinfo
configure:5476: found /usr/bin/makeinfo
configure:5487: result: makeinfo
configure:5502: checking version of makeinfo
configure:5512: result: 7.1, ok
configure:5523: checking for sed
configure:5544: found /usr/bin/sed
configure:5555: result: sed
configure:5570: checking version of sed
configure:5580: result: 4.9, ok
configure:5591: checking for gawk
configure:5612: found /home/erion/Projects/buildroot/output/host/bin/gawk
configure:5623: result: gawk
configure:5638: checking version of gawk
configure:5648: result: 5.3.0, ok
configure:5659: checking for bison
configure:5680: found /home/erion/Projects/buildroot/output/host/bin/bison
configure:5691: result: bison
configure:5706: checking version of bison
configure:5716: result: 3.8.2, ok
configure:5724: checking if /home/erion/Projects/buildroot/output/host/bin/aarch64-buildroot-linux-gnu-gcc is sufficient to build libc
configure:5745: /home/erion/Projects/buildroot/output/host/bin/aarch64-buildroot-linux-gnu-cpp  conftest.c
configure:5745: $? = 0
configure:5753: result: yes
configure:5841: checking for python3
configure:5862: found /usr/bin/python3
configure:5873: result: python3
configure:5888: checking version of python3
configure:5898: result: 3.12.4, ok
configure:5923: checking for use of fpu sysdeps directories
configure:5943: result: yes
configure:5947: checking for -fstack-protector
configure:5966: result: no
configure:5969: checking for -fstack-protector-strong
configure:5976: /home/erion/Projects/buildroot/output/host/bin/aarch64-buildroot-linux-gnu-gcc -O2 -fno-lto  -Werror -fstack-protector-strong -xc /dev/null -S -o /dev/null
configure:5979: $? = 0
configure:5988: result: yes
configure:5991: checking for -fstack-protector-all
configure:5998: /home/erion/Projects/buildroot/output/host/bin/aarch64-buildroot-linux-gnu-gcc -O2 -fno-lto  -Werror -fstack-protector-all -xc /dev/null -S -o /dev/null
configure:6001: $? = 0
configure:6010: result: yes
configure:6053: checking for assembler and linker STT_GNU_IFUNC support

Relocation section '.rela.dyn' at offset 0x220 contains 1 entry:
  Offset          Info           Type           Sym. Value    Sym. Name + Addend
000000002000  000000000408 R_AARCH64_IRELATI                    280

Relocation section '.rela.plt' at offset 0x238 contains 1 entry:
  Offset          Info           Type           Sym. Value    Sym. Name + Addend
000000001ff0  000000000408 R_AARCH64_IRELATI                    280
configure:6085: result: yes
configure:6089: checking for gcc attribute ifunc support
configure:6116: result: yes
configure:6121: checking whether the linker supports textrels along with ifunc
configure:6152: /home/erion/Projects/buildroot/output/host/bin/aarch64-buildroot-linux-gnu-gcc -O2 -fno-lto   -nostartfiles -nostdlib -fno-stack-protector -pie -o conftest conftest.S
/home/erion/Projects/buildroot/output/host/lib/gcc/aarch64-buildroot-linux-gnu/12.3.0/../../../../aarch64-buildroot-linux-gnu/bin/ld: warning: GNU indirect functions with DT_TEXTREL may result in a segfault at runtime; recompile with -fPIE
configure:6155: $? = 0
configure:6162: result: yes
configure:6167: checking for GNU attribute retain support
configure:6183: result: yes
configure:6193: checking if compiler warns about alias for function with incompatible types
conftest.c:9:34: error: 'foo_alias' alias between functions of incompatible types 'int(const void *, int)' and 'int (*(void))(const void *, int)' [-Werror=attribute-alias=]
    9 | extern __typeof (__redirect_foo) foo_alias __attribute__ ((alias ("foo")));
      |                                  ^~~~~~~~~
conftest.c:4:28: note: aliased declaration here
    4 | __typeof (__redirect_foo) *foo_impl (void)
      |                            ^~~~~~~~
cc1: all warnings being treated as errors
configure:6216: result: yes
configure:6254: checking sysdep dirs
configure:6452: result: sysdeps/generic
configure:6500: checking LD_LIBRARY_PATH variable
configure:6510: result: ok
configure:6521: checking for bash
configure:6557: result: /bin/sh
configure:6568: checking for perl
configure:6604: result: /usr/bin/perl
configure:6618: checking for install-info
configure:6642: found /usr/bin/install-info
configure:6655: result: /usr/bin/install-info
configure:6664: checking for .set assembler directive
configure:6691: result: yes
configure:6698: checking linker support for protected data symbol
configure:6709: /home/erion/Projects/buildroot/output/host/bin/aarch64-buildroot-linux-gnu-gcc -nostdlib -nostartfiles -fno-stack-protector -fPIC -shared conftest.c -o conftest.so
configure:6712: $? = 0
configure:6719: /home/erion/Projects/buildroot/output/host/bin/aarch64-buildroot-linux-gnu-gcc -nostdlib -nostartfiles -fno-stack-protector conftest.c -o conftest conftest.so
/home/erion/Projects/buildroot/output/host/lib/gcc/aarch64-buildroot-linux-gnu/12.3.0/../../../../aarch64-buildroot-linux-gnu/bin/ld: warning: cannot find entry symbol _start; defaulting to 00000000000002d0
configure:6722: $? = 0
configure:6730: result: yes
configure:6734: checking linker support for INSERT in linker script
configure:6753: /home/erion/Projects/buildroot/output/host/bin/aarch64-buildroot-linux-gnu-gcc -nostdlib -nostartfiles -fno-stack-protector -fPIC -shared conftest.c -Wl,-T,conftest.t -o conftest.so
/home/erion/Projects/buildroot/output/host/lib/gcc/aarch64-buildroot-linux-gnu/12.3.0/../../../../aarch64-buildroot-linux-gnu/bin/ld: warning: conftest.so has a LOAD segment with RWX permissions
configure:6756: $? = 0
configure:6763: result: yes
configure:6767: checking for broken __attribute__((alias()))
configure:6783: /home/erion/Projects/buildroot/output/host/bin/aarch64-buildroot-linux-gnu-gcc -Werror -S conftest.c -o conftest.s 1>&5
configure:6786: $? = 0
configure:6796: result: no
configure:6802: checking whether to put _rtld_local into .sdata section
configure:6817: result: no
configure:6824: checking for libunwind-support in compiler
configure:6842: result: no
configure:6851: checking whether --noexecstack is desirable for .S files
configure:6862: /home/erion/Projects/buildroot/output/host/bin/aarch64-buildroot-linux-gnu-gcc -O2 -fno-lto 
		   -S -o conftest.s conftest.c 1>&5
configure:6865: $? = 0
configure:6870: /home/erion/Projects/buildroot/output/host/bin/aarch64-buildroot-linux-gnu-gcc  -Wa,--noexecstack
		      -c -o conftest.o conftest.s 1>&5
configure:6873: $? = 0
configure:6882: result: yes
configure:6889: checking for linker that supports -z execstack
configure:6899: /home/erion/Projects/buildroot/output/host/bin/aarch64-buildroot-linux-gnu-gcc -O2 -fno-lto   -fno-stack-protector
		  -Wl,-z,execstack -nostdlib -nostartfiles
		  -fPIC -shared -o conftest.so conftest.c
		  1>&5
configure:6902: $? = 0
configure:6919: result: yes
configure:6923: checking for linker that supports -z start-stop-gc
configure:6933: /home/erion/Projects/buildroot/output/host/bin/aarch64-buildroot-linux-gnu-gcc -O2 -fno-lto   -fno-stack-protector
		  -Wl,-z,start-stop-gc -nostdlib -nostartfiles
		  -fPIC -shared -o conftest.so conftest.c
		  1>&5
configure:6936: $? = 0
configure:6953: result: yes
configure:6958: checking for linker that supports --depaudit
configure:6968: /home/erion/Projects/buildroot/output/host/bin/aarch64-buildroot-linux-gnu-gcc -O2 -fno-lto   -fno-stack-protector
		  -Wl,--depaudit,x -nostdlib -nostartfiles
		  -fPIC -shared -o conftest.so conftest.c
		  1>&5
configure:6971: $? = 0
configure:6988: result: yes
configure:6993: checking for linker that supports -z pack-relative-relocs
configure:7003: /home/erion/Projects/buildroot/output/host/bin/aarch64-buildroot-linux-gnu-gcc -O2 -fno-lto   -fno-stack-protector
		  -Wl,-z,pack-relative-relocs -nostdlib -nostartfiles
		  -fPIC -shared -o conftest.so conftest.c
		  1>&5
/home/erion/Projects/buildroot/output/host/lib/gcc/aarch64-buildroot-linux-gnu/12.3.0/../../../../aarch64-buildroot-linux-gnu/bin/ld: warning: -z pack-relative-relocs ignored
configure:7006: $? = 0
configure:7023: result: no
configure:7028: checking for linker that supports --no-dynamic-linker
configure:7038: /home/erion/Projects/buildroot/output/host/bin/aarch64-buildroot-linux-gnu-gcc -O2 -fno-lto   -fno-stack-protector
		  -Wl,--no-dynamic-linker -nostdlib -nostartfiles
		  -fPIC -shared -o conftest.so conftest.c
		  1>&5
configure:7041: $? = 0
configure:7058: result: yes
configure:7063: checking for -static-pie
configure:7070: /home/erion/Projects/buildroot/output/host/bin/aarch64-buildroot-linux-gnu-gcc -static-pie -xc /dev/null -S -o /dev/null
configure:7073: $? = 0
configure:7082: result: yes
configure:7087: checking for -fpie
configure:7094: /home/erion/Projects/buildroot/output/host/bin/aarch64-buildroot-linux-gnu-gcc -fpie -xc /dev/null -S -o /dev/null
configure:7097: $? = 0
configure:7106: result: yes
configure:7111: checking for GLOB_DAT reloc
configure:7125: /home/erion/Projects/buildroot/output/host/bin/aarch64-buildroot-linux-gnu-gcc -O2 -fno-lto  
			-fPIC -shared -o conftest.so conftest.c
			-nostdlib -nostartfiles -fno-stack-protector
			1>&5
configure:7128: $? = 0
configure:7141: result: yes
configure:7145: checking for -mtls-dialect=gnu2
configure:7160: /home/erion/Projects/buildroot/output/host/bin/aarch64-buildroot-linux-gnu-gcc -O2 -fno-lto  -fPIC -mtls-dialect=gnu2 -nostdlib -nostartfiles
		   conftest.c -o conftest 1>&5
aarch64-buildroot-linux-gnu-gcc.br_real: error: unrecognized argument in option '-mtls-dialect=gnu2'
aarch64-buildroot-linux-gnu-gcc.br_real: note: valid arguments to '-mtls-dialect=' are: desc trad
configure:7163: $? = 1
configure:7172: result: no
configure:7178: checking if -Wno-ignored-attributes is required for aliases
configure:7193: /home/erion/Projects/buildroot/output/host/bin/aarch64-buildroot-linux-gnu-gcc -O2 -fno-lto  -Werror -c conftest.c
configure:7196: $? = 0
configure:7203: result: 
configure:7208: checking whether cc puts quotes around section names
configure:7230: result: no
configure:7237: checking for __builtin_memset
configure:7250: /home/erion/Projects/buildroot/output/host/bin/aarch64-buildroot-linux-gnu-gcc -O3 -S conftest.c -o - | grep -F memset > /dev/null
configure:7253: $? = 0
configure:7262: result: no
configure:7269: checking for redirection of built-in functions
configure:7283: /home/erion/Projects/buildroot/output/host/bin/aarch64-buildroot-linux-gnu-gcc -O3 -S conftest.c -o - | grep -F my_strstr > /dev/null
configure:7286: $? = 0
configure:7295: result: yes
configure:7301: checking for compiler option to disable generation of FMA instructions
configure:7310: /home/erion/Projects/buildroot/output/host/bin/aarch64-buildroot-linux-gnu-gcc -ffp-contract=off -xc /dev/null -S -o /dev/null
configure:7313: $? = 0
configure:7320: result: -ffp-contract=off
configure:7354: checking for compiler option that -fsignaling-nans
configure:7361: /home/erion/Projects/buildroot/output/host/bin/aarch64-buildroot-linux-gnu-gcc -Werror -fsignaling-nans -xc /dev/null -S -o /dev/null
configure:7364: $? = 0
configure:7373: result: -fsignaling-nans
configure:7378: checking if /home/erion/Projects/buildroot/output/host/bin/aarch64-buildroot-linux-gnu-gcc accepts -fno-tree-loop-distribute-patterns with __attribute__ ((__optimize__))
configure:7393: /home/erion/Projects/buildroot/output/host/bin/aarch64-buildroot-linux-gnu-gcc -O2 -fno-lto  -c conftest.c
configure:7396: $? = 0
configure:7403: result: yes
configure:7411: checking for libgd
configure:7445: result: no
configure:7454: checking for is_selinux_enabled in -lselinux
configure:7477: /home/erion/Projects/buildroot/output/host/bin/aarch64-buildroot-linux-gnu-gcc -o conftest -O2 -fno-lto   conftest.c -lselinux   >&5
/home/erion/Projects/buildroot/output/host/lib/gcc/aarch64-buildroot-linux-gnu/12.3.0/../../../../aarch64-buildroot-linux-gnu/bin/ld: cannot find Scrt1.o: No such file or directory
/home/erion/Projects/buildroot/output/host/lib/gcc/aarch64-buildroot-linux-gnu/12.3.0/../../../../aarch64-buildroot-linux-gnu/bin/ld: cannot find crti.o: No such file or directory
/home/erion/Projects/buildroot/output/host/lib/gcc/aarch64-buildroot-linux-gnu/12.3.0/../../../../aarch64-buildroot-linux-gnu/bin/ld: cannot find -lselinux: No such file or directory
/home/erion/Projects/buildroot/output/host/lib/gcc/aarch64-buildroot-linux-gnu/12.3.0/../../../../aarch64-buildroot-linux-gnu/bin/ld: cannot find -lc: No such file or directory
/home/erion/Projects/buildroot/output/host/lib/gcc/aarch64-buildroot-linux-gnu/12.3.0/../../../../aarch64-buildroot-linux-gnu/bin/ld: cannot find crtn.o: No such file or directory
collect2: error: ld returned 1 exit status
configure:7477: $? = 1
configure: failed program was:
| /* confdefs.h */
| #define PACKAGE_NAME "GNU C Library"
| #define PACKAGE_TARNAME "glibc"
| #define PACKAGE_VERSION "(see version.h)"
| #define PACKAGE_STRING "GNU C Library (see version.h)"
| #define PACKAGE_BUGREPORT "https://sourceware.org/bugzilla/"
| #define PACKAGE_URL "https://www.gnu.org/software/glibc/"
| #define PKGVERSION "(Buildroot) "
| #define REPORT_BUGS_TO "<https://www.gnu.org/software/libc/bugs.html>"
| #define TIMEOUTFACTOR 1
| #define USE_PPC_SCV 1
| #define STACK_PROTECTOR_LEVEL 0
| #define HAVE_GNU_RETAIN 1
| #define USE_MULTIARCH 1
| #define HAVE_ASM_SET_DIRECTIVE 1
| #define HAVE_CC_INHIBIT_LOOP_TO_LIBCALL 1
| /* end confdefs.h.  */
| 
| /* Override any GCC internal prototype to avoid an error.
|    Use char because int might match the return type of a GCC
|    builtin and then its argument prototype would still apply.  */
| char is_selinux_enabled ();
| int
| main (void)
| {
| return is_selinux_enabled ();
|   ;
|   return 0;
| }
configure:7487: result: no
configure:7613: checking for maximum supported _FORTIFY_SOURCE level
configure:7631: /home/erion/Projects/buildroot/output/host/bin/aarch64-buildroot-linux-gnu-gcc -o conftest -O2 -fno-lto   conftest.c  >&5
/home/erion/Projects/buildroot/output/host/lib/gcc/aarch64-buildroot-linux-gnu/12.3.0/../../../../aarch64-buildroot-linux-gnu/bin/ld: cannot find Scrt1.o: No such file or directory
/home/erion/Projects/buildroot/output/host/lib/gcc/aarch64-buildroot-linux-gnu/12.3.0/../../../../aarch64-buildroot-linux-gnu/bin/ld: cannot find crti.o: No such file or directory
/home/erion/Projects/buildroot/output/host/lib/gcc/aarch64-buildroot-linux-gnu/12.3.0/../../../../aarch64-buildroot-linux-gnu/bin/ld: cannot find -lc: No such file or directory
/home/erion/Projects/buildroot/output/host/lib/gcc/aarch64-buildroot-linux-gnu/12.3.0/../../../../aarch64-buildroot-linux-gnu/bin/ld: cannot find crtn.o: No such file or directory
collect2: error: ld returned 1 exit status
configure:7631: $? = 1
configure: failed program was:
| /* confdefs.h */
| #define PACKAGE_NAME "GNU C Library"
| #define PACKAGE_TARNAME "glibc"
| #define PACKAGE_VERSION "(see version.h)"
| #define PACKAGE_STRING "GNU C Library (see version.h)"
| #define PACKAGE_BUGREPORT "https://sourceware.org/bugzilla/"
| #define PACKAGE_URL "https://www.gnu.org/software/glibc/"
| #define PKGVERSION "(Buildroot) "
| #define REPORT_BUGS_TO "<https://www.gnu.org/software/libc/bugs.html>"
| #define TIMEOUTFACTOR 1
| #define USE_PPC_SCV 1
| #define STACK_PROTECTOR_LEVEL 0
| #define HAVE_GNU_RETAIN 1
| #define USE_MULTIARCH 1
| #define HAVE_ASM_SET_DIRECTIVE 1
| #define HAVE_CC_INHIBIT_LOOP_TO_LIBCALL 1
| /* end confdefs.h.  */
| 
| int
| main (void)
| {
| __builtin_dynamic_object_size("", 0)
|   ;
|   return 0;
| }
configure:7641: result: 2
configure:7673: checking whether the assembler requires one version per symbol
configure:7695: result: no
configure:7702: checking for __builtin_trap with no external dependencies
configure:7720: /home/erion/Projects/buildroot/output/host/bin/aarch64-buildroot-linux-gnu-gcc -c -O2 -fno-lto  conftest.c >&5
configure:7720: $? = 0
libc_undefs=''
configure:7735: result: yes
configure:7749: checking whether the C++ compiler supports thread_local
configure:7778:  -c -O2 -fno-lto -std=gnu++11  conftest.cpp >&5
/home/erion/Projects/buildroot/output/build/glibc-2.38-44-gd37c2b20a4787463d192b32041c3406c2bd91de0/configure: line 1673: -c: command not found
configure:7778: $? = 127
configure: failed program was:
| /* confdefs.h */
| #define PACKAGE_NAME "GNU C Library"
| #define PACKAGE_TARNAME "glibc"
| #define PACKAGE_VERSION "(see version.h)"
| #define PACKAGE_STRING "GNU C Library (see version.h)"
| #define PACKAGE_BUGREPORT "https://sourceware.org/bugzilla/"
| #define PACKAGE_URL "https://www.gnu.org/software/glibc/"
| #define PKGVERSION "(Buildroot) "
| #define REPORT_BUGS_TO "<https://www.gnu.org/software/libc/bugs.html>"
| #define TIMEOUTFACTOR 1
| #define USE_PPC_SCV 1
| #define STACK_PROTECTOR_LEVEL 0
| #define HAVE_GNU_RETAIN 1
| #define USE_MULTIARCH 1
| #define HAVE_ASM_SET_DIRECTIVE 1
| #define HAVE_CC_INHIBIT_LOOP_TO_LIBCALL 1
| #define HAVE_BUILTIN_TRAP 1
| /* end confdefs.h.  */
| 
| #include <thread>
| 
| // Compiler support.
| struct S
| {
|   S ();
|   ~S ();
| };
| thread_local S s;
| S * get () { return &s; }
| 
| // libstdc++ support.
| #ifndef _GLIBCXX_HAVE___CXA_THREAD_ATEXIT_IMPL
| #error __cxa_thread_atexit_impl not supported
| #endif
| 
configure:7788: result: no
configure:7819: result: running configure fragment for sysdeps/unix/sysv/linux/aarch64
configure:7819: result: running configure fragment for sysdeps/unix/sysv/linux
configure:10: checking installed Linux kernel header files
configure:30: /home/erion/Projects/buildroot/output/host/bin/aarch64-buildroot-linux-gnu-cpp  -nostdinc -isystem /home/erion/Projects/buildroot/output/host/lib/gcc/aarch64-buildroot-linux-gnu/12.3.0/include -isystem /home/erion/Projects/buildroot/output/host/lib/gcc/aarch64-buildroot-linux-gnu/12.3.0/include-fixed -isystem /home/erion/Projects/buildroot/output/host/aarch64-buildroot-linux-gnu/sysroot/usr/include conftest.c
configure:30: $? = 0
configure:38: result: 3.2.0 or later
configure:72: checking for kernel header at least 6.1
configure:91: /home/erion/Projects/buildroot/output/host/bin/aarch64-buildroot-linux-gnu-cpp  -nostdinc -isystem /home/erion/Projects/buildroot/output/host/lib/gcc/aarch64-buildroot-linux-gnu/12.3.0/include -isystem /home/erion/Projects/buildroot/output/host/lib/gcc/aarch64-buildroot-linux-gnu/12.3.0/include-fixed -isystem /home/erion/Projects/buildroot/output/host/aarch64-buildroot-linux-gnu/sysroot/usr/include conftest.c
configure:91: $? = 0
configure:98: result: ok
configure:7819: result: running configure fragment for sysdeps/gnu
configure:7819: result: running configure fragment for sysdeps/aarch64
configure:17: checking for grep that handles long lines and -e
configure:81: result: /usr/bin/grep
configure:86: checking for egrep
configure:154: result: /usr/bin/grep -E
configure:159: checking for big endian
configure:182: result: no
configure:197: checking for BTI support
configure:208: /home/erion/Projects/buildroot/output/host/bin/aarch64-buildroot-linux-gnu-gcc -O2 -fno-lto   -nostdlib -nostartfiles -fno-stack-protector -shared -fPIC -o conftest.so conftest.c
configure:211: $? = 0
configure:214: /home/erion/Projects/buildroot/output/host/bin/aarch64-buildroot-linux-gnu-readelf -lW conftest.so | grep -q GNU_PROPERTY
configure:217: $? = 1
configure:230: result: no
configure:244: checking if pac-ret is enabled
configure:256: /home/erion/Projects/buildroot/output/host/bin/aarch64-buildroot-linux-gnu-gcc -O2 -fno-lto  -S -o conftest.s conftest.c
configure:259: $? = 0
configure:262: grep -q -E '(hint( |	)+25|paciasp)' conftest.s
configure:265: $? = 1
configure:272: result: no
configure:280: checking for variant PCS support
configure:299: /home/erion/Projects/buildroot/output/host/bin/aarch64-buildroot-linux-gnu-gcc -O2 -fno-lto   -nostdlib -nostartfiles -fno-stack-protector -shared -fPIC -o conftest.so conftest.S
configure:302: $? = 0
configure:305: /home/erion/Projects/buildroot/output/host/bin/aarch64-buildroot-linux-gnu-readelf -dW conftest.so | grep -q AARCH64_VARIANT_PCS
configure:308: $? = 0
configure:315: result: yes
configure:321: checking for SVE support in assembler
configure:331: /home/erion/Projects/buildroot/output/host/bin/aarch64-buildroot-linux-gnu-gcc -c -march=armv8.2-a+sve conftest.s 1>&5
configure:334: $? = 0
configure:342: result: yes
configure:354: checking for availability of SVE ACLE
configure:364: /home/erion/Projects/buildroot/output/host/bin/aarch64-buildroot-linux-gnu-gcc -O2 -fno-lto  -fsyntax-only -ffreestanding conftest.c
configure:367: $? = 0
configure:375: result: yes
configure:7884: checking whether -fPIC is default
conftest.c:2:3: error: #error PIC is default.
    2 | # error PIC is default.
      |   ^~~~~
configure:7901: result: yes
configure:7906: checking whether -fPIE is default
conftest.c:2:3: error: #error PIE is default.
    2 | # error PIE is default.
      |   ^~~~~
configure:7923: result: yes
configure:7928: checking if we can build programs as PIE
configure:7936: /home/erion/Projects/buildroot/output/host/bin/aarch64-buildroot-linux-gnu-gcc -c -O2 -fno-lto  conftest.c >&5
configure:7936: $? = 0
configure:7943: result: yes
configure:7955: checking if we can build static PIE programs
configure:7966: /home/erion/Projects/buildroot/output/host/bin/aarch64-buildroot-linux-gnu-gcc -c -O2 -fno-lto  conftest.c >&5
configure:7966: $? = 0
configure:7974: result: yes
configure:8124: creating ./config.status

## ---------------------- ##
## Running config.status. ##
## ---------------------- ##

This file was extended by GNU C Library config.status (see version.h), which was
generated by GNU Autoconf 2.71.  Invocation command line was

  CONFIG_FILES    = 
  CONFIG_HEADERS  = 
  CONFIG_LINKS    = 
  CONFIG_COMMANDS = 
  $ ./config.status 

on archlinux

config.status:952: creating config.make
config.status:952: creating Makefile
config.status:952: creating config.h
config.status:1126: executing default commands

## ---------------- ##
## Cache variables. ##
## ---------------- ##

ac_cv_build=x86_64-pc-linux-gnu
ac_cv_c_compiler_gnu=yes
ac_cv_cxx_compiler_gnu=no
ac_cv_env_CCC_set=
ac_cv_env_CCC_value=
ac_cv_env_CC_set=set
ac_cv_env_CC_value=/home/erion/Projects/buildroot/output/host/bin/aarch64-buildroot-linux-gnu-gcc
ac_cv_env_CFLAGS_set=set
ac_cv_env_CFLAGS_value='-O2 -fno-lto'
ac_cv_env_CPPFLAGS_set=set
ac_cv_env_CPPFLAGS_value=
ac_cv_env_CPP_set=set
ac_cv_env_CPP_value=/home/erion/Projects/buildroot/output/host/bin/aarch64-buildroot-linux-gnu-cpp
ac_cv_env_CXXFLAGS_set=set
ac_cv_env_CXXFLAGS_value='-O2 -fno-lto'
ac_cv_env_CXX_set=set
ac_cv_env_CXX_value=/home/erion/Projects/buildroot/output/host/bin/aarch64-buildroot-linux-gnu-g++
ac_cv_env_LDFLAGS_set=set
ac_cv_env_LDFLAGS_value=
ac_cv_env_LIBS_set=
ac_cv_env_LIBS_value=
ac_cv_env_build_alias_set=set
ac_cv_env_build_alias_value=x86_64-pc-linux-gnu
ac_cv_env_host_alias_set=set
ac_cv_env_host_alias_value=aarch64-buildroot-linux-gnu
ac_cv_env_target_alias_set=set
ac_cv_env_target_alias_value=aarch64-buildroot-linux-gnu
ac_cv_host=aarch64-buildroot-linux-gnu
ac_cv_lib_selinux_is_selinux_enabled=no
ac_cv_objext=o
ac_cv_path_BASH_SHELL=/bin/sh
ac_cv_path_EGREP='/usr/bin/grep -E'
ac_cv_path_GREP=/usr/bin/grep
ac_cv_path_INSTALL_INFO=/usr/bin/install-info
ac_cv_path_PERL=/usr/bin/perl
ac_cv_path_install='/usr/bin/install -c'
ac_cv_prog_AWK=gawk
ac_cv_prog_BISON=bison
ac_cv_prog_BUILD_CC=gcc
ac_cv_prog_CC=/home/erion/Projects/buildroot/output/host/bin/aarch64-buildroot-linux-gnu-gcc
ac_cv_prog_LD=/home/erion/Projects/buildroot/output/host/bin/aarch64-buildroot-linux-gnu-ld
ac_cv_prog_MAKE='/usr/bin/make '
ac_cv_prog_MAKEINFO=makeinfo
ac_cv_prog_MSGFMT=msgfmt
ac_cv_prog_PYTHON_PROG=python3
ac_cv_prog_SED=sed
ac_cv_prog_cc_c11=
ac_cv_prog_cc_g=yes
ac_cv_prog_cc_stdc=
ac_cv_prog_cxx_cxx11=no
ac_cv_prog_cxx_cxx98=no
ac_cv_prog_cxx_g=no
libc_cv_aarch64_be=no
libc_cv_aarch64_bti=no
libc_cv_aarch64_pac_ret=no
libc_cv_aarch64_sve_acle=yes
libc_cv_aarch64_sve_asm=yes
libc_cv_aarch64_variant_pcs=yes
libc_cv_as_noexecstack=yes
libc_cv_asm_set_directive=yes
libc_cv_broken_alias_attribute=no
libc_cv_builtin_trap=yes
libc_cv_cc_loop_to_function=yes
libc_cv_cc_nofma=-ffp-contract=off
libc_cv_cc_pie_default=yes
libc_cv_cc_signaling_nans=-fsignaling-nans
libc_cv_cc_with_libunwind=no
libc_cv_compiler_default_cet=no
libc_cv_compiler_ok=yes
libc_cv_complocaledir='${exec_prefix}/lib/locale'
libc_cv_cxx_link_ok=no
libc_cv_cxx_thread_local=no
libc_cv_depaudit=yes
libc_cv_dt_relr=no
libc_cv_forced_unwind=yes
libc_cv_fortify_source=no
libc_cv_fpie=yes
libc_cv_gcc_builtin_memset=no
libc_cv_gcc_builtin_redirection=yes
libc_cv_gcc_incompatible_alias=yes
libc_cv_gcc_indirect_function=yes
libc_cv_gcc_unwind_find_fde=no
libc_cv_gnu_retain=yes
libc_cv_has_glob_dat=yes
libc_cv_have_sdata_section=no
libc_cv_have_section_quotes=no
libc_cv_idn=no
libc_cv_insert=yes
libc_cv_ld_gnu_indirect_function=yes
libc_cv_linux320='3.2.0 or later'
libc_cv_localstatedir=/var
libc_cv_mtls_dialect_gnu2=no
libc_cv_multidir=.
libc_cv_no_dynamic_linker=yes
libc_cv_nss_crypt=no
libc_cv_pic_default=yes
libc_cv_pie_supported=yes
libc_cv_protected_data=yes
libc_cv_rootsbindir=/sbin
libc_cv_rtlddir=/lib
libc_cv_slibdir=/lib64
libc_cv_ssp=no
libc_cv_ssp_all=yes
libc_cv_ssp_strong=yes
libc_cv_static_nss_crypt=no
libc_cv_static_pie=yes
libc_cv_static_pie_supported=yes
libc_cv_supported_fortify_source=2
libc_cv_symver_needs_alias=no
libc_cv_sysconfdir=/etc
libc_cv_textrel_ifunc=yes
libc_cv_with_fp=yes
libc_cv_with_lld=no
libc_cv_wno_ignored_attributes=
libc_cv_z_execstack=yes
libc_cv_z_start_stop_gc=yes

## ----------------- ##
## Output variables. ##
## ----------------- ##

AR='/home/erion/Projects/buildroot/output/host/bin/aarch64-buildroot-linux-gnu-gcc-ar'
ASFLAGS_config=' -Wa,--noexecstack'
AUTOCONF='no'
AWK='gawk'
BASH_SHELL='/bin/sh'
BISON='bison'
BUILD_CC='gcc'
CC='/home/erion/Projects/buildroot/output/host/bin/aarch64-buildroot-linux-gnu-gcc'
CFLAGS='-O2 -fno-lto'
CPP='/home/erion/Projects/buildroot/output/host/bin/aarch64-buildroot-linux-gnu-cpp'
CPPFLAGS=''
CXX=''
CXXFLAGS='-O2 -fno-lto'
CXX_BITS_STD_ABS_H=''
CXX_CMATH_HEADER=''
CXX_CSTDLIB_HEADER=''
CXX_SYSINCLUDES=''
DEFINES=''
DEFS='-DHAVE_CONFIG_H'
ECHO_C=''
ECHO_N='-n'
ECHO_T=''
GPROF='gprof'
INSTALL_DATA='${INSTALL} -m 644'
INSTALL_INFO='/usr/bin/install-info'
INSTALL_PROGRAM='${INSTALL}'
INSTALL_SCRIPT='${INSTALL}'
LD='/home/erion/Projects/buildroot/output/host/bin/aarch64-buildroot-linux-gnu-ld'
LDFLAGS=''
LIBGD='no'
LIBOBJS=''
LIBS=''
LN_S='ln -s'
LTLIBOBJS=''
MAKE='/usr/bin/make '
MAKEINFO='makeinfo'
MSGFMT='msgfmt'
NM='/home/erion/Projects/buildroot/output/host/bin/aarch64-buildroot-linux-gnu-gcc-nm'
OBJCOPY='/home/erion/Projects/buildroot/output/host/bin/aarch64-buildroot-linux-gnu-objcopy'
OBJDUMP='/home/erion/Projects/buildroot/output/host/bin/aarch64-buildroot-linux-gnu-objdump'
OBJEXT='o'
PACKAGE_BUGREPORT='https://sourceware.org/bugzilla/'
PACKAGE_NAME='GNU C Library'
PACKAGE_STRING='GNU C Library (see version.h)'
PACKAGE_TARNAME='glibc'
PACKAGE_URL='https://www.gnu.org/software/glibc/'
PACKAGE_VERSION='(see version.h)'
PATH_SEPARATOR=':'
PERL='/usr/bin/perl'
PKGVERSION='(Buildroot) '
PKGVERSION_TEXI='(Buildroot) '
PYTHON='python3 -B'
PYTHON_PROG='python3'
READELF='/home/erion/Projects/buildroot/output/host/bin/aarch64-buildroot-linux-gnu-readelf'
RELEASE='stable'
REPORT_BUGS_TEXI='@uref{https://www.gnu.org/software/libc/bugs.html}'
REPORT_BUGS_TO='<https://www.gnu.org/software/libc/bugs.html>'
SED='sed'
SHELL='/bin/sh'
SYSINCLUDES='-nostdinc -isystem /home/erion/Projects/buildroot/output/host/lib/gcc/aarch64-buildroot-linux-gnu/12.3.0/include -isystem /home/erion/Projects/buildroot/output/host/lib/gcc/aarch64-buildroot-linux-gnu/12.3.0/include-fixed -isystem /home/erion/Projects/buildroot/output/host/aarch64-buildroot-linux-gnu/sysroot/usr/include'
VERSION='2.38'
ac_ct_CC=''
ac_ct_CXX=''
all_warnings=''
base_machine='aarch64'
bindir='${exec_prefix}/bin'
bindnow='no'
build='x86_64-pc-linux-gnu'
build_alias='x86_64-pc-linux-gnu'
build_cpu='x86_64'
build_crypt='yes'
build_nscd='yes'
build_os='linux-gnu'
build_pt_chown='no'
build_vendor='pc'
cross_compiling='yes'
datadir='${datarootdir}'
datarootdir='${prefix}/share'
docdir='${datarootdir}/doc/${PACKAGE_TARNAME}'
dvidir='${docdir}'
enable_fortify_source='no'
enable_timezone_tools='yes'
enable_werror='no'
exec_prefix='${prefix}'
extra_nonshared_cflags=''
force_install='yes'
fortify_source='-Wp,-U_FORTIFY_SOURCE'
hardcoded_path_in_tests='no'
have_libaudit=''
have_libcap=''
have_selinux='no'
host='aarch64-buildroot-linux-gnu'
host_alias='aarch64-buildroot-linux-gnu'
host_cpu='aarch64'
host_os='linux-gnu'
host_vendor='buildroot'
htmldir='${docdir}'
includedir='${prefix}/include'
infodir='${datarootdir}/info'
ldd_rewrite_script='no'
libc_cv_cc_loop_to_function='yes'
libc_cv_cc_nofma='-ffp-contract=off'
libc_cv_cc_submachine=''
libc_cv_cc_with_libunwind='no'
libc_cv_complocaledir='${exec_prefix}/lib/locale'
libc_cv_cxx_thread_local='no'
libc_cv_fortify_source='no'
libc_cv_fpie='yes'
libc_cv_gcc_unwind_find_fde='no'
libc_cv_has_glob_dat='yes'
libc_cv_insert='yes'
libc_cv_localstatedir='/var'
libc_cv_mtls_dialect_gnu2='no'
libc_cv_multidir='.'
libc_cv_nss_crypt='no'
libc_cv_protected_data='yes'
libc_cv_rootsbindir='/sbin'
libc_cv_rtlddir='/lib'
libc_cv_slibdir='/lib64'
libc_cv_ssp='no'
libc_cv_static_nss_crypt='no'
libc_cv_sysconfdir='/etc'
libc_cv_textrel_ifunc='yes'
libc_cv_with_fp='yes'
libc_cv_z_execstack='yes'
libc_extra_cflags=''
libc_extra_cppflags=''
libdir='${exec_prefix}/lib64'
libexecdir='${exec_prefix}/libexec'
localedir='${datarootdir}/locale'
localstatedir='${prefix}/var'
mach_interface_list=''
mandir='${datarootdir}/man'
memory_tagging='no'
multi_arch='default'
no_fortify_source='-Wp,-U_FORTIFY_SOURCE'
no_stack_protector=''
oldincludedir='/usr/include'
pdfdir='${docdir}'
prefix='/usr'
profile='no'
program_transform_name='s,x,x,'
psdir='${docdir}'
pthread_in_libc='yes'
rtld_early_cflags=''
runstatedir='${localstatedir}/run'
sbindir='${exec_prefix}/sbin'
shared='yes'
sharedstatedir='${prefix}/com'
stack_protector='-fno-stack-protector'
static=''
static_nss='no'
subdirs=' '
submachine=''
sysconfdir='${prefix}/etc'
sysheaders='/home/erion/Projects/buildroot/output/host/aarch64-buildroot-linux-gnu/sysroot/usr/include'
sysnames=' sysdeps/unix/sysv/linux/aarch64 sysdeps/aarch64/nptl sysdeps/unix/sysv/linux/wordsize-64 sysdeps/unix/sysv/linux sysdeps/nptl sysdeps/pthread sysdeps/gnu sysdeps/unix/inet sysdeps/unix/sysv sysdeps/unix sysdeps/posix sysdeps/aarch64/fpu sysdeps/aarch64/multiarch sysdeps/aarch64 sysdeps/wordsize-64 sysdeps/ieee754/ldbl-128 sysdeps/ieee754/dbl-64 sysdeps/ieee754/flt-32 sysdeps/ieee754 sysdeps/generic'
target_alias='aarch64-buildroot-linux-gnu'
use_ldconfig='yes'
use_nscd='yes'

## ----------- ##
## confdefs.h. ##
## ----------- ##

/* confdefs.h */
#define PACKAGE_NAME "GNU C Library"
#define PACKAGE_TARNAME "glibc"
#define PACKAGE_VERSION "(see version.h)"
#define PACKAGE_STRING "GNU C Library (see version.h)"
#define PACKAGE_BUGREPORT "https://sourceware.org/bugzilla/"
#define PACKAGE_URL "https://www.gnu.org/software/glibc/"
#define PKGVERSION "(Buildroot) "
#define REPORT_BUGS_TO "<https://www.gnu.org/software/libc/bugs.html>"
#define TIMEOUTFACTOR 1
#define USE_PPC_SCV 1
#define STACK_PROTECTOR_LEVEL 0
#define HAVE_GNU_RETAIN 1
#define USE_MULTIARCH 1
#define HAVE_ASM_SET_DIRECTIVE 1
#define HAVE_CC_INHIBIT_LOOP_TO_LIBCALL 1
#define HAVE_BUILTIN_TRAP 1
#define __LINUX_KERNEL_VERSION (6 * 65536 + 1 * 256 + 0)
#define __LINUX_KERNEL_VERSION_STR "6.1.0"
#define __ABI_TAG_VERSION 6,1,0
#define HAVE_INLINED_SYSCALLS 1
#define SUPPORT_STATIC_PIE 1
#define HAVE_AARCH64_SVE_ASM 1
#define HAVE_IFUNC 1
#define HAVE_GCC_IFUNC 1
#define USE_NSCD 1
#define USE_LDCONFIG 1
#define ENABLE_STATIC_PIE 1
#define PTHREAD_IN_LIBC 1

configure: exit 0
