This file contains any messages produced by compilers while
running configure, to aid debugging if configure makes a mistake.

It was created by the fast lexical analyser generator configure 2.6.4, which was
generated by GNU Autoconf 2.72.  Invocation command line was

  $ ./configure --prefix=/home/erion/Projects/buildroot/output/host --sysconfdir=/home/erion/Projects/buildroot/output/host/etc --localstatedir=/home/erion/Projects/buildroot/output/host/var --enable-shared --disable-static --disable-gtk-doc --disable-gtk-doc-html --disable-doc --disable-docs --disable-documentation --disable-debug --with-xmlto=no --with-fop=no --disable-nls --disable-dependency-tracking --disable-doc

## --------- ##
## Platform. ##
## --------- ##

hostname = archlinux
uname -m = x86_64
uname -r = 6.9.9-arch1-1
uname -s = Linux
uname -v = #1 SMP PREEMPT_DYNAMIC Fri, 12 Jul 2024 00:06:53 +0000

/usr/bin/uname -p = unknown
/bin/uname -X     = unknown

/bin/arch              = unknown
/usr/bin/arch -k       = unknown
/usr/convex/getsysinfo = unknown
/usr/bin/hostinfo      = unknown
/bin/machine           = unknown
/usr/bin/oslevel       = unknown
/bin/universe          = unknown

PATH: /home/erion/Projects/buildroot/output/host/bin/
PATH: /home/erion/Projects/buildroot/output/host/sbin/
PATH: /home/erion/Apps/miniconda3/condabin/
PATH: /opt/devkitpro/tools/bin/
PATH: /usr/local/sbin/
PATH: /usr/local/bin/
PATH: /usr/bin/
PATH: /var/lib/flatpak/exports/bin/
PATH: /usr/lib/jvm/default/bin/
PATH: /usr/bin/site_perl/
PATH: /usr/bin/vendor_perl/
PATH: /usr/bin/core_perl/


## ----------- ##
## Core tests. ##
## ----------- ##

configure:2962: looking for aux files: config.rpath missing install-sh config.guess config.sub ltmain.sh compile
configure:2975:  trying ./build-aux/
configure:3004:   ./build-aux/config.rpath found
configure:3004:   ./build-aux/missing found
configure:2986:   ./build-aux/install-sh found
configure:3004:   ./build-aux/config.guess found
configure:3004:   ./build-aux/config.sub found
configure:3004:   ./build-aux/ltmain.sh found
configure:3004:   ./build-aux/compile found
configure:3187: checking for gcc
configure:3220: result: /usr/bin/gcc
configure:3579: checking for C compiler version
configure:3588: /usr/bin/gcc --version >&5
gcc (GCC) 14.1.1 20240522
Copyright (C) 2024 Free Software Foundation, Inc.
This is free software; see the source for copying conditions.  There is NO
warranty; not even for MERCHANTABILITY or FITNESS FOR A PARTICULAR PURPOSE.

configure:3599: $? = 0
configure:3588: /usr/bin/gcc -v >&5
Using built-in specs.
COLLECT_GCC=/usr/bin/gcc
COLLECT_LTO_WRAPPER=/usr/lib/gcc/x86_64-pc-linux-gnu/14.1.1/lto-wrapper
Target: x86_64-pc-linux-gnu
Configured with: /build/gcc/src/gcc/configure --enable-languages=ada,c,c++,d,fortran,go,lto,m2,objc,obj-c++,rust --enable-bootstrap --prefix=/usr --libdir=/usr/lib --libexecdir=/usr/lib --mandir=/usr/share/man --infodir=/usr/share/info --with-bugurl=https://gitlab.archlinux.org/archlinux/packaging/packages/gcc/-/issues --with-build-config=bootstrap-lto --with-linker-hash-style=gnu --with-system-zlib --enable-__cxa_atexit --enable-cet=auto --enable-checking=release --enable-clocale=gnu --enable-default-pie --enable-default-ssp --enable-gnu-indirect-function --enable-gnu-unique-object --enable-libstdcxx-backtrace --enable-link-serialization=1 --enable-linker-build-id --enable-lto --enable-multilib --enable-plugin --enable-shared --enable-threads=posix --disable-libssp --disable-libstdcxx-pch --disable-werror
Thread model: posix
Supported LTO compression algorithms: zlib zstd
gcc version 14.1.1 20240522 (GCC) 
configure:3599: $? = 0
configure:3588: /usr/bin/gcc -V >&5
gcc: error: unrecognized command-line option '-V'
gcc: fatal error: no input files
compilation terminated.
configure:3599: $? = 1
configure:3588: /usr/bin/gcc -qversion >&5
gcc: error: unrecognized command-line option '-qversion'; did you mean '--version'?
gcc: fatal error: no input files
compilation terminated.
configure:3599: $? = 1
configure:3588: /usr/bin/gcc -version >&5
gcc: error: unrecognized command-line option '-version'
gcc: fatal error: no input files
compilation terminated.
configure:3599: $? = 1
configure:3619: checking whether the C compiler works
configure:3641: /usr/bin/gcc -O2 -I/home/erion/Projects/buildroot/output/host/include -I/home/erion/Projects/buildroot/output/host/include -L/home/erion/Projects/buildroot/output/host/lib -Wl,-rpath,/home/erion/Projects/buildroot/output/host/lib conftest.c  >&5
configure:3645: $? = 0
configure:3696: result: yes
configure:3700: checking for C compiler default output file name
configure:3702: result: a.out
configure:3708: checking for suffix of executables
configure:3715: /usr/bin/gcc -o conftest -O2 -I/home/erion/Projects/buildroot/output/host/include -I/home/erion/Projects/buildroot/output/host/include -L/home/erion/Projects/buildroot/output/host/lib -Wl,-rpath,/home/erion/Projects/buildroot/output/host/lib conftest.c  >&5
configure:3719: $? = 0
configure:3743: result: 
configure:3767: checking whether we are cross compiling
configure:3775: /usr/bin/gcc -o conftest -O2 -I/home/erion/Projects/buildroot/output/host/include -I/home/erion/Projects/buildroot/output/host/include -L/home/erion/Projects/buildroot/output/host/lib -Wl,-rpath,/home/erion/Projects/buildroot/output/host/lib conftest.c  >&5
configure:3779: $? = 0
configure:3786: ./conftest
configure:3790: $? = 0
configure:3805: result: no
configure:3811: checking for suffix of object files
configure:3834: /usr/bin/gcc -c -O2 -I/home/erion/Projects/buildroot/output/host/include -I/home/erion/Projects/buildroot/output/host/include conftest.c >&5
configure:3838: $? = 0
configure:3862: result: o
configure:3866: checking whether the compiler supports GNU C
configure:3886: /usr/bin/gcc -c -O2 -I/home/erion/Projects/buildroot/output/host/include -I/home/erion/Projects/buildroot/output/host/include conftest.c >&5
configure:3886: $? = 0
configure:3898: result: yes
configure:3909: checking whether /usr/bin/gcc accepts -g
configure:3930: /usr/bin/gcc -c -g -I/home/erion/Projects/buildroot/output/host/include conftest.c >&5
configure:3930: $? = 0
configure:3977: result: yes
configure:3997: checking for /usr/bin/gcc option to enable C11 features
configure:4012: /usr/bin/gcc  -c -O2 -I/home/erion/Projects/buildroot/output/host/include -I/home/erion/Projects/buildroot/output/host/include conftest.c >&5
configure:4012: $? = 0
configure:4031: result: none needed
configure:4155: checking whether /usr/bin/gcc understands -c and -o together
configure:4178: /usr/bin/gcc -c conftest.c -o conftest2.o
configure:4181: $? = 0
configure:4178: /usr/bin/gcc -c conftest.c -o conftest2.o
configure:4181: $? = 0
configure:4194: result: yes
configure:4216: checking for stdio.h
configure:4216: /usr/bin/gcc -c -O2 -I/home/erion/Projects/buildroot/output/host/include -I/home/erion/Projects/buildroot/output/host/include conftest.c >&5
configure:4216: $? = 0
configure:4216: result: yes
configure:4216: checking for stdlib.h
configure:4216: /usr/bin/gcc -c -O2 -I/home/erion/Projects/buildroot/output/host/include -I/home/erion/Projects/buildroot/output/host/include conftest.c >&5
configure:4216: $? = 0
configure:4216: result: yes
configure:4216: checking for string.h
configure:4216: /usr/bin/gcc -c -O2 -I/home/erion/Projects/buildroot/output/host/include -I/home/erion/Projects/buildroot/output/host/include conftest.c >&5
configure:4216: $? = 0
configure:4216: result: yes
configure:4216: checking for inttypes.h
configure:4216: /usr/bin/gcc -c -O2 -I/home/erion/Projects/buildroot/output/host/include -I/home/erion/Projects/buildroot/output/host/include conftest.c >&5
configure:4216: $? = 0
configure:4216: result: yes
configure:4216: checking for stdint.h
configure:4216: /usr/bin/gcc -c -O2 -I/home/erion/Projects/buildroot/output/host/include -I/home/erion/Projects/buildroot/output/host/include conftest.c >&5
configure:4216: $? = 0
configure:4216: result: yes
configure:4216: checking for strings.h
configure:4216: /usr/bin/gcc -c -O2 -I/home/erion/Projects/buildroot/output/host/include -I/home/erion/Projects/buildroot/output/host/include conftest.c >&5
configure:4216: $? = 0
configure:4216: result: yes
configure:4216: checking for sys/stat.h
configure:4216: /usr/bin/gcc -c -O2 -I/home/erion/Projects/buildroot/output/host/include -I/home/erion/Projects/buildroot/output/host/include conftest.c >&5
configure:4216: $? = 0
configure:4216: result: yes
configure:4216: checking for sys/types.h
configure:4216: /usr/bin/gcc -c -O2 -I/home/erion/Projects/buildroot/output/host/include -I/home/erion/Projects/buildroot/output/host/include conftest.c >&5
configure:4216: $? = 0
configure:4216: result: yes
configure:4216: checking for unistd.h
configure:4216: /usr/bin/gcc -c -O2 -I/home/erion/Projects/buildroot/output/host/include -I/home/erion/Projects/buildroot/output/host/include conftest.c >&5
configure:4216: $? = 0
configure:4216: result: yes
configure:4216: checking for wchar.h
configure:4216: /usr/bin/gcc -c -O2 -I/home/erion/Projects/buildroot/output/host/include -I/home/erion/Projects/buildroot/output/host/include conftest.c >&5
configure:4216: $? = 0
configure:4216: result: yes
configure:4216: checking for minix/config.h
configure:4216: /usr/bin/gcc -c -O2 -I/home/erion/Projects/buildroot/output/host/include -I/home/erion/Projects/buildroot/output/host/include conftest.c >&5
conftest.c:47:10: fatal error: minix/config.h: No such file or directory
   47 | #include <minix/config.h>
      |          ^~~~~~~~~~~~~~~~
compilation terminated.
configure:4216: $? = 1
configure: failed program was:
| /* confdefs.h */
| #define PACKAGE_NAME "the fast lexical analyser generator"
| #define PACKAGE_TARNAME "flex"
| #define PACKAGE_VERSION "2.6.4"
| #define PACKAGE_STRING "the fast lexical analyser generator 2.6.4"
| #define PACKAGE_BUGREPORT "flex-help@lists.sourceforge.net"
| #define PACKAGE_URL ""
| #define HAVE_STDIO_H 1
| #define HAVE_STDLIB_H 1
| #define HAVE_STRING_H 1
| #define HAVE_INTTYPES_H 1
| #define HAVE_STDINT_H 1
| #define HAVE_STRINGS_H 1
| #define HAVE_SYS_STAT_H 1
| #define HAVE_SYS_TYPES_H 1
| #define HAVE_UNISTD_H 1
| #define HAVE_WCHAR_H 1
| /* end confdefs.h.  */
| #include <stddef.h>
| #ifdef HAVE_STDIO_H
| # include <stdio.h>
| #endif
| #ifdef HAVE_STDLIB_H
| # include <stdlib.h>
| #endif
| #ifdef HAVE_STRING_H
| # include <string.h>
| #endif
| #ifdef HAVE_INTTYPES_H
| # include <inttypes.h>
| #endif
| #ifdef HAVE_STDINT_H
| # include <stdint.h>
| #endif
| #ifdef HAVE_STRINGS_H
| # include <strings.h>
| #endif
| #ifdef HAVE_SYS_TYPES_H
| # include <sys/types.h>
| #endif
| #ifdef HAVE_SYS_STAT_H
| # include <sys/stat.h>
| #endif
| #ifdef HAVE_UNISTD_H
| # include <unistd.h>
| #endif
| #include <minix/config.h>
configure:4216: result: no
configure:4216: checking for vfork.h
configure:4216: /usr/bin/gcc -c -O2 -I/home/erion/Projects/buildroot/output/host/include -I/home/erion/Projects/buildroot/output/host/include conftest.c >&5
conftest.c:47:10: fatal error: vfork.h: No such file or directory
   47 | #include <vfork.h>
      |          ^~~~~~~~~
compilation terminated.
configure:4216: $? = 1
configure: failed program was:
| /* confdefs.h */
| #define PACKAGE_NAME "the fast lexical analyser generator"
| #define PACKAGE_TARNAME "flex"
| #define PACKAGE_VERSION "2.6.4"
| #define PACKAGE_STRING "the fast lexical analyser generator 2.6.4"
| #define PACKAGE_BUGREPORT "flex-help@lists.sourceforge.net"
| #define PACKAGE_URL ""
| #define HAVE_STDIO_H 1
| #define HAVE_STDLIB_H 1
| #define HAVE_STRING_H 1
| #define HAVE_INTTYPES_H 1
| #define HAVE_STDINT_H 1
| #define HAVE_STRINGS_H 1
| #define HAVE_SYS_STAT_H 1
| #define HAVE_SYS_TYPES_H 1
| #define HAVE_UNISTD_H 1
| #define HAVE_WCHAR_H 1
| /* end confdefs.h.  */
| #include <stddef.h>
| #ifdef HAVE_STDIO_H
| # include <stdio.h>
| #endif
| #ifdef HAVE_STDLIB_H
| # include <stdlib.h>
| #endif
| #ifdef HAVE_STRING_H
| # include <string.h>
| #endif
| #ifdef HAVE_INTTYPES_H
| # include <inttypes.h>
| #endif
| #ifdef HAVE_STDINT_H
| # include <stdint.h>
| #endif
| #ifdef HAVE_STRINGS_H
| # include <strings.h>
| #endif
| #ifdef HAVE_SYS_TYPES_H
| # include <sys/types.h>
| #endif
| #ifdef HAVE_SYS_STAT_H
| # include <sys/stat.h>
| #endif
| #ifdef HAVE_UNISTD_H
| # include <unistd.h>
| #endif
| #include <vfork.h>
configure:4216: result: no
configure:4247: checking whether it is safe to define __EXTENSIONS__
configure:4266: /usr/bin/gcc -c -O2 -I/home/erion/Projects/buildroot/output/host/include -I/home/erion/Projects/buildroot/output/host/include conftest.c >&5
configure:4266: $? = 0
configure:4276: result: yes
configure:4279: checking whether _XOPEN_SOURCE should be defined
configure:4301: /usr/bin/gcc -c -O2 -I/home/erion/Projects/buildroot/output/host/include -I/home/erion/Projects/buildroot/output/host/include conftest.c >&5
configure:4301: $? = 0
configure:4330: result: no
configure:4421: checking build system type
configure:4437: result: x86_64-pc-linux-gnu
configure:4457: checking host system type
configure:4472: result: x86_64-pc-linux-gnu
configure:4513: checking how to print strings
configure:4540: result: printf
configure:4561: checking for a sed that does not truncate output
configure:4633: result: /usr/bin/sed
configure:4651: checking for grep that handles long lines and -e
configure:4717: result: /usr/bin/grep
configure:4722: checking for egrep
configure:4792: result: /usr/bin/grep -E
configure:4799: checking for fgrep
configure:4869: result: /usr/bin/grep -F
configure:4906: checking for ld used by /usr/bin/gcc
configure:4975: result: /usr/bin/ld
configure:4982: checking if the linker (/usr/bin/ld) is GNU ld
configure:4999: result: yes
configure:5011: checking for BSD- or MS-compatible name lister (nm)
configure:5067: result: /usr/bin/nm
configure:5209: checking the name lister (/usr/bin/nm) interface
configure:5217: /usr/bin/gcc -c -O2 -I/home/erion/Projects/buildroot/output/host/include -I/home/erion/Projects/buildroot/output/host/include conftest.c >&5
configure:5220: /usr/bin/nm "conftest.o"
configure:5223: output
0000000000000000 B some_variable
configure:5231: result: BSD nm
configure:5234: checking whether ln -s works
configure:5238: result: yes
configure:5246: checking the maximum length of command line arguments
configure:5379: result: 1572864
configure:5427: checking how to convert x86_64-pc-linux-gnu file names to x86_64-pc-linux-gnu format
configure:5469: result: func_convert_file_noop
configure:5476: checking how to convert x86_64-pc-linux-gnu file names to toolchain format
configure:5498: result: func_convert_file_noop
configure:5505: checking for /usr/bin/ld option to reload object files
configure:5514: result: -r
configure:5594: checking for objdump
configure:5615: found /usr/bin/objdump
configure:5627: result: objdump
configure:5659: checking how to recognize dependent libraries
configure:5861: result: pass_all
configure:5952: checking for dlltool
configure:5988: result: no
configure:6018: checking how to associate runtime and link libraries
configure:6047: result: printf %s\n
configure:6183: checking for archiver @FILE support
configure:6201: /usr/bin/gcc -c -O2 -I/home/erion/Projects/buildroot/output/host/include -I/home/erion/Projects/buildroot/output/host/include conftest.c >&5
configure:6201: $? = 0
configure:6205: /usr/bin/ar cru libconftest.a @conftest.lst >&5
/usr/bin/ar: `u' modifier ignored since `D' is the default (see `U')
configure:6208: $? = 0
configure:6213: /usr/bin/ar cru libconftest.a @conftest.lst >&5
/usr/bin/ar: `u' modifier ignored since `D' is the default (see `U')
/usr/bin/ar: conftest.o: No such file or directory
configure:6216: $? = 1
configure:6229: result: @
configure:6293: checking for strip
configure:6314: found /usr/bin/strip
configure:6326: result: strip
configure:6404: checking for ranlib
configure:6437: result: /usr/bin/ranlib
configure:6514: checking for gawk
configure:6535: found /home/erion/Projects/buildroot/output/host/bin/gawk
configure:6547: result: gawk
configure:6587: checking command to parse /usr/bin/nm output from /usr/bin/gcc object
configure:6741: /usr/bin/gcc -c -O2 -I/home/erion/Projects/buildroot/output/host/include -I/home/erion/Projects/buildroot/output/host/include conftest.c >&5
configure:6744: $? = 0
configure:6748: /usr/bin/nm conftest.o \| sed -n -e 's/^.*[ ]\([ABCDGIRSTW][ABCDGIRSTW]*\)[ ][ ]*\([_A-Za-z][_A-Za-z0-9]*\)$/\1 \2 \2/p' | sed '/ __gnu_lto/d' \> conftest.nm
configure:6751: $? = 0
configure:6817: /usr/bin/gcc -o conftest -O2 -I/home/erion/Projects/buildroot/output/host/include -I/home/erion/Projects/buildroot/output/host/include -L/home/erion/Projects/buildroot/output/host/lib -Wl,-rpath,/home/erion/Projects/buildroot/output/host/lib conftest.c conftstm.o >&5
configure:6820: $? = 0
configure:6859: result: ok
configure:6906: checking for sysroot
configure:6938: result: no
configure:6945: checking for a working dd
configure:6990: result: /usr/bin/dd
configure:6994: checking how to truncate binary pipes
configure:7011: result: /usr/bin/dd bs=4096 count=1
configure:7148: /usr/bin/gcc -c -O2 -I/home/erion/Projects/buildroot/output/host/include -I/home/erion/Projects/buildroot/output/host/include conftest.c >&5
configure:7151: $? = 0
configure:7351: checking for mt
configure:7387: result: no
configure:7407: checking if : is a manifest tool
configure:7414: : '-?'
configure:7423: result: no
configure:8163: checking for dlfcn.h
configure:8163: /usr/bin/gcc -c -O2 -I/home/erion/Projects/buildroot/output/host/include -I/home/erion/Projects/buildroot/output/host/include conftest.c >&5
configure:8163: $? = 0
configure:8163: result: yes
configure:8428: checking for objdir
configure:8445: result: .libs
configure:8711: checking if /usr/bin/gcc supports -fno-rtti -fno-exceptions
configure:8730: /usr/bin/gcc -c -O2 -I/home/erion/Projects/buildroot/output/host/include -I/home/erion/Projects/buildroot/output/host/include -fno-rtti -fno-exceptions conftest.c >&5
cc1: warning: command-line option '-fno-rtti' is valid for C++/D/ObjC++ but not for C
configure:8734: $? = 0
configure:8748: result: no
configure:9106: checking for /usr/bin/gcc option to produce PIC
configure:9115: result: -fPIC -DPIC
configure:9123: checking if /usr/bin/gcc PIC flag -fPIC -DPIC works
configure:9142: /usr/bin/gcc -c -O2 -I/home/erion/Projects/buildroot/output/host/include -I/home/erion/Projects/buildroot/output/host/include -fPIC -DPIC -DPIC conftest.c >&5
configure:9146: $? = 0
configure:9160: result: yes
configure:9189: checking if /usr/bin/gcc static flag -static works
configure:9219: result: yes
configure:9234: checking if /usr/bin/gcc supports -c -o file.o
configure:9256: /usr/bin/gcc -c -O2 -I/home/erion/Projects/buildroot/output/host/include -I/home/erion/Projects/buildroot/output/host/include -o out/conftest2.o conftest.c >&5
configure:9260: $? = 0
configure:9283: result: yes
configure:9291: checking if /usr/bin/gcc supports -c -o file.o
configure:9340: result: yes
configure:9373: checking whether the /usr/bin/gcc linker (/usr/bin/ld -m elf_x86_64) supports shared libraries
configure:10644: result: yes
configure:10681: checking whether -lc should be explicitly linked in
configure:10690: /usr/bin/gcc -c -O2 -I/home/erion/Projects/buildroot/output/host/include -I/home/erion/Projects/buildroot/output/host/include conftest.c >&5
configure:10693: $? = 0
configure:10708: /usr/bin/gcc -shared  -fPIC -DPIC conftest.o  -v -Wl,-soname -Wl,conftest -o conftest 2\>\&1 \| /usr/bin/grep  -lc  \>/dev/null 2\>\&1
configure:10711: $? = 0
configure:10726: result: no
configure:10886: checking dynamic linker characteristics
configure:11468: /usr/bin/gcc -o conftest -O2 -I/home/erion/Projects/buildroot/output/host/include -I/home/erion/Projects/buildroot/output/host/include -L/home/erion/Projects/buildroot/output/host/lib -Wl,-rpath,/home/erion/Projects/buildroot/output/host/lib -Wl,-rpath -Wl,/foo conftest.c  >&5
configure:11468: $? = 0
configure:11708: result: GNU/Linux ld.so
configure:11830: checking how to hardcode library paths into programs
configure:11855: result: immediate
configure:12455: checking whether stripping libraries is possible
configure:12460: result: yes
configure:12495: checking if libtool supports shared libraries
configure:12497: result: yes
configure:12500: checking whether to build shared libraries
configure:12525: result: yes
configure:12528: checking whether to build static libraries
configure:12532: result: no
configure:12586: checking for a BSD-compatible install
configure:12660: result: /usr/bin/install -c
configure:12671: checking whether build environment is sane
configure:12726: result: yes
configure:12883: checking for a race-free mkdir -p
configure:12926: result: /usr/bin/mkdir -p
configure:12929: checking whether make sets $(MAKE)
configure:12953: result: yes
configure:12975: checking whether make supports the include directive
configure:12990: make -f confmf.GNU && cat confinc.out
make[1]: Entering directory '/home/erion/Projects/buildroot/output/build/host-flex-2.6.4'
make[1]: Leaving directory '/home/erion/Projects/buildroot/output/build/host-flex-2.6.4'
this is the am__doit target
configure:12993: $? = 0
configure:13012: result: yes (GNU style)
configure:13047: checking whether make supports nested variables
configure:13066: result: yes
configure:13147: checking dependency style of /usr/bin/gcc
configure:13260: result: none
configure:13342: checking whether NLS is requested
configure:13353: result: no
configure:13393: checking for msgfmt
configure: trying /home/erion/Projects/buildroot/output/host/bin/msgfmt...
configure:13427: result: /home/erion/Projects/buildroot/output/host/bin/msgfmt
configure:13436: checking for gmsgfmt
configure:13473: result: /home/erion/Projects/buildroot/output/host/bin/msgfmt
configure:13523: checking for xgettext
configure: trying /home/erion/Projects/buildroot/output/host/bin/xgettext...
configure:13557: result: /home/erion/Projects/buildroot/output/host/bin/xgettext
configure:13602: checking for msgmerge
configure: trying /home/erion/Projects/buildroot/output/host/bin/msgmerge...
configure:13635: result: /home/erion/Projects/buildroot/output/host/bin/msgmerge
configure:13695: checking for ld used by /usr/bin/gcc
configure:13764: result: /usr/bin/ld -m elf_x86_64
configure:13771: checking if the linker (/usr/bin/ld -m elf_x86_64) is GNU ld
configure:13788: result: yes
configure:13796: checking for shared library run path origin
configure:13811: result: done
configure:13837: checking how to run the C preprocessor
configure:13908: result: /usr/bin/cpp
configure:13922: /usr/bin/cpp -I/home/erion/Projects/buildroot/output/host/include conftest.c
configure:13922: $? = 0
configure:13938: /usr/bin/cpp -I/home/erion/Projects/buildroot/output/host/include conftest.c
conftest.c:41:10: fatal error: ac_nonexistent.h: No such file or directory
   41 | #include <ac_nonexistent.h>
      |          ^~~~~~~~~~~~~~~~~~
compilation terminated.
configure:13938: $? = 1
configure: failed program was:
| /* confdefs.h */
| #define PACKAGE_NAME "the fast lexical analyser generator"
| #define PACKAGE_TARNAME "flex"
| #define PACKAGE_VERSION "2.6.4"
| #define PACKAGE_STRING "the fast lexical analyser generator 2.6.4"
| #define PACKAGE_BUGREPORT "flex-help@lists.sourceforge.net"
| #define PACKAGE_URL ""
| #define HAVE_STDIO_H 1
| #define HAVE_STDLIB_H 1
| #define HAVE_STRING_H 1
| #define HAVE_INTTYPES_H 1
| #define HAVE_STDINT_H 1
| #define HAVE_STRINGS_H 1
| #define HAVE_SYS_STAT_H 1
| #define HAVE_SYS_TYPES_H 1
| #define HAVE_UNISTD_H 1
| #define HAVE_WCHAR_H 1
| #define STDC_HEADERS 1
| #define _ALL_SOURCE 1
| #define _DARWIN_C_SOURCE 1
| #define _GNU_SOURCE 1
| #define _HPUX_ALT_XOPEN_SOCKET_API 1
| #define _NETBSD_SOURCE 1
| #define _OPENBSD_SOURCE 1
| #define _POSIX_PTHREAD_SEMANTICS 1
| #define __STDC_WANT_IEC_60559_ATTRIBS_EXT__ 1
| #define __STDC_WANT_IEC_60559_BFP_EXT__ 1
| #define __STDC_WANT_IEC_60559_DFP_EXT__ 1
| #define __STDC_WANT_IEC_60559_EXT__ 1
| #define __STDC_WANT_IEC_60559_FUNCS_EXT__ 1
| #define __STDC_WANT_IEC_60559_TYPES_EXT__ 1
| #define __STDC_WANT_LIB_EXT2__ 1
| #define __STDC_WANT_MATH_SPEC_FUNCS__ 1
| #define _TANDEM_SOURCE 1
| #define __EXTENSIONS__ 1
| #define HAVE_DLFCN_H 1
| #define LT_OBJDIR ".libs/"
| #define PACKAGE "flex"
| #define VERSION "2.6.4"
| /* end confdefs.h.  */
| #include <ac_nonexistent.h>
configure:13971: checking for egrep -e
configure:14101: result: /usr/bin/grep -E
configure:14107: checking for the common suffixes of directories in the library search path
configure:14187: result: lib,lib
configure:14684: checking for CFPreferencesCopyAppValue
configure:14703: /usr/bin/gcc -o conftest -O2 -I/home/erion/Projects/buildroot/output/host/include -I/home/erion/Projects/buildroot/output/host/include -L/home/erion/Projects/buildroot/output/host/lib -Wl,-rpath,/home/erion/Projects/buildroot/output/host/lib conftest.c  -Wl,-framework -Wl,CoreFoundation >&5
conftest.c:41:10: fatal error: CoreFoundation/CFPreferences.h: No such file or directory
   41 | #include <CoreFoundation/CFPreferences.h>
      |          ^~~~~~~~~~~~~~~~~~~~~~~~~~~~~~~~
compilation terminated.
configure:14703: $? = 1
configure: failed program was:
| /* confdefs.h */
| #define PACKAGE_NAME "the fast lexical analyser generator"
| #define PACKAGE_TARNAME "flex"
| #define PACKAGE_VERSION "2.6.4"
| #define PACKAGE_STRING "the fast lexical analyser generator 2.6.4"
| #define PACKAGE_BUGREPORT "flex-help@lists.sourceforge.net"
| #define PACKAGE_URL ""
| #define HAVE_STDIO_H 1
| #define HAVE_STDLIB_H 1
| #define HAVE_STRING_H 1
| #define HAVE_INTTYPES_H 1
| #define HAVE_STDINT_H 1
| #define HAVE_STRINGS_H 1
| #define HAVE_SYS_STAT_H 1
| #define HAVE_SYS_TYPES_H 1
| #define HAVE_UNISTD_H 1
| #define HAVE_WCHAR_H 1
| #define STDC_HEADERS 1
| #define _ALL_SOURCE 1
| #define _DARWIN_C_SOURCE 1
| #define _GNU_SOURCE 1
| #define _HPUX_ALT_XOPEN_SOCKET_API 1
| #define _NETBSD_SOURCE 1
| #define _OPENBSD_SOURCE 1
| #define _POSIX_PTHREAD_SEMANTICS 1
| #define __STDC_WANT_IEC_60559_ATTRIBS_EXT__ 1
| #define __STDC_WANT_IEC_60559_BFP_EXT__ 1
| #define __STDC_WANT_IEC_60559_DFP_EXT__ 1
| #define __STDC_WANT_IEC_60559_EXT__ 1
| #define __STDC_WANT_IEC_60559_FUNCS_EXT__ 1
| #define __STDC_WANT_IEC_60559_TYPES_EXT__ 1
| #define __STDC_WANT_LIB_EXT2__ 1
| #define __STDC_WANT_MATH_SPEC_FUNCS__ 1
| #define _TANDEM_SOURCE 1
| #define __EXTENSIONS__ 1
| #define HAVE_DLFCN_H 1
| #define LT_OBJDIR ".libs/"
| #define PACKAGE "flex"
| #define VERSION "2.6.4"
| /* end confdefs.h.  */
| #include <CoreFoundation/CFPreferences.h>
| int
| main (void)
| {
| CFPreferencesCopyAppValue(NULL, NULL)
|   ;
|   return 0;
| }
configure:14715: result: no
configure:14722: checking for CFLocaleCopyCurrent
configure:14741: /usr/bin/gcc -o conftest -O2 -I/home/erion/Projects/buildroot/output/host/include -I/home/erion/Projects/buildroot/output/host/include -L/home/erion/Projects/buildroot/output/host/lib -Wl,-rpath,/home/erion/Projects/buildroot/output/host/lib conftest.c  -Wl,-framework -Wl,CoreFoundation >&5
conftest.c:41:10: fatal error: CoreFoundation/CFLocale.h: No such file or directory
   41 | #include <CoreFoundation/CFLocale.h>
      |          ^~~~~~~~~~~~~~~~~~~~~~~~~~~
compilation terminated.
configure:14741: $? = 1
configure: failed program was:
| /* confdefs.h */
| #define PACKAGE_NAME "the fast lexical analyser generator"
| #define PACKAGE_TARNAME "flex"
| #define PACKAGE_VERSION "2.6.4"
| #define PACKAGE_STRING "the fast lexical analyser generator 2.6.4"
| #define PACKAGE_BUGREPORT "flex-help@lists.sourceforge.net"
| #define PACKAGE_URL ""
| #define HAVE_STDIO_H 1
| #define HAVE_STDLIB_H 1
| #define HAVE_STRING_H 1
| #define HAVE_INTTYPES_H 1
| #define HAVE_STDINT_H 1
| #define HAVE_STRINGS_H 1
| #define HAVE_SYS_STAT_H 1
| #define HAVE_SYS_TYPES_H 1
| #define HAVE_UNISTD_H 1
| #define HAVE_WCHAR_H 1
| #define STDC_HEADERS 1
| #define _ALL_SOURCE 1
| #define _DARWIN_C_SOURCE 1
| #define _GNU_SOURCE 1
| #define _HPUX_ALT_XOPEN_SOCKET_API 1
| #define _NETBSD_SOURCE 1
| #define _OPENBSD_SOURCE 1
| #define _POSIX_PTHREAD_SEMANTICS 1
| #define __STDC_WANT_IEC_60559_ATTRIBS_EXT__ 1
| #define __STDC_WANT_IEC_60559_BFP_EXT__ 1
| #define __STDC_WANT_IEC_60559_DFP_EXT__ 1
| #define __STDC_WANT_IEC_60559_EXT__ 1
| #define __STDC_WANT_IEC_60559_FUNCS_EXT__ 1
| #define __STDC_WANT_IEC_60559_TYPES_EXT__ 1
| #define __STDC_WANT_LIB_EXT2__ 1
| #define __STDC_WANT_MATH_SPEC_FUNCS__ 1
| #define _TANDEM_SOURCE 1
| #define __EXTENSIONS__ 1
| #define HAVE_DLFCN_H 1
| #define LT_OBJDIR ".libs/"
| #define PACKAGE "flex"
| #define VERSION "2.6.4"
| /* end confdefs.h.  */
| #include <CoreFoundation/CFLocale.h>
| int
| main (void)
| {
| CFLocaleCopyCurrent();
|   ;
|   return 0;
| }
configure:14753: result: no
configure:15706: checking whether to use NLS
configure:15708: result: no
configure:15784: checking for bison
configure:15805: found /home/erion/Projects/buildroot/output/host/bin/bison
configure:15817: result: bison -y
configure:15849: checking for flex
configure:15870: found /usr/bin/flex
configure:15882: result: flex
configure:15931: checking for lex output file root
configure:15944: flex conftest.l
configure:15948: $? = 0
configure:15957: result: lex.yy
configure:15972: checking for lex library
configure:15997: /usr/bin/gcc -o conftest -O2 -I/home/erion/Projects/buildroot/output/host/include -I/home/erion/Projects/buildroot/output/host/include -L/home/erion/Projects/buildroot/output/host/lib -Wl,-rpath,/home/erion/Projects/buildroot/output/host/lib conftest.c  >&5
configure:15997: $? = 0
configure:16011: result: none needed
configure:16027: checking for library containing yywrap
configure:16063: /usr/bin/gcc -o conftest -O2 -I/home/erion/Projects/buildroot/output/host/include -I/home/erion/Projects/buildroot/output/host/include -L/home/erion/Projects/buildroot/output/host/lib -Wl,-rpath,/home/erion/Projects/buildroot/output/host/lib conftest.c  >&5
/usr/bin/ld: /tmp/ccFObPYZ.o: in function `main':
conftest.c:(.text.startup+0x5): undefined reference to `yywrap'
collect2: error: ld returned 1 exit status
configure:16063: $? = 1
configure: failed program was:
| /* confdefs.h */
| #define PACKAGE_NAME "the fast lexical analyser generator"
| #define PACKAGE_TARNAME "flex"
| #define PACKAGE_VERSION "2.6.4"
| #define PACKAGE_STRING "the fast lexical analyser generator 2.6.4"
| #define PACKAGE_BUGREPORT "flex-help@lists.sourceforge.net"
| #define PACKAGE_URL ""
| #define HAVE_STDIO_H 1
| #define HAVE_STDLIB_H 1
| #define HAVE_STRING_H 1
| #define HAVE_INTTYPES_H 1
| #define HAVE_STDINT_H 1
| #define HAVE_STRINGS_H 1
| #define HAVE_SYS_STAT_H 1
| #define HAVE_SYS_TYPES_H 1
| #define HAVE_UNISTD_H 1
| #define HAVE_WCHAR_H 1
| #define STDC_HEADERS 1
| #define _ALL_SOURCE 1
| #define _DARWIN_C_SOURCE 1
| #define _GNU_SOURCE 1
| #define _HPUX_ALT_XOPEN_SOCKET_API 1
| #define _NETBSD_SOURCE 1
| #define _OPENBSD_SOURCE 1
| #define _POSIX_PTHREAD_SEMANTICS 1
| #define __STDC_WANT_IEC_60559_ATTRIBS_EXT__ 1
| #define __STDC_WANT_IEC_60559_BFP_EXT__ 1
| #define __STDC_WANT_IEC_60559_DFP_EXT__ 1
| #define __STDC_WANT_IEC_60559_EXT__ 1
| #define __STDC_WANT_IEC_60559_FUNCS_EXT__ 1
| #define __STDC_WANT_IEC_60559_TYPES_EXT__ 1
| #define __STDC_WANT_LIB_EXT2__ 1
| #define __STDC_WANT_MATH_SPEC_FUNCS__ 1
| #define _TANDEM_SOURCE 1
| #define __EXTENSIONS__ 1
| #define HAVE_DLFCN_H 1
| #define LT_OBJDIR ".libs/"
| #define PACKAGE "flex"
| #define VERSION "2.6.4"
| /* end confdefs.h.  */
| 
| /* Override any GCC internal prototype to avoid an error.
|    Use char because int might match the return type of a GCC
|    builtin and then its argument prototype would still apply.
|    The 'extern "C"' is for builds by C++ compilers;
|    although this is not generally supported in C code supporting it here
|    has little cost and some practical benefit (sr 110532).  */
| #ifdef __cplusplus
| extern "C"
| #endif
| char yywrap (void);
| int
| main (void)
| {
| return yywrap ();
|   ;
|   return 0;
| }
configure:16063: /usr/bin/gcc -o conftest -O2 -I/home/erion/Projects/buildroot/output/host/include -I/home/erion/Projects/buildroot/output/host/include -L/home/erion/Projects/buildroot/output/host/lib -Wl,-rpath,/home/erion/Projects/buildroot/output/host/lib conftest.c -lfl   >&5
/usr/bin/ld: /usr/lib/gcc/x86_64-pc-linux-gnu/14.1.1/../../../../lib/libfl.so: undefined reference to `yylex'
collect2: error: ld returned 1 exit status
configure:16063: $? = 1
configure: failed program was:
| /* confdefs.h */
| #define PACKAGE_NAME "the fast lexical analyser generator"
| #define PACKAGE_TARNAME "flex"
| #define PACKAGE_VERSION "2.6.4"
| #define PACKAGE_STRING "the fast lexical analyser generator 2.6.4"
| #define PACKAGE_BUGREPORT "flex-help@lists.sourceforge.net"
| #define PACKAGE_URL ""
| #define HAVE_STDIO_H 1
| #define HAVE_STDLIB_H 1
| #define HAVE_STRING_H 1
| #define HAVE_INTTYPES_H 1
| #define HAVE_STDINT_H 1
| #define HAVE_STRINGS_H 1
| #define HAVE_SYS_STAT_H 1
| #define HAVE_SYS_TYPES_H 1
| #define HAVE_UNISTD_H 1
| #define HAVE_WCHAR_H 1
| #define STDC_HEADERS 1
| #define _ALL_SOURCE 1
| #define _DARWIN_C_SOURCE 1
| #define _GNU_SOURCE 1
| #define _HPUX_ALT_XOPEN_SOCKET_API 1
| #define _NETBSD_SOURCE 1
| #define _OPENBSD_SOURCE 1
| #define _POSIX_PTHREAD_SEMANTICS 1
| #define __STDC_WANT_IEC_60559_ATTRIBS_EXT__ 1
| #define __STDC_WANT_IEC_60559_BFP_EXT__ 1
| #define __STDC_WANT_IEC_60559_DFP_EXT__ 1
| #define __STDC_WANT_IEC_60559_EXT__ 1
| #define __STDC_WANT_IEC_60559_FUNCS_EXT__ 1
| #define __STDC_WANT_IEC_60559_TYPES_EXT__ 1
| #define __STDC_WANT_LIB_EXT2__ 1
| #define __STDC_WANT_MATH_SPEC_FUNCS__ 1
| #define _TANDEM_SOURCE 1
| #define __EXTENSIONS__ 1
| #define HAVE_DLFCN_H 1
| #define LT_OBJDIR ".libs/"
| #define PACKAGE "flex"
| #define VERSION "2.6.4"
| /* end confdefs.h.  */
| 
| /* Override any GCC internal prototype to avoid an error.
|    Use char because int might match the return type of a GCC
|    builtin and then its argument prototype would still apply.
|    The 'extern "C"' is for builds by C++ compilers;
|    although this is not generally supported in C code supporting it here
|    has little cost and some practical benefit (sr 110532).  */
| #ifdef __cplusplus
| extern "C"
| #endif
| char yywrap (void);
| int
| main (void)
| {
| return yywrap ();
|   ;
|   return 0;
| }
configure:16063: /usr/bin/gcc -o conftest -O2 -I/home/erion/Projects/buildroot/output/host/include -I/home/erion/Projects/buildroot/output/host/include -L/home/erion/Projects/buildroot/output/host/lib -Wl,-rpath,/home/erion/Projects/buildroot/output/host/lib conftest.c -ll   >&5
/usr/bin/ld: cannot find -ll: No such file or directory
collect2: error: ld returned 1 exit status
configure:16063: $? = 1
configure: failed program was:
| /* confdefs.h */
| #define PACKAGE_NAME "the fast lexical analyser generator"
| #define PACKAGE_TARNAME "flex"
| #define PACKAGE_VERSION "2.6.4"
| #define PACKAGE_STRING "the fast lexical analyser generator 2.6.4"
| #define PACKAGE_BUGREPORT "flex-help@lists.sourceforge.net"
| #define PACKAGE_URL ""
| #define HAVE_STDIO_H 1
| #define HAVE_STDLIB_H 1
| #define HAVE_STRING_H 1
| #define HAVE_INTTYPES_H 1
| #define HAVE_STDINT_H 1
| #define HAVE_STRINGS_H 1
| #define HAVE_SYS_STAT_H 1
| #define HAVE_SYS_TYPES_H 1
| #define HAVE_UNISTD_H 1
| #define HAVE_WCHAR_H 1
| #define STDC_HEADERS 1
| #define _ALL_SOURCE 1
| #define _DARWIN_C_SOURCE 1
| #define _GNU_SOURCE 1
| #define _HPUX_ALT_XOPEN_SOCKET_API 1
| #define _NETBSD_SOURCE 1
| #define _OPENBSD_SOURCE 1
| #define _POSIX_PTHREAD_SEMANTICS 1
| #define __STDC_WANT_IEC_60559_ATTRIBS_EXT__ 1
| #define __STDC_WANT_IEC_60559_BFP_EXT__ 1
| #define __STDC_WANT_IEC_60559_DFP_EXT__ 1
| #define __STDC_WANT_IEC_60559_EXT__ 1
| #define __STDC_WANT_IEC_60559_FUNCS_EXT__ 1
| #define __STDC_WANT_IEC_60559_TYPES_EXT__ 1
| #define __STDC_WANT_LIB_EXT2__ 1
| #define __STDC_WANT_MATH_SPEC_FUNCS__ 1
| #define _TANDEM_SOURCE 1
| #define __EXTENSIONS__ 1
| #define HAVE_DLFCN_H 1
| #define LT_OBJDIR ".libs/"
| #define PACKAGE "flex"
| #define VERSION "2.6.4"
| /* end confdefs.h.  */
| 
| /* Override any GCC internal prototype to avoid an error.
|    Use char because int might match the return type of a GCC
|    builtin and then its argument prototype would still apply.
|    The 'extern "C"' is for builds by C++ compilers;
|    although this is not generally supported in C code supporting it here
|    has little cost and some practical benefit (sr 110532).  */
| #ifdef __cplusplus
| extern "C"
| #endif
| char yywrap (void);
| int
| main (void)
| {
| return yywrap ();
|   ;
|   return 0;
| }
configure:16085: result: no
configure:16102: checking whether yytext is a pointer
configure:16118: /usr/bin/gcc -c -O2 -I/home/erion/Projects/buildroot/output/host/include -I/home/erion/Projects/buildroot/output/host/include conftest.c >&5
configure:16118: $? = 0
configure:16126: result: yes
configure:16195: checking for gcc
configure:16228: result: /usr/bin/gcc
configure:16587: checking for C compiler version
configure:16596: /usr/bin/gcc --version >&5
gcc (GCC) 14.1.1 20240522
Copyright (C) 2024 Free Software Foundation, Inc.
This is free software; see the source for copying conditions.  There is NO
warranty; not even for MERCHANTABILITY or FITNESS FOR A PARTICULAR PURPOSE.

configure:16607: $? = 0
configure:16596: /usr/bin/gcc -v >&5
Using built-in specs.
COLLECT_GCC=/usr/bin/gcc
COLLECT_LTO_WRAPPER=/usr/lib/gcc/x86_64-pc-linux-gnu/14.1.1/lto-wrapper
Target: x86_64-pc-linux-gnu
Configured with: /build/gcc/src/gcc/configure --enable-languages=ada,c,c++,d,fortran,go,lto,m2,objc,obj-c++,rust --enable-bootstrap --prefix=/usr --libdir=/usr/lib --libexecdir=/usr/lib --mandir=/usr/share/man --infodir=/usr/share/info --with-bugurl=https://gitlab.archlinux.org/archlinux/packaging/packages/gcc/-/issues --with-build-config=bootstrap-lto --with-linker-hash-style=gnu --with-system-zlib --enable-__cxa_atexit --enable-cet=auto --enable-checking=release --enable-clocale=gnu --enable-default-pie --enable-default-ssp --enable-gnu-indirect-function --enable-gnu-unique-object --enable-libstdcxx-backtrace --enable-link-serialization=1 --enable-linker-build-id --enable-lto --enable-multilib --enable-plugin --enable-shared --enable-threads=posix --disable-libssp --disable-libstdcxx-pch --disable-werror
Thread model: posix
Supported LTO compression algorithms: zlib zstd
gcc version 14.1.1 20240522 (GCC) 
configure:16607: $? = 0
configure:16596: /usr/bin/gcc -V >&5
gcc: error: unrecognized command-line option '-V'
gcc: fatal error: no input files
compilation terminated.
configure:16607: $? = 1
configure:16596: /usr/bin/gcc -qversion >&5
gcc: error: unrecognized command-line option '-qversion'; did you mean '--version'?
gcc: fatal error: no input files
compilation terminated.
configure:16607: $? = 1
configure:16596: /usr/bin/gcc -version >&5
gcc: error: unrecognized command-line option '-version'
gcc: fatal error: no input files
compilation terminated.
configure:16607: $? = 1
configure:16611: checking whether the compiler supports GNU C
configure:16643: result: yes
configure:16654: checking whether /usr/bin/gcc accepts -g
configure:16722: result: yes
configure:16742: checking for /usr/bin/gcc option to enable C11 features
configure:16776: result: none needed
configure:16900: checking whether /usr/bin/gcc understands -c and -o together
configure:16939: result: yes
configure:17018: checking for gcc
configure:17039: found /usr/bin/gcc
configure:17051: result: gcc
configure:17410: checking for C compiler version
configure:17419: gcc --version >&5
gcc (GCC) 14.1.1 20240522
Copyright (C) 2024 Free Software Foundation, Inc.
This is free software; see the source for copying conditions.  There is NO
warranty; not even for MERCHANTABILITY or FITNESS FOR A PARTICULAR PURPOSE.

configure:17430: $? = 0
configure:17419: gcc -v >&5
Using built-in specs.
COLLECT_GCC=gcc
COLLECT_LTO_WRAPPER=/usr/lib/gcc/x86_64-pc-linux-gnu/14.1.1/lto-wrapper
Target: x86_64-pc-linux-gnu
Configured with: /build/gcc/src/gcc/configure --enable-languages=ada,c,c++,d,fortran,go,lto,m2,objc,obj-c++,rust --enable-bootstrap --prefix=/usr --libdir=/usr/lib --libexecdir=/usr/lib --mandir=/usr/share/man --infodir=/usr/share/info --with-bugurl=https://gitlab.archlinux.org/archlinux/packaging/packages/gcc/-/issues --with-build-config=bootstrap-lto --with-linker-hash-style=gnu --with-system-zlib --enable-__cxa_atexit --enable-cet=auto --enable-checking=release --enable-clocale=gnu --enable-default-pie --enable-default-ssp --enable-gnu-indirect-function --enable-gnu-unique-object --enable-libstdcxx-backtrace --enable-link-serialization=1 --enable-linker-build-id --enable-lto --enable-multilib --enable-plugin --enable-shared --enable-threads=posix --disable-libssp --disable-libstdcxx-pch --disable-werror
Thread model: posix
Supported LTO compression algorithms: zlib zstd
gcc version 14.1.1 20240522 (GCC) 
configure:17430: $? = 0
configure:17419: gcc -V >&5
gcc: error: unrecognized command-line option '-V'
gcc: fatal error: no input files
compilation terminated.
configure:17430: $? = 1
configure:17419: gcc -qversion >&5
gcc: error: unrecognized command-line option '-qversion'; did you mean '--version'?
gcc: fatal error: no input files
compilation terminated.
configure:17430: $? = 1
configure:17419: gcc -version >&5
gcc: error: unrecognized command-line option '-version'
gcc: fatal error: no input files
compilation terminated.
configure:17430: $? = 1
configure:17434: checking whether the compiler supports GNU C
configure:17466: result: yes
configure:17477: checking whether gcc accepts -g
configure:17498: /usr/bin/gcc -c -O2 -I/home/erion/Projects/buildroot/output/host/include -I/home/erion/Projects/buildroot/output/host/include conftest.c >&5
configure:17498: $? = 0
configure:17545: result: yes
configure:17565: checking for gcc option to enable C11 features
configure:17599: result: none needed
configure:17723: checking whether gcc understands -c and -o together
configure:17762: result: yes
configure:17784: checking how to run the C preprocessor
configure:17810: /usr/bin/cpp -I/home/erion/Projects/buildroot/output/host/include conftest.c
configure:17810: $? = 0
configure:17826: /usr/bin/cpp -I/home/erion/Projects/buildroot/output/host/include conftest.c
conftest.c:42:10: fatal error: ac_nonexistent.h: No such file or directory
   42 | #include <ac_nonexistent.h>
      |          ^~~~~~~~~~~~~~~~~~
compilation terminated.
configure:17826: $? = 1
configure: failed program was:
| /* confdefs.h */
| #define PACKAGE_NAME "the fast lexical analyser generator"
| #define PACKAGE_TARNAME "flex"
| #define PACKAGE_VERSION "2.6.4"
| #define PACKAGE_STRING "the fast lexical analyser generator 2.6.4"
| #define PACKAGE_BUGREPORT "flex-help@lists.sourceforge.net"
| #define PACKAGE_URL ""
| #define HAVE_STDIO_H 1
| #define HAVE_STDLIB_H 1
| #define HAVE_STRING_H 1
| #define HAVE_INTTYPES_H 1
| #define HAVE_STDINT_H 1
| #define HAVE_STRINGS_H 1
| #define HAVE_SYS_STAT_H 1
| #define HAVE_SYS_TYPES_H 1
| #define HAVE_UNISTD_H 1
| #define HAVE_WCHAR_H 1
| #define STDC_HEADERS 1
| #define _ALL_SOURCE 1
| #define _DARWIN_C_SOURCE 1
| #define _GNU_SOURCE 1
| #define _HPUX_ALT_XOPEN_SOCKET_API 1
| #define _NETBSD_SOURCE 1
| #define _OPENBSD_SOURCE 1
| #define _POSIX_PTHREAD_SEMANTICS 1
| #define __STDC_WANT_IEC_60559_ATTRIBS_EXT__ 1
| #define __STDC_WANT_IEC_60559_BFP_EXT__ 1
| #define __STDC_WANT_IEC_60559_DFP_EXT__ 1
| #define __STDC_WANT_IEC_60559_EXT__ 1
| #define __STDC_WANT_IEC_60559_FUNCS_EXT__ 1
| #define __STDC_WANT_IEC_60559_TYPES_EXT__ 1
| #define __STDC_WANT_LIB_EXT2__ 1
| #define __STDC_WANT_MATH_SPEC_FUNCS__ 1
| #define _TANDEM_SOURCE 1
| #define __EXTENSIONS__ 1
| #define HAVE_DLFCN_H 1
| #define LT_OBJDIR ".libs/"
| #define PACKAGE "flex"
| #define VERSION "2.6.4"
| #define YYTEXT_POINTER 1
| /* end confdefs.h.  */
| #include <ac_nonexistent.h>
configure:17855: result: gcc -E
configure:17869: /usr/bin/cpp -I/home/erion/Projects/buildroot/output/host/include conftest.c
configure:17869: $? = 0
configure:17885: /usr/bin/cpp -I/home/erion/Projects/buildroot/output/host/include conftest.c
conftest.c:42:10: fatal error: ac_nonexistent.h: No such file or directory
   42 | #include <ac_nonexistent.h>
      |          ^~~~~~~~~~~~~~~~~~
compilation terminated.
configure:17885: $? = 1
configure: failed program was:
| /* confdefs.h */
| #define PACKAGE_NAME "the fast lexical analyser generator"
| #define PACKAGE_TARNAME "flex"
| #define PACKAGE_VERSION "2.6.4"
| #define PACKAGE_STRING "the fast lexical analyser generator 2.6.4"
| #define PACKAGE_BUGREPORT "flex-help@lists.sourceforge.net"
| #define PACKAGE_URL ""
| #define HAVE_STDIO_H 1
| #define HAVE_STDLIB_H 1
| #define HAVE_STRING_H 1
| #define HAVE_INTTYPES_H 1
| #define HAVE_STDINT_H 1
| #define HAVE_STRINGS_H 1
| #define HAVE_SYS_STAT_H 1
| #define HAVE_SYS_TYPES_H 1
| #define HAVE_UNISTD_H 1
| #define HAVE_WCHAR_H 1
| #define STDC_HEADERS 1
| #define _ALL_SOURCE 1
| #define _DARWIN_C_SOURCE 1
| #define _GNU_SOURCE 1
| #define _HPUX_ALT_XOPEN_SOCKET_API 1
| #define _NETBSD_SOURCE 1
| #define _OPENBSD_SOURCE 1
| #define _POSIX_PTHREAD_SEMANTICS 1
| #define __STDC_WANT_IEC_60559_ATTRIBS_EXT__ 1
| #define __STDC_WANT_IEC_60559_BFP_EXT__ 1
| #define __STDC_WANT_IEC_60559_DFP_EXT__ 1
| #define __STDC_WANT_IEC_60559_EXT__ 1
| #define __STDC_WANT_IEC_60559_FUNCS_EXT__ 1
| #define __STDC_WANT_IEC_60559_TYPES_EXT__ 1
| #define __STDC_WANT_LIB_EXT2__ 1
| #define __STDC_WANT_MATH_SPEC_FUNCS__ 1
| #define _TANDEM_SOURCE 1
| #define __EXTENSIONS__ 1
| #define HAVE_DLFCN_H 1
| #define LT_OBJDIR ".libs/"
| #define PACKAGE "flex"
| #define VERSION "2.6.4"
| #define YYTEXT_POINTER 1
| /* end confdefs.h.  */
| #include <ac_nonexistent.h>
configure:18056: checking for C++ compiler version
configure:18065: /usr/bin/g++ --version >&5
g++ (GCC) 14.1.1 20240522
Copyright (C) 2024 Free Software Foundation, Inc.
This is free software; see the source for copying conditions.  There is NO
warranty; not even for MERCHANTABILITY or FITNESS FOR A PARTICULAR PURPOSE.

configure:18076: $? = 0
configure:18065: /usr/bin/g++ -v >&5
Using built-in specs.
COLLECT_GCC=/usr/bin/g++
COLLECT_LTO_WRAPPER=/usr/lib/gcc/x86_64-pc-linux-gnu/14.1.1/lto-wrapper
Target: x86_64-pc-linux-gnu
Configured with: /build/gcc/src/gcc/configure --enable-languages=ada,c,c++,d,fortran,go,lto,m2,objc,obj-c++,rust --enable-bootstrap --prefix=/usr --libdir=/usr/lib --libexecdir=/usr/lib --mandir=/usr/share/man --infodir=/usr/share/info --with-bugurl=https://gitlab.archlinux.org/archlinux/packaging/packages/gcc/-/issues --with-build-config=bootstrap-lto --with-linker-hash-style=gnu --with-system-zlib --enable-__cxa_atexit --enable-cet=auto --enable-checking=release --enable-clocale=gnu --enable-default-pie --enable-default-ssp --enable-gnu-indirect-function --enable-gnu-unique-object --enable-libstdcxx-backtrace --enable-link-serialization=1 --enable-linker-build-id --enable-lto --enable-multilib --enable-plugin --enable-shared --enable-threads=posix --disable-libssp --disable-libstdcxx-pch --disable-werror
Thread model: posix
Supported LTO compression algorithms: zlib zstd
gcc version 14.1.1 20240522 (GCC) 
configure:18076: $? = 0
configure:18065: /usr/bin/g++ -V >&5
g++: error: unrecognized command-line option '-V'
g++: fatal error: no input files
compilation terminated.
configure:18076: $? = 1
configure:18065: /usr/bin/g++ -qversion >&5
g++: error: unrecognized command-line option '-qversion'; did you mean '--version'?
g++: fatal error: no input files
compilation terminated.
configure:18076: $? = 1
configure:18080: checking whether the compiler supports GNU C++
configure:18100: /usr/bin/g++ -c -O2 -I/home/erion/Projects/buildroot/output/host/include -I/home/erion/Projects/buildroot/output/host/include conftest.cpp >&5
configure:18100: $? = 0
configure:18112: result: yes
configure:18123: checking whether /usr/bin/g++ accepts -g
configure:18144: /usr/bin/g++ -c -g -I/home/erion/Projects/buildroot/output/host/include conftest.cpp >&5
configure:18144: $? = 0
configure:18191: result: yes
configure:18211: checking for /usr/bin/g++ option to enable C++11 features
configure:18226: /usr/bin/g++  -c -O2 -I/home/erion/Projects/buildroot/output/host/include -I/home/erion/Projects/buildroot/output/host/include conftest.cpp >&5
conftest.cpp: In function 'int main(int, char**)':
conftest.cpp:208:25: warning: empty parentheses were disambiguated as a function declaration [-Wvexing-parse]
  208 |   cxx11test::delegate d2();
      |                         ^~
conftest.cpp:208:25: note: remove parentheses to default-initialize a variable
  208 |   cxx11test::delegate d2();
      |                         ^~
      |                         --
conftest.cpp:208:25: note: or replace parentheses with braces to value-initialize a variable
configure:18226: $? = 0
configure:18245: result: none needed
configure:18332: checking how to run the C++ preprocessor
configure:18354: /usr/bin/g++ -E -I/home/erion/Projects/buildroot/output/host/include conftest.cpp
configure:18354: $? = 0
configure:18370: /usr/bin/g++ -E -I/home/erion/Projects/buildroot/output/host/include conftest.cpp
conftest.cpp:42:10: fatal error: ac_nonexistent.h: No such file or directory
   42 | #include <ac_nonexistent.h>
      |          ^~~~~~~~~~~~~~~~~~
compilation terminated.
configure:18370: $? = 1
configure: failed program was:
| /* confdefs.h */
| #define PACKAGE_NAME "the fast lexical analyser generator"
| #define PACKAGE_TARNAME "flex"
| #define PACKAGE_VERSION "2.6.4"
| #define PACKAGE_STRING "the fast lexical analyser generator 2.6.4"
| #define PACKAGE_BUGREPORT "flex-help@lists.sourceforge.net"
| #define PACKAGE_URL ""
| #define HAVE_STDIO_H 1
| #define HAVE_STDLIB_H 1
| #define HAVE_STRING_H 1
| #define HAVE_INTTYPES_H 1
| #define HAVE_STDINT_H 1
| #define HAVE_STRINGS_H 1
| #define HAVE_SYS_STAT_H 1
| #define HAVE_SYS_TYPES_H 1
| #define HAVE_UNISTD_H 1
| #define HAVE_WCHAR_H 1
| #define STDC_HEADERS 1
| #define _ALL_SOURCE 1
| #define _DARWIN_C_SOURCE 1
| #define _GNU_SOURCE 1
| #define _HPUX_ALT_XOPEN_SOCKET_API 1
| #define _NETBSD_SOURCE 1
| #define _OPENBSD_SOURCE 1
| #define _POSIX_PTHREAD_SEMANTICS 1
| #define __STDC_WANT_IEC_60559_ATTRIBS_EXT__ 1
| #define __STDC_WANT_IEC_60559_BFP_EXT__ 1
| #define __STDC_WANT_IEC_60559_DFP_EXT__ 1
| #define __STDC_WANT_IEC_60559_EXT__ 1
| #define __STDC_WANT_IEC_60559_FUNCS_EXT__ 1
| #define __STDC_WANT_IEC_60559_TYPES_EXT__ 1
| #define __STDC_WANT_LIB_EXT2__ 1
| #define __STDC_WANT_MATH_SPEC_FUNCS__ 1
| #define _TANDEM_SOURCE 1
| #define __EXTENSIONS__ 1
| #define HAVE_DLFCN_H 1
| #define LT_OBJDIR ".libs/"
| #define PACKAGE "flex"
| #define VERSION "2.6.4"
| #define YYTEXT_POINTER 1
| /* end confdefs.h.  */
| #include <ac_nonexistent.h>
configure:18399: result: /usr/bin/g++ -E
configure:18413: /usr/bin/g++ -E -I/home/erion/Projects/buildroot/output/host/include conftest.cpp
configure:18413: $? = 0
configure:18429: /usr/bin/g++ -E -I/home/erion/Projects/buildroot/output/host/include conftest.cpp
conftest.cpp:42:10: fatal error: ac_nonexistent.h: No such file or directory
   42 | #include <ac_nonexistent.h>
      |          ^~~~~~~~~~~~~~~~~~
compilation terminated.
configure:18429: $? = 1
configure: failed program was:
| /* confdefs.h */
| #define PACKAGE_NAME "the fast lexical analyser generator"
| #define PACKAGE_TARNAME "flex"
| #define PACKAGE_VERSION "2.6.4"
| #define PACKAGE_STRING "the fast lexical analyser generator 2.6.4"
| #define PACKAGE_BUGREPORT "flex-help@lists.sourceforge.net"
| #define PACKAGE_URL ""
| #define HAVE_STDIO_H 1
| #define HAVE_STDLIB_H 1
| #define HAVE_STRING_H 1
| #define HAVE_INTTYPES_H 1
| #define HAVE_STDINT_H 1
| #define HAVE_STRINGS_H 1
| #define HAVE_SYS_STAT_H 1
| #define HAVE_SYS_TYPES_H 1
| #define HAVE_UNISTD_H 1
| #define HAVE_WCHAR_H 1
| #define STDC_HEADERS 1
| #define _ALL_SOURCE 1
| #define _DARWIN_C_SOURCE 1
| #define _GNU_SOURCE 1
| #define _HPUX_ALT_XOPEN_SOCKET_API 1
| #define _NETBSD_SOURCE 1
| #define _OPENBSD_SOURCE 1
| #define _POSIX_PTHREAD_SEMANTICS 1
| #define __STDC_WANT_IEC_60559_ATTRIBS_EXT__ 1
| #define __STDC_WANT_IEC_60559_BFP_EXT__ 1
| #define __STDC_WANT_IEC_60559_DFP_EXT__ 1
| #define __STDC_WANT_IEC_60559_EXT__ 1
| #define __STDC_WANT_IEC_60559_FUNCS_EXT__ 1
| #define __STDC_WANT_IEC_60559_TYPES_EXT__ 1
| #define __STDC_WANT_LIB_EXT2__ 1
| #define __STDC_WANT_MATH_SPEC_FUNCS__ 1
| #define _TANDEM_SOURCE 1
| #define __EXTENSIONS__ 1
| #define HAVE_DLFCN_H 1
| #define LT_OBJDIR ".libs/"
| #define PACKAGE "flex"
| #define VERSION "2.6.4"
| #define YYTEXT_POINTER 1
| /* end confdefs.h.  */
| #include <ac_nonexistent.h>
configure:18597: checking for ld used by /usr/bin/g++
configure:18666: result: /usr/bin/ld -m elf_x86_64
configure:18673: checking if the linker (/usr/bin/ld -m elf_x86_64) is GNU ld
configure:18690: result: yes
configure:18745: checking whether the /usr/bin/g++ linker (/usr/bin/ld -m elf_x86_64) supports shared libraries
configure:19824: result: yes
configure:19860: /usr/bin/g++ -c -O2 -I/home/erion/Projects/buildroot/output/host/include -I/home/erion/Projects/buildroot/output/host/include conftest.cpp >&5
configure:19863: $? = 0
configure:20344: checking for /usr/bin/g++ option to produce PIC
configure:20353: result: -fPIC -DPIC
configure:20361: checking if /usr/bin/g++ PIC flag -fPIC -DPIC works
configure:20380: /usr/bin/g++ -c -O2 -I/home/erion/Projects/buildroot/output/host/include -I/home/erion/Projects/buildroot/output/host/include -fPIC -DPIC -DPIC conftest.cpp >&5
configure:20384: $? = 0
configure:20398: result: yes
configure:20421: checking if /usr/bin/g++ static flag -static works
configure:20451: result: yes
configure:20463: checking if /usr/bin/g++ supports -c -o file.o
configure:20485: /usr/bin/g++ -c -O2 -I/home/erion/Projects/buildroot/output/host/include -I/home/erion/Projects/buildroot/output/host/include -o out/conftest2.o conftest.cpp >&5
configure:20489: $? = 0
configure:20512: result: yes
configure:20517: checking if /usr/bin/g++ supports -c -o file.o
configure:20566: result: yes
configure:20596: checking whether the /usr/bin/g++ linker (/usr/bin/ld -m elf_x86_64) supports shared libraries
configure:20636: result: yes
configure:20779: checking dynamic linker characteristics
configure:21528: result: GNU/Linux ld.so
configure:21593: checking how to hardcode library paths into programs
configure:21618: result: immediate
configure:21660: checking dependency style of /usr/bin/g++
configure:21773: result: none
configure:21789: checking whether ln -s works
configure:21793: result: yes
configure:21804: checking for gawk
configure:21837: result: gawk
configure:21952: checking for help2man
configure:21989: result: ${top_srcdir}/build-aux/missing help2man
configure:21999: WARNING: help2man: program not found: building man page will not work
configure:22008: checking for gtexi2dvi
configure:22047: result: no
configure:22008: checking for texi2dvi
configure:22031: found /usr/bin/texi2dvi
configure:22044: result: /usr/bin/texi2dvi
configure:22065: checking for m4 that supports -P
configure:22105: result: /home/erion/Projects/buildroot/output/host/bin/m4
configure:22115: checking for indent
configure:22152: result: ${top_srcdir}/build-aux/missing indent
configure:22160: checking if ${top_srcdir}/build-aux/missing indent is GNU indent
configure:22167: result: no
configure:22169: WARNING: ${top_srcdir}/build-aux/missing indent does not appear to be GNU indent; 'make indent' may not function properly
configure:22180: checking for regex.h
configure:22180: /usr/bin/gcc -c -O2 -I/home/erion/Projects/buildroot/output/host/include -I/home/erion/Projects/buildroot/output/host/include conftest.c >&5
configure:22180: $? = 0
configure:22180: result: yes
configure:22180: checking for strings.h
configure:22180: result: yes
configure:22180: checking for sys/stat.h
configure:22180: result: yes
configure:22180: checking for sys/wait.h
configure:22180: /usr/bin/gcc -c -O2 -I/home/erion/Projects/buildroot/output/host/include -I/home/erion/Projects/buildroot/output/host/include conftest.c >&5
configure:22180: $? = 0
configure:22180: result: yes
configure:22180: checking for unistd.h
configure:22180: result: yes
configure:22194: checking for inttypes.h
configure:22194: result: yes
configure:22200: checking for libintl.h
configure:22200: /usr/bin/gcc -c -O2 -I/home/erion/Projects/buildroot/output/host/include -I/home/erion/Projects/buildroot/output/host/include conftest.c >&5
configure:22200: $? = 0
configure:22200: result: yes
configure:22206: checking for limits.h
configure:22206: /usr/bin/gcc -c -O2 -I/home/erion/Projects/buildroot/output/host/include -I/home/erion/Projects/buildroot/output/host/include conftest.c >&5
configure:22206: $? = 0
configure:22206: result: yes
configure:22212: checking for locale.h
configure:22212: /usr/bin/gcc -c -O2 -I/home/erion/Projects/buildroot/output/host/include -I/home/erion/Projects/buildroot/output/host/include conftest.c >&5
configure:22212: $? = 0
configure:22212: result: yes
configure:22218: checking for malloc.h
configure:22218: /usr/bin/gcc -c -O2 -I/home/erion/Projects/buildroot/output/host/include -I/home/erion/Projects/buildroot/output/host/include conftest.c >&5
configure:22218: $? = 0
configure:22218: result: yes
configure:22224: checking for netinet/in.h
configure:22224: /usr/bin/gcc -c -O2 -I/home/erion/Projects/buildroot/output/host/include -I/home/erion/Projects/buildroot/output/host/include conftest.c >&5
configure:22224: $? = 0
configure:22224: result: yes
configure:22239: checking for pthread_mutex_lock in -lpthread
configure:22268: /usr/bin/gcc -o conftest -O2 -I/home/erion/Projects/buildroot/output/host/include -I/home/erion/Projects/buildroot/output/host/include -L/home/erion/Projects/buildroot/output/host/lib -Wl,-rpath,/home/erion/Projects/buildroot/output/host/lib conftest.c -lpthread   >&5
configure:22268: $? = 0
configure:22280: result: yes
configure:22286: checking for pthread.h
configure:22286: /usr/bin/gcc -c -O2 -I/home/erion/Projects/buildroot/output/host/include -I/home/erion/Projects/buildroot/output/host/include conftest.c >&5
configure:22286: $? = 0
configure:22286: result: yes
configure:22306: checking for log10 in -lm
configure:22335: /usr/bin/gcc -o conftest -O2 -I/home/erion/Projects/buildroot/output/host/include -I/home/erion/Projects/buildroot/output/host/include -L/home/erion/Projects/buildroot/output/host/lib -Wl,-rpath,/home/erion/Projects/buildroot/output/host/lib conftest.c -lm   >&5
conftest.c:65:6: warning: conflicting types for built-in function 'log10'; expected 'double(double)' [-Wbuiltin-declaration-mismatch]
   65 | char log10 (void);
      |      ^~~~~
conftest.c:1:1: note: 'log10' is declared in header '<math.h>'
    1 | /* confdefs.h */
configure:22335: $? = 0
configure:22347: result: yes
configure:22360: checking for _Bool
configure:22360: /usr/bin/gcc -c -O2 -I/home/erion/Projects/buildroot/output/host/include -I/home/erion/Projects/buildroot/output/host/include conftest.c >&5
configure:22360: $? = 0
configure:22360: /usr/bin/gcc -c -O2 -I/home/erion/Projects/buildroot/output/host/include -I/home/erion/Projects/buildroot/output/host/include conftest.c >&5
conftest.c: In function 'main':
conftest.c:87:20: error: expected expression before ')' token
   87 | if (sizeof ((_Bool)))
      |                    ^
configure:22360: $? = 1
configure: failed program was:
| /* confdefs.h */
| #define PACKAGE_NAME "the fast lexical analyser generator"
| #define PACKAGE_TARNAME "flex"
| #define PACKAGE_VERSION "2.6.4"
| #define PACKAGE_STRING "the fast lexical analyser generator 2.6.4"
| #define PACKAGE_BUGREPORT "flex-help@lists.sourceforge.net"
| #define PACKAGE_URL ""
| #define HAVE_STDIO_H 1
| #define HAVE_STDLIB_H 1
| #define HAVE_STRING_H 1
| #define HAVE_INTTYPES_H 1
| #define HAVE_STDINT_H 1
| #define HAVE_STRINGS_H 1
| #define HAVE_SYS_STAT_H 1
| #define HAVE_SYS_TYPES_H 1
| #define HAVE_UNISTD_H 1
| #define HAVE_WCHAR_H 1
| #define STDC_HEADERS 1
| #define _ALL_SOURCE 1
| #define _DARWIN_C_SOURCE 1
| #define _GNU_SOURCE 1
| #define _HPUX_ALT_XOPEN_SOCKET_API 1
| #define _NETBSD_SOURCE 1
| #define _OPENBSD_SOURCE 1
| #define _POSIX_PTHREAD_SEMANTICS 1
| #define __STDC_WANT_IEC_60559_ATTRIBS_EXT__ 1
| #define __STDC_WANT_IEC_60559_BFP_EXT__ 1
| #define __STDC_WANT_IEC_60559_DFP_EXT__ 1
| #define __STDC_WANT_IEC_60559_EXT__ 1
| #define __STDC_WANT_IEC_60559_FUNCS_EXT__ 1
| #define __STDC_WANT_IEC_60559_TYPES_EXT__ 1
| #define __STDC_WANT_LIB_EXT2__ 1
| #define __STDC_WANT_MATH_SPEC_FUNCS__ 1
| #define _TANDEM_SOURCE 1
| #define __EXTENSIONS__ 1
| #define HAVE_DLFCN_H 1
| #define LT_OBJDIR ".libs/"
| #define PACKAGE "flex"
| #define VERSION "2.6.4"
| #define YYTEXT_POINTER 1
| #define M4 "/home/erion/Projects/buildroot/output/host/bin/m4"
| #define HAVE_REGEX_H 1
| #define HAVE_STRINGS_H 1
| #define HAVE_SYS_STAT_H 1
| #define HAVE_SYS_WAIT_H 1
| #define HAVE_UNISTD_H 1
| #define HAVE_INTTYPES_H 1
| #define HAVE_LIBINTL_H 1
| #define HAVE_LIMITS_H 1
| #define HAVE_LOCALE_H 1
| #define HAVE_MALLOC_H 1
| #define HAVE_NETINET_IN_H 1
| #define HAVE_PTHREAD_H 1
| #define HAVE_LIBM 1
| /* end confdefs.h.  */
| #include <stddef.h>
| #ifdef HAVE_STDIO_H
| # include <stdio.h>
| #endif
| #ifdef HAVE_STDLIB_H
| # include <stdlib.h>
| #endif
| #ifdef HAVE_STRING_H
| # include <string.h>
| #endif
| #ifdef HAVE_INTTYPES_H
| # include <inttypes.h>
| #endif
| #ifdef HAVE_STDINT_H
| # include <stdint.h>
| #endif
| #ifdef HAVE_STRINGS_H
| # include <strings.h>
| #endif
| #ifdef HAVE_SYS_TYPES_H
| # include <sys/types.h>
| #endif
| #ifdef HAVE_SYS_STAT_H
| # include <sys/stat.h>
| #endif
| #ifdef HAVE_UNISTD_H
| # include <unistd.h>
| #endif
| int
| main (void)
| {
| if (sizeof ((_Bool)))
| 	    return 0;
|   ;
|   return 0;
| }
configure:22360: result: yes
configure:22369: checking for stdbool.h that conforms to C99 or later
configure:22444: /usr/bin/gcc -c -O2 -I/home/erion/Projects/buildroot/output/host/include -I/home/erion/Projects/buildroot/output/host/include conftest.c >&5
configure:22444: $? = 0
configure:22454: result: yes
configure:22463: checking for an ANSI C-conforming const
configure:22530: /usr/bin/gcc -c -O2 -I/home/erion/Projects/buildroot/output/host/include -I/home/erion/Projects/buildroot/output/host/include conftest.c >&5
configure:22530: $? = 0
configure:22540: result: yes
configure:22548: checking for size_t
configure:22548: /usr/bin/gcc -c -O2 -I/home/erion/Projects/buildroot/output/host/include -I/home/erion/Projects/buildroot/output/host/include conftest.c >&5
configure:22548: $? = 0
configure:22548: /usr/bin/gcc -c -O2 -I/home/erion/Projects/buildroot/output/host/include -I/home/erion/Projects/buildroot/output/host/include conftest.c >&5
conftest.c: In function 'main':
conftest.c:89:21: error: expected expression before ')' token
   89 | if (sizeof ((size_t)))
      |                     ^
configure:22548: $? = 1
configure: failed program was:
| /* confdefs.h */
| #define PACKAGE_NAME "the fast lexical analyser generator"
| #define PACKAGE_TARNAME "flex"
| #define PACKAGE_VERSION "2.6.4"
| #define PACKAGE_STRING "the fast lexical analyser generator 2.6.4"
| #define PACKAGE_BUGREPORT "flex-help@lists.sourceforge.net"
| #define PACKAGE_URL ""
| #define HAVE_STDIO_H 1
| #define HAVE_STDLIB_H 1
| #define HAVE_STRING_H 1
| #define HAVE_INTTYPES_H 1
| #define HAVE_STDINT_H 1
| #define HAVE_STRINGS_H 1
| #define HAVE_SYS_STAT_H 1
| #define HAVE_SYS_TYPES_H 1
| #define HAVE_UNISTD_H 1
| #define HAVE_WCHAR_H 1
| #define STDC_HEADERS 1
| #define _ALL_SOURCE 1
| #define _DARWIN_C_SOURCE 1
| #define _GNU_SOURCE 1
| #define _HPUX_ALT_XOPEN_SOCKET_API 1
| #define _NETBSD_SOURCE 1
| #define _OPENBSD_SOURCE 1
| #define _POSIX_PTHREAD_SEMANTICS 1
| #define __STDC_WANT_IEC_60559_ATTRIBS_EXT__ 1
| #define __STDC_WANT_IEC_60559_BFP_EXT__ 1
| #define __STDC_WANT_IEC_60559_DFP_EXT__ 1
| #define __STDC_WANT_IEC_60559_EXT__ 1
| #define __STDC_WANT_IEC_60559_FUNCS_EXT__ 1
| #define __STDC_WANT_IEC_60559_TYPES_EXT__ 1
| #define __STDC_WANT_LIB_EXT2__ 1
| #define __STDC_WANT_MATH_SPEC_FUNCS__ 1
| #define _TANDEM_SOURCE 1
| #define __EXTENSIONS__ 1
| #define HAVE_DLFCN_H 1
| #define LT_OBJDIR ".libs/"
| #define PACKAGE "flex"
| #define VERSION "2.6.4"
| #define YYTEXT_POINTER 1
| #define M4 "/home/erion/Projects/buildroot/output/host/bin/m4"
| #define HAVE_REGEX_H 1
| #define HAVE_STRINGS_H 1
| #define HAVE_SYS_STAT_H 1
| #define HAVE_SYS_WAIT_H 1
| #define HAVE_UNISTD_H 1
| #define HAVE_INTTYPES_H 1
| #define HAVE_LIBINTL_H 1
| #define HAVE_LIMITS_H 1
| #define HAVE_LOCALE_H 1
| #define HAVE_MALLOC_H 1
| #define HAVE_NETINET_IN_H 1
| #define HAVE_PTHREAD_H 1
| #define HAVE_LIBM 1
| #define HAVE__BOOL 1
| #define HAVE_STDBOOL_H 1
| /* end confdefs.h.  */
| #include <stddef.h>
| #ifdef HAVE_STDIO_H
| # include <stdio.h>
| #endif
| #ifdef HAVE_STDLIB_H
| # include <stdlib.h>
| #endif
| #ifdef HAVE_STRING_H
| # include <string.h>
| #endif
| #ifdef HAVE_INTTYPES_H
| # include <inttypes.h>
| #endif
| #ifdef HAVE_STDINT_H
| # include <stdint.h>
| #endif
| #ifdef HAVE_STRINGS_H
| # include <strings.h>
| #endif
| #ifdef HAVE_SYS_TYPES_H
| # include <sys/types.h>
| #endif
| #ifdef HAVE_SYS_STAT_H
| # include <sys/stat.h>
| #endif
| #ifdef HAVE_UNISTD_H
| # include <unistd.h>
| #endif
| int
| main (void)
| {
| if (sizeof ((size_t)))
| 	    return 0;
|   ;
|   return 0;
| }
configure:22548: result: yes
configure:22564: checking for working alloca.h
configure:22582: /usr/bin/gcc -o conftest -O2 -I/home/erion/Projects/buildroot/output/host/include -I/home/erion/Projects/buildroot/output/host/include -L/home/erion/Projects/buildroot/output/host/lib -Wl,-rpath,/home/erion/Projects/buildroot/output/host/lib conftest.c -lm  >&5
configure:22582: $? = 0
configure:22593: result: yes
configure:22601: checking for alloca
configure:22646: result: yes
configure:22716: checking for pid_t
configure:22716: /usr/bin/gcc -c -O2 -I/home/erion/Projects/buildroot/output/host/include -I/home/erion/Projects/buildroot/output/host/include conftest.c >&5
configure:22716: $? = 0
configure:22716: /usr/bin/gcc -c -O2 -I/home/erion/Projects/buildroot/output/host/include -I/home/erion/Projects/buildroot/output/host/include conftest.c >&5
conftest.c: In function 'main':
conftest.c:92:20: error: expected expression before ')' token
   92 | if (sizeof ((pid_t)))
      |                    ^
configure:22716: $? = 1
configure: failed program was:
| /* confdefs.h */
| #define PACKAGE_NAME "the fast lexical analyser generator"
| #define PACKAGE_TARNAME "flex"
| #define PACKAGE_VERSION "2.6.4"
| #define PACKAGE_STRING "the fast lexical analyser generator 2.6.4"
| #define PACKAGE_BUGREPORT "flex-help@lists.sourceforge.net"
| #define PACKAGE_URL ""
| #define HAVE_STDIO_H 1
| #define HAVE_STDLIB_H 1
| #define HAVE_STRING_H 1
| #define HAVE_INTTYPES_H 1
| #define HAVE_STDINT_H 1
| #define HAVE_STRINGS_H 1
| #define HAVE_SYS_STAT_H 1
| #define HAVE_SYS_TYPES_H 1
| #define HAVE_UNISTD_H 1
| #define HAVE_WCHAR_H 1
| #define STDC_HEADERS 1
| #define _ALL_SOURCE 1
| #define _DARWIN_C_SOURCE 1
| #define _GNU_SOURCE 1
| #define _HPUX_ALT_XOPEN_SOCKET_API 1
| #define _NETBSD_SOURCE 1
| #define _OPENBSD_SOURCE 1
| #define _POSIX_PTHREAD_SEMANTICS 1
| #define __STDC_WANT_IEC_60559_ATTRIBS_EXT__ 1
| #define __STDC_WANT_IEC_60559_BFP_EXT__ 1
| #define __STDC_WANT_IEC_60559_DFP_EXT__ 1
| #define __STDC_WANT_IEC_60559_EXT__ 1
| #define __STDC_WANT_IEC_60559_FUNCS_EXT__ 1
| #define __STDC_WANT_IEC_60559_TYPES_EXT__ 1
| #define __STDC_WANT_LIB_EXT2__ 1
| #define __STDC_WANT_MATH_SPEC_FUNCS__ 1
| #define _TANDEM_SOURCE 1
| #define __EXTENSIONS__ 1
| #define HAVE_DLFCN_H 1
| #define LT_OBJDIR ".libs/"
| #define PACKAGE "flex"
| #define VERSION "2.6.4"
| #define YYTEXT_POINTER 1
| #define M4 "/home/erion/Projects/buildroot/output/host/bin/m4"
| #define HAVE_REGEX_H 1
| #define HAVE_STRINGS_H 1
| #define HAVE_SYS_STAT_H 1
| #define HAVE_SYS_WAIT_H 1
| #define HAVE_UNISTD_H 1
| #define HAVE_INTTYPES_H 1
| #define HAVE_LIBINTL_H 1
| #define HAVE_LIMITS_H 1
| #define HAVE_LOCALE_H 1
| #define HAVE_MALLOC_H 1
| #define HAVE_NETINET_IN_H 1
| #define HAVE_PTHREAD_H 1
| #define HAVE_LIBM 1
| #define HAVE__BOOL 1
| #define HAVE_STDBOOL_H 1
| #define HAVE_ALLOCA_H 1
| #define HAVE_ALLOCA 1
| /* end confdefs.h.  */
| #include <stddef.h>
| #ifdef HAVE_STDIO_H
| # include <stdio.h>
| #endif
| #ifdef HAVE_STDLIB_H
| # include <stdlib.h>
| #endif
| #ifdef HAVE_STRING_H
| # include <string.h>
| #endif
| #ifdef HAVE_INTTYPES_H
| # include <inttypes.h>
| #endif
| #ifdef HAVE_STDINT_H
| # include <stdint.h>
| #endif
| #ifdef HAVE_STRINGS_H
| # include <strings.h>
| #endif
| #ifdef HAVE_SYS_TYPES_H
| # include <sys/types.h>
| #endif
| #ifdef HAVE_SYS_STAT_H
| # include <sys/stat.h>
| #endif
| #ifdef HAVE_UNISTD_H
| # include <unistd.h>
| #endif
| 
| int
| main (void)
| {
| if (sizeof ((pid_t)))
| 	    return 0;
|   ;
|   return 0;
| }
configure:22716: result: yes
configure:22759: checking for fork
configure:22759: /usr/bin/gcc -o conftest -O2 -I/home/erion/Projects/buildroot/output/host/include -I/home/erion/Projects/buildroot/output/host/include -L/home/erion/Projects/buildroot/output/host/lib -Wl,-rpath,/home/erion/Projects/buildroot/output/host/lib conftest.c -lm  >&5
conftest.c:76:6: warning: conflicting types for built-in function 'fork'; expected 'int(void)' [-Wbuiltin-declaration-mismatch]
   76 | char fork (void);
      |      ^~~~
configure:22759: $? = 0
configure:22759: result: yes
configure:22759: checking for vfork
configure:22759: /usr/bin/gcc -o conftest -O2 -I/home/erion/Projects/buildroot/output/host/include -I/home/erion/Projects/buildroot/output/host/include -L/home/erion/Projects/buildroot/output/host/lib -Wl,-rpath,/home/erion/Projects/buildroot/output/host/lib conftest.c -lm  >&5
configure:22759: $? = 0
configure:22759: result: yes
configure:22772: checking for working fork
configure:22796: /usr/bin/gcc -o conftest -O2 -I/home/erion/Projects/buildroot/output/host/include -I/home/erion/Projects/buildroot/output/host/include -L/home/erion/Projects/buildroot/output/host/lib -Wl,-rpath,/home/erion/Projects/buildroot/output/host/lib conftest.c -lm  >&5
configure:22796: $? = 0
configure:22796: ./conftest
configure:22796: $? = 0
configure:22810: result: yes
configure:22831: checking for working vfork
configure:22963: result: yes
configure:22988: checking for GNU libc compatible malloc
configure:23020: /usr/bin/gcc -o conftest -O2 -I/home/erion/Projects/buildroot/output/host/include -I/home/erion/Projects/buildroot/output/host/include -L/home/erion/Projects/buildroot/output/host/lib -Wl,-rpath,/home/erion/Projects/buildroot/output/host/lib conftest.c -lm  >&5
configure:23020: $? = 0
configure:23020: ./conftest
configure:23020: $? = 0
configure:23034: result: yes
configure:23062: checking for GNU libc compatible realloc
configure:23094: /usr/bin/gcc -o conftest -O2 -I/home/erion/Projects/buildroot/output/host/include -I/home/erion/Projects/buildroot/output/host/include -L/home/erion/Projects/buildroot/output/host/lib -Wl,-rpath,/home/erion/Projects/buildroot/output/host/lib conftest.c -lm  >&5
configure:23094: $? = 0
configure:23094: ./conftest
configure:23094: $? = 0
configure:23108: result: yes
configure:23141: checking for dup2
configure:23141: /usr/bin/gcc -o conftest -O2 -I/home/erion/Projects/buildroot/output/host/include -I/home/erion/Projects/buildroot/output/host/include -L/home/erion/Projects/buildroot/output/host/lib -Wl,-rpath,/home/erion/Projects/buildroot/output/host/lib conftest.c -lm  >&5
configure:23141: $? = 0
configure:23141: result: yes
configure:23141: checking for memset
configure:23141: /usr/bin/gcc -o conftest -O2 -I/home/erion/Projects/buildroot/output/host/include -I/home/erion/Projects/buildroot/output/host/include -L/home/erion/Projects/buildroot/output/host/lib -Wl,-rpath,/home/erion/Projects/buildroot/output/host/lib conftest.c -lm  >&5
conftest.c:83:6: warning: conflicting types for built-in function 'memset'; expected 'void *(void *, int,  long unsigned int)' [-Wbuiltin-declaration-mismatch]
   83 | char memset (void);
      |      ^~~~~~
conftest.c:75:1: note: 'memset' is declared in header '<string.h>'
   74 | #include <limits.h>
   75 | #undef memset
configure:23141: $? = 0
configure:23141: result: yes
configure:23141: checking for regcomp
configure:23141: /usr/bin/gcc -o conftest -O2 -I/home/erion/Projects/buildroot/output/host/include -I/home/erion/Projects/buildroot/output/host/include -L/home/erion/Projects/buildroot/output/host/lib -Wl,-rpath,/home/erion/Projects/buildroot/output/host/lib conftest.c -lm  >&5
configure:23141: $? = 0
configure:23141: result: yes
configure:23141: checking for strcasecmp
configure:23141: /usr/bin/gcc -o conftest -O2 -I/home/erion/Projects/buildroot/output/host/include -I/home/erion/Projects/buildroot/output/host/include -L/home/erion/Projects/buildroot/output/host/lib -Wl,-rpath,/home/erion/Projects/buildroot/output/host/lib conftest.c -lm  >&5
conftest.c:85:6: warning: conflicting types for built-in function 'strcasecmp'; expected 'int(const char *, const char *)' [-Wbuiltin-declaration-mismatch]
   85 | char strcasecmp (void);
      |      ^~~~~~~~~~
configure:23141: $? = 0
configure:23141: result: yes
configure:23141: checking for strchr
configure:23141: /usr/bin/gcc -o conftest -O2 -I/home/erion/Projects/buildroot/output/host/include -I/home/erion/Projects/buildroot/output/host/include -L/home/erion/Projects/buildroot/output/host/lib -Wl,-rpath,/home/erion/Projects/buildroot/output/host/lib conftest.c -lm  >&5
conftest.c:86:6: warning: conflicting types for built-in function 'strchr'; expected 'char *(const char *, int)' [-Wbuiltin-declaration-mismatch]
   86 | char strchr (void);
      |      ^~~~~~
conftest.c:78:1: note: 'strchr' is declared in header '<string.h>'
   77 | #include <limits.h>
   78 | #undef strchr
configure:23141: $? = 0
configure:23141: result: yes
configure:23141: checking for strdup
configure:23141: /usr/bin/gcc -o conftest -O2 -I/home/erion/Projects/buildroot/output/host/include -I/home/erion/Projects/buildroot/output/host/include -L/home/erion/Projects/buildroot/output/host/lib -Wl,-rpath,/home/erion/Projects/buildroot/output/host/lib conftest.c -lm  >&5
conftest.c:87:6: warning: conflicting types for built-in function 'strdup'; expected 'char *(const char *)' [-Wbuiltin-declaration-mismatch]
   87 | char strdup (void);
      |      ^~~~~~
configure:23141: $? = 0
configure:23141: result: yes
configure:23141: checking for strtol
configure:23141: /usr/bin/gcc -o conftest -O2 -I/home/erion/Projects/buildroot/output/host/include -I/home/erion/Projects/buildroot/output/host/include -L/home/erion/Projects/buildroot/output/host/lib -Wl,-rpath,/home/erion/Projects/buildroot/output/host/lib conftest.c -lm  >&5
configure:23141: $? = 0
configure:23141: result: yes
configure:23156: checking for pow
configure:23156: /usr/bin/gcc -o conftest -O2 -I/home/erion/Projects/buildroot/output/host/include -I/home/erion/Projects/buildroot/output/host/include -L/home/erion/Projects/buildroot/output/host/lib -Wl,-rpath,/home/erion/Projects/buildroot/output/host/lib conftest.c -lm  >&5
conftest.c:89:6: warning: conflicting types for built-in function 'pow'; expected 'double(double,  double)' [-Wbuiltin-declaration-mismatch]
   89 | char pow (void);
      |      ^~~
conftest.c:81:1: note: 'pow' is declared in header '<math.h>'
   80 | #include <limits.h>
   81 | #undef pow
configure:23156: $? = 0
configure:23156: result: yes
configure:23162: checking for setlocale
configure:23162: /usr/bin/gcc -o conftest -O2 -I/home/erion/Projects/buildroot/output/host/include -I/home/erion/Projects/buildroot/output/host/include -L/home/erion/Projects/buildroot/output/host/lib -Wl,-rpath,/home/erion/Projects/buildroot/output/host/lib conftest.c -lm  >&5
configure:23162: $? = 0
configure:23162: result: yes
configure:23168: checking for reallocarray
configure:23168: /usr/bin/gcc -o conftest -O2 -I/home/erion/Projects/buildroot/output/host/include -I/home/erion/Projects/buildroot/output/host/include -L/home/erion/Projects/buildroot/output/host/lib -Wl,-rpath,/home/erion/Projects/buildroot/output/host/lib conftest.c -lm  >&5
configure:23168: $? = 0
configure:23168: result: yes
configure:23280: checking that generated files are newer than configure
configure:23286: result: done
configure:23337: creating ./config.status

## ---------------------- ##
## Running config.status. ##
## ---------------------- ##

This file was extended by the fast lexical analyser generator config.status 2.6.4, which was
generated by GNU Autoconf 2.72.  Invocation command line was

  CONFIG_FILES    = 
  CONFIG_HEADERS  = 
  CONFIG_LINKS    = 
  CONFIG_COMMANDS = 
  $ ./config.status 

on archlinux

config.status:1265: creating Makefile
config.status:1265: creating doc/Makefile
config.status:1265: creating examples/Makefile
config.status:1265: creating examples/fastwc/Makefile
config.status:1265: creating examples/manual/Makefile
config.status:1265: creating po/Makefile.in
config.status:1265: creating src/Makefile
config.status:1265: creating tools/Makefile
config.status:1265: creating tests/Makefile
config.status:1265: creating src/config.h
config.status:1494: executing libtool commands
config.status:1494: executing depfiles commands
config.status:1494: executing po-directories commands
configure:25873: WARNING: unrecognized options: --disable-gtk-doc, --disable-gtk-doc-html, --disable-docs, --disable-documentation, --disable-debug, --with-xmlto, --with-fop

## ---------------- ##
## Cache variables. ##
## ---------------- ##

ac_cv_build=x86_64-pc-linux-gnu
ac_cv_build_prog_CPP='gcc -E'
ac_cv_build_prog_cc_g=yes
ac_cv_c_compiler_gnu=yes
ac_cv_c_const=yes
ac_cv_cxx_compiler_gnu=yes
ac_cv_env_CCC_set=
ac_cv_env_CCC_value=
ac_cv_env_CC_set=set
ac_cv_env_CC_value=/usr/bin/gcc
ac_cv_env_CFLAGS_set=set
ac_cv_env_CFLAGS_value='-O2 -I/home/erion/Projects/buildroot/output/host/include'
ac_cv_env_CPPFLAGS_set=set
ac_cv_env_CPPFLAGS_value=-I/home/erion/Projects/buildroot/output/host/include
ac_cv_env_CPP_set=set
ac_cv_env_CPP_value=/usr/bin/cpp
ac_cv_env_CXXCPP_set=
ac_cv_env_CXXCPP_value=
ac_cv_env_CXXFLAGS_set=set
ac_cv_env_CXXFLAGS_value='-O2 -I/home/erion/Projects/buildroot/output/host/include'
ac_cv_env_CXX_set=set
ac_cv_env_CXX_value=/usr/bin/g++
ac_cv_env_LDFLAGS_set=set
ac_cv_env_LDFLAGS_value='-L/home/erion/Projects/buildroot/output/host/lib -Wl,-rpath,/home/erion/Projects/buildroot/output/host/lib'
ac_cv_env_LIBS_set=
ac_cv_env_LIBS_value=
ac_cv_env_LT_SYS_LIBRARY_PATH_set=
ac_cv_env_LT_SYS_LIBRARY_PATH_value=
ac_cv_env_YACC_set=
ac_cv_env_YACC_value=
ac_cv_env_YFLAGS_set=
ac_cv_env_YFLAGS_value=
ac_cv_env_build_alias_set=
ac_cv_env_build_alias_value=
ac_cv_env_host_alias_set=
ac_cv_env_host_alias_value=
ac_cv_env_target_alias_set=
ac_cv_env_target_alias_value=
ac_cv_func_alloca_works=yes
ac_cv_func_dup2=yes
ac_cv_func_fork=yes
ac_cv_func_fork_works=yes
ac_cv_func_malloc_0_nonnull=yes
ac_cv_func_memset=yes
ac_cv_func_pow=yes
ac_cv_func_realloc_0_nonnull=yes
ac_cv_func_reallocarray=yes
ac_cv_func_regcomp=yes
ac_cv_func_setlocale=yes
ac_cv_func_strcasecmp=yes
ac_cv_func_strchr=yes
ac_cv_func_strdup=yes
ac_cv_func_strtol=yes
ac_cv_func_vfork=yes
ac_cv_func_vfork_works=yes
ac_cv_header_dlfcn_h=yes
ac_cv_header_inttypes_h=yes
ac_cv_header_libintl_h=yes
ac_cv_header_limits_h=yes
ac_cv_header_locale_h=yes
ac_cv_header_malloc_h=yes
ac_cv_header_minix_config_h=no
ac_cv_header_netinet_in_h=yes
ac_cv_header_pthread_h=yes
ac_cv_header_regex_h=yes
ac_cv_header_stdbool_h=yes
ac_cv_header_stdint_h=yes
ac_cv_header_stdio_h=yes
ac_cv_header_stdlib_h=yes
ac_cv_header_string_h=yes
ac_cv_header_strings_h=yes
ac_cv_header_sys_stat_h=yes
ac_cv_header_sys_types_h=yes
ac_cv_header_sys_wait_h=yes
ac_cv_header_unistd_h=yes
ac_cv_header_vfork_h=no
ac_cv_header_wchar_h=yes
ac_cv_host=x86_64-pc-linux-gnu
ac_cv_lib_lex='none needed'
ac_cv_lib_m_log10=yes
ac_cv_lib_pthread_pthread_mutex_lock=yes
ac_cv_objext=o
ac_cv_path_EGREP='/usr/bin/grep -E'
ac_cv_path_EGREP_TRADITIONAL='/usr/bin/grep -E'
ac_cv_path_FGREP='/usr/bin/grep -F'
ac_cv_path_GMSGFMT=/home/erion/Projects/buildroot/output/host/bin/msgfmt
ac_cv_path_GREP=/usr/bin/grep
ac_cv_path_HELP2MAN='${top_srcdir}/build-aux/missing help2man'
ac_cv_path_INDENT='${top_srcdir}/build-aux/missing indent'
ac_cv_path_M4=/home/erion/Projects/buildroot/output/host/bin/m4
ac_cv_path_MSGFMT=/home/erion/Projects/buildroot/output/host/bin/msgfmt
ac_cv_path_MSGMERGE=/home/erion/Projects/buildroot/output/host/bin/msgmerge
ac_cv_path_SED=/usr/bin/sed
ac_cv_path_TEXI2DVI=/usr/bin/texi2dvi
ac_cv_path_XGETTEXT=/home/erion/Projects/buildroot/output/host/bin/xgettext
ac_cv_path_install='/usr/bin/install -c'
ac_cv_path_lt_DD=/usr/bin/dd
ac_cv_path_mkdir=/usr/bin/mkdir
ac_cv_prog_AWK=gawk
ac_cv_prog_CPP=/usr/bin/cpp
ac_cv_prog_CXXCPP='/usr/bin/g++ -E'
ac_cv_prog_LEX=flex
ac_cv_prog_YACC='bison -y'
ac_cv_prog_ac_ct_CC=/usr/bin/gcc
ac_cv_prog_ac_ct_CC_FOR_BUILD=gcc
ac_cv_prog_ac_ct_OBJDUMP=objdump
ac_cv_prog_ac_ct_RANLIB=/usr/bin/ranlib
ac_cv_prog_ac_ct_STRIP=strip
ac_cv_prog_cc_c11=
ac_cv_prog_cc_g=yes
ac_cv_prog_cc_stdc=
ac_cv_prog_cxx_cxx11=
ac_cv_prog_cxx_g=yes
ac_cv_prog_cxx_stdcxx=
ac_cv_prog_lex_root=lex.yy
ac_cv_prog_lex_yytext_pointer=yes
ac_cv_prog_make_make_set=yes
ac_cv_safe_to_define___extensions__=yes
ac_cv_search_yywrap=no
ac_cv_should_define__xopen_source=no
ac_cv_type__Bool=yes
ac_cv_type_pid_t=yes
ac_cv_type_size_t=yes
ac_cv_working_alloca_h=yes
acl_cv_hardcode_direct=no
acl_cv_hardcode_libdir_flag_spec='${wl}-rpath ${wl}$libdir'
acl_cv_hardcode_libdir_separator=
acl_cv_hardcode_minus_L=no
acl_cv_libdirstems=lib,lib
acl_cv_libext=a
acl_cv_libname_spec='lib$name'
acl_cv_library_names_spec='$libname$shrext'
acl_cv_path_LD='/usr/bin/ld -m elf_x86_64'
acl_cv_prog_gnu_ld=yes
acl_cv_rpath=done
acl_cv_shlibext=so
acl_cv_wl=-Wl,
am_cv_CC_dependencies_compiler_type=none
am_cv_CXX_dependencies_compiler_type=none
am_cv_make_support_nested_variables=yes
am_cv_prog_cc_c_o=yes
gt_cv_func_CFLocaleCopyCurrent=no
gt_cv_func_CFPreferencesCopyAppValue=no
lt_cv_ar_at_file=@
lt_cv_archive_cmds_need_lc=no
lt_cv_deplibs_check_method=pass_all
lt_cv_file_magic_cmd='$MAGIC_CMD'
lt_cv_file_magic_test_file=
lt_cv_ld_reload_flag=-r
lt_cv_nm_interface='BSD nm'
lt_cv_objdir=.libs
lt_cv_path_LD=/usr/bin/ld
lt_cv_path_LDCXX='/usr/bin/ld -m elf_x86_64'
lt_cv_path_NM=/usr/bin/nm
lt_cv_path_mainfest_tool=no
lt_cv_prog_compiler_c_o=yes
lt_cv_prog_compiler_c_o_CXX=yes
lt_cv_prog_compiler_pic='-fPIC -DPIC'
lt_cv_prog_compiler_pic_CXX='-fPIC -DPIC'
lt_cv_prog_compiler_pic_works=yes
lt_cv_prog_compiler_pic_works_CXX=yes
lt_cv_prog_compiler_rtti_exceptions=no
lt_cv_prog_compiler_static_works=yes
lt_cv_prog_compiler_static_works_CXX=yes
lt_cv_prog_gnu_ld=yes
lt_cv_prog_gnu_ldcxx=yes
lt_cv_sharedlib_from_linklib_cmd='printf %s\n'
lt_cv_shlibpath_overrides_runpath=yes
lt_cv_sys_global_symbol_pipe='sed -n -e '\''s/^.*[	 ]\([ABCDGIRSTW][ABCDGIRSTW]*\)[	 ][	 ]*\([_A-Za-z][_A-Za-z0-9]*\)$/\1 \2 \2/p'\'' | sed '\''/ __gnu_lto/d'\'''
lt_cv_sys_global_symbol_to_c_name_address='sed -n -e '\''s/^: \(.*\) .*$/  {"\1", (void *) 0},/p'\'' -e '\''s/^[ABCDGIRSTW][ABCDGIRSTW]* .* \(.*\)$/  {"\1", (void *) \&\1},/p'\'''
lt_cv_sys_global_symbol_to_c_name_address_lib_prefix='sed -n -e '\''s/^: \(.*\) .*$/  {"\1", (void *) 0},/p'\'' -e '\''s/^[ABCDGIRSTW][ABCDGIRSTW]* .* \(lib.*\)$/  {"\1", (void *) \&\1},/p'\'' -e '\''s/^[ABCDGIRSTW][ABCDGIRSTW]* .* \(.*\)$/  {"lib\1", (void *) \&\1},/p'\'''
lt_cv_sys_global_symbol_to_cdecl='sed -n -e '\''s/^T .* \(.*\)$/extern int \1();/p'\'' -e '\''s/^[ABCDGIRSTW][ABCDGIRSTW]* .* \(.*\)$/extern char \1;/p'\'''
lt_cv_sys_global_symbol_to_import=
lt_cv_sys_max_cmd_len=1572864
lt_cv_to_host_file_cmd=func_convert_file_noop
lt_cv_to_tool_file_cmd=func_convert_file_noop
lt_cv_truncate_bin='/usr/bin/dd bs=4096 count=1'

## ----------------- ##
## Output variables. ##
## ----------------- ##

ACLOCAL='${SHELL} '\''/home/erion/Projects/buildroot/output/build/host-flex-2.6.4/build-aux/missing'\'' aclocal-1.16'
ALLOCA=''
AMDEPBACKSLASH=''
AMDEP_FALSE=''
AMDEP_TRUE='#'
AMTAR='$${TAR-tar}'
AM_BACKSLASH='\'
AM_DEFAULT_V='$(AM_DEFAULT_VERBOSITY)'
AM_DEFAULT_VERBOSITY='1'
AM_V='$(V)'
AR='/usr/bin/ar'
AUTOCONF='${SHELL} '\''/home/erion/Projects/buildroot/output/build/host-flex-2.6.4/build-aux/missing'\'' autoconf'
AUTOHEADER='${SHELL} '\''/home/erion/Projects/buildroot/output/build/host-flex-2.6.4/build-aux/missing'\'' autoheader'
AUTOMAKE='${SHELL} '\''/home/erion/Projects/buildroot/output/build/host-flex-2.6.4/build-aux/missing'\'' automake-1.16'
AWK='gawk'
BUILD_EXEEXT=''
BUILD_OBJEXT=''
CC='/usr/bin/gcc'
CCDEPMODE='depmode=none'
CC_FOR_BUILD='gcc'
CFLAGS='-O2 -I/home/erion/Projects/buildroot/output/host/include'
CFLAGS_FOR_BUILD='-g -O2'
CPP='/usr/bin/cpp'
CPPFLAGS='-I/home/erion/Projects/buildroot/output/host/include'
CPPFLAGS_FOR_BUILD=''
CPP_FOR_BUILD='gcc -E'
CROSS_FALSE=''
CROSS_TRUE='#'
CSCOPE='cscope'
CTAGS='ctags'
CXX='/usr/bin/g++'
CXXCPP='/usr/bin/g++ -E'
CXXDEPMODE='depmode=none'
CXXFLAGS='-O2 -I/home/erion/Projects/buildroot/output/host/include'
CYGPATH_W='echo'
DEFS='-DHAVE_CONFIG_H'
DEPDIR='.deps'
DLLTOOL='false'
DSYMUTIL=''
DUMPBIN=''
ECHO_C=''
ECHO_N='-n'
ECHO_T=''
EGREP='/usr/bin/grep -E'
ENABLE_BOOTSTRAP_FALSE='#'
ENABLE_BOOTSTRAP_TRUE=''
ENABLE_DOC_FALSE=''
ENABLE_DOC_TRUE='#'
ENABLE_LIBFL_FALSE='#'
ENABLE_LIBFL_TRUE=''
ENABLE_PROGRAM_FALSE='#'
ENABLE_PROGRAM_TRUE=''
ETAGS='etags'
EXEEXT=''
FGREP='/usr/bin/grep -F'
GETTEXT_MACRO_VERSION='0.19'
GMSGFMT='/home/erion/Projects/buildroot/output/host/bin/msgfmt'
GMSGFMT_015='/home/erion/Projects/buildroot/output/host/bin/msgfmt'
GREP='/usr/bin/grep'
HAVE_BISON_FALSE='#'
HAVE_BISON_TRUE=''
HELP2MAN='${top_srcdir}/build-aux/missing help2man'
INDENT='${top_srcdir}/build-aux/missing indent'
INSTALL_DATA='${INSTALL} -m 644'
INSTALL_PROGRAM='${INSTALL}'
INSTALL_SCRIPT='${INSTALL}'
INSTALL_STRIP_PROGRAM='$(install_sh) -c -s'
INTLLIBS=''
INTL_MACOSX_LIBS=''
LD='/usr/bin/ld -m elf_x86_64'
LDFLAGS='-L/home/erion/Projects/buildroot/output/host/lib -Wl,-rpath,/home/erion/Projects/buildroot/output/host/lib'
LDFLAGS_FOR_BUILD=''
LEX='flex'
LEXLIB=''
LEX_OUTPUT_ROOT='lex.yy'
LIBICONV='-liconv'
LIBINTL=''
LIBOBJS=''
LIBPTHREAD='-lpthread'
LIBS='-lm '
LIBTOOL='$(SHELL) $(top_builddir)/libtool'
LIPO=''
LN_S='ln -s'
LTLIBICONV='-liconv'
LTLIBINTL=''
LTLIBOBJS=''
LT_SYS_LIBRARY_PATH=''
M4='/home/erion/Projects/buildroot/output/host/bin/m4'
MAKEINFO='${SHELL} '\''/home/erion/Projects/buildroot/output/build/host-flex-2.6.4/build-aux/missing'\'' makeinfo'
MANIFEST_TOOL=':'
MKDIR_P='/usr/bin/mkdir -p'
MSGFMT='/home/erion/Projects/buildroot/output/host/bin/msgfmt'
MSGFMT_015='/home/erion/Projects/buildroot/output/host/bin/msgfmt'
MSGMERGE='/home/erion/Projects/buildroot/output/host/bin/msgmerge'
NM='/usr/bin/nm'
NMEDIT=''
OBJDUMP='objdump'
OBJEXT='o'
OTOOL64=''
OTOOL=''
PACKAGE='flex'
PACKAGE_BUGREPORT='flex-help@lists.sourceforge.net'
PACKAGE_NAME='the fast lexical analyser generator'
PACKAGE_STRING='the fast lexical analyser generator 2.6.4'
PACKAGE_TARNAME='flex'
PACKAGE_URL=''
PACKAGE_VERSION='2.6.4'
PATH_SEPARATOR=':'
POSUB=''
RANLIB='/usr/bin/ranlib'
SED='/usr/bin/sed'
SET_MAKE=''
SHARED_VERSION_INFO='2:0:0'
SHELL='/bin/sh'
STRIP='strip'
TEXI2DVI='/usr/bin/texi2dvi'
USE_NLS='no'
VERSION='2.6.4'
WARNINGFLAGS=''
XGETTEXT='/home/erion/Projects/buildroot/output/host/bin/xgettext'
XGETTEXT_015='/home/erion/Projects/buildroot/output/host/bin/xgettext'
XGETTEXT_EXTRA_OPTIONS=''
YACC='bison -y'
YFLAGS=''
ac_ct_AR=''
ac_ct_CC='/usr/bin/gcc'
ac_ct_CC_FOR_BUILD='gcc'
ac_ct_CXX=''
ac_ct_DUMPBIN=''
am__EXEEXT_FALSE=''
am__EXEEXT_TRUE='#'
am__fastdepCC_FALSE=''
am__fastdepCC_TRUE='#'
am__fastdepCXX_FALSE=''
am__fastdepCXX_TRUE='#'
am__include='include'
am__isrc=''
am__leading_dot='.'
am__nodep=''
am__quote=''
am__tar='$${TAR-tar} chof - "$$tardir"'
am__untar='$${TAR-tar} xf -'
bindir='${exec_prefix}/bin'
build='x86_64-pc-linux-gnu'
build_alias=''
build_cpu='x86_64'
build_os='linux-gnu'
build_vendor='pc'
datadir='${datarootdir}'
datarootdir='${prefix}/share'
docdir='${datarootdir}/doc/${PACKAGE_TARNAME}'
dvidir='${docdir}'
exec_prefix='${prefix}'
host='x86_64-pc-linux-gnu'
host_alias=''
host_cpu='x86_64'
host_os='linux-gnu'
host_vendor='pc'
htmldir='${docdir}'
includedir='${prefix}/include'
infodir='${datarootdir}/info'
install_sh='${SHELL} /home/erion/Projects/buildroot/output/build/host-flex-2.6.4/build-aux/install-sh'
libdir='${exec_prefix}/lib'
libexecdir='${exec_prefix}/libexec'
localedir='${datarootdir}/locale'
localstatedir='/home/erion/Projects/buildroot/output/host/var'
mandir='${datarootdir}/man'
mkdir_p='$(MKDIR_P)'
oldincludedir='/usr/include'
pdfdir='${docdir}'
prefix='/home/erion/Projects/buildroot/output/host'
program_transform_name='s,x,x,'
psdir='${docdir}'
runstatedir='${localstatedir}/run'
sbindir='${exec_prefix}/sbin'
sharedstatedir='${prefix}/com'
sysconfdir='/home/erion/Projects/buildroot/output/host/etc'
target_alias=''

## ----------- ##
## confdefs.h. ##
## ----------- ##

/* confdefs.h */
#define PACKAGE_NAME "the fast lexical analyser generator"
#define PACKAGE_TARNAME "flex"
#define PACKAGE_VERSION "2.6.4"
#define PACKAGE_STRING "the fast lexical analyser generator 2.6.4"
#define PACKAGE_BUGREPORT "flex-help@lists.sourceforge.net"
#define PACKAGE_URL ""
#define HAVE_STDIO_H 1
#define HAVE_STDLIB_H 1
#define HAVE_STRING_H 1
#define HAVE_INTTYPES_H 1
#define HAVE_STDINT_H 1
#define HAVE_STRINGS_H 1
#define HAVE_SYS_STAT_H 1
#define HAVE_SYS_TYPES_H 1
#define HAVE_UNISTD_H 1
#define HAVE_WCHAR_H 1
#define STDC_HEADERS 1
#define _ALL_SOURCE 1
#define _DARWIN_C_SOURCE 1
#define _GNU_SOURCE 1
#define _HPUX_ALT_XOPEN_SOCKET_API 1
#define _NETBSD_SOURCE 1
#define _OPENBSD_SOURCE 1
#define _POSIX_PTHREAD_SEMANTICS 1
#define __STDC_WANT_IEC_60559_ATTRIBS_EXT__ 1
#define __STDC_WANT_IEC_60559_BFP_EXT__ 1
#define __STDC_WANT_IEC_60559_DFP_EXT__ 1
#define __STDC_WANT_IEC_60559_EXT__ 1
#define __STDC_WANT_IEC_60559_FUNCS_EXT__ 1
#define __STDC_WANT_IEC_60559_TYPES_EXT__ 1
#define __STDC_WANT_LIB_EXT2__ 1
#define __STDC_WANT_MATH_SPEC_FUNCS__ 1
#define _TANDEM_SOURCE 1
#define __EXTENSIONS__ 1
#define HAVE_DLFCN_H 1
#define LT_OBJDIR ".libs/"
#define PACKAGE "flex"
#define VERSION "2.6.4"
#define YYTEXT_POINTER 1
#define M4 "/home/erion/Projects/buildroot/output/host/bin/m4"
#define HAVE_REGEX_H 1
#define HAVE_STRINGS_H 1
#define HAVE_SYS_STAT_H 1
#define HAVE_SYS_WAIT_H 1
#define HAVE_UNISTD_H 1
#define HAVE_INTTYPES_H 1
#define HAVE_LIBINTL_H 1
#define HAVE_LIMITS_H 1
#define HAVE_LOCALE_H 1
#define HAVE_MALLOC_H 1
#define HAVE_NETINET_IN_H 1
#define HAVE_PTHREAD_H 1
#define HAVE_LIBM 1
#define HAVE__BOOL 1
#define HAVE_STDBOOL_H 1
#define HAVE_ALLOCA_H 1
#define HAVE_ALLOCA 1
#define HAVE_FORK 1
#define HAVE_VFORK 1
#define HAVE_WORKING_VFORK 1
#define HAVE_WORKING_FORK 1
#define HAVE_MALLOC 1
#define HAVE_REALLOC 1
#define HAVE_DUP2 1
#define HAVE_MEMSET 1
#define HAVE_REGCOMP 1
#define HAVE_STRCASECMP 1
#define HAVE_STRCHR 1
#define HAVE_STRDUP 1
#define HAVE_STRTOL 1
#define HAVE_POW 1
#define HAVE_SETLOCALE 1
#define HAVE_REALLOCARRAY 1

configure: exit 0
