This file contains any messages produced by compilers while
running configure, to aid debugging if configure makes a mistake.

It was created by configure, which was
generated by GNU Autoconf 2.52.20230114.  Invocation command line was

  $ ./configure --prefix=/home/erion/Projects/buildroot/output/host --sysconfdir=/home/erion/Projects/buildroot/output/host/etc --localstatedir=/home/erion/Projects/buildroot/output/host/var --enable-shared --disable-static --disable-gtk-doc --disable-gtk-doc-html --disable-doc --disable-docs --disable-documentation --disable-debug --with-xmlto=no --with-fop=no --disable-nls --disable-dependency-tracking --with-shared --without-gpm --without-manpages --without-cxx --without-cxx-binding --without-ada --with-default-terminfo-dir=/usr/share/terminfo --disable-db-install --without-normal

## ---------- ##
## Platform.  ##
## ---------- ##

hostname = archlinux
uname -m = x86_64
uname -r = 6.9.9-arch1-1
uname -s = Linux
uname -v = #1 SMP PREEMPT_DYNAMIC Fri, 12 Jul 2024 00:06:53 +0000

/usr/bin/uname -p = unknown
/bin/uname -X     = unknown

/bin/arch              = unknown
/usr/bin/arch -k       = unknown
/usr/convex/getsysinfo = unknown
hostinfo               = unknown
/bin/machine           = unknown
/usr/bin/oslevel       = unknown
/bin/universe          = unknown

PATH = /home/erion/Projects/buildroot/output/host/bin:/home/erion/Projects/buildroot/output/host/sbin:/home/erion/Apps/miniconda3/condabin:/opt/devkitpro/tools/bin:/usr/local/sbin:/usr/local/bin:/usr/bin:/var/lib/flatpak/exports/bin:/usr/lib/jvm/default/bin:/usr/bin/site_perl:/usr/bin/vendor_perl:/usr/bin/core_perl

## ------------ ##
## Core tests.  ##
## ------------ ##

configure:1074: loading site script /dev/null
configure:1173: PATH=".;."; conftest.sh
./configure: line 1174: conftest.sh: command not found
configure:1176: $? = 127
configure:1193: checking for ggrep
configure:1219: result: no
configure:1193: checking for grep
configure:1208: found /usr/bin/grep
configure:1216: result: grep
configure:1227: checking for egrep
configure:1283: result: grep -E
configure:1294: result: Configuring NCURSES 6.4 ABI 6 (Mon Jul 15 21:12:55 CEST 2024)
configure:1298: checking for package version
configure:1319: result: 6.4
configure:1322: checking for package patch date
configure:1339: result: 20230603
configure:1350: testing ABI VERSION 5:0:10 ...
configure:1354: testing VERSION_MAJOR 6 ...
configure:1358: testing VERSION_MINOR 4 ...
configure:1362: testing VERSION_PATCH 20230603 ...
configure:1507: checking build system type
configure:1525: result: x86_64-pc-linux-gnu
configure:1532: checking host system type
configure:1546: result: x86_64-pc-linux-gnu
configure:1554: checking target system type
configure:1568: result: x86_64-pc-linux-gnu
configure:1600: result: Configuring for linux-gnu
configure:1625: checking for fgrep
configure:1681: result: grep -F
configure:1685: checking for prefix
configure:1697: result: /home/erion/Projects/buildroot/output/host
configure:1915: checking for C compiler version
configure:1918: /usr/bin/gcc --version </dev/null >&5
gcc (GCC) 14.1.1 20240522
Copyright (C) 2024 Free Software Foundation, Inc.
This is free software; see the source for copying conditions.  There is NO
warranty; not even for MERCHANTABILITY or FITNESS FOR A PARTICULAR PURPOSE.

configure:1921: $? = 0
configure:1923: /usr/bin/gcc -v </dev/null >&5
Using built-in specs.
COLLECT_GCC=/usr/bin/gcc
COLLECT_LTO_WRAPPER=/usr/lib/gcc/x86_64-pc-linux-gnu/14.1.1/lto-wrapper
Target: x86_64-pc-linux-gnu
Configured with: /build/gcc/src/gcc/configure --enable-languages=ada,c,c++,d,fortran,go,lto,m2,objc,obj-c++,rust --enable-bootstrap --prefix=/usr --libdir=/usr/lib --libexecdir=/usr/lib --mandir=/usr/share/man --infodir=/usr/share/info --with-bugurl=https://gitlab.archlinux.org/archlinux/packaging/packages/gcc/-/issues --with-build-config=bootstrap-lto --with-linker-hash-style=gnu --with-system-zlib --enable-__cxa_atexit --enable-cet=auto --enable-checking=release --enable-clocale=gnu --enable-default-pie --enable-default-ssp --enable-gnu-indirect-function --enable-gnu-unique-object --enable-libstdcxx-backtrace --enable-link-serialization=1 --enable-linker-build-id --enable-lto --enable-multilib --enable-plugin --enable-shared --enable-threads=posix --disable-libssp --disable-libstdcxx-pch --disable-werror
Thread model: posix
Supported LTO compression algorithms: zlib zstd
gcc version 14.1.1 20240522 (GCC) 
configure:1926: $? = 0
configure:1928: /usr/bin/gcc -V </dev/null >&5
gcc: error: unrecognized command-line option '-V'
gcc: fatal error: no input files
compilation terminated.
configure:1931: $? = 1
configure:1951: checking for C compiler default output
configure:1954: /usr/bin/gcc -O2 -I/home/erion/Projects/buildroot/output/host/include -I/home/erion/Projects/buildroot/output/host/include -L/home/erion/Projects/buildroot/output/host/lib -Wl,-rpath,/home/erion/Projects/buildroot/output/host/lib conftest.c  >&5
configure:1957: $? = 0
configure:1986: result: a.out
configure:1991: checking whether the C compiler works
configure:1997: ./a.out
configure:2000: $? = 0
configure:2015: result: yes
configure:2022: checking whether we are cross compiling
configure:2024: result: no
configure:2027: checking for executable suffix
configure:2029: /usr/bin/gcc -o conftest -O2 -I/home/erion/Projects/buildroot/output/host/include -I/home/erion/Projects/buildroot/output/host/include -L/home/erion/Projects/buildroot/output/host/lib -Wl,-rpath,/home/erion/Projects/buildroot/output/host/lib conftest.c  >&5
configure:2032: $? = 0
configure:2054: result: 
configure:2060: checking for object suffix
configure:2078: /usr/bin/gcc -c -O2 -I/home/erion/Projects/buildroot/output/host/include -I/home/erion/Projects/buildroot/output/host/include conftest.c >&5
configure:2081: $? = 0
configure:2100: result: o
configure:2104: checking whether we are using the GNU C compiler
configure:2125: /usr/bin/gcc -c -O2 -I/home/erion/Projects/buildroot/output/host/include -I/home/erion/Projects/buildroot/output/host/include conftest.c >&5
configure:2128: $? = 0
configure:2131: test -s conftest.o
configure:2134: $? = 0
configure:2146: result: yes
configure:2152: checking whether /usr/bin/gcc accepts -g
configure:2170: /usr/bin/gcc -c -g -I/home/erion/Projects/buildroot/output/host/include conftest.c >&5
configure:2173: $? = 0
configure:2176: test -s conftest.o
configure:2179: $? = 0
configure:2189: result: yes
configure:2216: /usr/bin/gcc -c -O2 -I/home/erion/Projects/buildroot/output/host/include -I/home/erion/Projects/buildroot/output/host/include conftest.c >&5
conftest.c:2:3: error: unknown type name 'choke'
    2 |   choke me
      |   ^~~~~
conftest.c:2:3: error: expected '=', ',', ';', 'asm' or '__attribute__' at end of input
configure:2219: $? = 1
configure: failed program was:
#ifndef __cplusplus
  choke me
#endif
configure:2320: checking version of /usr/bin/gcc
configure:2324: result: 14.1.1
configure:2333: checking if this is really Intel C compiler
configure:2355: /usr/bin/gcc -c -O2 -I/home/erion/Projects/buildroot/output/host/include -no-gcc -I/home/erion/Projects/buildroot/output/host/include conftest.c >&5
gcc: error: unrecognized command-line option '-no-gcc'
configure:2358: $? = 1
configure: failed program was:
#line 2338 "configure"
#include "confdefs.h"

int
main (void)
{

#ifdef __INTEL_COMPILER
#else
#error __INTEL_COMPILER is not defined
#endif

  ;
  return 0;
}
configure:2375: result: no
configure:2384: checking if this is really Clang C compiler
configure:2405: /usr/bin/gcc -c -O2 -I/home/erion/Projects/buildroot/output/host/include -I/home/erion/Projects/buildroot/output/host/include conftest.c >&5
configure: In function 'main':
configure:2396:2: error: #error __clang__ is not defined
 2396 | #else
      |  ^~~~ 
configure:2408: $? = 1
configure: failed program was:
#line 2388 "configure"
#include "confdefs.h"

int
main (void)
{

#ifdef __clang__
#else
#error __clang__ is not defined
#endif

  ;
  return 0;
}
configure:2424: result: no
configure:2505: checking for /usr/bin/gcc option to accept ANSI C
configure:2560: /usr/bin/gcc  -c -O2 -I/home/erion/Projects/buildroot/output/host/include -I/home/erion/Projects/buildroot/output/host/include conftest.c >&5
configure:2563: $? = 0
configure:2566: test -s conftest.o
configure:2569: $? = 0
configure:2586: result: none needed
configure:2597: checking $CFLAGS variable
configure:2601: result: broken
configure:2603: WARNING: your environment uses the CFLAGS variable to hold CPPFLAGS options
configure:2716: checking $CC variable
configure:2851: result: ok
configure:2862: checking how to run the C preprocessor
configure:2964: result: /usr/bin/cpp
configure:2979: /usr/bin/cpp -I/home/erion/Projects/buildroot/output/host/include conftest.c
configure:2985: $? = 0
configure:3012: /usr/bin/cpp -I/home/erion/Projects/buildroot/output/host/include conftest.c
configure:3009:10: fatal error: ac_nonexistent.h: No such file or directory
 3009 | #include "confdefs.h"
      |          ^~~~~~~~~~~~      
compilation terminated.
configure:3018: $? = 1
configure: failed program was:
#line 3008 "configure"
#include "confdefs.h"
#include <ac_nonexistent.h>
configure:3059: checking whether /usr/bin/gcc needs -traditional
configure:3094: result: no
configure:3101: checking whether /usr/bin/gcc understands -c and -o together
configure:3116: /usr/bin/gcc -O2 -I/home/erion/Projects/buildroot/output/host/include -c conftest.c -o conftest2.o >&5
configure:3119: $? = 0
configure:3121: /usr/bin/gcc -O2 -I/home/erion/Projects/buildroot/output/host/include -c conftest.c -o conftest2.o >&5
configure:3124: $? = 0
configure:3135: result: yes
configure:3152: checking for ldconfig
configure:3183: result: no
configure:3191: checking if you want to ensure bool is consistent with C++
configure:3201: result: no
configure:3647: checking if you want to build C++ binding and demo
configure:3657: result: no
configure:3660: checking if you want to build with Ada
configure:3662: result: no
configure:3665: checking if you want to install terminal database
configure:3675: result: no
configure:3678: checking if you want to install manpages
configure:3688: result: no
configure:3691: checking if you want to build programs such as tic
configure:3701: result: yes
configure:3704: checking if you want to build test-programs
configure:3714: result: yes
configure:3717: checking if you wish to install curses.h
configure:3727: result: yes
configure:3751: checking for mawk
configure:3777: result: no
configure:3751: checking for gawk
configure:3766: found /home/erion/Projects/buildroot/output/host/bin/gawk
configure:3774: result: gawk
configure:3800: checking for a BSD compatible install
configure:3849: result: /usr/bin/install -c
configure:3874: checking for lint
configure:3900: result: no
configure:3874: checking for cppcheck
configure:3900: result: no
configure:3874: checking for splint
configure:3900: result: no
configure:3913: checking whether ln -s works
configure:3917: result: yes
configure:3924: checking if ln -s -f options work
configure:3936: result: yes
configure:3941: checking for long file names
configure:3980: result: yes
configure:4009: checking if you want to use pkg-config
configure:4019: result: yes
configure:4071: checking for pkg-config
configure:4100: result: /home/erion/Projects/buildroot/output/host/bin/pkg-config
configure:4163: checking for /home/erion/Projects/buildroot/output/host/bin/pkg-config library directory
configure:4249: checking for first directory
configure:4260: result: /home/erion/Projects/buildroot/output/host/lib/pkgconfig
configure:4300: checking if we should install .pc files for /home/erion/Projects/buildroot/output/host/bin/pkg-config
configure:4314: result: no
configure:4388: checking if we should assume mixed-case filenames
configure:4398: result: auto
configure:4402: checking if filesystem supports mixed-case filenames
configure:4429: result: yes
configure:4448: checking whether make sets ${MAKE}
configure:4468: result: yes
configure:4477: checking for ".PHONY" make-support
make[1]: Entering directory '/home/erion/Projects/buildroot/output/build/host-ncurses-6.4-20230603/conftest'
** making always.out 1
echo 1 > always.out
** making always 1
make[1]: Leaving directory '/home/erion/Projects/buildroot/output/build/host-ncurses-6.4-20230603/conftest'
make[1]: Entering directory '/home/erion/Projects/buildroot/output/build/host-ncurses-6.4-20230603/conftest'
** making once.out 1
echo 1 > once.out
** making once 1
make[1]: Leaving directory '/home/erion/Projects/buildroot/output/build/host-ncurses-6.4-20230603/conftest'
make[1]: Entering directory '/home/erion/Projects/buildroot/output/build/host-ncurses-6.4-20230603/conftest'
make[1]: Nothing to be done for 'always'.
touch once
make[1]: Leaving directory '/home/erion/Projects/buildroot/output/build/host-ncurses-6.4-20230603/conftest'
make[1]: Entering directory '/home/erion/Projects/buildroot/output/build/host-ncurses-6.4-20230603/conftest'
** making always.out 2
echo 2 > always.out
** making always 2
make[1]: Leaving directory '/home/erion/Projects/buildroot/output/build/host-ncurses-6.4-20230603/conftest'
make[1]: Entering directory '/home/erion/Projects/buildroot/output/build/host-ncurses-6.4-20230603/conftest'
** making once.out 2
echo 2 > once.out
** making once 2
make[1]: Leaving directory '/home/erion/Projects/buildroot/output/build/host-ncurses-6.4-20230603/conftest'
make[1]: Entering directory '/home/erion/Projects/buildroot/output/build/host-ncurses-6.4-20230603/conftest'
make[1]: Nothing to be done for 'always'.
touch once
make[1]: Leaving directory '/home/erion/Projects/buildroot/output/build/host-ncurses-6.4-20230603/conftest'
make[1]: Entering directory '/home/erion/Projects/buildroot/output/build/host-ncurses-6.4-20230603/conftest'
** making always.out 3
echo 3 > always.out
** making always 3
make[1]: Leaving directory '/home/erion/Projects/buildroot/output/build/host-ncurses-6.4-20230603/conftest'
make[1]: Entering directory '/home/erion/Projects/buildroot/output/build/host-ncurses-6.4-20230603/conftest'
** making once.out 3
echo 3 > once.out
** making once 3
make[1]: Leaving directory '/home/erion/Projects/buildroot/output/build/host-ncurses-6.4-20230603/conftest'
make[1]: Entering directory '/home/erion/Projects/buildroot/output/build/host-ncurses-6.4-20230603/conftest'
make[1]: Nothing to be done for 'always'.
touch once
make[1]: Leaving directory '/home/erion/Projects/buildroot/output/build/host-ncurses-6.4-20230603/conftest'
configure:4532: result: yes
configure:4543: checking for exctags
configure:4569: result: no
configure:4543: checking for ctags
configure:4569: result: no
configure:4580: checking for exetags
configure:4606: result: no
configure:4580: checking for etags
configure:4606: result: no
configure:4615: checking for ctags
configure:4639: result: no
configure:4649: checking for etags
configure:4673: result: no
configure:4696: checking for makeflags variable
configure:4734: result: -${MAKEFLAGS}
configure:4775: checking for ranlib
configure:4799: result: /usr/bin/ranlib
configure:4849: checking for ld
configure:4873: result: /usr/bin/ld
configure:4923: checking for ar
configure:4947: result: /usr/bin/ar
configure:4997: checking for nm
configure:5021: result: /usr/bin/nm
configure:5071: checking for ar
configure:5095: result: /usr/bin/ar
configure:5107: checking for options to update archives
configure:5147: /usr/bin/gcc -c -O2 -I/home/erion/Projects/buildroot/output/host/include conftest.c >&5
configure:5150: $? = 0
/usr/bin/ar  -curvU conftest.a conftest.o
configure:5171: result: -curvU
configure:5182: checking if you have specified an install-prefix
configure:5195: result: 
configure:5410: checking if libtool -version-number should be used
configure:5427: result: yes
configure:5476: checking if you want to build libraries with libtool
configure:5486: result: no
configure:5796: checking if you want to build shared libraries
configure:5806: result: yes
configure:5810: checking if you want to build static libraries
configure:5820: result: no
configure:5824: checking if you want to build debug libraries
configure:5834: result: yes
configure:5838: checking if you want to build profiling libraries
configure:5848: result: no
configure:5873: checking for specified models
configure:5877: result:  shared debug
configure:5882: checking for default model
configure:5885: result: shared
configure:5899: checking if you want to have a library-prefix
configure:5909: result: auto
configure:5940: checking for PATH separator
configure:5947: result: :
configure:5951: checking for ANSI C header files
configure:5965: /usr/bin/cpp -I/home/erion/Projects/buildroot/output/host/include conftest.c
configure:5971: $? = 0
configure:6058: /usr/bin/gcc -o conftest -O2 -I/home/erion/Projects/buildroot/output/host/include -L/home/erion/Projects/buildroot/output/host/lib -Wl,-rpath,/home/erion/Projects/buildroot/output/host/lib conftest.c  >&5
configure:6061: $? = 0
configure:6063: ./conftest
configure:6066: $? = 0
configure:6079: result: yes
configure:6095: checking for sys/types.h
configure:6107: /usr/bin/gcc -c -O2 -I/home/erion/Projects/buildroot/output/host/include conftest.c >&5
configure:6110: $? = 0
configure:6113: test -s conftest.o
configure:6116: $? = 0
configure:6126: result: yes
configure:6095: checking for sys/stat.h
configure:6107: /usr/bin/gcc -c -O2 -I/home/erion/Projects/buildroot/output/host/include conftest.c >&5
configure:6110: $? = 0
configure:6113: test -s conftest.o
configure:6116: $? = 0
configure:6126: result: yes
configure:6095: checking for stdlib.h
configure:6107: /usr/bin/gcc -c -O2 -I/home/erion/Projects/buildroot/output/host/include conftest.c >&5
configure:6110: $? = 0
configure:6113: test -s conftest.o
configure:6116: $? = 0
configure:6126: result: yes
configure:6095: checking for string.h
configure:6107: /usr/bin/gcc -c -O2 -I/home/erion/Projects/buildroot/output/host/include conftest.c >&5
configure:6110: $? = 0
configure:6113: test -s conftest.o
configure:6116: $? = 0
configure:6126: result: yes
configure:6095: checking for memory.h
configure:6107: /usr/bin/gcc -c -O2 -I/home/erion/Projects/buildroot/output/host/include conftest.c >&5
configure:6110: $? = 0
configure:6113: test -s conftest.o
configure:6116: $? = 0
configure:6126: result: yes
configure:6095: checking for strings.h
configure:6107: /usr/bin/gcc -c -O2 -I/home/erion/Projects/buildroot/output/host/include conftest.c >&5
configure:6110: $? = 0
configure:6113: test -s conftest.o
configure:6116: $? = 0
configure:6126: result: yes
configure:6095: checking for inttypes.h
configure:6107: /usr/bin/gcc -c -O2 -I/home/erion/Projects/buildroot/output/host/include conftest.c >&5
configure:6110: $? = 0
configure:6113: test -s conftest.o
configure:6116: $? = 0
configure:6126: result: yes
configure:6095: checking for stdint.h
configure:6107: /usr/bin/gcc -c -O2 -I/home/erion/Projects/buildroot/output/host/include conftest.c >&5
configure:6110: $? = 0
configure:6113: test -s conftest.o
configure:6116: $? = 0
configure:6126: result: yes
configure:6095: checking for unistd.h
configure:6107: /usr/bin/gcc -c -O2 -I/home/erion/Projects/buildroot/output/host/include conftest.c >&5
configure:6110: $? = 0
configure:6113: test -s conftest.o
configure:6116: $? = 0
configure:6126: result: yes
configure:6136: checking whether exit is declared
configure:6157: /usr/bin/gcc -c -O2 -I/home/erion/Projects/buildroot/output/host/include conftest.c >&5
configure:6160: $? = 0
configure:6163: test -s conftest.o
configure:6166: $? = 0
configure:6176: result: yes
configure:6182: checking for dirent.h that defines DIR
configure:6203: /usr/bin/gcc -c -O2 -I/home/erion/Projects/buildroot/output/host/include conftest.c >&5
configure:6206: $? = 0
configure:6209: test -s conftest.o
configure:6212: $? = 0
configure:6222: result: yes
configure:6235: checking for opendir in -ldir
configure:6262: /usr/bin/gcc -o conftest -O2 -I/home/erion/Projects/buildroot/output/host/include -L/home/erion/Projects/buildroot/output/host/lib -Wl,-rpath,/home/erion/Projects/buildroot/output/host/lib conftest.c -ldir   >&5
/usr/bin/ld: cannot find -ldir: No such file or directory
collect2: error: ld returned 1 exit status
configure:6265: $? = 1
configure: failed program was:
#line 6243 "configure"
#include "confdefs.h"

/* Override any gcc2 internal prototype to avoid an error.  */
#ifdef __cplusplus
extern "C"
#endif
/* We use char because int might match the return type of a gcc2
   builtin and then its argument prototype would still apply.  */
char opendir ();
int
main (void)
{
opendir ();
  ;
  return 0;
}
configure:6282: result: no
configure:6346: checking if you want to build a separate terminfo library
configure:6356: result: no
configure:6359: checking if you want to build a separate tic library
configure:6369: result: no
configure:6382: checking for default loader flags
configure:6391: result: 
configure:6397: checking if rpath option should be used
configure:6407: result: no
configure:6410: checking if shared libraries should be relinked during install
configure:6420: result: yes
configure:6541: checking if release/abi version should be used for shared libs
configure:6567: result: auto
configure:6590: checking which /usr/bin/gcc option to use
configure:6609: /usr/bin/gcc -c -O2 -fPIC -I/home/erion/Projects/buildroot/output/host/include conftest.c >&5
configure:6612: $? = 0
configure:6615: test -s conftest.o
configure:6618: $? = 0
configure:6627: result: -fPIC
configure:7195: testing CC_SHARED_OPTS: -fPIC ...
configure:7199: testing MK_SHARED_LIB:  ${CC} ${LDFLAGS} ${CFLAGS} -shared -Wl,-soname,`basename $@ .${REL_VERSION}`.${ABI_VERSION},-stats,-lc -o $@ ...
configure:7257: checking if current CFLAGS link properly
configure:7272: /usr/bin/gcc -o conftest -O2 -I/home/erion/Projects/buildroot/output/host/include -L/home/erion/Projects/buildroot/output/host/lib -Wl,-rpath,/home/erion/Projects/buildroot/output/host/lib conftest.c  >&5
configure:7275: $? = 0
configure:7278: test -s conftest
configure:7281: $? = 0
configure:7290: result: yes
configure:7301: checking if versioned-symbols file should be used
configure:7330: result: no
configure:7451: checking if you want to link with the GPM mouse library
configure:7461: result: no
configure:8041: checking if you want to use PCRE2 for regular-expressions
configure:8050: result: no
configure:8541: checking if you want to disable library suffixes
configure:8558: result: no
configure:8827: checking if you want to disable extra LDFLAGS for package-scripts
configure:8844: result: no
configure:8852: checking if you wish to append extra suffix to header/library paths
configure:8871: result: 
configure:8875: checking if you wish to install ncurses overwriting curses
configure:8885: result: no
configure:8888: checking if external terminfo-database is used
configure:8898: result: yes
configure:8914: checking which terminfo source-file will be installed
configure:8922: result: ${top_srcdir}/misc/terminfo.src
configure:8925: checking whether to use hashed database instead of directory/tree
configure:8935: result: no
configure:8941: checking for list of fallback descriptions
configure:8951: result: 
configure:9010: checking for tic
configure:9025: found /usr/bin/tic
configure:9033: result: tic
configure:9083: checking for infocmp
configure:9098: found /usr/bin/infocmp
configure:9106: result: infocmp
configure:9449: checking if you want modern xterm or antique
configure:9463: result: xterm-new
configure:9476: checking if xterm backspace sends BS or DEL
configure:9497: result: BS
configure:9503: WARNING: expected --with-xterm-kbs=DEL for linux-gnu
configure:9513: checking for list of terminfo directories
configure:9576: result: /home/erion/Projects/buildroot/output/host/share/terminfo
configure:9591: checking for default terminfo directory
configure:9636: result: /usr/share/terminfo
configure:9647: checking if big-core option selected
configure:9673: /usr/bin/gcc -o conftest -O2 -I/home/erion/Projects/buildroot/output/host/include -L/home/erion/Projects/buildroot/output/host/lib -Wl,-rpath,/home/erion/Projects/buildroot/output/host/lib conftest.c  >&5
configure:9676: $? = 0
configure:9678: ./conftest
configure:9681: $? = 0
configure:9693: result: yes
configure:9703: checking if big-strings option selected
configure:9727: result: yes
configure:9734: checking if you want termcap-fallback support
configure:9744: result: no
configure:9878: checking if ~/.terminfo is wanted
configure:9888: result: yes
configure:9895: checking if you want to permit root to use ncurses environment variables
configure:9905: result: yes
configure:9912: checking if you want to permit setuid programs to access all files
configure:9922: result: yes
configure:9929: checking if you want to permit setuid use of ncurses environment variables
configure:9939: result: yes
configure:9954: checking for unistd.h
configure:9989: result: yes
configure:10004: checking for remove
configure:10041: /usr/bin/gcc -o conftest -O2 -I/home/erion/Projects/buildroot/output/host/include -L/home/erion/Projects/buildroot/output/host/lib -Wl,-rpath,/home/erion/Projects/buildroot/output/host/lib conftest.c  >&5
configure:10044: $? = 0
configure:10047: test -s conftest
configure:10050: $? = 0
configure:10060: result: yes
configure:10004: checking for unlink
configure:10041: /usr/bin/gcc -o conftest -O2 -I/home/erion/Projects/buildroot/output/host/include -L/home/erion/Projects/buildroot/output/host/lib -Wl,-rpath,/home/erion/Projects/buildroot/output/host/lib conftest.c  >&5
configure:10044: $? = 0
configure:10047: test -s conftest
configure:10050: $? = 0
configure:10060: result: yes
configure:10144: checking if link/symlink functions work
configure:10191: /usr/bin/gcc -o conftest -O2 -I/home/erion/Projects/buildroot/output/host/include -L/home/erion/Projects/buildroot/output/host/lib -Wl,-rpath,/home/erion/Projects/buildroot/output/host/lib conftest.c  >&5
configure:10194: $? = 0
configure:10196: ./conftest
configure:10199: $? = 0
configure:10191: /usr/bin/gcc -o conftest -O2 -I/home/erion/Projects/buildroot/output/host/include -L/home/erion/Projects/buildroot/output/host/lib -Wl,-rpath,/home/erion/Projects/buildroot/output/host/lib conftest.c  >&5
configure:10194: $? = 0
configure:10196: ./conftest
configure:10199: $? = 0
configure:10217: result:  link symlink
configure:10237: checking if tic should use symbolic links
configure:10247: result: no
configure:10254: checking if tic should use hard links
configure:10261: result: yes
configure:10277: checking if you want broken-linker support code
configure:10287: result: no
configure:10301: checking if tputs should process BSD-style prefix padding
configure:10311: result: no
configure:10330: checking if the POSIX test-macros are already defined
configure:10356: /usr/bin/gcc -c -O2 -I/home/erion/Projects/buildroot/output/host/include conftest.c >&5
configure:10359: $? = 0
configure:10362: test -s conftest.o
configure:10365: $? = 0
configure:10376: result: no
configure:10418: checking if this is the GNU C library
configure:10444: /usr/bin/gcc -c -O2 -I/home/erion/Projects/buildroot/output/host/include conftest.c >&5
configure:10447: $? = 0
configure:10450: test -s conftest.o
configure:10453: $? = 0
configure:10464: result: yes
configure:10472: checking if _DEFAULT_SOURCE can be used as a basis
configure:10503: /usr/bin/gcc -c -O2 -I/home/erion/Projects/buildroot/output/host/include -D_DEFAULT_SOURCE conftest.c >&5
configure:10506: $? = 0
configure:10509: test -s conftest.o
configure:10512: $? = 0
configure:10524: result: yes
configure:10529: checking if _XOPEN_SOURCE=600 works with _DEFAULT_SOURCE
configure:10654: /usr/bin/gcc -c -O2 -I/home/erion/Projects/buildroot/output/host/include -D_DEFAULT_SOURCE -D_XOPEN_SOURCE=600 conftest.c >&5
configure:10657: $? = 0
configure:10660: test -s conftest.o
configure:10663: $? = 0
configure:10674: result: yes
configure:11929: checking if _XOPEN_SOURCE really is set
configure:11947: /usr/bin/gcc -c -O2 -I/home/erion/Projects/buildroot/output/host/include -D_DEFAULT_SOURCE -D_XOPEN_SOURCE=600 conftest.c >&5
configure:11950: $? = 0
configure:11953: test -s conftest.o
configure:11956: $? = 0
configure:11965: result: yes
configure:11985: /usr/bin/gcc -c -O2 -I/home/erion/Projects/buildroot/output/host/include -D_DEFAULT_SOURCE -D_XOPEN_SOURCE=600 conftest.c >&5
configure:11988: $? = 0
configure:11991: test -s conftest.o
configure:11994: $? = 0
configure:12249: checking if SIGWINCH is defined
configure:12271: /usr/bin/gcc -c -O2 -I/home/erion/Projects/buildroot/output/host/include -D_DEFAULT_SOURCE -D_XOPEN_SOURCE=600 conftest.c >&5
configure:12274: $? = 0
configure:12277: test -s conftest.o
configure:12280: $? = 0
configure:12328: result: yes
configure:12398: checking for nl_langinfo and CODESET
configure:12418: /usr/bin/gcc -o conftest -O2 -I/home/erion/Projects/buildroot/output/host/include -D_DEFAULT_SOURCE -D_XOPEN_SOURCE=600 -L/home/erion/Projects/buildroot/output/host/lib -Wl,-rpath,/home/erion/Projects/buildroot/output/host/lib conftest.c  >&5
configure:12421: $? = 0
configure:12424: test -s conftest
configure:12427: $? = 0
configure:12438: result: yes
configure:12452: checking if you want wide-character code
configure:12462: result: no
configure:13832: checking whether to enable _LP64 definition in curses.h
configure:13842: result: yes
configure:13858: checking for special C compiler options needed for large files
configure:13932: result: no
configure:13938: checking for _FILE_OFFSET_BITS value needed for large files
configure:13966: /usr/bin/gcc -c -O2 -I/home/erion/Projects/buildroot/output/host/include -D_DEFAULT_SOURCE -D_XOPEN_SOURCE=600 conftest.c >&5
configure:13969: $? = 0
configure:13972: test -s conftest.o
configure:13975: $? = 0
configure:14025: result: no
configure:14035: checking for _LARGE_FILES value needed for large files
configure:14063: /usr/bin/gcc -c -O2 -I/home/erion/Projects/buildroot/output/host/include -D_DEFAULT_SOURCE -D_XOPEN_SOURCE=600 conftest.c >&5
configure:14066: $? = 0
configure:14069: test -s conftest.o
configure:14072: $? = 0
configure:14122: result: no
configure:14135: checking for _LARGEFILE_SOURCE value needed for large files
configure:14155: /usr/bin/gcc -c -O2 -I/home/erion/Projects/buildroot/output/host/include -D_DEFAULT_SOURCE -D_XOPEN_SOURCE=600 conftest.c >&5
configure:14158: $? = 0
configure:14161: test -s conftest.o
configure:14164: $? = 0
configure:14206: result: no
configure:14220: checking for fseeko
configure:14238: /usr/bin/gcc -o conftest -O2 -I/home/erion/Projects/buildroot/output/host/include -D_DEFAULT_SOURCE -D_XOPEN_SOURCE=600 -L/home/erion/Projects/buildroot/output/host/lib -Wl,-rpath,/home/erion/Projects/buildroot/output/host/lib conftest.c  >&5
configure:14241: $? = 0
configure:14244: test -s conftest
configure:14247: $? = 0
configure:14257: result: yes
configure:14296: checking whether to use struct dirent64
configure:14326: /usr/bin/gcc -c -O2 -I/home/erion/Projects/buildroot/output/host/include -D_DEFAULT_SOURCE -D_XOPEN_SOURCE=600 conftest.c >&5
configure: In function 'main':
configure:14314:42: error: conflicting types for 'readdir'; have 'struct dirent64 *(DIR *)'
14314 |                 /* if transitional largefile support is setup, this is true */
      |                                          ^~~~~~~
In file included from configure:14307:
/usr/include/dirent.h:164:23: note: previous declaration of 'readdir' with type 'struct dirent *(DIR *)'
  164 | extern struct dirent *readdir (DIR *__dirp) __nonnull ((1));
      |                       ^~~~~~~
configure:14316:36: error: initialization of 'struct dirent *' from incompatible pointer type 'struct dirent64 *' [-Wincompatible-pointer-types]
14316 |                 struct dirent64 *x = readdir((DIR *)0);
      |                                    ^~~~~~~
configure:14317:27: error: invalid operands to binary - (have 'struct dirent64 *' and 'struct dirent *')
14317 |                 struct dirent *y = readdir((DIR *)0);
      |                           ^
configure:14329: $? = 1
configure: failed program was:
#line 14303 "configure"
#include "confdefs.h"

#pragma GCC diagnostic error "-Wincompatible-pointer-types"
#include <sys/types.h>
#include <dirent.h>

int
main (void)
{

		/* if transitional largefile support is setup, this is true */
		extern struct dirent64 * readdir(DIR *);
		struct dirent64 *x = readdir((DIR *)0);
		struct dirent *y = readdir((DIR *)0);
		int z = x - y;
		(void)z;

  ;
  return 0;
}
configure:14346: result: no
configure:14356: checking if you want tparm not to use X/Open fixed-parameter list
configure:14366: result: yes
configure:14390: checking if you want to enable wattr* macros
configure:14402: result: no
configure:14410: checking for X11 rgb file
configure:14482: result: ${exec_prefix}/lib/X11/rgb.txt
configure:14496: checking for type of bool
configure:14506: result: auto
configure:14509: checking for alternate terminal capabilities file
configure:14525: result: Caps
configure:14529: checking for type of chtype
configure:14539: result: uint32_t
configure:14543: checking for type of ospeed
configure:14553: result: short
configure:14557: checking for type of mmask_t
configure:14567: result: uint32_t
configure:14571: checking for size CCHARW_MAX
configure:14581: result: 5
configure:14584: checking for signed char
configure:14605: /usr/bin/gcc -c -O2 -I/home/erion/Projects/buildroot/output/host/include -D_DEFAULT_SOURCE -D_XOPEN_SOURCE=600 conftest.c >&5
configure:14608: $? = 0
configure:14611: test -s conftest.o
configure:14614: $? = 0
configure:14624: result: yes
configure:14627: checking size of signed char
configure:14791: /usr/bin/gcc -o conftest -O2 -I/home/erion/Projects/buildroot/output/host/include -D_DEFAULT_SOURCE -D_XOPEN_SOURCE=600 -L/home/erion/Projects/buildroot/output/host/lib -Wl,-rpath,/home/erion/Projects/buildroot/output/host/lib conftest.c  >&5
configure:14794: $? = 0
configure:14796: ./conftest
configure:14799: $? = 0
configure:14815: result: 1
configure:14826: checking if you want to use signed Boolean array in term.h
configure:14836: result: no
configure:14841: checking for type of tparm args
configure:14851: result: intptr_t
configure:14855: checking if RCS identifiers should be compiled-in
configure:14865: result: no
configure:14874: checking format of man-pages
configure:14965: result:  gzip
configure:15007: checking for manpage renaming
configure:15041: result: no
configure:15044: checking if manpage aliases will be installed
configure:15055: result: yes
configure:15069: checking if manpage symlinks should be used
configure:15088: result: yes
configure:15092: checking for manpage tbl
configure:15103: result: no
configure:15420: checking if you want to build with function extensions
configure:15430: result: yes
configure:15486: checking if you want to build with SCREEN extensions
configure:15496: result: yes
configure:15515: checking if you want to build with terminal-driver
configure:15525: result: no
configure:15546: checking for extended use of const keyword
configure:15556: result: yes
configure:15564: checking if you want to use extended colors
configure:15574: result: yes
configure:15579: WARNING: This option applies only to wide-character library
configure:15618: checking if you want to use extended mouse encoding
configure:15628: result: yes
configure:15655: checking if you want to use extended putwin/screendump
configure:15665: result: yes
configure:15675: checking if you want $NCURSES_NO_PADDING code
configure:15685: result: yes
configure:15693: checking if you want SIGWINCH handler
configure:15703: result: yes
configure:15711: checking if you want user-definable terminal capabilities like termcap
configure:15721: result: yes
configure:15735: checking if you want to link with the pthread library
configure:15745: result: no
configure:16087: checking if you want reentrant code
configure:16097: result: no
configure:16198: checking if you want opaque curses-library structures
configure:16220: result: no
configure:16229: checking if you want opaque form-library structures
configure:16239: result: no
configure:16242: checking if you want opaque menu-library structures
configure:16252: result: no
configure:16255: checking if you want opaque panel-library structures
configure:16265: result: no
configure:16298: checking if you want all development code
configure:16308: result: no
configure:16312: checking if you want hard-tabs code
configure:16322: result: no
configure:16330: checking if you want limited support for xmc
configure:16340: result: no
configure:16350: checking if you do not want to assume colors are white-on-black
configure:16360: result: yes
configure:16368: checking if you want hashmap scrolling-optimization code
configure:16378: result: yes
configure:16386: checking if you want colorfgbg code
configure:16396: result: no
configure:16404: checking if you want to use gcc -fvisibility option
configure:16414: result: no
configure:16751: checking if you want interop bindings
configure:16761: result: yes
configure:16767: checking if you want experimental safe-sprintf code
configure:16777: result: no
configure:16802: checking if you want wgetch-events code
configure:16812: result: no
configure:16863: checking if you want to see long compiling messages
configure:16897: result: yes
configure:16910: checking if you want to install stripped executables
configure:16927: result: yes
configure:16938: checking if install accepts -p option
configure:16969: result: yes
configure:16972: checking if install needs to be told about ownership
configure:16983: result: no
configure:16994: checking if you want to specify strip-program
configure:17004: result: no
configure:17074: checking if you want to use C11 _Noreturn feature
configure:17091: result: no
configure:17305: checking if you want to turn on gcc warnings
configure:17322: result: no
configure:17574: checking for /usr/bin/gcc __attribute__ directives...
checking for /usr/bin/gcc __attribute__((scanf))
configure:17627: /usr/bin/gcc -c -O2 -I/home/erion/Projects/buildroot/output/host/include -D_DEFAULT_SOURCE -D_XOPEN_SOURCE=600 conftest.c >&5
configure:17630: $? = 0
checking for /usr/bin/gcc __attribute__((printf))
configure:17627: /usr/bin/gcc -c -O2 -I/home/erion/Projects/buildroot/output/host/include -D_DEFAULT_SOURCE -D_XOPEN_SOURCE=600 conftest.c >&5
configure:17630: $? = 0
checking for /usr/bin/gcc __attribute__((unused))
configure:17627: /usr/bin/gcc -c -O2 -I/home/erion/Projects/buildroot/output/host/include -D_DEFAULT_SOURCE -D_XOPEN_SOURCE=600 conftest.c >&5
configure:17630: $? = 0
checking for /usr/bin/gcc __attribute__((noreturn))
configure:17627: /usr/bin/gcc -c -O2 -I/home/erion/Projects/buildroot/output/host/include -D_DEFAULT_SOURCE -D_XOPEN_SOURCE=600 conftest.c >&5
configure:17630: $? = 0
configure:17990: checking if you want to work around bogus compiler/loader warnings
configure:18000: result: no
configure:18272: checking if you want to enable runtime assertions
configure:18282: result: no
configure:18298: checking if you want to use dmalloc for testing
configure:18320: result: no
configure:18535: checking if you want to use dbmalloc for testing
configure:18557: result: no
configure:18772: checking if you want to use valgrind for testing
configure:18794: result: no
configure:18907: checking if you want to perform memory-leak testing
configure:18918: result: no
configure:18970: checking whether to add trace feature to all models
configure:18980: result: no
configure:19094: checking if we want to use GNAT projects
configure:19111: result: yes
configure:19236: checking if -lm needed for math functions
configure:19259: /usr/bin/gcc -o conftest -O2 -I/home/erion/Projects/buildroot/output/host/include -D_DEFAULT_SOURCE -D_XOPEN_SOURCE=600 -DNDEBUG -L/home/erion/Projects/buildroot/output/host/lib -Wl,-rpath,/home/erion/Projects/buildroot/output/host/lib conftest.c  >&5
/usr/bin/ld: /tmp/cc0P1Gbs.o: in function `main':
conftest.c:(.text.startup+0x1c): undefined reference to `sin'
/usr/bin/ld: conftest.c:(.text.startup+0x27): undefined reference to `pow'
collect2: error: ld returned 1 exit status
configure:19262: $? = 1
configure: failed program was:
#line 19243 "configure"
#include "confdefs.h"

		#include <stdio.h>
		#include <stdlib.h>
		#include <math.h>

int
main (void)
{
double x = rand(); printf("result = %g\n", pow(sin(x),x))
  ;
  return 0;
}
configure:19278: result: yes
configure:19286: checking if -lm is available for math functions
configure:19309: /usr/bin/gcc -o conftest -O2 -I/home/erion/Projects/buildroot/output/host/include -D_DEFAULT_SOURCE -D_XOPEN_SOURCE=600 -DNDEBUG -L/home/erion/Projects/buildroot/output/host/lib -Wl,-rpath,/home/erion/Projects/buildroot/output/host/lib conftest.c  -lm >&5
configure:19312: $? = 0
configure:19315: test -s conftest
configure:19318: $? = 0
configure:19328: result: yes
configure:19350: checking whether time.h and sys/time.h may both be included
configure:19372: /usr/bin/gcc -c -O2 -I/home/erion/Projects/buildroot/output/host/include -D_DEFAULT_SOURCE -D_XOPEN_SOURCE=600 -DNDEBUG conftest.c >&5
configure:19375: $? = 0
configure:19378: test -s conftest.o
configure:19381: $? = 0
configure:19391: result: yes
configure:19759: checking for regcomp
configure:19796: /usr/bin/gcc -o conftest -O2 -I/home/erion/Projects/buildroot/output/host/include -D_DEFAULT_SOURCE -D_XOPEN_SOURCE=600 -DNDEBUG -L/home/erion/Projects/buildroot/output/host/lib -Wl,-rpath,/home/erion/Projects/buildroot/output/host/lib conftest.c  >&5
configure:19799: $? = 0
configure:19802: test -s conftest
configure:19805: $? = 0
configure:19815: result: yes
configure:20044: checking for regular-expression headers
configure:20119: /usr/bin/gcc -o conftest -O2 -I/home/erion/Projects/buildroot/output/host/include -D_DEFAULT_SOURCE -D_XOPEN_SOURCE=600 -DNDEBUG -L/home/erion/Projects/buildroot/output/host/lib -Wl,-rpath,/home/erion/Projects/buildroot/output/host/lib conftest.c  >&5
configure:20122: $? = 0
configure:20125: test -s conftest
configure:20128: $? = 0
configure:20144: result: regex.h
configure:20186: checking for fcntl.h
configure:20196: /usr/bin/cpp -I/home/erion/Projects/buildroot/output/host/include -D_DEFAULT_SOURCE -D_XOPEN_SOURCE=600 -DNDEBUG conftest.c
configure:20202: $? = 0
configure:20221: result: yes
configure:20186: checking for getopt.h
configure:20196: /usr/bin/cpp -I/home/erion/Projects/buildroot/output/host/include -D_DEFAULT_SOURCE -D_XOPEN_SOURCE=600 -DNDEBUG conftest.c
configure:20202: $? = 0
configure:20221: result: yes
configure:20186: checking for limits.h
configure:20196: /usr/bin/cpp -I/home/erion/Projects/buildroot/output/host/include -D_DEFAULT_SOURCE -D_XOPEN_SOURCE=600 -DNDEBUG conftest.c
configure:20202: $? = 0
configure:20221: result: yes
configure:20186: checking for locale.h
configure:20196: /usr/bin/cpp -I/home/erion/Projects/buildroot/output/host/include -D_DEFAULT_SOURCE -D_XOPEN_SOURCE=600 -DNDEBUG conftest.c
configure:20202: $? = 0
configure:20221: result: yes
configure:20186: checking for math.h
configure:20196: /usr/bin/cpp -I/home/erion/Projects/buildroot/output/host/include -D_DEFAULT_SOURCE -D_XOPEN_SOURCE=600 -DNDEBUG conftest.c
configure:20202: $? = 0
configure:20221: result: yes
configure:20186: checking for poll.h
configure:20196: /usr/bin/cpp -I/home/erion/Projects/buildroot/output/host/include -D_DEFAULT_SOURCE -D_XOPEN_SOURCE=600 -DNDEBUG conftest.c
configure:20202: $? = 0
configure:20221: result: yes
configure:20186: checking for sys/auxv.h
configure:20196: /usr/bin/cpp -I/home/erion/Projects/buildroot/output/host/include -D_DEFAULT_SOURCE -D_XOPEN_SOURCE=600 -DNDEBUG conftest.c
configure:20202: $? = 0
configure:20221: result: yes
configure:20186: checking for sys/ioctl.h
configure:20196: /usr/bin/cpp -I/home/erion/Projects/buildroot/output/host/include -D_DEFAULT_SOURCE -D_XOPEN_SOURCE=600 -DNDEBUG conftest.c
configure:20202: $? = 0
configure:20221: result: yes
configure:20186: checking for sys/param.h
configure:20196: /usr/bin/cpp -I/home/erion/Projects/buildroot/output/host/include -D_DEFAULT_SOURCE -D_XOPEN_SOURCE=600 -DNDEBUG conftest.c
configure:20202: $? = 0
configure:20221: result: yes
configure:20186: checking for sys/poll.h
configure:20196: /usr/bin/cpp -I/home/erion/Projects/buildroot/output/host/include -D_DEFAULT_SOURCE -D_XOPEN_SOURCE=600 -DNDEBUG conftest.c
configure:20202: $? = 0
configure:20221: result: yes
configure:20186: checking for sys/select.h
configure:20196: /usr/bin/cpp -I/home/erion/Projects/buildroot/output/host/include -D_DEFAULT_SOURCE -D_XOPEN_SOURCE=600 -DNDEBUG conftest.c
configure:20202: $? = 0
configure:20221: result: yes
configure:20186: checking for sys/time.h
configure:20196: /usr/bin/cpp -I/home/erion/Projects/buildroot/output/host/include -D_DEFAULT_SOURCE -D_XOPEN_SOURCE=600 -DNDEBUG conftest.c
configure:20202: $? = 0
configure:20221: result: yes
configure:20186: checking for sys/times.h
configure:20196: /usr/bin/cpp -I/home/erion/Projects/buildroot/output/host/include -D_DEFAULT_SOURCE -D_XOPEN_SOURCE=600 -DNDEBUG conftest.c
configure:20202: $? = 0
configure:20221: result: yes
configure:20186: checking for unistd.h
configure:20221: result: yes
configure:20186: checking for wctype.h
configure:20196: /usr/bin/cpp -I/home/erion/Projects/buildroot/output/host/include -D_DEFAULT_SOURCE -D_XOPEN_SOURCE=600 -DNDEBUG conftest.c
configure:20202: $? = 0
configure:20221: result: yes
configure:20234: checking for unistd.h
configure:20269: result: yes
configure:20234: checking for getopt.h
configure:20269: result: yes
configure:20279: checking for header declaring getopt variables
configure:20302: /usr/bin/gcc -c -O2 -I/home/erion/Projects/buildroot/output/host/include -D_DEFAULT_SOURCE -D_XOPEN_SOURCE=600 -DNDEBUG conftest.c >&5
configure: In function 'main':
configure:20295:9: error: 'optind' undeclared (first use in this function)
20295 | {
      |         ^     
configure:20295:9: note: each undeclared identifier is reported only once for each function it appears in
configure:20295:27: error: 'optarg' undeclared (first use in this function)
20295 | {
      |                           ^     
configure:20305: $? = 1
configure: failed program was:
#line 20289 "configure"
#include "confdefs.h"

#include <stdio.h>
int
main (void)
{
int x = optind; char *y = optarg; (void)x; (void)y
  ;
  return 0;
}
configure:20302: /usr/bin/gcc -c -O2 -I/home/erion/Projects/buildroot/output/host/include -D_DEFAULT_SOURCE -D_XOPEN_SOURCE=600 -DNDEBUG conftest.c >&5
configure: In function 'main':
configure:20295:9: error: 'optind' undeclared (first use in this function)
20295 | {
      |         ^     
configure:20295:9: note: each undeclared identifier is reported only once for each function it appears in
configure:20295:27: error: 'optarg' undeclared (first use in this function)
20295 | {
      |                           ^     
configure:20305: $? = 1
configure: failed program was:
#line 20289 "configure"
#include "confdefs.h"

#include <stdlib.h>
int
main (void)
{
int x = optind; char *y = optarg; (void)x; (void)y
  ;
  return 0;
}
configure:20302: /usr/bin/gcc -c -O2 -I/home/erion/Projects/buildroot/output/host/include -D_DEFAULT_SOURCE -D_XOPEN_SOURCE=600 -DNDEBUG conftest.c >&5
configure:20305: $? = 0
configure:20308: test -s conftest.o
configure:20311: $? = 0
configure:20323: result: unistd.h
configure:20340: checking if external environ is declared
configure:20360: /usr/bin/gcc -c -O2 -I/home/erion/Projects/buildroot/output/host/include -D_DEFAULT_SOURCE -D_XOPEN_SOURCE=600 -DNDEBUG conftest.c >&5
configure: In function 'main':
configure:20386:19: error: 'environ' undeclared (first use in this function)
20386 | 
      |                   ^      
configure:20386:19: note: each undeclared identifier is reported only once for each function it appears in
configure:20363: $? = 1
configure: failed program was:
#line 20347 "configure"
#include "confdefs.h"

#include <stdio.h>
#if HAVE_SYS_TYPES_H
# include <sys/types.h>
#endif
#if HAVE_SYS_STAT_H
# include <sys/stat.h>
#endif
#if STDC_HEADERS
# include <stdlib.h>
# include <stddef.h>
#else
# if HAVE_STDLIB_H
#  include <stdlib.h>
# endif
#endif
#if HAVE_STRING_H
# if !STDC_HEADERS && HAVE_MEMORY_H
#  include <memory.h>
# endif
# include <string.h>
#endif
#if HAVE_STRINGS_H
# include <strings.h>
#endif
#if HAVE_INTTYPES_H
# include <inttypes.h>
#else
# if HAVE_STDINT_H
#  include <stdint.h>
# endif
#endif
#if HAVE_UNISTD_H
# include <unistd.h>
#endif
int
main (void)
{
void* x = (void*) environ; (void)x
  ;
  return 0;
}
configure:20380: result: no
configure:20395: checking if external environ exists
configure:20417: /usr/bin/gcc -o conftest -O2 -I/home/erion/Projects/buildroot/output/host/include -D_DEFAULT_SOURCE -D_XOPEN_SOURCE=600 -DNDEBUG -L/home/erion/Projects/buildroot/output/host/lib -Wl,-rpath,/home/erion/Projects/buildroot/output/host/lib conftest.c  >&5
configure:20420: $? = 0
configure:20423: test -s conftest
configure:20426: $? = 0
configure:20437: result: yes
configure:20450: checking for getenv
configure:20487: /usr/bin/gcc -o conftest -O2 -I/home/erion/Projects/buildroot/output/host/include -D_DEFAULT_SOURCE -D_XOPEN_SOURCE=600 -DNDEBUG -L/home/erion/Projects/buildroot/output/host/lib -Wl,-rpath,/home/erion/Projects/buildroot/output/host/lib conftest.c  >&5
configure:20490: $? = 0
configure:20493: test -s conftest
configure:20496: $? = 0
configure:20506: result: yes
configure:20512: checking for putenv
configure:20549: /usr/bin/gcc -o conftest -O2 -I/home/erion/Projects/buildroot/output/host/include -D_DEFAULT_SOURCE -D_XOPEN_SOURCE=600 -DNDEBUG -L/home/erion/Projects/buildroot/output/host/lib -Wl,-rpath,/home/erion/Projects/buildroot/output/host/lib conftest.c  >&5
configure:20552: $? = 0
configure:20555: test -s conftest
configure:20558: $? = 0
configure:20568: result: yes
configure:20512: checking for setenv
configure:20549: /usr/bin/gcc -o conftest -O2 -I/home/erion/Projects/buildroot/output/host/include -D_DEFAULT_SOURCE -D_XOPEN_SOURCE=600 -DNDEBUG -L/home/erion/Projects/buildroot/output/host/lib -Wl,-rpath,/home/erion/Projects/buildroot/output/host/lib conftest.c  >&5
configure:20552: $? = 0
configure:20555: test -s conftest
configure:20558: $? = 0
configure:20568: result: yes
configure:20512: checking for strdup
configure:20549: /usr/bin/gcc -o conftest -O2 -I/home/erion/Projects/buildroot/output/host/include -D_DEFAULT_SOURCE -D_XOPEN_SOURCE=600 -DNDEBUG -L/home/erion/Projects/buildroot/output/host/lib -Wl,-rpath,/home/erion/Projects/buildroot/output/host/lib conftest.c  >&5
configure:20529:6: warning: conflicting types for built-in function 'strdup'; expected 'char *(const char *)' [-Wbuiltin-declaration-mismatch]
20529 |    builtin and then its argument prototype would still apply.  */
      |      ^~~~~~
configure:20552: $? = 0
configure:20555: test -s conftest
configure:20558: $? = 0
configure:20568: result: yes
configure:20578: checking if getenv returns consistent values
configure:20693: /usr/bin/gcc -o conftest -O2 -I/home/erion/Projects/buildroot/output/host/include -D_DEFAULT_SOURCE -D_XOPEN_SOURCE=600 -DNDEBUG -L/home/erion/Projects/buildroot/output/host/lib -Wl,-rpath,/home/erion/Projects/buildroot/output/host/lib conftest.c  >&5
configure:20696: $? = 0
configure:20698: ./conftest
configure:20701: $? = 0
configure:20714: result: yes
configure:20733: checking if sys/time.h works with sys/select.h
configure:20760: /usr/bin/gcc -c -O2 -I/home/erion/Projects/buildroot/output/host/include -D_DEFAULT_SOURCE -D_XOPEN_SOURCE=600 -DNDEBUG conftest.c >&5
configure:20763: $? = 0
configure:20766: test -s conftest.o
configure:20769: $? = 0
configure:20781: result: yes
configure:20796: checking for an ANSI C-conforming const
configure:20860: /usr/bin/gcc -c -O2 -I/home/erion/Projects/buildroot/output/host/include -D_DEFAULT_SOURCE -D_XOPEN_SOURCE=600 -DNDEBUG conftest.c >&5
configure:20863: $? = 0
configure:20866: test -s conftest.o
configure:20869: $? = 0
configure:20879: result: yes
configure:20889: checking for inline
configure:20906: /usr/bin/gcc -c -O2 -I/home/erion/Projects/buildroot/output/host/include -D_DEFAULT_SOURCE -D_XOPEN_SOURCE=600 -DNDEBUG conftest.c >&5
configure:20909: $? = 0
configure:20912: test -s conftest.o
configure:20915: $? = 0
configure:20926: result: inline
configure:20952: checking if /usr/bin/gcc supports options to tune inlining
configure:20973: /usr/bin/gcc -c -O2 --param max-inline-insns-single=1200 -I/home/erion/Projects/buildroot/output/host/include -D_DEFAULT_SOURCE -D_XOPEN_SOURCE=600 -DNDEBUG conftest.c >&5
configure:20976: $? = 0
configure:20979: test -s conftest.o
configure:20982: $? = 0
configure:20994: result: yes
configure:21100: checking for signal global datatype
configure:21136: /usr/bin/gcc -c -O2 --param max-inline-insns-single=1200 -I/home/erion/Projects/buildroot/output/host/include -D_DEFAULT_SOURCE -D_XOPEN_SOURCE=600 -DNDEBUG conftest.c >&5
configure:21139: $? = 0
configure:21142: test -s conftest.o
configure:21145: $? = 0
configure:21159: result: volatile sig_atomic_t
configure:21248: checking if unsigned literals are legal
configure:21267: /usr/bin/gcc -c -O2 --param max-inline-insns-single=1200 -I/home/erion/Projects/buildroot/output/host/include -D_DEFAULT_SOURCE -D_XOPEN_SOURCE=600 -DNDEBUG conftest.c >&5
configure:21270: $? = 0
configure:21273: test -s conftest.o
configure:21276: $? = 0
configure:21288: result: yes
configure:21304: checking if external errno is declared
configure:21325: /usr/bin/gcc -c -O2 --param max-inline-insns-single=1200 -I/home/erion/Projects/buildroot/output/host/include -D_DEFAULT_SOURCE -D_XOPEN_SOURCE=600 -DNDEBUG conftest.c >&5
configure:21328: $? = 0
configure:21331: test -s conftest.o
configure:21334: $? = 0
configure:21345: result: yes
configure:21360: checking if external errno exists
configure:21382: /usr/bin/gcc -o conftest -O2 --param max-inline-insns-single=1200 -I/home/erion/Projects/buildroot/output/host/include -D_DEFAULT_SOURCE -D_XOPEN_SOURCE=600 -DNDEBUG -L/home/erion/Projects/buildroot/output/host/lib -Wl,-rpath,/home/erion/Projects/buildroot/output/host/lib conftest.c  >&5
/usr/bin/ld: errno: TLS definition in /usr/lib/libc.so.6 section .tbss mismatches non-TLS reference in /tmp/ccrQeOIW.o
/usr/bin/ld: /usr/lib/libc.so.6: error adding symbols: bad value
collect2: error: ld returned 1 exit status
configure:21385: $? = 1
configure: failed program was:
#line 21367 "configure"
#include "confdefs.h"

#undef errno
extern int errno;

int
main (void)
{
errno = 2
  ;
  return 0;
}
configure:21402: result: no
configure:21415: checking if data-only library module links
configure:21426: /usr/bin/gcc -c -O2 --param max-inline-insns-single=1200 -I/home/erion/Projects/buildroot/output/host/include -D_DEFAULT_SOURCE -D_XOPEN_SOURCE=600 -DNDEBUG conftest.c >&5
configure:21429: $? = 0
configure:21449: /usr/bin/gcc -c -O2 --param max-inline-insns-single=1200 -I/home/erion/Projects/buildroot/output/host/include -D_DEFAULT_SOURCE -D_XOPEN_SOURCE=600 -DNDEBUG conftest.c >&5
configure:21452: $? = 0
configure:21476: /usr/bin/gcc -o conftest -O2 --param max-inline-insns-single=1200 -I/home/erion/Projects/buildroot/output/host/include -D_DEFAULT_SOURCE -D_XOPEN_SOURCE=600 -DNDEBUG -L/home/erion/Projects/buildroot/output/host/lib -Wl,-rpath,/home/erion/Projects/buildroot/output/host/lib conftest.c conftest.a  >&5
configure:21479: $? = 0
configure:21481: ./conftest
configure:21484: $? = 0
configure:21499: result: yes
configure:21513: checking for clock_gettime
configure:21533: /usr/bin/gcc -o conftest -O2 --param max-inline-insns-single=1200 -I/home/erion/Projects/buildroot/output/host/include -D_DEFAULT_SOURCE -D_XOPEN_SOURCE=600 -DNDEBUG -L/home/erion/Projects/buildroot/output/host/lib -Wl,-rpath,/home/erion/Projects/buildroot/output/host/lib conftest.c  >&5
configure:21536: $? = 0
configure:21539: test -s conftest
configure:21542: $? = 0
configure:21553: result: yes
configure:21738: checking for fpathconf
configure:21775: /usr/bin/gcc -o conftest -O2 --param max-inline-insns-single=1200 -I/home/erion/Projects/buildroot/output/host/include -D_DEFAULT_SOURCE -D_XOPEN_SOURCE=600 -DNDEBUG -L/home/erion/Projects/buildroot/output/host/lib -Wl,-rpath,/home/erion/Projects/buildroot/output/host/lib conftest.c  >&5
configure:21778: $? = 0
configure:21781: test -s conftest
configure:21784: $? = 0
configure:21794: result: yes
configure:21738: checking for getcwd
configure:21775: /usr/bin/gcc -o conftest -O2 --param max-inline-insns-single=1200 -I/home/erion/Projects/buildroot/output/host/include -D_DEFAULT_SOURCE -D_XOPEN_SOURCE=600 -DNDEBUG -L/home/erion/Projects/buildroot/output/host/lib -Wl,-rpath,/home/erion/Projects/buildroot/output/host/lib conftest.c  >&5
configure:21778: $? = 0
configure:21781: test -s conftest
configure:21784: $? = 0
configure:21794: result: yes
configure:21738: checking for getauxval
configure:21775: /usr/bin/gcc -o conftest -O2 --param max-inline-insns-single=1200 -I/home/erion/Projects/buildroot/output/host/include -D_DEFAULT_SOURCE -D_XOPEN_SOURCE=600 -DNDEBUG -L/home/erion/Projects/buildroot/output/host/lib -Wl,-rpath,/home/erion/Projects/buildroot/output/host/lib conftest.c  >&5
configure:21778: $? = 0
configure:21781: test -s conftest
configure:21784: $? = 0
configure:21794: result: yes
configure:21738: checking for getegid
configure:21775: /usr/bin/gcc -o conftest -O2 --param max-inline-insns-single=1200 -I/home/erion/Projects/buildroot/output/host/include -D_DEFAULT_SOURCE -D_XOPEN_SOURCE=600 -DNDEBUG -L/home/erion/Projects/buildroot/output/host/lib -Wl,-rpath,/home/erion/Projects/buildroot/output/host/lib conftest.c  >&5
configure:21778: $? = 0
configure:21781: test -s conftest
configure:21784: $? = 0
configure:21794: result: yes
configure:21738: checking for geteuid
configure:21775: /usr/bin/gcc -o conftest -O2 --param max-inline-insns-single=1200 -I/home/erion/Projects/buildroot/output/host/include -D_DEFAULT_SOURCE -D_XOPEN_SOURCE=600 -DNDEBUG -L/home/erion/Projects/buildroot/output/host/lib -Wl,-rpath,/home/erion/Projects/buildroot/output/host/lib conftest.c  >&5
configure:21778: $? = 0
configure:21781: test -s conftest
configure:21784: $? = 0
configure:21794: result: yes
configure:21738: checking for getopt
configure:21775: /usr/bin/gcc -o conftest -O2 --param max-inline-insns-single=1200 -I/home/erion/Projects/buildroot/output/host/include -D_DEFAULT_SOURCE -D_XOPEN_SOURCE=600 -DNDEBUG -L/home/erion/Projects/buildroot/output/host/lib -Wl,-rpath,/home/erion/Projects/buildroot/output/host/lib conftest.c  >&5
configure:21778: $? = 0
configure:21781: test -s conftest
configure:21784: $? = 0
configure:21794: result: yes
configure:21738: checking for getuid
configure:21775: /usr/bin/gcc -o conftest -O2 --param max-inline-insns-single=1200 -I/home/erion/Projects/buildroot/output/host/include -D_DEFAULT_SOURCE -D_XOPEN_SOURCE=600 -DNDEBUG -L/home/erion/Projects/buildroot/output/host/lib -Wl,-rpath,/home/erion/Projects/buildroot/output/host/lib conftest.c  >&5
configure:21778: $? = 0
configure:21781: test -s conftest
configure:21784: $? = 0
configure:21794: result: yes
configure:21738: checking for issetugid
configure:21775: /usr/bin/gcc -o conftest -O2 --param max-inline-insns-single=1200 -I/home/erion/Projects/buildroot/output/host/include -D_DEFAULT_SOURCE -D_XOPEN_SOURCE=600 -DNDEBUG -L/home/erion/Projects/buildroot/output/host/lib -Wl,-rpath,/home/erion/Projects/buildroot/output/host/lib conftest.c  >&5
/usr/bin/ld: /tmp/ccVHARlA.o: in function `main':
conftest.c:(.text.startup+0x5): undefined reference to `issetugid'
collect2: error: ld returned 1 exit status
configure:21778: $? = 1
configure: failed program was:
#line 21744 "configure"
#include "confdefs.h"
#define issetugid autoconf_temporary
#include <limits.h>	/* least-intrusive standard header which defines gcc2 __stub macros */
#undef issetugid

#ifdef __cplusplus
extern "C"
#endif

/* We use char because int might match the return type of a gcc2
   builtin and then its argument prototype would still apply.  */
char issetugid (void);

int
main (void)
{

/* The GNU C library defines stubs for functions which it implements
    to always fail with ENOSYS.  Some functions are actually named
    something starting with __ and the normal name is an alias.  */
#if defined (__stub_issetugid) || defined (__stub___issetugid)
#error found stub for issetugid
#endif

	return issetugid ();
  ;
  return 0;
}
configure:21794: result: no
configure:21738: checking for localeconv
configure:21775: /usr/bin/gcc -o conftest -O2 --param max-inline-insns-single=1200 -I/home/erion/Projects/buildroot/output/host/include -D_DEFAULT_SOURCE -D_XOPEN_SOURCE=600 -DNDEBUG -L/home/erion/Projects/buildroot/output/host/lib -Wl,-rpath,/home/erion/Projects/buildroot/output/host/lib conftest.c  >&5
configure:21778: $? = 0
configure:21781: test -s conftest
configure:21784: $? = 0
configure:21794: result: yes
configure:21738: checking for poll
configure:21775: /usr/bin/gcc -o conftest -O2 --param max-inline-insns-single=1200 -I/home/erion/Projects/buildroot/output/host/include -D_DEFAULT_SOURCE -D_XOPEN_SOURCE=600 -DNDEBUG -L/home/erion/Projects/buildroot/output/host/lib -Wl,-rpath,/home/erion/Projects/buildroot/output/host/lib conftest.c  >&5
configure:21778: $? = 0
configure:21781: test -s conftest
configure:21784: $? = 0
configure:21794: result: yes
configure:21738: checking for putenv
configure:21794: result: yes
configure:21738: checking for remove
configure:21794: result: yes
configure:21738: checking for select
configure:21775: /usr/bin/gcc -o conftest -O2 --param max-inline-insns-single=1200 -I/home/erion/Projects/buildroot/output/host/include -D_DEFAULT_SOURCE -D_XOPEN_SOURCE=600 -DNDEBUG -L/home/erion/Projects/buildroot/output/host/lib -Wl,-rpath,/home/erion/Projects/buildroot/output/host/lib conftest.c  >&5
configure:21778: $? = 0
configure:21781: test -s conftest
configure:21784: $? = 0
configure:21794: result: yes
configure:21738: checking for setbuf
configure:21775: /usr/bin/gcc -o conftest -O2 --param max-inline-insns-single=1200 -I/home/erion/Projects/buildroot/output/host/include -D_DEFAULT_SOURCE -D_XOPEN_SOURCE=600 -DNDEBUG -L/home/erion/Projects/buildroot/output/host/lib -Wl,-rpath,/home/erion/Projects/buildroot/output/host/lib conftest.c  >&5
configure:21778: $? = 0
configure:21781: test -s conftest
configure:21784: $? = 0
configure:21794: result: yes
configure:21738: checking for setbuffer
configure:21775: /usr/bin/gcc -o conftest -O2 --param max-inline-insns-single=1200 -I/home/erion/Projects/buildroot/output/host/include -D_DEFAULT_SOURCE -D_XOPEN_SOURCE=600 -DNDEBUG -L/home/erion/Projects/buildroot/output/host/lib -Wl,-rpath,/home/erion/Projects/buildroot/output/host/lib conftest.c  >&5
configure:21778: $? = 0
configure:21781: test -s conftest
configure:21784: $? = 0
configure:21794: result: yes
configure:21738: checking for setenv
configure:21794: result: yes
configure:21738: checking for setfsuid
configure:21775: /usr/bin/gcc -o conftest -O2 --param max-inline-insns-single=1200 -I/home/erion/Projects/buildroot/output/host/include -D_DEFAULT_SOURCE -D_XOPEN_SOURCE=600 -DNDEBUG -L/home/erion/Projects/buildroot/output/host/lib -Wl,-rpath,/home/erion/Projects/buildroot/output/host/lib conftest.c  >&5
configure:21778: $? = 0
configure:21781: test -s conftest
configure:21784: $? = 0
configure:21794: result: yes
configure:21738: checking for setvbuf
configure:21775: /usr/bin/gcc -o conftest -O2 --param max-inline-insns-single=1200 -I/home/erion/Projects/buildroot/output/host/include -D_DEFAULT_SOURCE -D_XOPEN_SOURCE=600 -DNDEBUG -L/home/erion/Projects/buildroot/output/host/lib -Wl,-rpath,/home/erion/Projects/buildroot/output/host/lib conftest.c  >&5
configure:21778: $? = 0
configure:21781: test -s conftest
configure:21784: $? = 0
configure:21794: result: yes
configure:21738: checking for sigaction
configure:21775: /usr/bin/gcc -o conftest -O2 --param max-inline-insns-single=1200 -I/home/erion/Projects/buildroot/output/host/include -D_DEFAULT_SOURCE -D_XOPEN_SOURCE=600 -DNDEBUG -L/home/erion/Projects/buildroot/output/host/lib -Wl,-rpath,/home/erion/Projects/buildroot/output/host/lib conftest.c  >&5
configure:21778: $? = 0
configure:21781: test -s conftest
configure:21784: $? = 0
configure:21794: result: yes
configure:21738: checking for sigvec
configure:21775: /usr/bin/gcc -o conftest -O2 --param max-inline-insns-single=1200 -I/home/erion/Projects/buildroot/output/host/include -D_DEFAULT_SOURCE -D_XOPEN_SOURCE=600 -DNDEBUG -L/home/erion/Projects/buildroot/output/host/lib -Wl,-rpath,/home/erion/Projects/buildroot/output/host/lib conftest.c  >&5
/usr/bin/ld: /tmp/ccyCmdiq.o: in function `main':
conftest.c:(.text.startup+0x5): undefined reference to `sigvec'
collect2: error: ld returned 1 exit status
configure:21778: $? = 1
configure: failed program was:
#line 21744 "configure"
#include "confdefs.h"
#define sigvec autoconf_temporary
#include <limits.h>	/* least-intrusive standard header which defines gcc2 __stub macros */
#undef sigvec

#ifdef __cplusplus
extern "C"
#endif

/* We use char because int might match the return type of a gcc2
   builtin and then its argument prototype would still apply.  */
char sigvec (void);

int
main (void)
{

/* The GNU C library defines stubs for functions which it implements
    to always fail with ENOSYS.  Some functions are actually named
    something starting with __ and the normal name is an alias.  */
#if defined (__stub_sigvec) || defined (__stub___sigvec)
#error found stub for sigvec
#endif

	return sigvec ();
  ;
  return 0;
}
configure:21794: result: no
configure:21738: checking for snprintf
configure:21775: /usr/bin/gcc -o conftest -O2 --param max-inline-insns-single=1200 -I/home/erion/Projects/buildroot/output/host/include -D_DEFAULT_SOURCE -D_XOPEN_SOURCE=600 -DNDEBUG -L/home/erion/Projects/buildroot/output/host/lib -Wl,-rpath,/home/erion/Projects/buildroot/output/host/lib conftest.c  >&5
configure:21755:6: warning: conflicting types for built-in function 'snprintf'; expected 'int(char *, long unsigned int,  const char *, ...)' [-Wbuiltin-declaration-mismatch]
21755 |    builtin and then its argument prototype would still apply.  */
      |      ^~~~~~~~
configure:21747:1: note: 'snprintf' is declared in header '<stdio.h>'
21746 | #define $ac_func autoconf_temporary
  +++ |+#include <stdio.h>
21747 | #include <limits.h>     /* least-intrusive standard header which defines gcc2 __stub macros */
configure:21778: $? = 0
configure:21781: test -s conftest
configure:21784: $? = 0
configure:21794: result: yes
configure:21738: checking for strdup
configure:21794: result: yes
configure:21738: checking for strstr
configure:21775: /usr/bin/gcc -o conftest -O2 --param max-inline-insns-single=1200 -I/home/erion/Projects/buildroot/output/host/include -D_DEFAULT_SOURCE -D_XOPEN_SOURCE=600 -DNDEBUG -L/home/erion/Projects/buildroot/output/host/lib -Wl,-rpath,/home/erion/Projects/buildroot/output/host/lib conftest.c  >&5
configure:21755:6: warning: conflicting types for built-in function 'strstr'; expected 'char *(const char *, const char *)' [-Wbuiltin-declaration-mismatch]
21755 |    builtin and then its argument prototype would still apply.  */
      |      ^~~~~~
configure:21747:1: note: 'strstr' is declared in header '<string.h>'
21746 | #define $ac_func autoconf_temporary
  +++ |+#include <string.h>
21747 | #include <limits.h>     /* least-intrusive standard header which defines gcc2 __stub macros */
configure:21778: $? = 0
configure:21781: test -s conftest
configure:21784: $? = 0
configure:21794: result: yes
configure:21738: checking for sysconf
configure:21775: /usr/bin/gcc -o conftest -O2 --param max-inline-insns-single=1200 -I/home/erion/Projects/buildroot/output/host/include -D_DEFAULT_SOURCE -D_XOPEN_SOURCE=600 -DNDEBUG -L/home/erion/Projects/buildroot/output/host/lib -Wl,-rpath,/home/erion/Projects/buildroot/output/host/lib conftest.c  >&5
configure:21778: $? = 0
configure:21781: test -s conftest
configure:21784: $? = 0
configure:21794: result: yes
configure:21738: checking for tcgetpgrp
configure:21775: /usr/bin/gcc -o conftest -O2 --param max-inline-insns-single=1200 -I/home/erion/Projects/buildroot/output/host/include -D_DEFAULT_SOURCE -D_XOPEN_SOURCE=600 -DNDEBUG -L/home/erion/Projects/buildroot/output/host/lib -Wl,-rpath,/home/erion/Projects/buildroot/output/host/lib conftest.c  >&5
configure:21778: $? = 0
configure:21781: test -s conftest
configure:21784: $? = 0
configure:21794: result: yes
configure:21738: checking for times
configure:21775: /usr/bin/gcc -o conftest -O2 --param max-inline-insns-single=1200 -I/home/erion/Projects/buildroot/output/host/include -D_DEFAULT_SOURCE -D_XOPEN_SOURCE=600 -DNDEBUG -L/home/erion/Projects/buildroot/output/host/lib -Wl,-rpath,/home/erion/Projects/buildroot/output/host/lib conftest.c  >&5
configure:21778: $? = 0
configure:21781: test -s conftest
configure:21784: $? = 0
configure:21794: result: yes
configure:21738: checking for tsearch
configure:21775: /usr/bin/gcc -o conftest -O2 --param max-inline-insns-single=1200 -I/home/erion/Projects/buildroot/output/host/include -D_DEFAULT_SOURCE -D_XOPEN_SOURCE=600 -DNDEBUG -L/home/erion/Projects/buildroot/output/host/lib -Wl,-rpath,/home/erion/Projects/buildroot/output/host/lib conftest.c  >&5
configure:21778: $? = 0
configure:21781: test -s conftest
configure:21784: $? = 0
configure:21794: result: yes
configure:21738: checking for vsnprintf
configure:21775: /usr/bin/gcc -o conftest -O2 --param max-inline-insns-single=1200 -I/home/erion/Projects/buildroot/output/host/include -D_DEFAULT_SOURCE -D_XOPEN_SOURCE=600 -DNDEBUG -L/home/erion/Projects/buildroot/output/host/lib -Wl,-rpath,/home/erion/Projects/buildroot/output/host/lib conftest.c  >&5
configure:21755:6: warning: conflicting types for built-in function 'vsnprintf'; expected 'int(char *, long unsigned int,  const char *, __va_list_tag *)' [-Wbuiltin-declaration-mismatch]
21755 |    builtin and then its argument prototype would still apply.  */
      |      ^~~~~~~~~
configure:21747:1: note: 'vsnprintf' is declared in header '<stdio.h>'
21746 | #define $ac_func autoconf_temporary
  +++ |+#include <stdio.h>
21747 | #include <limits.h>     /* least-intrusive standard header which defines gcc2 __stub macros */
configure:21778: $? = 0
configure:21781: test -s conftest
configure:21784: $? = 0
configure:21794: result: yes
configure:21804: checking if _PATH_TTYS is defined in ttyent.h
configure:21826: /usr/bin/gcc -c -O2 --param max-inline-insns-single=1200 -I/home/erion/Projects/buildroot/output/host/include -D_DEFAULT_SOURCE -D_XOPEN_SOURCE=600 -DNDEBUG conftest.c >&5
configure:21829: $? = 0
configure:21832: test -s conftest.o
configure:21835: $? = 0
configure:21845: result: yes
configure:21867: checking if _PATH_TTYS file exists
configure:21890: /usr/bin/gcc -o conftest -O2 --param max-inline-insns-single=1200 -I/home/erion/Projects/buildroot/output/host/include -D_DEFAULT_SOURCE -D_XOPEN_SOURCE=600 -DNDEBUG -L/home/erion/Projects/buildroot/output/host/lib -Wl,-rpath,/home/erion/Projects/buildroot/output/host/lib conftest.c  >&5
configure:21893: $? = 0
configure:21895: ./conftest
configure:21898: $? = 1
configure: program exited with status 1
configure: failed program was:
#line 21877 "configure"
#include "confdefs.h"

#include <stdio.h>
#if HAVE_SYS_TYPES_H
# include <sys/types.h>
#endif
#if HAVE_SYS_STAT_H
# include <sys/stat.h>
#endif
#if STDC_HEADERS
# include <stdlib.h>
# include <stddef.h>
#else
# if HAVE_STDLIB_H
#  include <stdlib.h>
# endif
#endif
#if HAVE_STRING_H
# if !STDC_HEADERS && HAVE_MEMORY_H
#  include <memory.h>
# endif
# include <string.h>
#endif
#if HAVE_STRINGS_H
# include <strings.h>
#endif
#if HAVE_INTTYPES_H
# include <inttypes.h>
#else
# if HAVE_STDINT_H
#  include <stdint.h>
# endif
#endif
#if HAVE_UNISTD_H
# include <unistd.h>
#endif

#include <ttyent.h>

int main(void) {
	FILE *fp = fopen(_PATH_TTYS, "r");
	return (fp == 0);
}
configure:21910: result: no
configure:22113: checking for isascii
configure:22132: /usr/bin/gcc -o conftest -O2 --param max-inline-insns-single=1200 -I/home/erion/Projects/buildroot/output/host/include -D_DEFAULT_SOURCE -D_XOPEN_SOURCE=600 -DNDEBUG -L/home/erion/Projects/buildroot/output/host/lib -Wl,-rpath,/home/erion/Projects/buildroot/output/host/lib conftest.c  >&5
configure:22135: $? = 0
configure:22138: test -s conftest
configure:22141: $? = 0
configure:22152: result: yes
configure:22160: checking whether sigaction needs _POSIX_SOURCE
configure:22177: /usr/bin/gcc -c -O2 --param max-inline-insns-single=1200 -I/home/erion/Projects/buildroot/output/host/include -D_DEFAULT_SOURCE -D_XOPEN_SOURCE=600 -DNDEBUG conftest.c >&5
configure:22180: $? = 0
configure:22183: test -s conftest.o
configure:22186: $? = 0
configure:22234: result: no
configure:22238: checking if nanosleep really works
configure:22274: /usr/bin/gcc -o conftest -O2 --param max-inline-insns-single=1200 -I/home/erion/Projects/buildroot/output/host/include -D_DEFAULT_SOURCE -D_XOPEN_SOURCE=600 -DNDEBUG -L/home/erion/Projects/buildroot/output/host/lib -Wl,-rpath,/home/erion/Projects/buildroot/output/host/lib conftest.c  >&5
configure:22277: $? = 0
configure:22279: ./conftest
configure:22282: $? = 0
configure:22294: result: yes
configure:22311: checking for termio.h
configure:22321: /usr/bin/cpp -I/home/erion/Projects/buildroot/output/host/include -D_DEFAULT_SOURCE -D_XOPEN_SOURCE=600 -DNDEBUG conftest.c
configure:22327: $? = 0
configure:22346: result: yes
configure:22311: checking for termios.h
configure:22321: /usr/bin/cpp -I/home/erion/Projects/buildroot/output/host/include -D_DEFAULT_SOURCE -D_XOPEN_SOURCE=600 -DNDEBUG conftest.c
configure:22327: $? = 0
configure:22346: result: yes
configure:22311: checking for unistd.h
configure:22346: result: yes
configure:22311: checking for sys/ioctl.h
configure:22346: result: yes
configure:22311: checking for sys/termio.h
configure:22321: /usr/bin/cpp -I/home/erion/Projects/buildroot/output/host/include -D_DEFAULT_SOURCE -D_XOPEN_SOURCE=600 -DNDEBUG conftest.c
configure:22318:10: fatal error: sys/termio.h: No such file or directory
22318 | #include "confdefs.h"
      |          ^~~~~~~~~~~~  
compilation terminated.
configure:22327: $? = 1
configure: failed program was:
#line 22317 "configure"
#include "confdefs.h"
#include <sys/termio.h>
configure:22346: result: no
configure:22363: checking whether termios.h needs _POSIX_SOURCE
configure:22378: /usr/bin/gcc -c -O2 --param max-inline-insns-single=1200 -I/home/erion/Projects/buildroot/output/host/include -D_DEFAULT_SOURCE -D_XOPEN_SOURCE=600 -DNDEBUG conftest.c >&5
configure:22381: $? = 0
configure:22384: test -s conftest.o
configure:22387: $? = 0
configure:22434: result: no
configure:22439: checking for tcgetattr
configure:22474: /usr/bin/gcc -o conftest -O2 --param max-inline-insns-single=1200 -I/home/erion/Projects/buildroot/output/host/include -D_DEFAULT_SOURCE -D_XOPEN_SOURCE=600 -DNDEBUG -L/home/erion/Projects/buildroot/output/host/lib -Wl,-rpath,/home/erion/Projects/buildroot/output/host/lib conftest.c  >&5
configure:22477: $? = 0
configure:22480: test -s conftest
configure:22483: $? = 0
configure:22493: result: yes
configure:22500: checking for vsscanf function or workaround
configure:22523: /usr/bin/gcc -o conftest -O2 --param max-inline-insns-single=1200 -I/home/erion/Projects/buildroot/output/host/include -D_DEFAULT_SOURCE -D_XOPEN_SOURCE=600 -DNDEBUG -L/home/erion/Projects/buildroot/output/host/lib -Wl,-rpath,/home/erion/Projects/buildroot/output/host/lib conftest.c  >&5
configure:22526: $? = 0
configure:22529: test -s conftest
configure:22532: $? = 0
configure:22625: result: vsscanf
configure:22651: checking for unistd.h
configure:22686: result: yes
configure:22696: checking for working mkstemp
configure:22742: /usr/bin/gcc -o conftest -O2 --param max-inline-insns-single=1200 -I/home/erion/Projects/buildroot/output/host/include -D_DEFAULT_SOURCE -D_XOPEN_SOURCE=600 -DNDEBUG -L/home/erion/Projects/buildroot/output/host/lib -Wl,-rpath,/home/erion/Projects/buildroot/output/host/lib conftest.c  >&5
configure:22745: $? = 0
configure:22747: ./conftest
configure:22750: $? = 0
configure:22765: result: yes
configure:22848: checking whether setvbuf arguments are reversed
configure:22876: /usr/bin/gcc -o conftest -O2 --param max-inline-insns-single=1200 -I/home/erion/Projects/buildroot/output/host/include -D_DEFAULT_SOURCE -D_XOPEN_SOURCE=600 -DNDEBUG -L/home/erion/Projects/buildroot/output/host/lib -Wl,-rpath,/home/erion/Projects/buildroot/output/host/lib conftest.c  >&5
configure: In function 'main':
configure:22868:23: error: passing argument 2 of 'setvbuf' makes pointer from integer without a cast [-Wint-conversion]
22868 |      is not _IOLBF, _IONBF, or _IOFBF, and return nonzero.  */
      |                       ^~~~~~
      |                       |
      |                       int
In file included from configure:22860:
/usr/include/stdio.h:339:65: note: expected 'char * restrict' but argument is of type 'int'
  339 | extern int setvbuf (FILE *__restrict __stream, char *__restrict __buf,
      |                                                ~~~~~~~~~~~~~~~~~^~~~~
configure:22868:31: error: passing argument 3 of 'setvbuf' makes integer from pointer without a cast [-Wint-conversion]
22868 |      is not _IOLBF, _IONBF, or _IOFBF, and return nonzero.  */
      |                               ^~~~~~~~~~~~~
      |                               |
      |                               char *
/usr/include/stdio.h:340:25: note: expected 'int' but argument is of type 'char *'
  340 |                     int __modes, size_t __n) __THROW __nonnull ((1));
      |                     ~~~~^~~~~~~
configure:22879: $? = 1
configure: program exited with status 1
configure: failed program was:
#line 22859 "configure"
#include "confdefs.h"
#include <stdio.h>
/* If setvbuf has the reversed format, exit 0. */
int
main (void)
{
  /* This call has the arguments reversed.
     A reversed system may check and see that the address of main
     is not _IOLBF, _IONBF, or _IOFBF, and return nonzero.  */
  if (setvbuf(stdout, _IOLBF, (char *) main, BUFSIZ) != 0)
    return(1);
  putc('\r', stdout);
  return(0);			/* Non-reversed systems segv here.  */
}
configure:22897: result: no
configure:22908: checking for intptr_t
configure:22929: /usr/bin/gcc -c -O2 --param max-inline-insns-single=1200 -I/home/erion/Projects/buildroot/output/host/include -D_DEFAULT_SOURCE -D_XOPEN_SOURCE=600 -DNDEBUG conftest.c >&5
configure:22932: $? = 0
configure:22935: test -s conftest.o
configure:22938: $? = 0
configure:22948: result: yes
configure:22960: checking for ssize_t
configure:22981: /usr/bin/gcc -c -O2 --param max-inline-insns-single=1200 -I/home/erion/Projects/buildroot/output/host/include -D_DEFAULT_SOURCE -D_XOPEN_SOURCE=600 -DNDEBUG conftest.c >&5
configure:22984: $? = 0
configure:22987: test -s conftest.o
configure:22990: $? = 0
configure:23000: result: yes
configure:23012: checking for type sigaction_t
configure:23032: /usr/bin/gcc -c -O2 --param max-inline-insns-single=1200 -I/home/erion/Projects/buildroot/output/host/include -D_DEFAULT_SOURCE -D_XOPEN_SOURCE=600 -DNDEBUG conftest.c >&5
configure: In function 'main':
configure:23025:1: error: unknown type name 'sigaction_t'
23025 | {
      | ^          
configure:23035: $? = 1
configure: failed program was:
#line 23019 "configure"
#include "confdefs.h"

#include <signal.h>
int
main (void)
{
sigaction_t x
  ;
  return 0;
}
configure:23052: result: no
configure:23059: checking declaration of size-change
configure:23130: /usr/bin/gcc -c -O2 --param max-inline-insns-single=1200 -I/home/erion/Projects/buildroot/output/host/include -D_DEFAULT_SOURCE -D_XOPEN_SOURCE=600 -DNDEBUG conftest.c >&5
configure:23133: $? = 0
configure:23136: test -s conftest.o
configure:23139: $? = 0
size-change succeeded ()
configure:23158: result: yes
configure:23176: checking for memmove
configure:23213: /usr/bin/gcc -o conftest -O2 --param max-inline-insns-single=1200 -I/home/erion/Projects/buildroot/output/host/include -D_DEFAULT_SOURCE -D_XOPEN_SOURCE=600 -DNDEBUG -L/home/erion/Projects/buildroot/output/host/lib -Wl,-rpath,/home/erion/Projects/buildroot/output/host/lib conftest.c  >&5
configure:23193:6: warning: conflicting types for built-in function 'memmove'; expected 'void *(void *, const void *, long unsigned int)' [-Wbuiltin-declaration-mismatch]
23193 |    builtin and then its argument prototype would still apply.  */
      |      ^~~~~~~
configure:23185:1: note: 'memmove' is declared in header '<string.h>'
23184 | #define memmove autoconf_temporary
  +++ |+#include <string.h>
23185 | #include <limits.h>     /* least-intrusive standard header which defines gcc2 __stub macros */
configure:23216: $? = 0
configure:23219: test -s conftest
configure:23222: $? = 0
configure:23232: result: yes
configure:23438: checking if poll really works
configure:23501: /usr/bin/gcc -o conftest -O2 --param max-inline-insns-single=1200 -I/home/erion/Projects/buildroot/output/host/include -D_DEFAULT_SOURCE -D_XOPEN_SOURCE=600 -DNDEBUG -L/home/erion/Projects/buildroot/output/host/lib -Wl,-rpath,/home/erion/Projects/buildroot/output/host/lib conftest.c  >&5
configure:23504: $? = 0
configure:23506: ./conftest
configure:23509: $? = 0
configure:23521: result: yes
configure:23528: checking for va_copy
configure:23552: /usr/bin/gcc -o conftest -O2 --param max-inline-insns-single=1200 -I/home/erion/Projects/buildroot/output/host/include -D_DEFAULT_SOURCE -D_XOPEN_SOURCE=600 -DNDEBUG -L/home/erion/Projects/buildroot/output/host/lib -Wl,-rpath,/home/erion/Projects/buildroot/output/host/lib conftest.c  >&5
configure:23555: $? = 0
configure:23558: test -s conftest
configure:23561: $? = 0
configure:23571: result: yes
configure:23801: checking for pid_t
configure:23822: /usr/bin/gcc -c -O2 --param max-inline-insns-single=1200 -I/home/erion/Projects/buildroot/output/host/include -D_DEFAULT_SOURCE -D_XOPEN_SOURCE=600 -DNDEBUG conftest.c >&5
configure:23825: $? = 0
configure:23828: test -s conftest.o
configure:23831: $? = 0
configure:23841: result: yes
configure:23856: checking for unistd.h
configure:23891: result: yes
configure:23856: checking for vfork.h
configure:23866: /usr/bin/cpp -I/home/erion/Projects/buildroot/output/host/include -D_DEFAULT_SOURCE -D_XOPEN_SOURCE=600 -DNDEBUG conftest.c
configure:23863:10: fatal error: vfork.h: No such file or directory
23863 | #include "confdefs.h"
      |          ^~~~~~~~~
compilation terminated.
configure:23872: $? = 1
configure: failed program was:
#line 23862 "configure"
#include "confdefs.h"
#include <vfork.h>
configure:23891: result: no
configure:23904: checking for fork
configure:23941: /usr/bin/gcc -o conftest -O2 --param max-inline-insns-single=1200 -I/home/erion/Projects/buildroot/output/host/include -D_DEFAULT_SOURCE -D_XOPEN_SOURCE=600 -DNDEBUG -L/home/erion/Projects/buildroot/output/host/lib -Wl,-rpath,/home/erion/Projects/buildroot/output/host/lib conftest.c  >&5
configure:23921:6: warning: conflicting types for built-in function 'fork'; expected 'int(void)' [-Wbuiltin-declaration-mismatch]
23921 |    builtin and then its argument prototype would still apply.  */
      |      ^~~~
configure:23944: $? = 0
configure:23947: test -s conftest
configure:23950: $? = 0
configure:23960: result: yes
configure:23904: checking for vfork
configure:23941: /usr/bin/gcc -o conftest -O2 --param max-inline-insns-single=1200 -I/home/erion/Projects/buildroot/output/host/include -D_DEFAULT_SOURCE -D_XOPEN_SOURCE=600 -DNDEBUG -L/home/erion/Projects/buildroot/output/host/lib -Wl,-rpath,/home/erion/Projects/buildroot/output/host/lib conftest.c  >&5
configure:23944: $? = 0
configure:23947: test -s conftest
configure:23950: $? = 0
configure:23960: result: yes
configure:23972: checking for working fork
configure:24015: result: yes
configure:24034: checking for working vfork
configure:24160: result: yes
configure:24191: checking if fopen accepts explicit binary mode
configure:24236: /usr/bin/gcc -o conftest -O2 --param max-inline-insns-single=1200 -I/home/erion/Projects/buildroot/output/host/include -D_DEFAULT_SOURCE -D_XOPEN_SOURCE=600 -DNDEBUG -L/home/erion/Projects/buildroot/output/host/lib -Wl,-rpath,/home/erion/Projects/buildroot/output/host/lib conftest.c  >&5
configure:24239: $? = 0
configure:24241: ./conftest
configure:24244: $? = 0
configure:24257: result: yes
configure:24266: checking for openpty in -lutil
configure:24293: /usr/bin/gcc -o conftest -O2 --param max-inline-insns-single=1200 -I/home/erion/Projects/buildroot/output/host/include -D_DEFAULT_SOURCE -D_XOPEN_SOURCE=600 -DNDEBUG -L/home/erion/Projects/buildroot/output/host/lib -Wl,-rpath,/home/erion/Projects/buildroot/output/host/lib conftest.c -lutil   >&5
configure:24296: $? = 0
configure:24299: test -s conftest
configure:24302: $? = 0
configure:24313: result: yes
configure:24321: checking for openpty header
configure:24365: /usr/bin/gcc -o conftest -O2 --param max-inline-insns-single=1200 -I/home/erion/Projects/buildroot/output/host/include -D_DEFAULT_SOURCE -D_XOPEN_SOURCE=600 -DNDEBUG -L/home/erion/Projects/buildroot/output/host/lib -Wl,-rpath,/home/erion/Projects/buildroot/output/host/lib conftest.c -lutil  >&5
configure:24368: $? = 0
configure:24371: test -s conftest
configure:24374: $? = 0
configure:24392: result: pty.h
configure:25034: checking if we should include stdbool.h
configure:25054: /usr/bin/gcc -c -O2 --param max-inline-insns-single=1200 -I/home/erion/Projects/buildroot/output/host/include -D_DEFAULT_SOURCE -D_XOPEN_SOURCE=600 -DNDEBUG conftest.c >&5
configure: In function 'main':
configure:25047:1: error: unknown type name 'bool'
25047 | {
      | ^   
configure:25043:1: note: 'bool' is defined in header '<stdbool.h>'; this is probably fixable by adding '#include <stdbool.h>'
25042 | #line 25042 "configure"
  +++ |+#include <stdbool.h>
25043 | #include "confdefs.h"
configure:25047:12: error: 'false' undeclared (first use in this function)
25047 | {
      |            ^    
configure:25047:12: note: 'false' is defined in header '<stdbool.h>'; this is probably fixable by adding '#include <stdbool.h>'
configure:25047:12: note: each undeclared identifier is reported only once for each function it appears in
configure:25057: $? = 1
configure: failed program was:
#line 25042 "configure"
#include "confdefs.h"

int
main (void)
{
bool foo = false
  ;
  return 0;
}
configure:25086: /usr/bin/gcc -c -O2 --param max-inline-insns-single=1200 -I/home/erion/Projects/buildroot/output/host/include -D_DEFAULT_SOURCE -D_XOPEN_SOURCE=600 -DNDEBUG conftest.c >&5
configure:25089: $? = 0
configure:25092: test -s conftest.o
configure:25095: $? = 0
configure:25109: result: yes
configure:25115: checking for builtin bool type
configure:25138: /usr/bin/gcc -c -O2 --param max-inline-insns-single=1200 -I/home/erion/Projects/buildroot/output/host/include -D_DEFAULT_SOURCE -D_XOPEN_SOURCE=600 -DNDEBUG conftest.c >&5
configure: In function 'main':
configure:25131:1: error: unknown type name 'bool'
25131 | {
      | ^   
configure:25127:1: note: 'bool' is defined in header '<stdbool.h>'; this is probably fixable by adding '#include <stdbool.h>'
25126 | #include <stdio.h>
  +++ |+#include <stdbool.h>
25127 | #include <sys/types.h>
configure:25131:10: error: 'false' undeclared (first use in this function)
25131 | {
      |          ^    
configure:25131:10: note: 'false' is defined in header '<stdbool.h>'; this is probably fixable by adding '#include <stdbool.h>'
configure:25131:10: note: each undeclared identifier is reported only once for each function it appears in
configure:25141: $? = 1
configure: failed program was:
#line 25123 "configure"
#include "confdefs.h"

#include <stdio.h>
#include <sys/types.h>

int
main (void)
{
bool x = false
  ;
  return 0;
}
configure:25162: result: no
configure:26796: checking for bool
configure:26837: /usr/bin/gcc -c -O2 --param max-inline-insns-single=1200 -I/home/erion/Projects/buildroot/output/host/include -D_DEFAULT_SOURCE -D_XOPEN_SOURCE=600 -DNDEBUG conftest.c >&5
configure:26840: $? = 0
configure:26843: test -s conftest.o
configure:26846: $? = 0
configure:26856: result: yes
configure:26859: checking size of bool
configure:27123: /usr/bin/gcc -o conftest -O2 --param max-inline-insns-single=1200 -I/home/erion/Projects/buildroot/output/host/include -D_DEFAULT_SOURCE -D_XOPEN_SOURCE=600 -DNDEBUG -L/home/erion/Projects/buildroot/output/host/lib -Wl,-rpath,/home/erion/Projects/buildroot/output/host/lib conftest.c  >&5
configure:27126: $? = 0
configure:27128: ./conftest
configure:27131: $? = 0
configure:27147: result: 1
configure:27153: checking for type of bool
configure:27213: /usr/bin/gcc -o conftest -O2 --param max-inline-insns-single=1200 -I/home/erion/Projects/buildroot/output/host/include -D_DEFAULT_SOURCE -D_XOPEN_SOURCE=600 -DNDEBUG -L/home/erion/Projects/buildroot/output/host/lib -Wl,-rpath,/home/erion/Projects/buildroot/output/host/lib conftest.c  >&5
configure:27216: $? = 0
configure:27218: ./conftest
configure:27221: $? = 0
configure:27238: result: unsigned char
configure:28183: checking for library subsets
configure:28237: result: ticlib+termlib+ext_tinfo+base+ext_funcs
configure:28268: checking default library suffix
configure:28279: result: 
configure:28282: checking default library-dependency suffix
configure:28365: result: .so
configure:28368: checking default object directory
configure:28384: result: obj_s
configure:28746: checking where we will install curses.h
configure:28756: result: ${prefix}/include/ncurses
configure:28789: checking for desired basename for form library
configure:28809: result: form
configure:28812: checking for desired basename for menu library
configure:28832: result: menu
configure:28835: checking for desired basename for panel library
configure:28855: result: panel
configure:28858: checking for desired basename for cxx library
configure:28878: result: ncurses++
configure:28884: checking for src modules
configure:28943: result: ncurses progs panel menu form
configure:29115: checking for defines to add to ncurses6-config script
configure:29131: result:  -D_DEFAULT_SOURCE -D_XOPEN_SOURCE=600
configure:29219: checking for linker search path
configure:29308: result: /usr/lib /usr/local/lib
configure:29394: creating ./config.status

## ----------------------- ##
## Running config.status.  ##
## ----------------------- ##

This file was extended by config.status 2.52.20230114, executed with
  CONFIG_FILES    = 
  CONFIG_HEADERS  = 
  CONFIG_LINKS    = 
  CONFIG_COMMANDS = 
  > "./config.status "
on archlinux

config.status:30241: creating include/MKterm.h.awk
config.status:30241: creating include/curses.head
config.status:30241: creating include/ncurses_dll.h
config.status:30241: creating include/termcap.h
config.status:30241: creating include/unctrl.h
config.status:30241: creating man/man_db.renames
config.status:30241: creating include/Makefile
config.status:30241: creating ncurses/Makefile
config.status:30241: creating progs/Makefile
config.status:30241: creating panel/Makefile
config.status:30241: creating menu/Makefile
config.status:30241: creating form/Makefile
config.status:30241: creating test/Makefile
config.status:30241: creating misc/Makefile
config.status:30241: creating misc/run_tic.sh
config.status:30241: creating misc/ncurses-config
config.status:30241: creating man/ncurses6-config.1
config.status:30241: creating Makefile
config.status:30402: creating include/ncurses_cfg.h

## ----------------- ##
## Cache variables.  ##
## ----------------- ##

ac_cv_build=x86_64-pc-linux-gnu
ac_cv_build_alias=x86_64-pc-linux-gnu
ac_cv_c_compiler_gnu=yes
ac_cv_c_const=yes
ac_cv_c_inline=inline
ac_cv_env_CC_set=set
ac_cv_env_CC_value=/usr/bin/gcc
ac_cv_env_CFLAGS_set=set
ac_cv_env_CFLAGS_value='-O2 -I/home/erion/Projects/buildroot/output/host/include'
ac_cv_env_CPPFLAGS_set=set
ac_cv_env_CPPFLAGS_value=-I/home/erion/Projects/buildroot/output/host/include
ac_cv_env_CPP_set=set
ac_cv_env_CPP_value=/usr/bin/cpp
ac_cv_env_CXXCPP_set=
ac_cv_env_CXXCPP_value=
ac_cv_env_CXXFLAGS_set=set
ac_cv_env_CXXFLAGS_value='-O2 -I/home/erion/Projects/buildroot/output/host/include'
ac_cv_env_CXX_set=set
ac_cv_env_CXX_value=/usr/bin/g++
ac_cv_env_LDFLAGS_set=set
ac_cv_env_LDFLAGS_value='-L/home/erion/Projects/buildroot/output/host/lib -Wl,-rpath,/home/erion/Projects/buildroot/output/host/lib'
ac_cv_env_build_alias_set=
ac_cv_env_build_alias_value=
ac_cv_env_host_alias_set=
ac_cv_env_host_alias_value=
ac_cv_env_target_alias_set=
ac_cv_env_target_alias_value=
ac_cv_func_fork=yes
ac_cv_func_fork_works=yes
ac_cv_func_fpathconf=yes
ac_cv_func_fseeko=yes
ac_cv_func_getauxval=yes
ac_cv_func_getcwd=yes
ac_cv_func_getegid=yes
ac_cv_func_getenv=yes
ac_cv_func_geteuid=yes
ac_cv_func_getopt=yes
ac_cv_func_getuid=yes
ac_cv_func_issetugid=no
ac_cv_func_link=yes
ac_cv_func_localeconv=yes
ac_cv_func_memmove=yes
ac_cv_func_poll=yes
ac_cv_func_putenv=yes
ac_cv_func_regcomp=yes
ac_cv_func_remove=yes
ac_cv_func_select=yes
ac_cv_func_setbuf=yes
ac_cv_func_setbuffer=yes
ac_cv_func_setenv=yes
ac_cv_func_setfsuid=yes
ac_cv_func_setvbuf=yes
ac_cv_func_setvbuf_reversed=no
ac_cv_func_sigaction=yes
ac_cv_func_sigvec=no
ac_cv_func_snprintf=yes
ac_cv_func_strdup=yes
ac_cv_func_strstr=yes
ac_cv_func_symlink=yes
ac_cv_func_sysconf=yes
ac_cv_func_tcgetpgrp=yes
ac_cv_func_times=yes
ac_cv_func_tsearch=yes
ac_cv_func_unlink=yes
ac_cv_func_vfork=yes
ac_cv_func_vfork_works=yes
ac_cv_func_vsnprintf=yes
ac_cv_have_decl_exit=yes
ac_cv_header_dirent_dirent_h=yes
ac_cv_header_fcntl_h=yes
ac_cv_header_getopt_h=yes
ac_cv_header_inttypes_h=yes
ac_cv_header_limits_h=yes
ac_cv_header_locale_h=yes
ac_cv_header_math_h=yes
ac_cv_header_memory_h=yes
ac_cv_header_poll_h=yes
ac_cv_header_stdc=yes
ac_cv_header_stdint_h=yes
ac_cv_header_stdlib_h=yes
ac_cv_header_string_h=yes
ac_cv_header_strings_h=yes
ac_cv_header_sys_auxv_h=yes
ac_cv_header_sys_ioctl_h=yes
ac_cv_header_sys_param_h=yes
ac_cv_header_sys_poll_h=yes
ac_cv_header_sys_select_h=yes
ac_cv_header_sys_stat_h=yes
ac_cv_header_sys_termio_h=no
ac_cv_header_sys_time_h=yes
ac_cv_header_sys_times_h=yes
ac_cv_header_sys_types_h=yes
ac_cv_header_termio_h=yes
ac_cv_header_termios_h=yes
ac_cv_header_time=yes
ac_cv_header_unistd_h=yes
ac_cv_header_vfork_h=no
ac_cv_header_wctype_h=yes
ac_cv_host=x86_64-pc-linux-gnu
ac_cv_host_alias=x86_64-pc-linux-gnu
ac_cv_lib_dir_opendir=no
ac_cv_lib_util_openpty=yes
ac_cv_objext=o
ac_cv_path_EGREP='grep -E'
ac_cv_path_FGREP='grep -F'
ac_cv_path_LDCONFIG=
ac_cv_path_ac_pt_PKG_CONFIG=/home/erion/Projects/buildroot/output/host/bin/pkg-config
ac_cv_path_install='/usr/bin/install -c'
ac_cv_prog_AWK=gawk
ac_cv_prog_CPP=/usr/bin/cpp
ac_cv_prog_GREP=grep
ac_cv_prog_MAKE_LOWER_TAGS=no
ac_cv_prog_MAKE_UPPER_TAGS=no
ac_cv_prog_ac_ct_AR=/usr/bin/ar
ac_cv_prog_ac_ct_INFOCMP=infocmp
ac_cv_prog_ac_ct_LD=/usr/bin/ld
ac_cv_prog_ac_ct_NM=/usr/bin/nm
ac_cv_prog_ac_ct_RANLIB=/usr/bin/ranlib
ac_cv_prog_ac_ct_TIC=tic
ac_cv_prog_cc_g=yes
ac_cv_prog_cc_stdc=
ac_cv_prog_gcc_traditional=no
ac_cv_prog_make_make_set=yes
ac_cv_sizeof_bool=1
ac_cv_sizeof_signed_char=1
ac_cv_sys_file_offset_bits=no
ac_cv_sys_large_files=no
ac_cv_sys_largefile_CC=no
ac_cv_sys_largefile_source=no
ac_cv_sys_long_file_names=yes
ac_cv_target=x86_64-pc-linux-gnu
ac_cv_target_alias=x86_64-pc-linux-gnu
ac_cv_type_bool=yes
ac_cv_type_intptr_t=yes
ac_cv_type_pid_t=yes
ac_cv_type_signed_char=yes
ac_cv_type_ssize_t=yes
am_cv_langinfo_codeset=yes
cf_cv_1UL=1U
cf_cv_PATH_TTYS=no
cf_cv_abi_default=6
cf_cv_abi_version=6
cf_cv_ar_flags=-curvU
cf_cv_builtin_bool=1
cf_cv_c11_noreturn=no,
cf_cv_cc_bool_type=0
cf_cv_consistent_getenv=yes
cf_cv_dcl_environ=no
cf_cv_dcl_errno=yes
cf_cv_define_sigwinch=yes
cf_cv_do_relink=yes
cf_cv_do_reranlib=yes
cf_cv_do_symlinks=yes
cf_cv_enable_lp64=1
cf_cv_enable_opaque=NCURSES_OPAQUE
cf_cv_enable_reentrant=0
cf_cv_enable_rpath=no
cf_cv_fopen_bin_r=yes
cf_cv_func_clock_gettime=yes
cf_cv_func_mkstemp=yes
cf_cv_func_nanosleep=yes
cf_cv_func_openpty=pty.h
cf_cv_func_vsscanf=vsscanf
cf_cv_gcc_inline=yes
cf_cv_getopt_header=unistd.h
cf_cv_gnu_dftsrc_219=yes
cf_cv_gnu_library=yes
cf_cv_gnu_library_219=yes
cf_cv_have_PATH_TTYS=no
cf_cv_have_environ=yes
cf_cv_have_errno=no
cf_cv_have_isascii=yes
cf_cv_have_libm=yes
cf_cv_have_tcgetattr=yes
cf_cv_have_va_copy=yes
cf_cv_header_stdbool_h=1
cf_cv_install_p=yes
cf_cv_ld_searchpath='/usr/lib /usr/local/lib'
cf_cv_lib_util=yes
cf_cv_link_dataonly=yes
cf_cv_link_funcs=' link symlink'
cf_cv_make_PHONY=yes
cf_cv_makeflags='-${MAKEFLAGS}'
cf_cv_mixedcase=yes
cf_cv_need_libm=yes
cf_cv_posix_visible=no
cf_cv_prog_CC_c_o=yes
cf_cv_regex_hdrs=regex.h
cf_cv_rel_version=6.4
cf_cv_rm_so_locs=no
cf_cv_shared_soname='`basename $@ .${REL_VERSION}`.${ABI_VERSION}'
cf_cv_shlib_version=rel
cf_cv_shlib_version_infix=no
cf_cv_sig_atomic_t='volatile sig_atomic_t'
cf_cv_sizechange=yes
cf_cv_src_modules='ncurses progs panel menu form'
cf_cv_struct_dirent64=no
cf_cv_sys_time_select=yes
cf_cv_system_name=linux-gnu
cf_cv_timestamp='Mon Jul 15 21:12:55 CEST 2024'
cf_cv_type_of_bool='unsigned char'
cf_cv_type_sigaction=no
cf_cv_typeof_chtype=uint32_t
cf_cv_typeof_mmask_t=uint32_t
cf_cv_unsigned_literals=yes
cf_cv_working_poll=yes

## ------------ ##
## confdefs.h.  ##
## ------------ ##

#define PACKAGE "ncurses"
#define NCURSES_VERSION "6.4"
#define NCURSES_PATCHDATE 20230603
#define SYSTEM_NAME "linux-gnu"
#define HAVE_LONG_FILE_NAMES 1
#define MIXEDCASE_FILENAMES 1
#define STDC_HEADERS 1
#define HAVE_SYS_TYPES_H 1
#define HAVE_SYS_STAT_H 1
#define HAVE_STDLIB_H 1
#define HAVE_STRING_H 1
#define HAVE_MEMORY_H 1
#define HAVE_STRINGS_H 1
#define HAVE_INTTYPES_H 1
#define HAVE_STDINT_H 1
#define HAVE_UNISTD_H 1
#define HAVE_DIRENT_H 1
#define TERMINFO_DIRS "/home/erion/Projects/buildroot/output/host/share/terminfo"
#define TERMINFO "/usr/share/terminfo"
#define HAVE_BIG_CORE 1
#define PURE_TERMINFO 1
#define USE_HOME_TERMINFO 1
#define USE_ROOT_ENVIRON 1
#define USE_ROOT_ACCESS 1
#define USE_SETUID_ENVIRON 1
#define HAVE_UNISTD_H 1
#define HAVE_REMOVE 1
#define HAVE_UNLINK 1
#define HAVE_LINK 1
#define HAVE_SYMLINK 1
#define USE_LINKS 1
#define HAVE_LANGINFO_CODESET 1
#define HAVE_FSEEKO 1
#define RGB_PATH "/usr/lib64/X11/rgb.txt"
#define SIZEOF_SIGNED_CHAR 1
#define NCURSES_EXT_FUNCS 1
#define HAVE_ASSUME_DEFAULT_COLORS 1
#define HAVE_CURSES_VERSION 1
#define HAVE_HAS_KEY 1
#define HAVE_RESIZETERM 1
#define HAVE_RESIZE_TERM 1
#define HAVE_TERM_ENTRY_H 1
#define HAVE_USE_DEFAULT_COLORS 1
#define HAVE_USE_SCREEN 1
#define HAVE_USE_WINDOW 1
#define HAVE_WRESIZE 1
#define NCURSES_SP_FUNCS 1
#define HAVE_TPUTS_SP 1
#define NCURSES_EXT_PUTWIN 1
#define NCURSES_NO_PADDING 1
#define USE_SIGWINCH 1
#define NCURSES_XNAMES 1
#define NCURSES_WRAP_PREFIX "_nc_"
#define USE_ASSUMED_COLOR 1
#define USE_HASHMAP 1
#define GCC_SCANF 1
#define GCC_SCANF 1
#define GCC_SCANFLIKE(fmt,var) __attribute__((format(scanf,fmt,var)))
#define GCC_PRINTF 1
#define GCC_PRINTF 1
#define GCC_PRINTFLIKE(fmt,var) __attribute__((format(printf,fmt,var)))
#define GCC_UNUSED __attribute__((unused))
#define GCC_UNUSED __attribute__((unused))
#define GCC_NORETURN __attribute__((noreturn))
#define GCC_NORETURN __attribute__((noreturn))
#define HAVE_NC_ALLOC_H 1
#define HAVE_MATH_FUNCS 1
#define TIME_WITH_SYS_TIME 1
#define HAVE_REGEX_H_FUNCS 1
#define HAVE_FCNTL_H 1
#define HAVE_GETOPT_H 1
#define HAVE_LIMITS_H 1
#define HAVE_LOCALE_H 1
#define HAVE_MATH_H 1
#define HAVE_POLL_H 1
#define HAVE_SYS_AUXV_H 1
#define HAVE_SYS_IOCTL_H 1
#define HAVE_SYS_PARAM_H 1
#define HAVE_SYS_POLL_H 1
#define HAVE_SYS_SELECT_H 1
#define HAVE_SYS_TIME_H 1
#define HAVE_SYS_TIMES_H 1
#define HAVE_UNISTD_H 1
#define HAVE_WCTYPE_H 1
#define HAVE_UNISTD_H 1
#define HAVE_GETOPT_H 1
#define HAVE_GETOPT_HEADER 1
#define DECL_ENVIRON 1
#define HAVE_ENVIRON 1
#define HAVE_PUTENV 1
#define HAVE_SETENV 1
#define HAVE_STRDUP 1
#define HAVE_SYS_TIME_SELECT 1
#define SIG_ATOMIC_T volatile sig_atomic_t
#define HAVE_CLOCK_GETTIME 1
#define HAVE_FPATHCONF 1
#define HAVE_GETCWD 1
#define HAVE_GETAUXVAL 1
#define HAVE_GETEGID 1
#define HAVE_GETEUID 1
#define HAVE_GETOPT 1
#define HAVE_GETUID 1
#define HAVE_LOCALECONV 1
#define HAVE_POLL 1
#define HAVE_PUTENV 1
#define HAVE_REMOVE 1
#define HAVE_SELECT 1
#define HAVE_SETBUF 1
#define HAVE_SETBUFFER 1
#define HAVE_SETENV 1
#define HAVE_SETFSUID 1
#define HAVE_SETVBUF 1
#define HAVE_SIGACTION 1
#define HAVE_SNPRINTF 1
#define HAVE_STRDUP 1
#define HAVE_STRSTR 1
#define HAVE_SYSCONF 1
#define HAVE_TCGETPGRP 1
#define HAVE_TIMES 1
#define HAVE_TSEARCH 1
#define HAVE_VSNPRINTF 1
#define HAVE_ISASCII 1
#define HAVE_NANOSLEEP 1
#define HAVE_TERMIO_H 1
#define HAVE_TERMIOS_H 1
#define HAVE_UNISTD_H 1
#define HAVE_SYS_IOCTL_H 1
#define HAVE_TCGETATTR 1
#define HAVE_VSSCANF 1
#define HAVE_UNISTD_H 1
#define HAVE_MKSTEMP 1
#define HAVE_SIZECHANGE 1
#define HAVE_WORKING_POLL 1
#define HAVE_VA_COPY 1
#define HAVE_UNISTD_H 1
#define HAVE_FORK 1
#define HAVE_VFORK 1
#define HAVE_WORKING_VFORK 1
#define HAVE_WORKING_FORK 1
#define USE_FOPEN_BIN_R 1
#define USE_OPENPTY_HEADER <pty.h>
#define USE_XTERM_PTY 1
#define SIZEOF_BOOL 1
#define HAVE_SLK_COLOR 1
#define HAVE_PANEL_H 1
#define HAVE_LIBPANEL 1
#define HAVE_MENU_H 1
#define HAVE_LIBMENU 1
#define HAVE_FORM_H 1
#define HAVE_LIBFORM 1
#define NCURSES_PATHSEP ':'
#define NCURSES_VERSION_STRING "6.4.20230603"
#define NCURSES_OSPEED_COMPAT 1


configure: exit 0
